#
# There is insufficient memory for the Java Runtime Environment to continue.
# Native memory allocation (mmap) failed to map 65536 bytes for Failed to commit metaspace.
# Possible reasons:
#   The system is out of physical RAM or swap space
#   The process is running with CompressedOops enabled, and the Java Heap may be blocking the growth of the native heap
# Possible solutions:
#   Reduce memory load on the system
#   Increase physical memory or swap space
#   Check if swap backing store is full
#   Decrease Java heap size (-Xmx/-Xms)
#   Decrease number of Java threads
#   Decrease Java thread stack sizes (-Xss)
#   Set larger code cache with -XX:ReservedCodeCacheSize=
#   JVM is running with Zero Based Compressed Oops mode in which the Java heap is
#     placed in the first 32GB address space. The Java Heap base address is the
#     maximum limit for the native heap growth. Please use -XX:HeapBaseMinAddress
#     to set the Java Heap base and to place the Java Heap above 32GB virtual address.
# This output file may be truncated or incomplete.
#
#  Out of Memory Error (virtualSpaceNode.cpp:110), pid=23160, tid=27324
#
# JRE version: Java(TM) SE Runtime Environment (17.0.12+8) (build 17.0.12+8-LTS-286)
# Java VM: Java HotSpot(TM) 64-Bit Server VM (17.0.12+8-LTS-286, mixed mode, emulated-client, sharing, tiered, compressed oops, compressed class ptrs, g1 gc, windows-amd64)
# No core dump will be written. Minidumps are not enabled by default on client versions of Windows
#

---------------  S U M M A R Y ------------

Command Line: -XX:TieredStopAtLevel=1 com.markdown.editor.MarkdownEditorApplication

Host: 11th Gen Intel(R) Core(TM) i7-11800H @ 2.30GHz, 16 cores, 15G,  Windows 11 , 64 bit Build 22621 (10.0.22621.5415)
Time: Fri Apr 24 20:14:49 2026  Windows 11 , 64 bit Build 22621 (10.0.22621.5415) elapsed time: 0.297144 seconds (0d 0h 0m 0s)

---------------  T H R E A D  ---------------

Current thread (0x0000023bce0e7c00):  JavaThread "main" [_thread_in_vm, id=27324, stack(0x0000005aa0100000,0x0000005aa0200000)]

Stack: [0x0000005aa0100000,0x0000005aa0200000]
Native frames: (J=compiled Java code, j=interpreted, Vv=VM code, C=native code)
V  [jvm.dll+0x67a04a]
V  [jvm.dll+0x7da4ed]
V  [jvm.dll+0x7dbe33]
V  [jvm.dll+0x7dc4a3]
V  [jvm.dll+0x24508f]
V  [jvm.dll+0x7d60bb]
V  [jvm.dll+0x6206c6]
V  [jvm.dll+0x1bed07]
V  [jvm.dll+0x623022]
V  [jvm.dll+0x621086]
V  [jvm.dll+0x23936f]
V  [jvm.dll+0x62af35]
V  [jvm.dll+0x1e84b2]
V  [jvm.dll+0x1e89d5]
V  [jvm.dll+0x1e931b]
V  [jvm.dll+0x1dea41]
V  [jvm.dll+0x53f78c]
V  [jvm.dll+0x7553b8]
V  [jvm.dll+0x7554a4]
V  [jvm.dll+0x40d1af]
V  [jvm.dll+0x413c39]
C  [java.dll+0x17ec]

Java frames: (J=compiled Java code, j=interpreted, Vv=VM code)
j  java.lang.ClassLoader.defineClass1(Ljava/lang/ClassLoader;Ljava/lang/String;[BIILjava/security/ProtectionDomain;Ljava/lang/String;)Ljava/lang/Class;+0 java.base@17.0.12
j  java.lang.ClassLoader.defineClass(Ljava/lang/String;[BIILjava/security/ProtectionDomain;)Ljava/lang/Class;+27 java.base@17.0.12
j  java.security.SecureClassLoader.defineClass(Ljava/lang/String;[BIILjava/security/CodeSource;)Ljava/lang/Class;+12 java.base@17.0.12
j  jdk.internal.loader.BuiltinClassLoader.defineClass(Ljava/lang/String;Ljdk/internal/loader/Resource;)Ljava/lang/Class;+117 java.base@17.0.12
j  jdk.internal.loader.BuiltinClassLoader.findClassOnClassPathOrNull(Ljava/lang/String;)Ljava/lang/Class;+37 java.base@17.0.12
J 379 c1 jdk.internal.loader.BuiltinClassLoader.loadClassOrNull(Ljava/lang/String;Z)Ljava/lang/Class; java.base@17.0.12 (143 bytes) @ 0x0000023bd5be7404 [0x0000023bd5be6f80+0x0000000000000484]
j  jdk.internal.loader.BuiltinClassLoader.loadClass(Ljava/lang/String;Z)Ljava/lang/Class;+3 java.base@17.0.12
j  jdk.internal.loader.ClassLoaders$AppClassLoader.loadClass(Ljava/lang/String;Z)Ljava/lang/Class;+36 java.base@17.0.12
j  java.lang.ClassLoader.loadClass(Ljava/lang/String;)Ljava/lang/Class;+3 java.base@17.0.12
v  ~StubRoutines::call_stub
j  java.lang.ClassLoader.defineClass1(Ljava/lang/ClassLoader;Ljava/lang/String;[BIILjava/security/ProtectionDomain;Ljava/lang/String;)Ljava/lang/Class;+0 java.base@17.0.12
j  java.lang.ClassLoader.defineClass(Ljava/lang/String;[BIILjava/security/ProtectionDomain;)Ljava/lang/Class;+27 java.base@17.0.12
j  java.security.SecureClassLoader.defineClass(Ljava/lang/String;[BIILjava/security/CodeSource;)Ljava/lang/Class;+12 java.base@17.0.12
j  jdk.internal.loader.BuiltinClassLoader.defineClass(Ljava/lang/String;Ljdk/internal/loader/Resource;)Ljava/lang/Class;+117 java.base@17.0.12
j  jdk.internal.loader.BuiltinClassLoader.findClassOnClassPathOrNull(Ljava/lang/String;)Ljava/lang/Class;+37 java.base@17.0.12
J 379 c1 jdk.internal.loader.BuiltinClassLoader.loadClassOrNull(Ljava/lang/String;Z)Ljava/lang/Class; java.base@17.0.12 (143 bytes) @ 0x0000023bd5be7404 [0x0000023bd5be6f80+0x0000000000000484]
j  jdk.internal.loader.BuiltinClassLoader.loadClass(Ljava/lang/String;Z)Ljava/lang/Class;+3 java.base@17.0.12
j  jdk.internal.loader.ClassLoaders$AppClassLoader.loadClass(Ljava/lang/String;Z)Ljava/lang/Class;+36 java.base@17.0.12
j  java.lang.ClassLoader.loadClass(Ljava/lang/String;)Ljava/lang/Class;+3 java.base@17.0.12
v  ~StubRoutines::call_stub
j  java.lang.ClassLoader.defineClass1(Ljava/lang/ClassLoader;Ljava/lang/String;[BIILjava/security/ProtectionDomain;Ljava/lang/String;)Ljava/lang/Class;+0 java.base@17.0.12
j  java.lang.ClassLoader.defineClass(Ljava/lang/String;[BIILjava/security/ProtectionDomain;)Ljava/lang/Class;+27 java.base@17.0.12
j  java.security.SecureClassLoader.defineClass(Ljava/lang/String;[BIILjava/security/CodeSource;)Ljava/lang/Class;+12 java.base@17.0.12
j  jdk.internal.loader.BuiltinClassLoader.defineClass(Ljava/lang/String;Ljdk/internal/loader/Resource;)Ljava/lang/Class;+117 java.base@17.0.12
j  jdk.internal.loader.BuiltinClassLoader.findClassOnClassPathOrNull(Ljava/lang/String;)Ljava/lang/Class;+37 java.base@17.0.12
J 379 c1 jdk.internal.loader.BuiltinClassLoader.loadClassOrNull(Ljava/lang/String;Z)Ljava/lang/Class; java.base@17.0.12 (143 bytes) @ 0x0000023bd5be7404 [0x0000023bd5be6f80+0x0000000000000484]
j  jdk.internal.loader.BuiltinClassLoader.loadClass(Ljava/lang/String;Z)Ljava/lang/Class;+3 java.base@17.0.12
j  jdk.internal.loader.ClassLoaders$AppClassLoader.loadClass(Ljava/lang/String;Z)Ljava/lang/Class;+36 java.base@17.0.12
j  java.lang.ClassLoader.loadClass(Ljava/lang/String;)Ljava/lang/Class;+3 java.base@17.0.12
v  ~StubRoutines::call_stub
j  ch.qos.logback.classic.util.DefaultNestedComponentRules.addDefaultNestedComponentRegistryRules(Lch/qos/logback/core/joran/spi/DefaultNestedComponentRegistry;)V+5
j  ch.qos.logback.classic.joran.JoranConfigurator.addDefaultNestedComponentRegistryRules(Lch/qos/logback/core/joran/spi/DefaultNestedComponentRegistry;)V+1
j  ch.qos.logback.core.joran.GenericConfigurator.buildInterpreter()V+66
j  ch.qos.logback.core.joran.JoranConfiguratorBase.buildInterpreter()V+1
j  ch.qos.logback.core.joran.GenericConfigurator.doConfigure(Ljava/util/List;)V+1
j  ch.qos.logback.core.joran.GenericConfigurator.doConfigure(Lorg/xml/sax/InputSource;)V+30
j  ch.qos.logback.core.joran.GenericConfigurator.doConfigure(Ljava/io/InputStream;Ljava/lang/String;)V+16
j  ch.qos.logback.core.joran.GenericConfigurator.doConfigure(Ljava/net/URL;)V+31
j  ch.qos.logback.classic.util.ContextInitializer.configureByResource(Ljava/net/URL;)V+46
j  ch.qos.logback.classic.util.ContextInitializer.autoConfig()V+19
j  org.slf4j.impl.StaticLoggerBinder.init()V+11
j  org.slf4j.impl.StaticLoggerBinder.<clinit>()V+28
v  ~StubRoutines::call_stub
j  org.slf4j.LoggerFactory.bind()V+16
j  org.slf4j.LoggerFactory.performInitialization()V+0
j  org.slf4j.LoggerFactory.getILoggerFactory()Lorg/slf4j/ILoggerFactory;+21
j  org.slf4j.LoggerFactory.getLogger(Ljava/lang/String;)Lorg/slf4j/Logger;+0
j  org.apache.commons.logging.LogAdapter$Slf4jAdapter.createLocationAwareLog(Ljava/lang/String;)Lorg/apache/commons/logging/Log;+1
j  org.apache.commons.logging.LogAdapter.createLog(Ljava/lang/String;)Lorg/apache/commons/logging/Log;+42
j  org.apache.commons.logging.LogFactory.getLog(Ljava/lang/String;)Lorg/apache/commons/logging/Log;+1
j  org.apache.commons.logging.LogFactory.getLog(Ljava/lang/Class;)Lorg/apache/commons/logging/Log;+4
j  org.springframework.boot.SpringApplication.<clinit>()V+2
v  ~StubRoutines::call_stub
j  com.markdown.editor.MarkdownEditorApplication.main([Ljava/lang/String;)V+3
v  ~StubRoutines::call_stub

---------------  P R O C E S S  ---------------

Threads class SMR info:
_java_thread_list=0x0000023be5b16320, length=13, elements={
0x0000023bce0e7c00, 0x0000023be2b82e20, 0x0000023be2b839e0, 0x0000023be5a010e0,
0x0000023be5a21ab0, 0x0000023be5a26480, 0x0000023be5a28e50, 0x0000023be5a2b0f0,
0x0000023be5a39e30, 0x0000023be2b6f960, 0x0000023be5b29d90, 0x0000023be5b730e0,
0x0000023be5b73b80
}

Java Threads: ( => current thread )
=>0x0000023bce0e7c00 JavaThread "main" [_thread_in_vm, id=27324, stack(0x0000005aa0100000,0x0000005aa0200000)]
  0x0000023be2b82e20 JavaThread "Reference Handler" daemon [_thread_blocked, id=31496, stack(0x0000005aa0800000,0x0000005aa0900000)]
  0x0000023be2b839e0 JavaThread "Finalizer" daemon [_thread_blocked, id=19892, stack(0x0000005aa0900000,0x0000005aa0a00000)]
  0x0000023be5a010e0 JavaThread "Signal Dispatcher" daemon [_thread_blocked, id=8204, stack(0x0000005aa0a00000,0x0000005aa0b00000)]
  0x0000023be5a21ab0 JavaThread "Attach Listener" daemon [_thread_blocked, id=27168, stack(0x0000005aa0b00000,0x0000005aa0c00000)]
  0x0000023be5a26480 JavaThread "Service Thread" daemon [_thread_blocked, id=34336, stack(0x0000005aa0c00000,0x0000005aa0d00000)]
  0x0000023be5a28e50 JavaThread "Monitor Deflation Thread" daemon [_thread_blocked, id=37424, stack(0x0000005aa0d00000,0x0000005aa0e00000)]
  0x0000023be5a2b0f0 JavaThread "C1 CompilerThread0" daemon [_thread_blocked, id=3652, stack(0x0000005aa0e00000,0x0000005aa0f00000)]
  0x0000023be5a39e30 JavaThread "Sweeper thread" daemon [_thread_blocked, id=22748, stack(0x0000005aa0f00000,0x0000005aa1000000)]
  0x0000023be2b6f960 JavaThread "C1 CompilerThread1" daemon [_thread_blocked, id=4696, stack(0x0000005aa1000000,0x0000005aa1100000)]
  0x0000023be5b29d90 JavaThread "C1 CompilerThread2" daemon [_thread_blocked, id=42484, stack(0x0000005aa1100000,0x0000005aa1200000)]
  0x0000023be5b730e0 JavaThread "Notification Thread" daemon [_thread_blocked, id=38136, stack(0x0000005aa1200000,0x0000005aa1300000)]
  0x0000023be5b73b80 JavaThread "Common-Cleaner" daemon [_thread_blocked, id=1868, stack(0x0000005aa1400000,0x0000005aa1500000)]

Other Threads:
  0x0000023be2b7b350 VMThread "VM Thread" [stack: 0x0000005aa0700000,0x0000005aa0800000] [id=38736]
  0x0000023be29bbd10 WatcherThread [stack: 0x0000005aa1300000,0x0000005aa1400000] [id=16412]
  0x0000023be29b0920 GCTaskThread "GC Thread#0" [stack: 0x0000005aa0200000,0x0000005aa0300000] [id=26176]
  0x0000023bce145740 ConcurrentGCThread "G1 Main Marker" [stack: 0x0000005aa0300000,0x0000005aa0400000] [id=33176]
  0x0000023bce146150 ConcurrentGCThread "G1 Conc#0" [stack: 0x0000005aa0400000,0x0000005aa0500000] [id=28168]
  0x0000023be2abac30 ConcurrentGCThread "G1 Refine#0" [stack: 0x0000005aa0500000,0x0000005aa0600000] [id=29924]
  0x0000023be2abb660 ConcurrentGCThread "G1 Service" [stack: 0x0000005aa0600000,0x0000005aa0700000] [id=28456]

Threads with active compile tasks:

VM state: not at safepoint (normal execution)

VM Mutex/Monitor currently owned by a thread:  ([mutex/lock_event])
[0x0000023bce0e4300] Metaspace_lock - owner thread: 0x0000023bce0e7c00

Heap address: 0x0000000703e00000, size: 4034 MB, Compressed Oops mode: Zero based, Oop shift amount: 3

CDS archive(s) mapped at: [0x0000023b80000000-0x0000023b80bd0000-0x0000023b80bd0000), size 12386304, SharedBaseAddress: 0x0000023b80000000, ArchiveRelocationMode: 1.
Compressed class space mapped at: 0x0000023b81000000-0x0000023bc1000000, reserved size: 1073741824
Narrow klass base: 0x0000023b80000000, Narrow klass shift: 0, Narrow klass range: 0x100000000

GC Precious Log:
 CPUs: 16 total, 16 available
 Memory: 16128M
 Large Page Support: Disabled
 NUMA Support: Disabled
 Compressed Oops: Enabled (Zero based)
 Heap Region Size: 2M
 Heap Min Capacity: 8M
 Heap Initial Capacity: 254M
 Heap Max Capacity: 4034M
 Pre-touch: Disabled
 Parallel Workers: 13
 Concurrent Workers: 3
 Concurrent Refinement Workers: 13
 Periodic GC: Disabled

Heap:
 garbage-first heap   total 260096K, used 8192K [0x0000000703e00000, 0x0000000800000000)
  region size 2048K, 6 young (12288K), 0 survivors (0K)
 Metaspace       used 2747K, committed 2880K, reserved 1114112K
  class space    used 293K, committed 384K, reserved 1048576K

Heap Regions: E=young(eden), S=young(survivor), O=old, HS=humongous(starts), HC=humongous(continues), CS=collection set, F=free, OA=open archive, CA=closed archive, TAMS=top-at-mark-start (previous, next)
|   0|0x0000000703e00000, 0x0000000703e00000, 0x0000000704000000|  0%| F|  |TAMS 0x0000000703e00000, 0x0000000703e00000| Untracked 
|   1|0x0000000704000000, 0x0000000704000000, 0x0000000704200000|  0%| F|  |TAMS 0x0000000704000000, 0x0000000704000000| Untracked 
|   2|0x0000000704200000, 0x0000000704200000, 0x0000000704400000|  0%| F|  |TAMS 0x0000000704200000, 0x0000000704200000| Untracked 
|   3|0x0000000704400000, 0x0000000704400000, 0x0000000704600000|  0%| F|  |TAMS 0x0000000704400000, 0x0000000704400000| Untracked 
|   4|0x0000000704600000, 0x0000000704600000, 0x0000000704800000|  0%| F|  |TAMS 0x0000000704600000, 0x0000000704600000| Untracked 
|   5|0x0000000704800000, 0x0000000704800000, 0x0000000704a00000|  0%| F|  |TAMS 0x0000000704800000, 0x0000000704800000| Untracked 
|   6|0x0000000704a00000, 0x0000000704a00000, 0x0000000704c00000|  0%| F|  |TAMS 0x0000000704a00000, 0x0000000704a00000| Untracked 
|   7|0x0000000704c00000, 0x0000000704c00000, 0x0000000704e00000|  0%| F|  |TAMS 0x0000000704c00000, 0x0000000704c00000| Untracked 
|   8|0x0000000704e00000, 0x0000000704e00000, 0x0000000705000000|  0%| F|  |TAMS 0x0000000704e00000, 0x0000000704e00000| Untracked 
|   9|0x0000000705000000, 0x0000000705000000, 0x0000000705200000|  0%| F|  |TAMS 0x0000000705000000, 0x0000000705000000| Untracked 
|  10|0x0000000705200000, 0x0000000705200000, 0x0000000705400000|  0%| F|  |TAMS 0x0000000705200000, 0x0000000705200000| Untracked 
|  11|0x0000000705400000, 0x0000000705400000, 0x0000000705600000|  0%| F|  |TAMS 0x0000000705400000, 0x0000000705400000| Untracked 
|  12|0x0000000705600000, 0x0000000705600000, 0x0000000705800000|  0%| F|  |TAMS 0x0000000705600000, 0x0000000705600000| Untracked 
|  13|0x0000000705800000, 0x0000000705800000, 0x0000000705a00000|  0%| F|  |TAMS 0x0000000705800000, 0x0000000705800000| Untracked 
|  14|0x0000000705a00000, 0x0000000705a00000, 0x0000000705c00000|  0%| F|  |TAMS 0x0000000705a00000, 0x0000000705a00000| Untracked 
|  15|0x0000000705c00000, 0x0000000705c00000, 0x0000000705e00000|  0%| F|  |TAMS 0x0000000705c00000, 0x0000000705c00000| Untracked 
|  16|0x0000000705e00000, 0x0000000705e00000, 0x0000000706000000|  0%| F|  |TAMS 0x0000000705e00000, 0x0000000705e00000| Untracked 
|  17|0x0000000706000000, 0x0000000706000000, 0x0000000706200000|  0%| F|  |TAMS 0x0000000706000000, 0x0000000706000000| Untracked 
|  18|0x0000000706200000, 0x0000000706200000, 0x0000000706400000|  0%| F|  |TAMS 0x0000000706200000, 0x0000000706200000| Untracked 
|  19|0x0000000706400000, 0x0000000706400000, 0x0000000706600000|  0%| F|  |TAMS 0x0000000706400000, 0x0000000706400000| Untracked 
|  20|0x0000000706600000, 0x0000000706600000, 0x0000000706800000|  0%| F|  |TAMS 0x0000000706600000, 0x0000000706600000| Untracked 
|  21|0x0000000706800000, 0x0000000706800000, 0x0000000706a00000|  0%| F|  |TAMS 0x0000000706800000, 0x0000000706800000| Untracked 
|  22|0x0000000706a00000, 0x0000000706a00000, 0x0000000706c00000|  0%| F|  |TAMS 0x0000000706a00000, 0x0000000706a00000| Untracked 
|  23|0x0000000706c00000, 0x0000000706c00000, 0x0000000706e00000|  0%| F|  |TAMS 0x0000000706c00000, 0x0000000706c00000| Untracked 
|  24|0x0000000706e00000, 0x0000000706e00000, 0x0000000707000000|  0%| F|  |TAMS 0x0000000706e00000, 0x0000000706e00000| Untracked 
|  25|0x0000000707000000, 0x0000000707000000, 0x0000000707200000|  0%| F|  |TAMS 0x0000000707000000, 0x0000000707000000| Untracked 
|  26|0x0000000707200000, 0x0000000707200000, 0x0000000707400000|  0%| F|  |TAMS 0x0000000707200000, 0x0000000707200000| Untracked 
|  27|0x0000000707400000, 0x0000000707400000, 0x0000000707600000|  0%| F|  |TAMS 0x0000000707400000, 0x0000000707400000| Untracked 
|  28|0x0000000707600000, 0x0000000707600000, 0x0000000707800000|  0%| F|  |TAMS 0x0000000707600000, 0x0000000707600000| Untracked 
|  29|0x0000000707800000, 0x0000000707800000, 0x0000000707a00000|  0%| F|  |TAMS 0x0000000707800000, 0x0000000707800000| Untracked 
|  30|0x0000000707a00000, 0x0000000707a00000, 0x0000000707c00000|  0%| F|  |TAMS 0x0000000707a00000, 0x0000000707a00000| Untracked 
|  31|0x0000000707c00000, 0x0000000707c00000, 0x0000000707e00000|  0%| F|  |TAMS 0x0000000707c00000, 0x0000000707c00000| Untracked 
|  32|0x0000000707e00000, 0x0000000707e00000, 0x0000000708000000|  0%| F|  |TAMS 0x0000000707e00000, 0x0000000707e00000| Untracked 
|  33|0x0000000708000000, 0x0000000708000000, 0x0000000708200000|  0%| F|  |TAMS 0x0000000708000000, 0x0000000708000000| Untracked 
|  34|0x0000000708200000, 0x0000000708200000, 0x0000000708400000|  0%| F|  |TAMS 0x0000000708200000, 0x0000000708200000| Untracked 
|  35|0x0000000708400000, 0x0000000708400000, 0x0000000708600000|  0%| F|  |TAMS 0x0000000708400000, 0x0000000708400000| Untracked 
|  36|0x0000000708600000, 0x0000000708600000, 0x0000000708800000|  0%| F|  |TAMS 0x0000000708600000, 0x0000000708600000| Untracked 
|  37|0x0000000708800000, 0x0000000708800000, 0x0000000708a00000|  0%| F|  |TAMS 0x0000000708800000, 0x0000000708800000| Untracked 
|  38|0x0000000708a00000, 0x0000000708a00000, 0x0000000708c00000|  0%| F|  |TAMS 0x0000000708a00000, 0x0000000708a00000| Untracked 
|  39|0x0000000708c00000, 0x0000000708c00000, 0x0000000708e00000|  0%| F|  |TAMS 0x0000000708c00000, 0x0000000708c00000| Untracked 
|  40|0x0000000708e00000, 0x0000000708e00000, 0x0000000709000000|  0%| F|  |TAMS 0x0000000708e00000, 0x0000000708e00000| Untracked 
|  41|0x0000000709000000, 0x0000000709000000, 0x0000000709200000|  0%| F|  |TAMS 0x0000000709000000, 0x0000000709000000| Untracked 
|  42|0x0000000709200000, 0x0000000709200000, 0x0000000709400000|  0%| F|  |TAMS 0x0000000709200000, 0x0000000709200000| Untracked 
|  43|0x0000000709400000, 0x0000000709400000, 0x0000000709600000|  0%| F|  |TAMS 0x0000000709400000, 0x0000000709400000| Untracked 
|  44|0x0000000709600000, 0x0000000709600000, 0x0000000709800000|  0%| F|  |TAMS 0x0000000709600000, 0x0000000709600000| Untracked 
|  45|0x0000000709800000, 0x0000000709800000, 0x0000000709a00000|  0%| F|  |TAMS 0x0000000709800000, 0x0000000709800000| Untracked 
|  46|0x0000000709a00000, 0x0000000709a00000, 0x0000000709c00000|  0%| F|  |TAMS 0x0000000709a00000, 0x0000000709a00000| Untracked 
|  47|0x0000000709c00000, 0x0000000709c00000, 0x0000000709e00000|  0%| F|  |TAMS 0x0000000709c00000, 0x0000000709c00000| Untracked 
|  48|0x0000000709e00000, 0x0000000709e00000, 0x000000070a000000|  0%| F|  |TAMS 0x0000000709e00000, 0x0000000709e00000| Untracked 
|  49|0x000000070a000000, 0x000000070a000000, 0x000000070a200000|  0%| F|  |TAMS 0x000000070a000000, 0x000000070a000000| Untracked 
|  50|0x000000070a200000, 0x000000070a200000, 0x000000070a400000|  0%| F|  |TAMS 0x000000070a200000, 0x000000070a200000| Untracked 
|  51|0x000000070a400000, 0x000000070a400000, 0x000000070a600000|  0%| F|  |TAMS 0x000000070a400000, 0x000000070a400000| Untracked 
|  52|0x000000070a600000, 0x000000070a600000, 0x000000070a800000|  0%| F|  |TAMS 0x000000070a600000, 0x000000070a600000| Untracked 
|  53|0x000000070a800000, 0x000000070a800000, 0x000000070aa00000|  0%| F|  |TAMS 0x000000070a800000, 0x000000070a800000| Untracked 
|  54|0x000000070aa00000, 0x000000070aa00000, 0x000000070ac00000|  0%| F|  |TAMS 0x000000070aa00000, 0x000000070aa00000| Untracked 
|  55|0x000000070ac00000, 0x000000070ac00000, 0x000000070ae00000|  0%| F|  |TAMS 0x000000070ac00000, 0x000000070ac00000| Untracked 
|  56|0x000000070ae00000, 0x000000070ae00000, 0x000000070b000000|  0%| F|  |TAMS 0x000000070ae00000, 0x000000070ae00000| Untracked 
|  57|0x000000070b000000, 0x000000070b000000, 0x000000070b200000|  0%| F|  |TAMS 0x000000070b000000, 0x000000070b000000| Untracked 
|  58|0x000000070b200000, 0x000000070b200000, 0x000000070b400000|  0%| F|  |TAMS 0x000000070b200000, 0x000000070b200000| Untracked 
|  59|0x000000070b400000, 0x000000070b400000, 0x000000070b600000|  0%| F|  |TAMS 0x000000070b400000, 0x000000070b400000| Untracked 
|  60|0x000000070b600000, 0x000000070b600000, 0x000000070b800000|  0%| F|  |TAMS 0x000000070b600000, 0x000000070b600000| Untracked 
|  61|0x000000070b800000, 0x000000070b800000, 0x000000070ba00000|  0%| F|  |TAMS 0x000000070b800000, 0x000000070b800000| Untracked 
|  62|0x000000070ba00000, 0x000000070ba00000, 0x000000070bc00000|  0%| F|  |TAMS 0x000000070ba00000, 0x000000070ba00000| Untracked 
|  63|0x000000070bc00000, 0x000000070bc00000, 0x000000070be00000|  0%| F|  |TAMS 0x000000070bc00000, 0x000000070bc00000| Untracked 
|  64|0x000000070be00000, 0x000000070be00000, 0x000000070c000000|  0%| F|  |TAMS 0x000000070be00000, 0x000000070be00000| Untracked 
|  65|0x000000070c000000, 0x000000070c000000, 0x000000070c200000|  0%| F|  |TAMS 0x000000070c000000, 0x000000070c000000| Untracked 
|  66|0x000000070c200000, 0x000000070c200000, 0x000000070c400000|  0%| F|  |TAMS 0x000000070c200000, 0x000000070c200000| Untracked 
|  67|0x000000070c400000, 0x000000070c400000, 0x000000070c600000|  0%| F|  |TAMS 0x000000070c400000, 0x000000070c400000| Untracked 
|  68|0x000000070c600000, 0x000000070c600000, 0x000000070c800000|  0%| F|  |TAMS 0x000000070c600000, 0x000000070c600000| Untracked 
|  69|0x000000070c800000, 0x000000070c800000, 0x000000070ca00000|  0%| F|  |TAMS 0x000000070c800000, 0x000000070c800000| Untracked 
|  70|0x000000070ca00000, 0x000000070ca00000, 0x000000070cc00000|  0%| F|  |TAMS 0x000000070ca00000, 0x000000070ca00000| Untracked 
|  71|0x000000070cc00000, 0x000000070cc00000, 0x000000070ce00000|  0%| F|  |TAMS 0x000000070cc00000, 0x000000070cc00000| Untracked 
|  72|0x000000070ce00000, 0x000000070ce00000, 0x000000070d000000|  0%| F|  |TAMS 0x000000070ce00000, 0x000000070ce00000| Untracked 
|  73|0x000000070d000000, 0x000000070d000000, 0x000000070d200000|  0%| F|  |TAMS 0x000000070d000000, 0x000000070d000000| Untracked 
|  74|0x000000070d200000, 0x000000070d200000, 0x000000070d400000|  0%| F|  |TAMS 0x000000070d200000, 0x000000070d200000| Untracked 
|  75|0x000000070d400000, 0x000000070d400000, 0x000000070d600000|  0%| F|  |TAMS 0x000000070d400000, 0x000000070d400000| Untracked 
|  76|0x000000070d600000, 0x000000070d600000, 0x000000070d800000|  0%| F|  |TAMS 0x000000070d600000, 0x000000070d600000| Untracked 
|  77|0x000000070d800000, 0x000000070d800000, 0x000000070da00000|  0%| F|  |TAMS 0x000000070d800000, 0x000000070d800000| Untracked 
|  78|0x000000070da00000, 0x000000070da00000, 0x000000070dc00000|  0%| F|  |TAMS 0x000000070da00000, 0x000000070da00000| Untracked 
|  79|0x000000070dc00000, 0x000000070dc00000, 0x000000070de00000|  0%| F|  |TAMS 0x000000070dc00000, 0x000000070dc00000| Untracked 
|  80|0x000000070de00000, 0x000000070de00000, 0x000000070e000000|  0%| F|  |TAMS 0x000000070de00000, 0x000000070de00000| Untracked 
|  81|0x000000070e000000, 0x000000070e000000, 0x000000070e200000|  0%| F|  |TAMS 0x000000070e000000, 0x000000070e000000| Untracked 
|  82|0x000000070e200000, 0x000000070e200000, 0x000000070e400000|  0%| F|  |TAMS 0x000000070e200000, 0x000000070e200000| Untracked 
|  83|0x000000070e400000, 0x000000070e400000, 0x000000070e600000|  0%| F|  |TAMS 0x000000070e400000, 0x000000070e400000| Untracked 
|  84|0x000000070e600000, 0x000000070e600000, 0x000000070e800000|  0%| F|  |TAMS 0x000000070e600000, 0x000000070e600000| Untracked 
|  85|0x000000070e800000, 0x000000070e800000, 0x000000070ea00000|  0%| F|  |TAMS 0x000000070e800000, 0x000000070e800000| Untracked 
|  86|0x000000070ea00000, 0x000000070ea00000, 0x000000070ec00000|  0%| F|  |TAMS 0x000000070ea00000, 0x000000070ea00000| Untracked 
|  87|0x000000070ec00000, 0x000000070ec00000, 0x000000070ee00000|  0%| F|  |TAMS 0x000000070ec00000, 0x000000070ec00000| Untracked 
|  88|0x000000070ee00000, 0x000000070ee00000, 0x000000070f000000|  0%| F|  |TAMS 0x000000070ee00000, 0x000000070ee00000| Untracked 
|  89|0x000000070f000000, 0x000000070f000000, 0x000000070f200000|  0%| F|  |TAMS 0x000000070f000000, 0x000000070f000000| Untracked 
|  90|0x000000070f200000, 0x000000070f200000, 0x000000070f400000|  0%| F|  |TAMS 0x000000070f200000, 0x000000070f200000| Untracked 
|  91|0x000000070f400000, 0x000000070f400000, 0x000000070f600000|  0%| F|  |TAMS 0x000000070f400000, 0x000000070f400000| Untracked 
|  92|0x000000070f600000, 0x000000070f600000, 0x000000070f800000|  0%| F|  |TAMS 0x000000070f600000, 0x000000070f600000| Untracked 
|  93|0x000000070f800000, 0x000000070f800000, 0x000000070fa00000|  0%| F|  |TAMS 0x000000070f800000, 0x000000070f800000| Untracked 
|  94|0x000000070fa00000, 0x000000070fa00000, 0x000000070fc00000|  0%| F|  |TAMS 0x000000070fa00000, 0x000000070fa00000| Untracked 
|  95|0x000000070fc00000, 0x000000070fc00000, 0x000000070fe00000|  0%| F|  |TAMS 0x000000070fc00000, 0x000000070fc00000| Untracked 
|  96|0x000000070fe00000, 0x000000070fe00000, 0x0000000710000000|  0%| F|  |TAMS 0x000000070fe00000, 0x000000070fe00000| Untracked 
|  97|0x0000000710000000, 0x0000000710000000, 0x0000000710200000|  0%| F|  |TAMS 0x0000000710000000, 0x0000000710000000| Untracked 
|  98|0x0000000710200000, 0x0000000710200000, 0x0000000710400000|  0%| F|  |TAMS 0x0000000710200000, 0x0000000710200000| Untracked 
|  99|0x0000000710400000, 0x0000000710400000, 0x0000000710600000|  0%| F|  |TAMS 0x0000000710400000, 0x0000000710400000| Untracked 
| 100|0x0000000710600000, 0x0000000710600000, 0x0000000710800000|  0%| F|  |TAMS 0x0000000710600000, 0x0000000710600000| Untracked 
| 101|0x0000000710800000, 0x0000000710800000, 0x0000000710a00000|  0%| F|  |TAMS 0x0000000710800000, 0x0000000710800000| Untracked 
| 102|0x0000000710a00000, 0x0000000710a00000, 0x0000000710c00000|  0%| F|  |TAMS 0x0000000710a00000, 0x0000000710a00000| Untracked 
| 103|0x0000000710c00000, 0x0000000710c00000, 0x0000000710e00000|  0%| F|  |TAMS 0x0000000710c00000, 0x0000000710c00000| Untracked 
| 104|0x0000000710e00000, 0x0000000710e00000, 0x0000000711000000|  0%| F|  |TAMS 0x0000000710e00000, 0x0000000710e00000| Untracked 
| 105|0x0000000711000000, 0x0000000711000000, 0x0000000711200000|  0%| F|  |TAMS 0x0000000711000000, 0x0000000711000000| Untracked 
| 106|0x0000000711200000, 0x0000000711200000, 0x0000000711400000|  0%| F|  |TAMS 0x0000000711200000, 0x0000000711200000| Untracked 
| 107|0x0000000711400000, 0x0000000711400000, 0x0000000711600000|  0%| F|  |TAMS 0x0000000711400000, 0x0000000711400000| Untracked 
| 108|0x0000000711600000, 0x0000000711600000, 0x0000000711800000|  0%| F|  |TAMS 0x0000000711600000, 0x0000000711600000| Untracked 
| 109|0x0000000711800000, 0x0000000711800000, 0x0000000711a00000|  0%| F|  |TAMS 0x0000000711800000, 0x0000000711800000| Untracked 
| 110|0x0000000711a00000, 0x0000000711a00000, 0x0000000711c00000|  0%| F|  |TAMS 0x0000000711a00000, 0x0000000711a00000| Untracked 
| 111|0x0000000711c00000, 0x0000000711c00000, 0x0000000711e00000|  0%| F|  |TAMS 0x0000000711c00000, 0x0000000711c00000| Untracked 
| 112|0x0000000711e00000, 0x0000000711e00000, 0x0000000712000000|  0%| F|  |TAMS 0x0000000711e00000, 0x0000000711e00000| Untracked 
| 113|0x0000000712000000, 0x0000000712000000, 0x0000000712200000|  0%| F|  |TAMS 0x0000000712000000, 0x0000000712000000| Untracked 
| 114|0x0000000712200000, 0x0000000712200000, 0x0000000712400000|  0%| F|  |TAMS 0x0000000712200000, 0x0000000712200000| Untracked 
| 115|0x0000000712400000, 0x0000000712400000, 0x0000000712600000|  0%| F|  |TAMS 0x0000000712400000, 0x0000000712400000| Untracked 
| 116|0x0000000712600000, 0x0000000712600000, 0x0000000712800000|  0%| F|  |TAMS 0x0000000712600000, 0x0000000712600000| Untracked 
| 117|0x0000000712800000, 0x0000000712800000, 0x0000000712a00000|  0%| F|  |TAMS 0x0000000712800000, 0x0000000712800000| Untracked 
| 118|0x0000000712a00000, 0x0000000712a00000, 0x0000000712c00000|  0%| F|  |TAMS 0x0000000712a00000, 0x0000000712a00000| Untracked 
| 119|0x0000000712c00000, 0x0000000712c00000, 0x0000000712e00000|  0%| F|  |TAMS 0x0000000712c00000, 0x0000000712c00000| Untracked 
| 120|0x0000000712e00000, 0x0000000712e00000, 0x0000000713000000|  0%| F|  |TAMS 0x0000000712e00000, 0x0000000712e00000| Untracked 
| 121|0x0000000713000000, 0x0000000713071250, 0x0000000713200000| 22%| E|  |TAMS 0x0000000713000000, 0x0000000713000000| Complete 
| 122|0x0000000713200000, 0x0000000713400000, 0x0000000713400000|100%| E|CS|TAMS 0x0000000713200000, 0x0000000713200000| Complete 
| 123|0x0000000713400000, 0x0000000713600000, 0x0000000713600000|100%| E|CS|TAMS 0x0000000713400000, 0x0000000713400000| Complete 
| 124|0x0000000713600000, 0x0000000713800000, 0x0000000713800000|100%| E|CS|TAMS 0x0000000713600000, 0x0000000713600000| Complete 
| 125|0x0000000713800000, 0x0000000713a00000, 0x0000000713a00000|100%| E|  |TAMS 0x0000000713800000, 0x0000000713800000| Complete 
| 126|0x0000000713a00000, 0x0000000713c00000, 0x0000000713c00000|100%| E|CS|TAMS 0x0000000713a00000, 0x0000000713a00000| Complete 

Card table byte_map: [0x0000023bd9ac0000,0x0000023bda2b0000] _byte_map_base: 0x0000023bd62a1000

Marking Bits (Prev, Next): (CMBitMap*) 0x0000023bce1331e0, (CMBitMap*) 0x0000023bce133220
 Prev Bits: [0x0000023bdaaa0000, 0x0000023bde9a8000)
 Next Bits: [0x0000023bde9b0000, 0x0000023be28b8000)

Polling page: 0x0000023bcbfd0000

Metaspace:

Usage:
  Non-class:      2.40 MB used.
      Class:    293.30 KB used.
       Both:      2.68 MB used.

Virtual space:
  Non-class space:       64.00 MB reserved,       2.44 MB (  4%) committed,  1 nodes.
      Class space:        1.00 GB reserved,     384.00 KB ( <1%) committed,  1 nodes.
             Both:        1.06 GB reserved,       2.81 MB ( <1%) committed. 

Chunk freelists:
   Non-Class:  11.30 MB
       Class:  15.64 MB
        Both:  26.94 MB

MaxMetaspaceSize: unlimited
CompressedClassSpaceSize: 1.00 GB
Initial GC threshold: 21.00 MB
Current GC threshold: 21.00 MB
CDS: on
MetaspaceReclaimPolicy: balanced
 - commit_granule_bytes: 65536.
 - commit_granule_words: 8192.
 - virtual_space_node_default_size: 8388608.
 - enlarge_chunks_in_place: 1.
 - new_chunks_are_fully_committed: 0.
 - uncommit_free_chunks: 1.
 - use_allocation_guard: 0.
 - handle_deallocations: 1.


Internal statistics:

num_allocs_failed_limit: 0.
num_arena_births: 30.
num_arena_deaths: 0.
num_vsnodes_births: 2.
num_vsnodes_deaths: 0.
num_space_committed: 45.
num_space_uncommitted: 0.
num_chunks_returned_to_freelist: 0.
num_chunks_taken_from_freelist: 65.
num_chunk_merges: 0.
num_chunk_splits: 47.
num_chunks_enlarged: 33.
num_inconsistent_stats: 0.

CodeCache: size=49152Kb used=3033Kb max_used=3033Kb free=46118Kb
 bounds [0x0000023bd5940000, 0x0000023bd5c40000, 0x0000023bd8940000]
 total_blobs=959 nmethods=573 adapters=312
 compilation: enabled
              stopped_count=0, restarted_count=0
 full_count=0

Compilation events (20 events):
Event: 0.284 Thread 0x0000023be5a2b0f0 nmethod 564 0x0000023bd5c2bf90 code [0x0000023bd5c2c140, 0x0000023bd5c2c3b8]
Event: 0.284 Thread 0x0000023be2b6f960  565       1       com.sun.org.apache.xerces.internal.impl.XMLEntityScanner::skipSpaces (362 bytes)
Event: 0.284 Thread 0x0000023be5a2b0f0  566       1       java.util.Arrays::copyOf (10 bytes)
Event: 0.284 Thread 0x0000023be5a2b0f0 nmethod 566 0x0000023bd5c2c590 code [0x0000023bd5c2c720, 0x0000023bd5c2c808]
Event: 0.284 Thread 0x0000023be5a2b0f0  567       1       com.sun.org.apache.xerces.internal.util.XMLChar::isNameStart (22 bytes)
Event: 0.284 Thread 0x0000023be5a2b0f0 nmethod 567 0x0000023bd5c2c890 code [0x0000023bd5c2ca20, 0x0000023bd5c2cb18]
Event: 0.284 Thread 0x0000023be2b6f960 nmethod 565 0x0000023bd5c2cc10 code [0x0000023bd5c2ce40, 0x0000023bd5c2d468]
Event: 0.285 Thread 0x0000023be2b6f960  568       1       java.util.ArrayList::grow (60 bytes)
Event: 0.286 Thread 0x0000023be2b6f960 nmethod 568 0x0000023bd5c2d890 code [0x0000023bd5c2da40, 0x0000023bd5c2dd78]
Event: 0.286 Thread 0x0000023be2b6f960  569       1       java.util.ArrayList::<init> (12 bytes)
Event: 0.286 Thread 0x0000023be2b6f960 nmethod 569 0x0000023bd5c2de90 code [0x0000023bd5c2e020, 0x0000023bd5c2e158]
Event: 0.286 Thread 0x0000023be2b6f960  570       1       sun.net.util.URLUtil::urlNoFragString (114 bytes)
Event: 0.286 Thread 0x0000023be5a2b0f0  571       1       java.net.URL::getDefaultPort (8 bytes)
Event: 0.287 Thread 0x0000023be5b29d90 nmethod 561 0x0000023bd5c2e210 code [0x0000023bd5c2e920, 0x0000023bd5c30f98]
Event: 0.287 Thread 0x0000023be5a2b0f0 nmethod 571 0x0000023bd5c34d10 code [0x0000023bd5c34ea0, 0x0000023bd5c34f78]
Event: 0.287 Thread 0x0000023be2b6f960 nmethod 570 0x0000023bd5c35010 code [0x0000023bd5c35260, 0x0000023bd5c357a8]
Event: 0.289 Thread 0x0000023be2b6f960  572       1       java.io.FilterInputStream::<init> (10 bytes)
Event: 0.289 Thread 0x0000023be2b6f960 nmethod 572 0x0000023bd5c35b10 code [0x0000023bd5c35ca0, 0x0000023bd5c35db8]
Event: 0.293 Thread 0x0000023be2b6f960  573       1       java.io.File::exists (34 bytes)
Event: 0.293 Thread 0x0000023be2b6f960 nmethod 573 0x0000023bd5c36110 code [0x0000023bd5c362c0, 0x0000023bd5c36468]

GC Heap History (0 events):
No events

Deoptimization events (0 events):
No events

Classes unloaded (0 events):
No events

Classes redefined (0 events):
No events

Internal exceptions (2 events):
Event: 0.200 Thread 0x0000023bce0e7c00 Exception <a 'java/lang/ClassNotFoundException'{0x0000000713222988}: javax/smartcardio/CardPermission> (0x0000000713222988) 
thrown [s\open\src\hotspot\share\classfile\systemDictionary.cpp, line 256]
Event: 0.202 Thread 0x0000023bce0e7c00 Exception <a 'java/io/FileNotFoundException'{0x0000000713230ae0}> (0x0000000713230ae0) 
thrown [s\open\src\hotspot\share\prims\jni.cpp, line 516]

VM Operations (2 events):
Event: 0.120 Executing VM operation: HandshakeAllThreads
Event: 0.120 Executing VM operation: HandshakeAllThreads done

Events (20 events):
Event: 0.280 loading class org/xml/sax/helpers/AttributesImpl
Event: 0.281 loading class org/xml/sax/helpers/AttributesImpl done
Event: 0.284 loading class com/sun/org/apache/xerces/internal/impl/io/MalformedByteSequenceException
Event: 0.284 loading class java/io/CharConversionException
Event: 0.285 loading class java/io/CharConversionException done
Event: 0.285 loading class com/sun/org/apache/xerces/internal/impl/io/MalformedByteSequenceException done
Event: 0.287 loading class java/lang/NumberFormatException
Event: 0.287 loading class java/lang/NumberFormatException done
Event: 0.287 loading class javax/naming/NamingException
Event: 0.288 loading class javax/naming/NamingException done
Event: 0.289 loading class javax/management/ObjectName
Event: 0.290 loading class javax/management/QueryExp
Event: 0.290 loading class javax/management/QueryExp done
Event: 0.290 loading class javax/management/ObjectName done
Event: 0.290 loading class com/sun/jmx/mbeanserver/GetPropertyAction
Event: 0.290 loading class com/sun/jmx/mbeanserver/GetPropertyAction done
Event: 0.290 loading class javax/management/ObjectName$Property
Event: 0.290 loading class javax/management/ObjectName$Property done
Event: 0.290 loading class com/sun/jmx/mbeanserver/Util
Event: 0.290 loading class com/sun/jmx/mbeanserver/Util done


Dynamic libraries:
0x00007ff7884d0000 - 0x00007ff7884e0000 	D:\study\java17\bin\java.exe
0x00007ffd20a50000 - 0x00007ffd20c68000 	C:\WINDOWS\SYSTEM32\ntdll.dll
0x00007ffd201b0000 - 0x00007ffd20274000 	C:\WINDOWS\System32\KERNEL32.DLL
0x00007ffd1def0000 - 0x00007ffd1e2c3000 	C:\WINDOWS\System32\KERNELBASE.dll
0x00007ffd03240000 - 0x00007ffd032ef000 	d:\study\traecn\Trae CN\resources\app\modules\sandbox\x64\trae_sbox.dll
0x00007ffd1f860000 - 0x00007ffd1f911000 	C:\WINDOWS\System32\ADVAPI32.dll
0x00007ffd20650000 - 0x00007ffd206f7000 	C:\WINDOWS\System32\msvcrt.dll
0x00007ffd1e840000 - 0x00007ffd1e8e8000 	C:\WINDOWS\System32\sechost.dll
0x00007ffd1e350000 - 0x00007ffd1e378000 	C:\WINDOWS\System32\bcrypt.dll
0x00007ffd208f0000 - 0x00007ffd20a08000 	C:\WINDOWS\System32\RPCRT4.dll
0x00007ffd1db60000 - 0x00007ffd1dc71000 	C:\WINDOWS\System32\ucrtbase.dll
0x00007ffd02f30000 - 0x00007ffd02f4b000 	D:\study\java17\bin\VCRUNTIME140.dll
0x00007ffd03170000 - 0x00007ffd03189000 	D:\study\java17\bin\jli.dll
0x00007ffd20280000 - 0x00007ffd20432000 	C:\WINDOWS\System32\USER32.dll
0x00007ffd1dec0000 - 0x00007ffd1dee6000 	C:\WINDOWS\System32\win32u.dll
0x00007ffd05250000 - 0x00007ffd054ec000 	C:\WINDOWS\WinSxS\amd64_microsoft.windows.common-controls_6595b64144ccf1df_6.0.22621.6060_none_2712eda17382d24b\COMCTL32.dll
0x00007ffd1e6f0000 - 0x00007ffd1e719000 	C:\WINDOWS\System32\GDI32.dll
0x00007ffd1dc80000 - 0x00007ffd1dd9b000 	C:\WINDOWS\System32\gdi32full.dll
0x00007ffd1dda0000 - 0x00007ffd1de3a000 	C:\WINDOWS\System32\msvcp_win.dll
0x00007ffd14770000 - 0x00007ffd1477a000 	C:\WINDOWS\SYSTEM32\VERSION.dll
0x00007ffd032f0000 - 0x00007ffd03380000 	d:\study\traecn\Trae CN\resources\app\modules\sandbox\x64\sbox_ipc.dll
0x00007ffd1e7b0000 - 0x00007ffd1e7e1000 	C:\WINDOWS\System32\IMM32.DLL
0x00007ffd1ae20000 - 0x00007ffd1b053000 	C:\WINDOWS\SYSTEM32\dbghelp.dll
0x00007ffd1fc50000 - 0x00007ffd1ffe1000 	C:\WINDOWS\System32\combase.dll
0x00007ffd1f920000 - 0x00007ffd1f9f8000 	C:\WINDOWS\System32\OLEAUT32.dll
0x00007ffd03aa0000 - 0x00007ffd03aac000 	D:\study\java17\bin\vcruntime140_1.dll
0x00007ffd11c30000 - 0x00007ffd11c62000 	C:\WINDOWS\SYSTEM32\dbgcore.DLL
0x00007ffcb3fa0000 - 0x00007ffcb402e000 	D:\study\java17\bin\msvcp140.dll
0x00007ffc054a0000 - 0x00007ffc06080000 	D:\study\java17\bin\server\jvm.dll
0x00007ffd1f2d0000 - 0x00007ffd1f2d8000 	C:\WINDOWS\System32\PSAPI.DLL
0x00007ffd024d0000 - 0x00007ffd024d9000 	C:\WINDOWS\SYSTEM32\WSOCK32.dll
0x00007ffd20870000 - 0x00007ffd208e1000 	C:\WINDOWS\System32\WS2_32.dll
0x00007ffd17350000 - 0x00007ffd17384000 	C:\WINDOWS\SYSTEM32\WINMM.dll
0x00007ffd1cc30000 - 0x00007ffd1cc48000 	C:\WINDOWS\SYSTEM32\kernel.appcore.dll
0x00007ffd01640000 - 0x00007ffd0164a000 	D:\study\java17\bin\jimage.dll
0x00007ffd1e2d0000 - 0x00007ffd1e34b000 	C:\WINDOWS\System32\bcryptPrimitives.dll
0x00007ffd1c610000 - 0x00007ffd1c708000 	C:\WINDOWS\SYSTEM32\dnsapi.dll
0x00007ffd1c5e0000 - 0x00007ffd1c60d000 	C:\WINDOWS\SYSTEM32\IPHLPAPI.DLL
0x00007ffd1fa00000 - 0x00007ffd1fa09000 	C:\WINDOWS\System32\NSI.dll
0x00007ffce5480000 - 0x00007ffce54a5000 	D:\study\java17\bin\java.dll
0x00007ffcaec40000 - 0x00007ffcaed17000 	D:\study\java17\bin\jsvml.dll
0x00007ffd1e8f0000 - 0x00007ffd1f18c000 	C:\WINDOWS\System32\SHELL32.dll
0x00007ffd1e440000 - 0x00007ffd1e57f000 	C:\WINDOWS\System32\wintypes.dll
0x00007ffd1ba70000 - 0x00007ffd1c38a000 	C:\WINDOWS\SYSTEM32\windows.storage.dll
0x00007ffd1fb40000 - 0x00007ffd1fc44000 	C:\WINDOWS\System32\SHCORE.dll
0x00007ffd1f7f0000 - 0x00007ffd1f859000 	C:\WINDOWS\System32\shlwapi.dll
0x00007ffd1da90000 - 0x00007ffd1dab5000 	C:\WINDOWS\SYSTEM32\profapi.dll
0x00007ffce4f00000 - 0x00007ffce4f19000 	D:\study\java17\bin\net.dll
0x00007ffd18d90000 - 0x00007ffd18ebc000 	C:\WINDOWS\SYSTEM32\WINHTTP.dll
0x00007ffd1d110000 - 0x00007ffd1d179000 	C:\WINDOWS\system32\mswsock.dll
0x00007ffce35c0000 - 0x00007ffce35d6000 	D:\study\java17\bin\nio.dll
0x00007ffce2ad0000 - 0x00007ffce2ae8000 	D:\study\java17\bin\zip.dll
0x00007ffd01630000 - 0x00007ffd01640000 	D:\study\java17\bin\verify.dll

dbghelp: loaded successfully - version: 4.0.5 - missing functions: none
symbol engine: initialized successfully - sym options: 0x614 - pdb path: .;D:\study\java17\bin;C:\WINDOWS\SYSTEM32;d:\study\traecn\Trae CN\resources\app\modules\sandbox\x64;C:\WINDOWS\WinSxS\amd64_microsoft.windows.common-controls_6595b64144ccf1df_6.0.22621.6060_none_2712eda17382d24b;D:\study\java17\bin\server

VM Arguments:
jvm_args: -XX:TieredStopAtLevel=1 
java_command: com.markdown.editor.MarkdownEditorApplication
java_class_path (initial): D:\workspace\spring-cloud-center\wechat-mini-backend\markdown-editor\backend\target\classes;D:\tool\maven\repository\org\springframework\boot\spring-boot\2.7.14\spring-boot-2.7.14.jar;D:\tool\maven\repository\jakarta\annotation\jakarta.annotation-api\1.3.5\jakarta.annotation-api-1.3.5.jar;D:\tool\maven\repository\org\yaml\snakeyaml\1.30\snakeyaml-1.30.jar;D:\tool\maven\repository\com\fasterxml\jackson\datatype\jackson-datatype-jdk8\2.13.5\jackson-datatype-jdk8-2.13.5.jar;D:\tool\maven\repository\com\fasterxml\jackson\datatype\jackson-datatype-jsr310\2.13.5\jackson-datatype-jsr310-2.13.5.jar;D:\tool\maven\repository\com\fasterxml\jackson\module\jackson-module-parameter-names\2.13.5\jackson-module-parameter-names-2.13.5.jar;D:\tool\maven\repository\org\apache\tomcat\embed\tomcat-embed-core\9.0.78\tomcat-embed-core-9.0.78.jar;D:\tool\maven\repository\org\apache\tomcat\embed\tomcat-embed-websocket\9.0.78\tomcat-embed-websocket-9.0.78.jar;D:\tool\maven\repository\org\springframework\spring-web\5.3.29\spring-web-5.3.29.jar;D:\tool\maven\repository\org\springframework\spring-beans\5.3.29\spring-beans-5.3.29.jar;D:\tool\maven\repository\org\springframework\spring-webmvc\5.3.29\spring-webmvc-5.3.29.jar;D:\tool\maven\repository\org\springframework\spring-context\5.3.29\spring-context-5.3.29.jar;D:\tool\maven\repository\org\springframework\spring-expression\5.3.29\spring-expression-5.3.29.jar;D:\tool\maven\repository\com\baomidou\mybatis-plus-boot-starter\3.5.3.1\mybatis-plus-boot-starter-3.5.3.1.jar;D:\tool\maven\repository\com\baomidou\mybatis-plus\3.5.3.1\mybatis-plus-3.5.3.1.jar;D:\tool\maven\repository\com\baomidou\mybatis-plus-extension\3.5.3.1\mybatis-plus-extension-3.5.3.1.jar;D:\tool\maven\repository\com\baomidou\mybatis-plus-core\3.5.3.1\mybatis-plus-core-3.5.3.1.jar;D:\tool\maven\repository\com\baomidou\mybatis-plus-annotation\3.5.3.1\mybatis-plus-annotation-3.5.3.1.jar;D:\tool\maven\repository\com\github\jsqlparser\jsqlparser\4.4\jsqlpa
Launcher Type: SUN_STANDARD

[Global flags]
     intx CICompilerCount                          = 12                                        {product} {ergonomic}
     uint ConcGCThreads                            = 3                                         {product} {ergonomic}
     uint G1ConcRefinementThreads                  = 13                                        {product} {ergonomic}
   size_t G1HeapRegionSize                         = 2097152                                   {product} {ergonomic}
    uintx GCDrainStackTargetSize                   = 64                                        {product} {ergonomic}
   size_t InitialHeapSize                          = 266338304                                 {product} {ergonomic}
   size_t MarkStackSize                            = 4194304                                   {product} {ergonomic}
   size_t MaxHeapSize                              = 4229955584                                {product} {ergonomic}
   size_t MaxNewSize                               = 2537553920                                {product} {ergonomic}
   size_t MinHeapDeltaBytes                        = 2097152                                   {product} {ergonomic}
   size_t MinHeapSize                              = 8388608                                   {product} {ergonomic}
    uintx NonProfiledCodeHeapSize                  = 0                                      {pd product} {ergonomic}
     bool ProfileInterpreter                       = false                                  {pd product} {command line}
    uintx ProfiledCodeHeapSize                     = 0                                      {pd product} {ergonomic}
   size_t SoftMaxHeapSize                          = 4229955584                             {manageable} {ergonomic}
     intx TieredStopAtLevel                        = 1                                         {product} {command line}
     bool UseCompressedClassPointers               = true                           {product lp64_product} {ergonomic}
     bool UseCompressedOops                        = true                           {product lp64_product} {ergonomic}
     bool UseG1GC                                  = true                                      {product} {ergonomic}
     bool UseLargePagesIndividualAllocation        = false                                  {pd product} {ergonomic}

Logging:
Log output configuration:
 #0: stdout all=warning uptime,level,tags
 #1: stderr all=off uptime,level,tags

Environment Variables:
JAVA_HOME=D:\\study\\java17
CLASSPATH=.;D:\study\java17\lib;D:\study\java17\lib\tools.jar
PATH=D:\\study\\java17\\bin;C:\\Users\\Murphy\\.trae-cn\\tools\\maven\\latest\\bin;C:\\Users\\Murphy\\.trae-cn\\tools\\gradle\\latest\\bin;c:\\Users\\Murphy\\.trae-cn\\tools\\trae-gopls\\current;c:\\Users\\Murphy\\.trae-cn\\sdks\\workspaces\\8d3c7700\\versions\\node\\current;c:\\Users\\Murphy\\.trae-cn\\sdks\\versions\\node\\current;D:\study\java17\bin;C:\Users\Murphy\.trae-cn\tools\maven\latest\bin;C:\Users\Murphy\.trae-cn\tools\gradle\latest\bin;c:\Users\Murphy\.trae-cn\tools\trae-gopls\current;c:\Users\Murphy\.trae-cn\sdks\workspaces\8d3c7700\versions\node\current;c:\Users\Murphy\.trae-cn\sdks\versions\node\current;C:\Python314\Scripts\;C:\Python314\;C:\Program Files\Common Files\Oracle\Java\javapath;C:\Program Files (x86)\Common Files\Oracle\Java\javapath;C:\Windows\system32;C:\Windows;C:\Windows\System32\Wbem;C:\Windows\System32\WindowsPowerShell\v1.0\;C:\Windows\System32\OpenSSH\;C:\Program Files (x86)\NVIDIA Corporation\PhysX\Common;C:\Program Files\NVIDIA Corporation\NVIDIA NvDLISR;D:\study\java17\bin;D:\tool\anaconda\Library\mingw-w64;D:\tool\goSDK\go1.17.2.windows-arm64\go\bin;D:\tool\mongodb-win32-x86_64-2012plus-v4.2-latest\mongodb-win32-x86_64-2012plus-4.2.18-rc0-4-gdec3884\bin;C:\ProgramData\chocolatey\bin;D:\tool\redis;D:\tool\maven\apache-maven-3.6.3\apache-maven-3.6.3\bin;D:\tool\mysql\mysql-9.1.0-winx64\mysql-9.1.0-winx64\bin;D:\tool\git\Git\cmd;D:\tool\git\Git\bin;;D:\tool\陔膘恅璃標\峚陓web羲楷氪馱撿\dll;C:\WINDOWS\system32;C:\WINDOWS;C:\WINDOWS\System32\Wbem;C:\WINDOWS\System32\WindowsPowerShell\v1.0\;C:\WINDOWS\System32\OpenSSH\;D:\tool\node\;d:\study\traecn\Trae CN\bin;C:\Users\Murphy\AppData\Local\Microsoft\WindowsApps;D:\study\idea\IntelliJ IDEA 2019.3.3\bin;;D:\tool\Visiualcode\Microsoft VS Code\bin;C:\Users\Murphy\AppData\Local\GitHubDesktop\bin;D:\tool\陔膘恅璃標\PyCharm 2022.2.1\bin;;D:\tool\pycharm\PyCharm Community Edition 2022.3.3\bin;;D:\study\idea\IntelliJ IDEA Community Edition 2022.3.2\bin;;C:\Users\Murphy\AppData\Roaming\npm;c:\User
USERNAME=Murphy
LANG=zh_CN.UTF-8
OS=Windows_NT
PROCESSOR_IDENTIFIER=Intel64 Family 6 Model 141 Stepping 1, GenuineIntel



---------------  S Y S T E M  ---------------

OS:
 Windows 11 , 64 bit Build 22621 (10.0.22621.5415)
OS uptime: 2 days 11:37 hours

CPU: total 16 (initial active 16) (8 cores per cpu, 2 threads per core) family 6 model 141 stepping 1 microcode 0x2c, cx8, cmov, fxsr, ht, mmx, 3dnowpref, sse, sse2, sse3, ssse3, sse4.1, sse4.2, popcnt, lzcnt, tsc, tscinvbit, avx, avx2, aes, erms, clmul, bmi1, bmi2, adx, avx512f, avx512dq, avx512cd, avx512bw, avx512vl, sha, fma, vzeroupper, avx512_vpopcntdq, avx512_vpclmulqdq, avx512_vaes, avx512_vnni, clflush, clflushopt, clwb, avx512_vbmi2, avx512_vbmi

Memory: 4k page, system-wide physical 16128M (473M free)
TotalPageFile size 64248M (AvailPageFile size 0M)
current process WorkingSet (physical memory assigned to process): 53M, peak: 53M
current process commit charge ("private bytes"): 357M, peak: 357M

vm_info: Java HotSpot(TM) 64-Bit Server VM (17.0.12+8-LTS-286) for windows-amd64 JRE (17.0.12+8-LTS-286), built on Jun  5 2024 06:46:59 by "mach5one" with MS VC++ 17.6 (VS2022)

END.
