#
# There is insufficient memory for the Java Runtime Environment to continue.
# Native memory allocation (mmap) failed to map 266338304 bytes for G1 virtual space
# Possible reasons:
#   The system is out of physical RAM or swap space
#   The process is running with CompressedOops enabled, and the Java Heap may be blocking the growth of the native heap
# Possible solutions:
#   Reduce memory load on the system
#   Increase physical memory or swap space
#   Check if swap backing store is full
#   Decrease Java heap size (-Xmx/-Xms)
#   Decrease number of Java threads
#   Decrease Java thread stack sizes (-Xss)
#   Set larger code cache with -XX:ReservedCodeCacheSize=
#   JVM is running with Zero Based Compressed Oops mode in which the Java heap is
#     placed in the first 32GB address space. The Java Heap base address is the
#     maximum limit for the native heap growth. Please use -XX:HeapBaseMinAddress
#     to set the Java Heap base and to place the Java Heap above 32GB virtual address.
# This output file may be truncated or incomplete.
#
#  Out of Memory Error (os_windows.cpp:3548), pid=21268, tid=40440
#
# JRE version:  (17.0.12+8) (build )
# Java VM: Java HotSpot(TM) 64-Bit Server VM (17.0.12+8-LTS-286, mixed mode, sharing, tiered, compressed oops, compressed class ptrs, g1 gc, windows-amd64)
# No core dump will be written. Minidumps are not enabled by default on client versions of Windows
#

---------------  S U M M A R Y ------------

Command Line: -Dclassworlds.conf=D:\tool\maven\apache-maven-3.6.3\apache-maven-3.6.3\bin\..\bin\m2.conf -Dmaven.home=D:\tool\maven\apache-maven-3.6.3\apache-maven-3.6.3\bin\.. -Dlibrary.jansi.path=D:\tool\maven\apache-maven-3.6.3\apache-maven-3.6.3\bin\..\lib\jansi-native -Dmaven.multiModuleProjectDirectory=D:\workspace\spring-cloud-center\wechat-mini-backend\markdown-editor\backend org.codehaus.plexus.classworlds.launcher.Launcher spring-boot:run

Host: 11th Gen Intel(R) Core(TM) i7-11800H @ 2.30GHz, 16 cores, 15G,  Windows 11 , 64 bit Build 22621 (10.0.22621.5415)
Time: Sat Apr 25 08:38:40 2026  Windows 11 , 64 bit Build 22621 (10.0.22621.5415) elapsed time: 0.013583 seconds (0d 0h 0m 0s)

---------------  T H R E A D  ---------------

Current thread (0x000001e08ff1ce00):  JavaThread "Unknown thread" [_thread_in_vm, id=40440, stack(0x000000574fe00000,0x000000574ff00000)]

Stack: [0x000000574fe00000,0x000000574ff00000]
Native frames: (J=compiled Java code, j=interpreted, Vv=VM code, C=native code)
V  [jvm.dll+0x67a04a]
V  [jvm.dll+0x7da4ed]
V  [jvm.dll+0x7dbe33]
V  [jvm.dll+0x7dc4a3]
V  [jvm.dll+0x24508f]
V  [jvm.dll+0x677089]
V  [jvm.dll+0x66bd32]
V  [jvm.dll+0x301fa6]
V  [jvm.dll+0x309546]
V  [jvm.dll+0x359d2e]
V  [jvm.dll+0x359f5f]
V  [jvm.dll+0x2d9078]
V  [jvm.dll+0x2d9fe4]
V  [jvm.dll+0x7aca21]
V  [jvm.dll+0x367591]
V  [jvm.dll+0x78b999]
V  [jvm.dll+0x3ec83f]
V  [jvm.dll+0x3ee471]
C  [jli.dll+0x5297]
C  [ucrtbase.dll+0x29333]
C  [KERNEL32.DLL+0x1259d]
C  [ntdll.dll+0x5af78]


---------------  P R O C E S S  ---------------

Threads class SMR info:
_java_thread_list=0x00007ffbfc7e7a18, length=0, elements={
}

Java Threads: ( => current thread )

Other Threads:
  0x000001e08ff880b0 GCTaskThread "GC Thread#0" [stack: 0x000000574ff00000,0x0000005750000000] [id=26620]
  0x000001e0b09fbdb0 ConcurrentGCThread "G1 Main Marker" [stack: 0x0000005750000000,0x0000005750100000] [id=41556]
  0x000001e0b09fc7c0 ConcurrentGCThread "G1 Conc#0" [stack: 0x0000005750100000,0x0000005750200000] [id=42440]

[error occurred during error reporting (printing all threads), id 0xc0000005, EXCEPTION_ACCESS_VIOLATION (0xc0000005) at pc=0x00007ffbfc019b67]

VM state: not at safepoint (not fully initialized)

VM Mutex/Monitor currently owned by a thread:  ([mutex/lock_event])
[0x000001e08ff17f70] Heap_lock - owner thread: 0x000001e08ff1ce00

Heap address: 0x0000000703e00000, size: 4034 MB, Compressed Oops mode: Zero based, Oop shift amount: 3

CDS archive(s) mapped at: [0x0000000000000000-0x0000000000000000-0x0000000000000000), size 0, SharedBaseAddress: 0x0000000800000000, ArchiveRelocationMode: 1.
Narrow klass base: 0x0000000000000000, Narrow klass shift: 0, Narrow klass range: 0x0

GC Precious Log:
<Empty>

Heap:
 garbage-first heap   total 0K, used 0K [0x0000000703e00000, 0x0000000800000000)
  region size 2048K, 0 young (0K), 0 survivors (0K)

[error occurred during error reporting (printing heap information), id 0xc0000005, EXCEPTION_ACCESS_VIOLATION (0xc0000005) at pc=0x00007ffbfc403859]

GC Heap History (0 events):
No events

Deoptimization events (0 events):
No events

Classes unloaded (0 events):
No events

Classes redefined (0 events):
No events

Internal exceptions (0 events):
No events

VM Operations (0 events):
No events

Events (1 events):
Event: 0.008 Loaded shared library D:\study\java17\bin\java.dll


Dynamic libraries:
0x00007ff643da0000 - 0x00007ff643db0000 	D:\study\java17\bin\java.exe
0x00007ffd20a50000 - 0x00007ffd20c68000 	C:\WINDOWS\SYSTEM32\ntdll.dll
0x00007ffd201b0000 - 0x00007ffd20274000 	C:\WINDOWS\System32\KERNEL32.DLL
0x00007ffd1def0000 - 0x00007ffd1e2c3000 	C:\WINDOWS\System32\KERNELBASE.dll
0x00007ffc98bf0000 - 0x00007ffc98c9f000 	d:\study\traecn\Trae CN\resources\app\modules\sandbox\x64\trae_sbox.dll
0x00007ffd1f860000 - 0x00007ffd1f911000 	C:\WINDOWS\System32\ADVAPI32.dll
0x00007ffd20650000 - 0x00007ffd206f7000 	C:\WINDOWS\System32\msvcrt.dll
0x00007ffd1e840000 - 0x00007ffd1e8e8000 	C:\WINDOWS\System32\sechost.dll
0x00007ffd1e350000 - 0x00007ffd1e378000 	C:\WINDOWS\System32\bcrypt.dll
0x00007ffd208f0000 - 0x00007ffd20a08000 	C:\WINDOWS\System32\RPCRT4.dll
0x00007ffd1db60000 - 0x00007ffd1dc71000 	C:\WINDOWS\System32\ucrtbase.dll
0x00007ffce0b70000 - 0x00007ffce0b89000 	D:\study\java17\bin\jli.dll
0x00007ffce0af0000 - 0x00007ffce0b0b000 	D:\study\java17\bin\VCRUNTIME140.dll
0x00007ffd20280000 - 0x00007ffd20432000 	C:\WINDOWS\System32\USER32.dll
0x00007ffd1dec0000 - 0x00007ffd1dee6000 	C:\WINDOWS\System32\win32u.dll
0x00007ffd1e6f0000 - 0x00007ffd1e719000 	C:\WINDOWS\System32\GDI32.dll
0x00007ffd05250000 - 0x00007ffd054ec000 	C:\WINDOWS\WinSxS\amd64_microsoft.windows.common-controls_6595b64144ccf1df_6.0.22621.6060_none_2712eda17382d24b\COMCTL32.dll
0x00007ffd1dc80000 - 0x00007ffd1dd9b000 	C:\WINDOWS\System32\gdi32full.dll
0x00007ffd1dda0000 - 0x00007ffd1de3a000 	C:\WINDOWS\System32\msvcp_win.dll
0x00007ffd14770000 - 0x00007ffd1477a000 	C:\WINDOWS\SYSTEM32\VERSION.dll
0x00007ffcae970000 - 0x00007ffcaea00000 	d:\study\traecn\Trae CN\resources\app\modules\sandbox\x64\sbox_ipc.dll
0x00007ffd1e7b0000 - 0x00007ffd1e7e1000 	C:\WINDOWS\System32\IMM32.DLL
0x00007ffd1ae20000 - 0x00007ffd1b053000 	C:\WINDOWS\SYSTEM32\dbghelp.dll
0x00007ffd1fc50000 - 0x00007ffd1ffe1000 	C:\WINDOWS\System32\combase.dll
0x00007ffd1f920000 - 0x00007ffd1f9f8000 	C:\WINDOWS\System32\OLEAUT32.dll
0x00007ffd01520000 - 0x00007ffd0152c000 	D:\study\java17\bin\vcruntime140_1.dll
0x00007ffd11c30000 - 0x00007ffd11c62000 	C:\WINDOWS\SYSTEM32\dbgcore.DLL
0x00007ffc98b60000 - 0x00007ffc98bee000 	D:\study\java17\bin\msvcp140.dll
0x00007ffbfbd30000 - 0x00007ffbfc910000 	D:\study\java17\bin\server\jvm.dll
0x00007ffd1f2d0000 - 0x00007ffd1f2d8000 	C:\WINDOWS\System32\PSAPI.DLL
0x00007ffd024d0000 - 0x00007ffd024d9000 	C:\WINDOWS\SYSTEM32\WSOCK32.dll
0x00007ffd20870000 - 0x00007ffd208e1000 	C:\WINDOWS\System32\WS2_32.dll
0x00007ffd17350000 - 0x00007ffd17384000 	C:\WINDOWS\SYSTEM32\WINMM.dll
0x00007ffd1cc30000 - 0x00007ffd1cc48000 	C:\WINDOWS\SYSTEM32\kernel.appcore.dll
0x00007ffcfc700000 - 0x00007ffcfc70a000 	D:\study\java17\bin\jimage.dll
0x00007ffd1e2d0000 - 0x00007ffd1e34b000 	C:\WINDOWS\System32\bcryptPrimitives.dll
0x00007ffd1c610000 - 0x00007ffd1c708000 	C:\WINDOWS\SYSTEM32\dnsapi.dll
0x00007ffd1c5e0000 - 0x00007ffd1c60d000 	C:\WINDOWS\SYSTEM32\IPHLPAPI.DLL
0x00007ffd1fa00000 - 0x00007ffd1fa09000 	C:\WINDOWS\System32\NSI.dll
0x00007ffcde690000 - 0x00007ffcde6b5000 	D:\study\java17\bin\java.dll

dbghelp: loaded successfully - version: 4.0.5 - missing functions: none
symbol engine: initialized successfully - sym options: 0x614 - pdb path: .;D:\study\java17\bin;C:\WINDOWS\SYSTEM32;d:\study\traecn\Trae CN\resources\app\modules\sandbox\x64;C:\WINDOWS\WinSxS\amd64_microsoft.windows.common-controls_6595b64144ccf1df_6.0.22621.6060_none_2712eda17382d24b;D:\study\java17\bin\server

VM Arguments:
jvm_args: -Dclassworlds.conf=D:\tool\maven\apache-maven-3.6.3\apache-maven-3.6.3\bin\..\bin\m2.conf -Dmaven.home=D:\tool\maven\apache-maven-3.6.3\apache-maven-3.6.3\bin\.. -Dlibrary.jansi.path=D:\tool\maven\apache-maven-3.6.3\apache-maven-3.6.3\bin\..\lib\jansi-native -Dmaven.multiModuleProjectDirectory=D:\workspace\spring-cloud-center\wechat-mini-backend\markdown-editor\backend 
java_command: org.codehaus.plexus.classworlds.launcher.Launcher spring-boot:run
java_class_path (initial): D:\tool\maven\apache-maven-3.6.3\apache-maven-3.6.3\bin\..\boot\plexus-classworlds-2.6.0.jar
Launcher Type: SUN_STANDARD

[Global flags]
     intx CICompilerCount                          = 12                                        {product} {ergonomic}
     uint ConcGCThreads                            = 3                                         {product} {ergonomic}
     uint G1ConcRefinementThreads                  = 13                                        {product} {ergonomic}
   size_t G1HeapRegionSize                         = 2097152                                   {product} {ergonomic}
    uintx GCDrainStackTargetSize                   = 64                                        {product} {ergonomic}
   size_t InitialHeapSize                          = 266338304                                 {product} {ergonomic}
   size_t MarkStackSize                            = 4194304                                   {product} {ergonomic}
   size_t MaxHeapSize                              = 4229955584                                {product} {ergonomic}
   size_t MinHeapDeltaBytes                        = 2097152                                   {product} {ergonomic}
   size_t MinHeapSize                              = 8388608                                   {product} {ergonomic}
    uintx NonNMethodCodeHeapSize                   = 7602480                                {pd product} {ergonomic}
    uintx NonProfiledCodeHeapSize                  = 122027880                              {pd product} {ergonomic}
    uintx ProfiledCodeHeapSize                     = 122027880                              {pd product} {ergonomic}
    uintx ReservedCodeCacheSize                    = 251658240                              {pd product} {ergonomic}
     bool SegmentedCodeCache                       = true                                      {product} {ergonomic}
   size_t SoftMaxHeapSize                          = 4229955584                             {manageable} {ergonomic}
     bool UseCompressedClassPointers               = true                           {product lp64_product} {ergonomic}
     bool UseCompressedOops                        = true                           {product lp64_product} {ergonomic}
     bool UseG1GC                                  = true                                      {product} {ergonomic}
     bool UseLargePagesIndividualAllocation        = false                                  {pd product} {ergonomic}

Logging:
Log output configuration:
 #0: stdout all=warning uptime,level,tags
 #1: stderr all=off uptime,level,tags

Environment Variables:
JAVA_HOME=D:\\study\\java17
CLASSPATH=.;D:\study\java17\lib;D:\study\java17\lib\tools.jar
PATH=D:\\study\\java17\\bin;C:\\Users\\Murphy\\.trae-cn\\tools\\maven\\latest\\bin;C:\\Users\\Murphy\\.trae-cn\\tools\\gradle\\latest\\bin;c:\\Users\\Murphy\\.trae-cn\\tools\\trae-gopls\\current;c:\\Users\\Murphy\\.trae-cn\\sdks\\workspaces\\8d3c7700\\versions\\node\\current;c:\\Users\\Murphy\\.trae-cn\\sdks\\versions\\node\\current;D:\study\java17\bin;C:\Users\Murphy\.trae-cn\tools\maven\latest\bin;C:\Users\Murphy\.trae-cn\tools\gradle\latest\bin;c:\Users\Murphy\.trae-cn\tools\trae-gopls\current;c:\Users\Murphy\.trae-cn\sdks\workspaces\8d3c7700\versions\node\current;c:\Users\Murphy\.trae-cn\sdks\versions\node\current;C:\Python314\Scripts\;C:\Python314\;C:\Program Files\Common Files\Oracle\Java\javapath;C:\Program Files (x86)\Common Files\Oracle\Java\javapath;C:\Windows\system32;C:\Windows;C:\Windows\System32\Wbem;C:\Windows\System32\WindowsPowerShell\v1.0\;C:\Windows\System32\OpenSSH\;C:\Program Files (x86)\NVIDIA Corporation\PhysX\Common;C:\Program Files\NVIDIA Corporation\NVIDIA NvDLISR;D:\study\java17\bin;D:\tool\anaconda\Library\mingw-w64;D:\tool\goSDK\go1.17.2.windows-arm64\go\bin;D:\tool\mongodb-win32-x86_64-2012plus-v4.2-latest\mongodb-win32-x86_64-2012plus-4.2.18-rc0-4-gdec3884\bin;C:\ProgramData\chocolatey\bin;D:\tool\redis;D:\tool\maven\apache-maven-3.6.3\apache-maven-3.6.3\bin;D:\tool\mysql\mysql-9.1.0-winx64\mysql-9.1.0-winx64\bin;D:\tool\git\Git\cmd;D:\tool\git\Git\bin;;D:\tool\ĐÂ˝¨ÎÄĽţĽĐ\Î˘ĐĹwebżŞ·˘Őßą¤ľß\dll;C:\WINDOWS\system32;C:\WINDOWS;C:\WINDOWS\System32\Wbem;C:\WINDOWS\System32\WindowsPowerShell\v1.0\;C:\WINDOWS\System32\OpenSSH\;D:\tool\node\;d:\study\traecn\Trae CN\bin;C:\Users\Murphy\AppData\Local\Microsoft\WindowsApps;D:\study\idea\IntelliJ IDEA 2019.3.3\bin;;D:\tool\Visiualcode\Microsoft VS Code\bin;C:\Users\Murphy\AppData\Local\GitHubDesktop\bin;D:\tool\ĐÂ˝¨ÎÄĽţĽĐ\PyCharm 2022.2.1\bin;;D:\tool\pycharm\PyCharm Community Edition 2022.3.3\bin;;D:\study\idea\IntelliJ IDEA Community Edition 2022.3.2\bin;;C:\Users\Murphy\AppData\Roaming\npm;c:\User
USERNAME=Murphy
LANG=zh_CN.UTF-8
OS=Windows_NT
PROCESSOR_IDENTIFIER=Intel64 Family 6 Model 141 Stepping 1, GenuineIntel



---------------  S Y S T E M  ---------------

OS:
 Windows 11 , 64 bit Build 22621 (10.0.22621.5415)
OS uptime: 3 days 0:01 hours

CPU: total 16 (initial active 16) (8 cores per cpu, 2 threads per core) family 6 model 141 stepping 1 microcode 0x2c, cx8, cmov, fxsr, ht, mmx, 3dnowpref, sse, sse2, sse3, ssse3, sse4.1, sse4.2, popcnt, lzcnt, tsc, tscinvbit, avx, avx2, aes, erms, clmul, bmi1, bmi2, adx, avx512f, avx512dq, avx512cd, avx512bw, avx512vl, sha, fma, vzeroupper, avx512_vpopcntdq, avx512_vpclmulqdq, avx512_vaes, avx512_vnni, clflush, clflushopt, clwb, avx512_vbmi2, avx512_vbmi

Memory: 4k page, system-wide physical 16128M (434M free)
TotalPageFile size 64248M (AvailPageFile size 144M)
current process WorkingSet (physical memory assigned to process): 13M, peak: 13M
current process commit charge ("private bytes"): 71M, peak: 325M

vm_info: Java HotSpot(TM) 64-Bit Server VM (17.0.12+8-LTS-286) for windows-amd64 JRE (17.0.12+8-LTS-286), built on Jun  5 2024 06:46:59 by "mach5one" with MS VC++ 17.6 (VS2022)

END.
