#
# There is insufficient memory for the Java Runtime Environment to continue.
# Native memory allocation (malloc) failed to allocate 1919216 bytes for Chunk::new
# Possible reasons:
#   The system is out of physical RAM or swap space
#   The process is running with CompressedOops enabled, and the Java Heap may be blocking the growth of the native heap
# Possible solutions:
#   Reduce memory load on the system
#   Increase physical memory or swap space
#   Check if swap backing store is full
#   Decrease Java heap size (-Xmx/-Xms)
#   Decrease number of Java threads
#   Decrease Java thread stack sizes (-Xss)
#   Set larger code cache with -XX:ReservedCodeCacheSize=
#   JVM is running with Unscaled Compressed Oops mode in which the Java heap is
#     placed in the first 4GB address space. The Java Heap base address is the
#     maximum limit for the native heap growth. Please use -XX:HeapBaseMinAddress
#     to set the Java Heap base and to place the Java Heap above 4GB virtual address.
# This output file may be truncated or incomplete.
#
#  Out of Memory Error (arena.cpp:189), pid=30768, tid=20420
#
# JRE version: Java(TM) SE Runtime Environment (17.0.12+8) (build 17.0.12+8-LTS-286)
# Java VM: Java HotSpot(TM) 64-Bit Server VM (17.0.12+8-LTS-286, mixed mode, sharing, tiered, compressed oops, compressed class ptrs, g1 gc, windows-amd64)
# No core dump will be written. Minidumps are not enabled by default on client versions of Windows
#

---------------  S U M M A R Y ------------

Command Line: -Xmx512m -Xms256m -Dclassworlds.conf=D:\tool\maven\apache-maven-3.6.3\apache-maven-3.6.3\bin\..\bin\m2.conf -Dmaven.home=D:\tool\maven\apache-maven-3.6.3\apache-maven-3.6.3\bin\.. -Dlibrary.jansi.path=D:\tool\maven\apache-maven-3.6.3\apache-maven-3.6.3\bin\..\lib\jansi-native -Dmaven.multiModuleProjectDirectory=D:\workspace\spring-cloud-center\wechat-mini-backend\markdown-editor\backend org.codehaus.plexus.classworlds.launcher.Launcher spring-boot:run

Host: 11th Gen Intel(R) Core(TM) i7-11800H @ 2.30GHz, 16 cores, 15G,  Windows 11 , 64 bit Build 22621 (10.0.22621.5415)
Time: Sun Apr 19 08:59:48 2026  Windows 11 , 64 bit Build 22621 (10.0.22621.5415) elapsed time: 9.469905 seconds (0d 0h 0m 9s)

---------------  T H R E A D  ---------------

Current thread (0x000001851d833b60):  JavaThread "C2 CompilerThread0" daemon [_thread_in_native, id=20420, stack(0x000000024f900000,0x000000024fa00000)]


Current CompileTask:
C2:   9470 5103   !   4       com.sun.tools.javac.file.JavacFileManager$ArchiveContainer::walkDirectories (134 bytes)

Stack: [0x000000024f900000,0x000000024fa00000]
Native frames: (J=compiled Java code, j=interpreted, Vv=VM code, C=native code)
V  [jvm.dll+0x67a04a]
V  [jvm.dll+0x7da4ed]
V  [jvm.dll+0x7dbe33]
V  [jvm.dll+0x7dc4a3]
V  [jvm.dll+0x24508f]
V  [jvm.dll+0xab773]
V  [jvm.dll+0xabd3c]
V  [jvm.dll+0x361b9f]
V  [jvm.dll+0x32c431]
V  [jvm.dll+0x32b8ca]
V  [jvm.dll+0x21683f]
V  [jvm.dll+0x215c6f]
V  [jvm.dll+0x1a2960]
V  [jvm.dll+0x22610b]
V  [jvm.dll+0x2242ab]
V  [jvm.dll+0x79075c]
V  [jvm.dll+0x78abea]
V  [jvm.dll+0x678f35]
C  [ucrtbase.dll+0x29333]
C  [KERNEL32.DLL+0x1259d]
C  [ntdll.dll+0x5af78]


---------------  P R O C E S S  ---------------

Threads class SMR info:
_java_thread_list=0x0000018563c37bb0, length=13, elements={
0x0000018501e47790, 0x0000018501cdebb0, 0x0000018501cdf480, 0x0000018501cefed0,
0x0000018501cf07a0, 0x000001851d827330, 0x000001851d82cc20, 0x000001851d833b60,
0x000001851d834680, 0x000001851d83d760, 0x000001851d8acbf0, 0x000001851d9abd40,
0x000001851d9a9ee0
}

Java Threads: ( => current thread )
  0x0000018501e47790 JavaThread "main" [_thread_in_Java, id=36740, stack(0x000000024e600000,0x000000024e700000)]
  0x0000018501cdebb0 JavaThread "Reference Handler" daemon [_thread_blocked, id=35348, stack(0x000000024f300000,0x000000024f400000)]
  0x0000018501cdf480 JavaThread "Finalizer" daemon [_thread_blocked, id=30320, stack(0x000000024f400000,0x000000024f500000)]
  0x0000018501cefed0 JavaThread "Signal Dispatcher" daemon [_thread_blocked, id=20624, stack(0x000000024f500000,0x000000024f600000)]
  0x0000018501cf07a0 JavaThread "Attach Listener" daemon [_thread_blocked, id=15940, stack(0x000000024f600000,0x000000024f700000)]
  0x000001851d827330 JavaThread "Service Thread" daemon [_thread_blocked, id=28844, stack(0x000000024f700000,0x000000024f800000)]
  0x000001851d82cc20 JavaThread "Monitor Deflation Thread" daemon [_thread_blocked, id=35072, stack(0x000000024f800000,0x000000024f900000)]
=>0x000001851d833b60 JavaThread "C2 CompilerThread0" daemon [_thread_in_native, id=20420, stack(0x000000024f900000,0x000000024fa00000)]
  0x000001851d834680 JavaThread "C1 CompilerThread0" daemon [_thread_in_native, id=22972, stack(0x000000024fa00000,0x000000024fb00000)]
  0x000001851d83d760 JavaThread "Sweeper thread" daemon [_thread_blocked, id=20728, stack(0x000000024fb00000,0x000000024fc00000)]
  0x000001851d8acbf0 JavaThread "C1 CompilerThread1" daemon [_thread_in_vm, id=35384, stack(0x000000024fc00000,0x000000024fd00000)]
  0x000001851d9abd40 JavaThread "Notification Thread" daemon [_thread_blocked, id=33028, stack(0x000000024fd00000,0x000000024fe00000)]
  0x000001851d9a9ee0 JavaThread "Common-Cleaner" daemon [_thread_blocked, id=13368, stack(0x000000024ff00000,0x0000000250000000)]

Other Threads:
  0x0000018501cdc590 VMThread "VM Thread" [stack: 0x000000024f200000,0x000000024f300000] [id=32356]
  0x0000018501bbd470 WatcherThread [stack: 0x000000024fe00000,0x000000024ff00000] [id=18840]
  0x0000018501b28e00 GCTaskThread "GC Thread#0" [stack: 0x000000024ed00000,0x000000024ee00000] [id=33056]
  0x0000018563680920 GCTaskThread "GC Thread#1" [stack: 0x0000000250100000,0x0000000250200000] [id=4812]
  0x000001856367f5e0 GCTaskThread "GC Thread#2" [stack: 0x0000000250200000,0x0000000250300000] [id=31088]
  0x0000018563680be0 GCTaskThread "GC Thread#3" [stack: 0x0000000250300000,0x0000000250400000] [id=18900]
  0x000001856367fb60 GCTaskThread "GC Thread#4" [stack: 0x0000000250400000,0x0000000250500000] [id=7216]
  0x00000185636803a0 GCTaskThread "GC Thread#5" [stack: 0x0000000250500000,0x0000000250600000] [id=37804]
  0x000001856367fe20 GCTaskThread "GC Thread#6" [stack: 0x0000000250600000,0x0000000250700000] [id=22480]
  0x000001856367f060 GCTaskThread "GC Thread#7" [stack: 0x0000000250700000,0x0000000250800000] [id=34916]
  0x000001856367f320 GCTaskThread "GC Thread#8" [stack: 0x0000000250800000,0x0000000250900000] [id=35140]
  0x000001856367f8a0 GCTaskThread "GC Thread#9" [stack: 0x0000000250900000,0x0000000250a00000] [id=37084]
  0x0000018563aac9c0 GCTaskThread "GC Thread#10" [stack: 0x0000000250000000,0x0000000250100000] [id=2464]
  0x0000018563aad4c0 GCTaskThread "GC Thread#11" [stack: 0x0000000250a00000,0x0000000250b00000] [id=15692]
  0x0000018563aad780 GCTaskThread "GC Thread#12" [stack: 0x0000000250b00000,0x0000000250c00000] [id=4724]
  0x0000018501b52790 ConcurrentGCThread "G1 Main Marker" [stack: 0x000000024ee00000,0x000000024ef00000] [id=24368]
  0x0000018501b89fd0 ConcurrentGCThread "G1 Conc#0" [stack: 0x000000024ef00000,0x000000024f000000] [id=16932]
  0x0000018563aaae40 ConcurrentGCThread "G1 Conc#1" [stack: 0x0000000250c00000,0x0000000250d00000] [id=29064]
  0x0000018563aacc80 ConcurrentGCThread "G1 Conc#2" [stack: 0x0000000250d00000,0x0000000250e00000] [id=8800]
  0x0000018501c81110 ConcurrentGCThread "G1 Refine#0" [stack: 0x000000024f000000,0x000000024f100000] [id=24704]
  0x0000018501c81d60 ConcurrentGCThread "G1 Service" [stack: 0x000000024f100000,0x000000024f200000] [id=34296]

Threads with active compile tasks:
C2 CompilerThread0     9503 5103   !   4       com.sun.tools.javac.file.JavacFileManager$ArchiveContainer::walkDirectories (134 bytes)
C1 CompilerThread0     9503 5268       2       jdk.internal.jrtfs.JrtPath::subpath (129 bytes)

VM state: not at safepoint (normal execution)

VM Mutex/Monitor currently owned by a thread: None

Heap address: 0x00000000e0000000, size: 512 MB, Compressed Oops mode: 32-bit

CDS archive(s) mapped at: [0x000001851e000000-0x000001851ebd0000-0x000001851ebd0000), size 12386304, SharedBaseAddress: 0x000001851e000000, ArchiveRelocationMode: 1.
Compressed class space mapped at: 0x000001851f000000-0x000001855f000000, reserved size: 1073741824
Narrow klass base: 0x000001851e000000, Narrow klass shift: 0, Narrow klass range: 0x100000000

GC Precious Log:
 CPUs: 16 total, 16 available
 Memory: 16128M
 Large Page Support: Disabled
 NUMA Support: Disabled
 Compressed Oops: Enabled (32-bit)
 Heap Region Size: 1M
 Heap Min Capacity: 256M
 Heap Initial Capacity: 256M
 Heap Max Capacity: 512M
 Pre-touch: Disabled
 Parallel Workers: 13
 Concurrent Workers: 3
 Concurrent Refinement Workers: 13
 Periodic GC: Disabled

Heap:
 garbage-first heap   total 262144K, used 53801K [0x00000000e0000000, 0x0000000100000000)
  region size 1024K, 50 young (51200K), 13 survivors (13312K)
 Metaspace       used 23193K, committed 23488K, reserved 1114112K
  class space    used 2542K, committed 2688K, reserved 1048576K

Heap Regions: E=young(eden), S=young(survivor), O=old, HS=humongous(starts), HC=humongous(continues), CS=collection set, F=free, OA=open archive, CA=closed archive, TAMS=top-at-mark-start (previous, next)
|   0|0x00000000e0000000, 0x00000000e0100000, 0x00000000e0100000|100%| O|  |TAMS 0x00000000e0100000, 0x00000000e0000000| Untracked 
|   1|0x00000000e0100000, 0x00000000e0200000, 0x00000000e0200000|100%| O|  |TAMS 0x00000000e0200000, 0x00000000e0100000| Untracked 
|   2|0x00000000e0200000, 0x00000000e0300000, 0x00000000e0300000|100%| O|  |TAMS 0x00000000e0300000, 0x00000000e0200000| Untracked 
|   3|0x00000000e0300000, 0x00000000e03a7c00, 0x00000000e0400000| 65%| O|  |TAMS 0x00000000e03a7c00, 0x00000000e0300000| Untracked 
|   4|0x00000000e0400000, 0x00000000e0400000, 0x00000000e0500000|  0%| F|  |TAMS 0x00000000e0400000, 0x00000000e0400000| Untracked 
|   5|0x00000000e0500000, 0x00000000e0500000, 0x00000000e0600000|  0%| F|  |TAMS 0x00000000e0500000, 0x00000000e0500000| Untracked 
|   6|0x00000000e0600000, 0x00000000e0600000, 0x00000000e0700000|  0%| F|  |TAMS 0x00000000e0600000, 0x00000000e0600000| Untracked 
|   7|0x00000000e0700000, 0x00000000e0700000, 0x00000000e0800000|  0%| F|  |TAMS 0x00000000e0700000, 0x00000000e0700000| Untracked 
|   8|0x00000000e0800000, 0x00000000e0800000, 0x00000000e0900000|  0%| F|  |TAMS 0x00000000e0800000, 0x00000000e0800000| Untracked 
|   9|0x00000000e0900000, 0x00000000e0900000, 0x00000000e0a00000|  0%| F|  |TAMS 0x00000000e0900000, 0x00000000e0900000| Untracked 
|  10|0x00000000e0a00000, 0x00000000e0a00000, 0x00000000e0b00000|  0%| F|  |TAMS 0x00000000e0a00000, 0x00000000e0a00000| Untracked 
|  11|0x00000000e0b00000, 0x00000000e0b00000, 0x00000000e0c00000|  0%| F|  |TAMS 0x00000000e0b00000, 0x00000000e0b00000| Untracked 
|  12|0x00000000e0c00000, 0x00000000e0c00000, 0x00000000e0d00000|  0%| F|  |TAMS 0x00000000e0c00000, 0x00000000e0c00000| Untracked 
|  13|0x00000000e0d00000, 0x00000000e0d00000, 0x00000000e0e00000|  0%| F|  |TAMS 0x00000000e0d00000, 0x00000000e0d00000| Untracked 
|  14|0x00000000e0e00000, 0x00000000e0e00000, 0x00000000e0f00000|  0%| F|  |TAMS 0x00000000e0e00000, 0x00000000e0e00000| Untracked 
|  15|0x00000000e0f00000, 0x00000000e0f00000, 0x00000000e1000000|  0%| F|  |TAMS 0x00000000e0f00000, 0x00000000e0f00000| Untracked 
|  16|0x00000000e1000000, 0x00000000e1000000, 0x00000000e1100000|  0%| F|  |TAMS 0x00000000e1000000, 0x00000000e1000000| Untracked 
|  17|0x00000000e1100000, 0x00000000e1100000, 0x00000000e1200000|  0%| F|  |TAMS 0x00000000e1100000, 0x00000000e1100000| Untracked 
|  18|0x00000000e1200000, 0x00000000e1200000, 0x00000000e1300000|  0%| F|  |TAMS 0x00000000e1200000, 0x00000000e1200000| Untracked 
|  19|0x00000000e1300000, 0x00000000e1300000, 0x00000000e1400000|  0%| F|  |TAMS 0x00000000e1300000, 0x00000000e1300000| Untracked 
|  20|0x00000000e1400000, 0x00000000e1400000, 0x00000000e1500000|  0%| F|  |TAMS 0x00000000e1400000, 0x00000000e1400000| Untracked 
|  21|0x00000000e1500000, 0x00000000e1500000, 0x00000000e1600000|  0%| F|  |TAMS 0x00000000e1500000, 0x00000000e1500000| Untracked 
|  22|0x00000000e1600000, 0x00000000e1600000, 0x00000000e1700000|  0%| F|  |TAMS 0x00000000e1600000, 0x00000000e1600000| Untracked 
|  23|0x00000000e1700000, 0x00000000e1700000, 0x00000000e1800000|  0%| F|  |TAMS 0x00000000e1700000, 0x00000000e1700000| Untracked 
|  24|0x00000000e1800000, 0x00000000e1800000, 0x00000000e1900000|  0%| F|  |TAMS 0x00000000e1800000, 0x00000000e1800000| Untracked 
|  25|0x00000000e1900000, 0x00000000e1900000, 0x00000000e1a00000|  0%| F|  |TAMS 0x00000000e1900000, 0x00000000e1900000| Untracked 
|  26|0x00000000e1a00000, 0x00000000e1a00000, 0x00000000e1b00000|  0%| F|  |TAMS 0x00000000e1a00000, 0x00000000e1a00000| Untracked 
|  27|0x00000000e1b00000, 0x00000000e1b00000, 0x00000000e1c00000|  0%| F|  |TAMS 0x00000000e1b00000, 0x00000000e1b00000| Untracked 
|  28|0x00000000e1c00000, 0x00000000e1c00000, 0x00000000e1d00000|  0%| F|  |TAMS 0x00000000e1c00000, 0x00000000e1c00000| Untracked 
|  29|0x00000000e1d00000, 0x00000000e1d00000, 0x00000000e1e00000|  0%| F|  |TAMS 0x00000000e1d00000, 0x00000000e1d00000| Untracked 
|  30|0x00000000e1e00000, 0x00000000e1e00000, 0x00000000e1f00000|  0%| F|  |TAMS 0x00000000e1e00000, 0x00000000e1e00000| Untracked 
|  31|0x00000000e1f00000, 0x00000000e1f00000, 0x00000000e2000000|  0%| F|  |TAMS 0x00000000e1f00000, 0x00000000e1f00000| Untracked 
|  32|0x00000000e2000000, 0x00000000e2000000, 0x00000000e2100000|  0%| F|  |TAMS 0x00000000e2000000, 0x00000000e2000000| Untracked 
|  33|0x00000000e2100000, 0x00000000e2100000, 0x00000000e2200000|  0%| F|  |TAMS 0x00000000e2100000, 0x00000000e2100000| Untracked 
|  34|0x00000000e2200000, 0x00000000e2200000, 0x00000000e2300000|  0%| F|  |TAMS 0x00000000e2200000, 0x00000000e2200000| Untracked 
|  35|0x00000000e2300000, 0x00000000e2300000, 0x00000000e2400000|  0%| F|  |TAMS 0x00000000e2300000, 0x00000000e2300000| Untracked 
|  36|0x00000000e2400000, 0x00000000e2400000, 0x00000000e2500000|  0%| F|  |TAMS 0x00000000e2400000, 0x00000000e2400000| Untracked 
|  37|0x00000000e2500000, 0x00000000e2500000, 0x00000000e2600000|  0%| F|  |TAMS 0x00000000e2500000, 0x00000000e2500000| Untracked 
|  38|0x00000000e2600000, 0x00000000e2600000, 0x00000000e2700000|  0%| F|  |TAMS 0x00000000e2600000, 0x00000000e2600000| Untracked 
|  39|0x00000000e2700000, 0x00000000e2700000, 0x00000000e2800000|  0%| F|  |TAMS 0x00000000e2700000, 0x00000000e2700000| Untracked 
|  40|0x00000000e2800000, 0x00000000e2800000, 0x00000000e2900000|  0%| F|  |TAMS 0x00000000e2800000, 0x00000000e2800000| Untracked 
|  41|0x00000000e2900000, 0x00000000e2900000, 0x00000000e2a00000|  0%| F|  |TAMS 0x00000000e2900000, 0x00000000e2900000| Untracked 
|  42|0x00000000e2a00000, 0x00000000e2a00000, 0x00000000e2b00000|  0%| F|  |TAMS 0x00000000e2a00000, 0x00000000e2a00000| Untracked 
|  43|0x00000000e2b00000, 0x00000000e2b00000, 0x00000000e2c00000|  0%| F|  |TAMS 0x00000000e2b00000, 0x00000000e2b00000| Untracked 
|  44|0x00000000e2c00000, 0x00000000e2c00000, 0x00000000e2d00000|  0%| F|  |TAMS 0x00000000e2c00000, 0x00000000e2c00000| Untracked 
|  45|0x00000000e2d00000, 0x00000000e2d00000, 0x00000000e2e00000|  0%| F|  |TAMS 0x00000000e2d00000, 0x00000000e2d00000| Untracked 
|  46|0x00000000e2e00000, 0x00000000e2e00000, 0x00000000e2f00000|  0%| F|  |TAMS 0x00000000e2e00000, 0x00000000e2e00000| Untracked 
|  47|0x00000000e2f00000, 0x00000000e2f00000, 0x00000000e3000000|  0%| F|  |TAMS 0x00000000e2f00000, 0x00000000e2f00000| Untracked 
|  48|0x00000000e3000000, 0x00000000e3000000, 0x00000000e3100000|  0%| F|  |TAMS 0x00000000e3000000, 0x00000000e3000000| Untracked 
|  49|0x00000000e3100000, 0x00000000e3100000, 0x00000000e3200000|  0%| F|  |TAMS 0x00000000e3100000, 0x00000000e3100000| Untracked 
|  50|0x00000000e3200000, 0x00000000e3200000, 0x00000000e3300000|  0%| F|  |TAMS 0x00000000e3200000, 0x00000000e3200000| Untracked 
|  51|0x00000000e3300000, 0x00000000e3300000, 0x00000000e3400000|  0%| F|  |TAMS 0x00000000e3300000, 0x00000000e3300000| Untracked 
|  52|0x00000000e3400000, 0x00000000e3400000, 0x00000000e3500000|  0%| F|  |TAMS 0x00000000e3400000, 0x00000000e3400000| Untracked 
|  53|0x00000000e3500000, 0x00000000e3500000, 0x00000000e3600000|  0%| F|  |TAMS 0x00000000e3500000, 0x00000000e3500000| Untracked 
|  54|0x00000000e3600000, 0x00000000e3600000, 0x00000000e3700000|  0%| F|  |TAMS 0x00000000e3600000, 0x00000000e3600000| Untracked 
|  55|0x00000000e3700000, 0x00000000e3700000, 0x00000000e3800000|  0%| F|  |TAMS 0x00000000e3700000, 0x00000000e3700000| Untracked 
|  56|0x00000000e3800000, 0x00000000e3800000, 0x00000000e3900000|  0%| F|  |TAMS 0x00000000e3800000, 0x00000000e3800000| Untracked 
|  57|0x00000000e3900000, 0x00000000e3900000, 0x00000000e3a00000|  0%| F|  |TAMS 0x00000000e3900000, 0x00000000e3900000| Untracked 
|  58|0x00000000e3a00000, 0x00000000e3a00000, 0x00000000e3b00000|  0%| F|  |TAMS 0x00000000e3a00000, 0x00000000e3a00000| Untracked 
|  59|0x00000000e3b00000, 0x00000000e3b00000, 0x00000000e3c00000|  0%| F|  |TAMS 0x00000000e3b00000, 0x00000000e3b00000| Untracked 
|  60|0x00000000e3c00000, 0x00000000e3c00000, 0x00000000e3d00000|  0%| F|  |TAMS 0x00000000e3c00000, 0x00000000e3c00000| Untracked 
|  61|0x00000000e3d00000, 0x00000000e3d00000, 0x00000000e3e00000|  0%| F|  |TAMS 0x00000000e3d00000, 0x00000000e3d00000| Untracked 
|  62|0x00000000e3e00000, 0x00000000e3e00000, 0x00000000e3f00000|  0%| F|  |TAMS 0x00000000e3e00000, 0x00000000e3e00000| Untracked 
|  63|0x00000000e3f00000, 0x00000000e3f00000, 0x00000000e4000000|  0%| F|  |TAMS 0x00000000e3f00000, 0x00000000e3f00000| Untracked 
|  64|0x00000000e4000000, 0x00000000e4000000, 0x00000000e4100000|  0%| F|  |TAMS 0x00000000e4000000, 0x00000000e4000000| Untracked 
|  65|0x00000000e4100000, 0x00000000e4100000, 0x00000000e4200000|  0%| F|  |TAMS 0x00000000e4100000, 0x00000000e4100000| Untracked 
|  66|0x00000000e4200000, 0x00000000e4200000, 0x00000000e4300000|  0%| F|  |TAMS 0x00000000e4200000, 0x00000000e4200000| Untracked 
|  67|0x00000000e4300000, 0x00000000e4300000, 0x00000000e4400000|  0%| F|  |TAMS 0x00000000e4300000, 0x00000000e4300000| Untracked 
|  68|0x00000000e4400000, 0x00000000e4400000, 0x00000000e4500000|  0%| F|  |TAMS 0x00000000e4400000, 0x00000000e4400000| Untracked 
|  69|0x00000000e4500000, 0x00000000e4500000, 0x00000000e4600000|  0%| F|  |TAMS 0x00000000e4500000, 0x00000000e4500000| Untracked 
|  70|0x00000000e4600000, 0x00000000e4600000, 0x00000000e4700000|  0%| F|  |TAMS 0x00000000e4600000, 0x00000000e4600000| Untracked 
|  71|0x00000000e4700000, 0x00000000e4700000, 0x00000000e4800000|  0%| F|  |TAMS 0x00000000e4700000, 0x00000000e4700000| Untracked 
|  72|0x00000000e4800000, 0x00000000e4800000, 0x00000000e4900000|  0%| F|  |TAMS 0x00000000e4800000, 0x00000000e4800000| Untracked 
|  73|0x00000000e4900000, 0x00000000e4900000, 0x00000000e4a00000|  0%| F|  |TAMS 0x00000000e4900000, 0x00000000e4900000| Untracked 
|  74|0x00000000e4a00000, 0x00000000e4a00000, 0x00000000e4b00000|  0%| F|  |TAMS 0x00000000e4a00000, 0x00000000e4a00000| Untracked 
|  75|0x00000000e4b00000, 0x00000000e4b00000, 0x00000000e4c00000|  0%| F|  |TAMS 0x00000000e4b00000, 0x00000000e4b00000| Untracked 
|  76|0x00000000e4c00000, 0x00000000e4c00000, 0x00000000e4d00000|  0%| F|  |TAMS 0x00000000e4c00000, 0x00000000e4c00000| Untracked 
|  77|0x00000000e4d00000, 0x00000000e4d00000, 0x00000000e4e00000|  0%| F|  |TAMS 0x00000000e4d00000, 0x00000000e4d00000| Untracked 
|  78|0x00000000e4e00000, 0x00000000e4e00000, 0x00000000e4f00000|  0%| F|  |TAMS 0x00000000e4e00000, 0x00000000e4e00000| Untracked 
|  79|0x00000000e4f00000, 0x00000000e4f00000, 0x00000000e5000000|  0%| F|  |TAMS 0x00000000e4f00000, 0x00000000e4f00000| Untracked 
|  80|0x00000000e5000000, 0x00000000e5000000, 0x00000000e5100000|  0%| F|  |TAMS 0x00000000e5000000, 0x00000000e5000000| Untracked 
|  81|0x00000000e5100000, 0x00000000e5100000, 0x00000000e5200000|  0%| F|  |TAMS 0x00000000e5100000, 0x00000000e5100000| Untracked 
|  82|0x00000000e5200000, 0x00000000e5200000, 0x00000000e5300000|  0%| F|  |TAMS 0x00000000e5200000, 0x00000000e5200000| Untracked 
|  83|0x00000000e5300000, 0x00000000e5300000, 0x00000000e5400000|  0%| F|  |TAMS 0x00000000e5300000, 0x00000000e5300000| Untracked 
|  84|0x00000000e5400000, 0x00000000e5400000, 0x00000000e5500000|  0%| F|  |TAMS 0x00000000e5400000, 0x00000000e5400000| Untracked 
|  85|0x00000000e5500000, 0x00000000e5500000, 0x00000000e5600000|  0%| F|  |TAMS 0x00000000e5500000, 0x00000000e5500000| Untracked 
|  86|0x00000000e5600000, 0x00000000e5600000, 0x00000000e5700000|  0%| F|  |TAMS 0x00000000e5600000, 0x00000000e5600000| Untracked 
|  87|0x00000000e5700000, 0x00000000e5700000, 0x00000000e5800000|  0%| F|  |TAMS 0x00000000e5700000, 0x00000000e5700000| Untracked 
|  88|0x00000000e5800000, 0x00000000e5800000, 0x00000000e5900000|  0%| F|  |TAMS 0x00000000e5800000, 0x00000000e5800000| Untracked 
|  89|0x00000000e5900000, 0x00000000e5900000, 0x00000000e5a00000|  0%| F|  |TAMS 0x00000000e5900000, 0x00000000e5900000| Untracked 
|  90|0x00000000e5a00000, 0x00000000e5a00000, 0x00000000e5b00000|  0%| F|  |TAMS 0x00000000e5a00000, 0x00000000e5a00000| Untracked 
|  91|0x00000000e5b00000, 0x00000000e5b00000, 0x00000000e5c00000|  0%| F|  |TAMS 0x00000000e5b00000, 0x00000000e5b00000| Untracked 
|  92|0x00000000e5c00000, 0x00000000e5c00000, 0x00000000e5d00000|  0%| F|  |TAMS 0x00000000e5c00000, 0x00000000e5c00000| Untracked 
|  93|0x00000000e5d00000, 0x00000000e5d00000, 0x00000000e5e00000|  0%| F|  |TAMS 0x00000000e5d00000, 0x00000000e5d00000| Untracked 
|  94|0x00000000e5e00000, 0x00000000e5e00000, 0x00000000e5f00000|  0%| F|  |TAMS 0x00000000e5e00000, 0x00000000e5e00000| Untracked 
|  95|0x00000000e5f00000, 0x00000000e5f00000, 0x00000000e6000000|  0%| F|  |TAMS 0x00000000e5f00000, 0x00000000e5f00000| Untracked 
|  96|0x00000000e6000000, 0x00000000e6000000, 0x00000000e6100000|  0%| F|  |TAMS 0x00000000e6000000, 0x00000000e6000000| Untracked 
|  97|0x00000000e6100000, 0x00000000e6100000, 0x00000000e6200000|  0%| F|  |TAMS 0x00000000e6100000, 0x00000000e6100000| Untracked 
|  98|0x00000000e6200000, 0x00000000e6200000, 0x00000000e6300000|  0%| F|  |TAMS 0x00000000e6200000, 0x00000000e6200000| Untracked 
|  99|0x00000000e6300000, 0x00000000e6300000, 0x00000000e6400000|  0%| F|  |TAMS 0x00000000e6300000, 0x00000000e6300000| Untracked 
| 100|0x00000000e6400000, 0x00000000e6400000, 0x00000000e6500000|  0%| F|  |TAMS 0x00000000e6400000, 0x00000000e6400000| Untracked 
| 101|0x00000000e6500000, 0x00000000e6500000, 0x00000000e6600000|  0%| F|  |TAMS 0x00000000e6500000, 0x00000000e6500000| Untracked 
| 102|0x00000000e6600000, 0x00000000e6600000, 0x00000000e6700000|  0%| F|  |TAMS 0x00000000e6600000, 0x00000000e6600000| Untracked 
| 103|0x00000000e6700000, 0x00000000e6700000, 0x00000000e6800000|  0%| F|  |TAMS 0x00000000e6700000, 0x00000000e6700000| Untracked 
| 104|0x00000000e6800000, 0x00000000e6800000, 0x00000000e6900000|  0%| F|  |TAMS 0x00000000e6800000, 0x00000000e6800000| Untracked 
| 105|0x00000000e6900000, 0x00000000e6900000, 0x00000000e6a00000|  0%| F|  |TAMS 0x00000000e6900000, 0x00000000e6900000| Untracked 
| 106|0x00000000e6a00000, 0x00000000e6a00000, 0x00000000e6b00000|  0%| F|  |TAMS 0x00000000e6a00000, 0x00000000e6a00000| Untracked 
| 107|0x00000000e6b00000, 0x00000000e6b00000, 0x00000000e6c00000|  0%| F|  |TAMS 0x00000000e6b00000, 0x00000000e6b00000| Untracked 
| 108|0x00000000e6c00000, 0x00000000e6c00000, 0x00000000e6d00000|  0%| F|  |TAMS 0x00000000e6c00000, 0x00000000e6c00000| Untracked 
| 109|0x00000000e6d00000, 0x00000000e6d00000, 0x00000000e6e00000|  0%| F|  |TAMS 0x00000000e6d00000, 0x00000000e6d00000| Untracked 
| 110|0x00000000e6e00000, 0x00000000e6e00000, 0x00000000e6f00000|  0%| F|  |TAMS 0x00000000e6e00000, 0x00000000e6e00000| Untracked 
| 111|0x00000000e6f00000, 0x00000000e6f00000, 0x00000000e7000000|  0%| F|  |TAMS 0x00000000e6f00000, 0x00000000e6f00000| Untracked 
| 112|0x00000000e7000000, 0x00000000e7000000, 0x00000000e7100000|  0%| F|  |TAMS 0x00000000e7000000, 0x00000000e7000000| Untracked 
| 113|0x00000000e7100000, 0x00000000e71e2990, 0x00000000e7200000| 88%| S|CS|TAMS 0x00000000e7100000, 0x00000000e7100000| Complete 
| 114|0x00000000e7200000, 0x00000000e7300000, 0x00000000e7300000|100%| S|CS|TAMS 0x00000000e7200000, 0x00000000e7200000| Complete 
| 115|0x00000000e7300000, 0x00000000e7400000, 0x00000000e7400000|100%| S|CS|TAMS 0x00000000e7300000, 0x00000000e7300000| Complete 
| 116|0x00000000e7400000, 0x00000000e7500000, 0x00000000e7500000|100%| S|CS|TAMS 0x00000000e7400000, 0x00000000e7400000| Complete 
| 117|0x00000000e7500000, 0x00000000e7600000, 0x00000000e7600000|100%| S|CS|TAMS 0x00000000e7500000, 0x00000000e7500000| Complete 
| 118|0x00000000e7600000, 0x00000000e7700000, 0x00000000e7700000|100%| S|CS|TAMS 0x00000000e7600000, 0x00000000e7600000| Complete 
| 119|0x00000000e7700000, 0x00000000e7800000, 0x00000000e7800000|100%| S|CS|TAMS 0x00000000e7700000, 0x00000000e7700000| Complete 
| 120|0x00000000e7800000, 0x00000000e7900000, 0x00000000e7900000|100%| S|CS|TAMS 0x00000000e7800000, 0x00000000e7800000| Complete 
| 121|0x00000000e7900000, 0x00000000e7a00000, 0x00000000e7a00000|100%| S|CS|TAMS 0x00000000e7900000, 0x00000000e7900000| Complete 
| 122|0x00000000e7a00000, 0x00000000e7b00000, 0x00000000e7b00000|100%| S|CS|TAMS 0x00000000e7a00000, 0x00000000e7a00000| Complete 
| 123|0x00000000e7b00000, 0x00000000e7c00000, 0x00000000e7c00000|100%| S|CS|TAMS 0x00000000e7b00000, 0x00000000e7b00000| Complete 
| 124|0x00000000e7c00000, 0x00000000e7d00000, 0x00000000e7d00000|100%| S|CS|TAMS 0x00000000e7c00000, 0x00000000e7c00000| Complete 
| 125|0x00000000e7d00000, 0x00000000e7e00000, 0x00000000e7e00000|100%| S|CS|TAMS 0x00000000e7d00000, 0x00000000e7d00000| Complete 
| 126|0x00000000e7e00000, 0x00000000e7e00000, 0x00000000e7f00000|  0%| F|  |TAMS 0x00000000e7e00000, 0x00000000e7e00000| Untracked 
| 127|0x00000000e7f00000, 0x00000000e7f00000, 0x00000000e8000000|  0%| F|  |TAMS 0x00000000e7f00000, 0x00000000e7f00000| Untracked 
| 128|0x00000000e8000000, 0x00000000e8000000, 0x00000000e8100000|  0%| F|  |TAMS 0x00000000e8000000, 0x00000000e8000000| Untracked 
| 129|0x00000000e8100000, 0x00000000e8100000, 0x00000000e8200000|  0%| F|  |TAMS 0x00000000e8100000, 0x00000000e8100000| Untracked 
| 130|0x00000000e8200000, 0x00000000e8200000, 0x00000000e8300000|  0%| F|  |TAMS 0x00000000e8200000, 0x00000000e8200000| Untracked 
| 131|0x00000000e8300000, 0x00000000e8300000, 0x00000000e8400000|  0%| F|  |TAMS 0x00000000e8300000, 0x00000000e8300000| Untracked 
| 132|0x00000000e8400000, 0x00000000e8400000, 0x00000000e8500000|  0%| F|  |TAMS 0x00000000e8400000, 0x00000000e8400000| Untracked 
| 133|0x00000000e8500000, 0x00000000e8500000, 0x00000000e8600000|  0%| F|  |TAMS 0x00000000e8500000, 0x00000000e8500000| Untracked 
| 134|0x00000000e8600000, 0x00000000e8600000, 0x00000000e8700000|  0%| F|  |TAMS 0x00000000e8600000, 0x00000000e8600000| Untracked 
| 135|0x00000000e8700000, 0x00000000e8700000, 0x00000000e8800000|  0%| F|  |TAMS 0x00000000e8700000, 0x00000000e8700000| Untracked 
| 136|0x00000000e8800000, 0x00000000e8800000, 0x00000000e8900000|  0%| F|  |TAMS 0x00000000e8800000, 0x00000000e8800000| Untracked 
| 137|0x00000000e8900000, 0x00000000e8900000, 0x00000000e8a00000|  0%| F|  |TAMS 0x00000000e8900000, 0x00000000e8900000| Untracked 
| 138|0x00000000e8a00000, 0x00000000e8a00000, 0x00000000e8b00000|  0%| F|  |TAMS 0x00000000e8a00000, 0x00000000e8a00000| Untracked 
| 139|0x00000000e8b00000, 0x00000000e8b00000, 0x00000000e8c00000|  0%| F|  |TAMS 0x00000000e8b00000, 0x00000000e8b00000| Untracked 
| 140|0x00000000e8c00000, 0x00000000e8c00000, 0x00000000e8d00000|  0%| F|  |TAMS 0x00000000e8c00000, 0x00000000e8c00000| Untracked 
| 141|0x00000000e8d00000, 0x00000000e8d00000, 0x00000000e8e00000|  0%| F|  |TAMS 0x00000000e8d00000, 0x00000000e8d00000| Untracked 
| 142|0x00000000e8e00000, 0x00000000e8e00000, 0x00000000e8f00000|  0%| F|  |TAMS 0x00000000e8e00000, 0x00000000e8e00000| Untracked 
| 143|0x00000000e8f00000, 0x00000000e8f00000, 0x00000000e9000000|  0%| F|  |TAMS 0x00000000e8f00000, 0x00000000e8f00000| Untracked 
| 144|0x00000000e9000000, 0x00000000e9000000, 0x00000000e9100000|  0%| F|  |TAMS 0x00000000e9000000, 0x00000000e9000000| Untracked 
| 145|0x00000000e9100000, 0x00000000e9100000, 0x00000000e9200000|  0%| F|  |TAMS 0x00000000e9100000, 0x00000000e9100000| Untracked 
| 146|0x00000000e9200000, 0x00000000e9200000, 0x00000000e9300000|  0%| F|  |TAMS 0x00000000e9200000, 0x00000000e9200000| Untracked 
| 147|0x00000000e9300000, 0x00000000e9300000, 0x00000000e9400000|  0%| F|  |TAMS 0x00000000e9300000, 0x00000000e9300000| Untracked 
| 148|0x00000000e9400000, 0x00000000e9400000, 0x00000000e9500000|  0%| F|  |TAMS 0x00000000e9400000, 0x00000000e9400000| Untracked 
| 149|0x00000000e9500000, 0x00000000e9500000, 0x00000000e9600000|  0%| F|  |TAMS 0x00000000e9500000, 0x00000000e9500000| Untracked 
| 150|0x00000000e9600000, 0x00000000e9600000, 0x00000000e9700000|  0%| F|  |TAMS 0x00000000e9600000, 0x00000000e9600000| Untracked 
| 151|0x00000000e9700000, 0x00000000e9700000, 0x00000000e9800000|  0%| F|  |TAMS 0x00000000e9700000, 0x00000000e9700000| Untracked 
| 152|0x00000000e9800000, 0x00000000e9800000, 0x00000000e9900000|  0%| F|  |TAMS 0x00000000e9800000, 0x00000000e9800000| Untracked 
| 153|0x00000000e9900000, 0x00000000e9900000, 0x00000000e9a00000|  0%| F|  |TAMS 0x00000000e9900000, 0x00000000e9900000| Untracked 
| 154|0x00000000e9a00000, 0x00000000e9a00000, 0x00000000e9b00000|  0%| F|  |TAMS 0x00000000e9a00000, 0x00000000e9a00000| Untracked 
| 155|0x00000000e9b00000, 0x00000000e9b00000, 0x00000000e9c00000|  0%| F|  |TAMS 0x00000000e9b00000, 0x00000000e9b00000| Untracked 
| 156|0x00000000e9c00000, 0x00000000e9c00000, 0x00000000e9d00000|  0%| F|  |TAMS 0x00000000e9c00000, 0x00000000e9c00000| Untracked 
| 157|0x00000000e9d00000, 0x00000000e9d00000, 0x00000000e9e00000|  0%| F|  |TAMS 0x00000000e9d00000, 0x00000000e9d00000| Untracked 
| 158|0x00000000e9e00000, 0x00000000e9e00000, 0x00000000e9f00000|  0%| F|  |TAMS 0x00000000e9e00000, 0x00000000e9e00000| Untracked 
| 159|0x00000000e9f00000, 0x00000000e9f00000, 0x00000000ea000000|  0%| F|  |TAMS 0x00000000e9f00000, 0x00000000e9f00000| Untracked 
| 160|0x00000000ea000000, 0x00000000ea000000, 0x00000000ea100000|  0%| F|  |TAMS 0x00000000ea000000, 0x00000000ea000000| Untracked 
| 161|0x00000000ea100000, 0x00000000ea100000, 0x00000000ea200000|  0%| F|  |TAMS 0x00000000ea100000, 0x00000000ea100000| Untracked 
| 162|0x00000000ea200000, 0x00000000ea200000, 0x00000000ea300000|  0%| F|  |TAMS 0x00000000ea200000, 0x00000000ea200000| Untracked 
| 163|0x00000000ea300000, 0x00000000ea300000, 0x00000000ea400000|  0%| F|  |TAMS 0x00000000ea300000, 0x00000000ea300000| Untracked 
| 164|0x00000000ea400000, 0x00000000ea400000, 0x00000000ea500000|  0%| F|  |TAMS 0x00000000ea400000, 0x00000000ea400000| Untracked 
| 165|0x00000000ea500000, 0x00000000ea500000, 0x00000000ea600000|  0%| F|  |TAMS 0x00000000ea500000, 0x00000000ea500000| Untracked 
| 166|0x00000000ea600000, 0x00000000ea600000, 0x00000000ea700000|  0%| F|  |TAMS 0x00000000ea600000, 0x00000000ea600000| Untracked 
| 167|0x00000000ea700000, 0x00000000ea700000, 0x00000000ea800000|  0%| F|  |TAMS 0x00000000ea700000, 0x00000000ea700000| Untracked 
| 168|0x00000000ea800000, 0x00000000ea800000, 0x00000000ea900000|  0%| F|  |TAMS 0x00000000ea800000, 0x00000000ea800000| Untracked 
| 169|0x00000000ea900000, 0x00000000ea900000, 0x00000000eaa00000|  0%| F|  |TAMS 0x00000000ea900000, 0x00000000ea900000| Untracked 
| 170|0x00000000eaa00000, 0x00000000eaa00000, 0x00000000eab00000|  0%| F|  |TAMS 0x00000000eaa00000, 0x00000000eaa00000| Untracked 
| 171|0x00000000eab00000, 0x00000000eab00000, 0x00000000eac00000|  0%| F|  |TAMS 0x00000000eab00000, 0x00000000eab00000| Untracked 
| 172|0x00000000eac00000, 0x00000000eac00000, 0x00000000ead00000|  0%| F|  |TAMS 0x00000000eac00000, 0x00000000eac00000| Untracked 
| 173|0x00000000ead00000, 0x00000000ead00000, 0x00000000eae00000|  0%| F|  |TAMS 0x00000000ead00000, 0x00000000ead00000| Untracked 
| 174|0x00000000eae00000, 0x00000000eae00000, 0x00000000eaf00000|  0%| F|  |TAMS 0x00000000eae00000, 0x00000000eae00000| Untracked 
| 175|0x00000000eaf00000, 0x00000000eaf00000, 0x00000000eb000000|  0%| F|  |TAMS 0x00000000eaf00000, 0x00000000eaf00000| Untracked 
| 176|0x00000000eb000000, 0x00000000eb000000, 0x00000000eb100000|  0%| F|  |TAMS 0x00000000eb000000, 0x00000000eb000000| Untracked 
| 177|0x00000000eb100000, 0x00000000eb100000, 0x00000000eb200000|  0%| F|  |TAMS 0x00000000eb100000, 0x00000000eb100000| Untracked 
| 178|0x00000000eb200000, 0x00000000eb200000, 0x00000000eb300000|  0%| F|  |TAMS 0x00000000eb200000, 0x00000000eb200000| Untracked 
| 179|0x00000000eb300000, 0x00000000eb300000, 0x00000000eb400000|  0%| F|  |TAMS 0x00000000eb300000, 0x00000000eb300000| Untracked 
| 180|0x00000000eb400000, 0x00000000eb400000, 0x00000000eb500000|  0%| F|  |TAMS 0x00000000eb400000, 0x00000000eb400000| Untracked 
| 181|0x00000000eb500000, 0x00000000eb500000, 0x00000000eb600000|  0%| F|  |TAMS 0x00000000eb500000, 0x00000000eb500000| Untracked 
| 182|0x00000000eb600000, 0x00000000eb600000, 0x00000000eb700000|  0%| F|  |TAMS 0x00000000eb600000, 0x00000000eb600000| Untracked 
| 183|0x00000000eb700000, 0x00000000eb700000, 0x00000000eb800000|  0%| F|  |TAMS 0x00000000eb700000, 0x00000000eb700000| Untracked 
| 184|0x00000000eb800000, 0x00000000eb800000, 0x00000000eb900000|  0%| F|  |TAMS 0x00000000eb800000, 0x00000000eb800000| Untracked 
| 185|0x00000000eb900000, 0x00000000eb900000, 0x00000000eba00000|  0%| F|  |TAMS 0x00000000eb900000, 0x00000000eb900000| Untracked 
| 186|0x00000000eba00000, 0x00000000eba00000, 0x00000000ebb00000|  0%| F|  |TAMS 0x00000000eba00000, 0x00000000eba00000| Untracked 
| 187|0x00000000ebb00000, 0x00000000ebb00000, 0x00000000ebc00000|  0%| F|  |TAMS 0x00000000ebb00000, 0x00000000ebb00000| Untracked 
| 188|0x00000000ebc00000, 0x00000000ebc00000, 0x00000000ebd00000|  0%| F|  |TAMS 0x00000000ebc00000, 0x00000000ebc00000| Untracked 
| 189|0x00000000ebd00000, 0x00000000ebd00000, 0x00000000ebe00000|  0%| F|  |TAMS 0x00000000ebd00000, 0x00000000ebd00000| Untracked 
| 190|0x00000000ebe00000, 0x00000000ebe00000, 0x00000000ebf00000|  0%| F|  |TAMS 0x00000000ebe00000, 0x00000000ebe00000| Untracked 
| 191|0x00000000ebf00000, 0x00000000ebf00000, 0x00000000ec000000|  0%| F|  |TAMS 0x00000000ebf00000, 0x00000000ebf00000| Untracked 
| 192|0x00000000ec000000, 0x00000000ec000000, 0x00000000ec100000|  0%| F|  |TAMS 0x00000000ec000000, 0x00000000ec000000| Untracked 
| 193|0x00000000ec100000, 0x00000000ec100000, 0x00000000ec200000|  0%| F|  |TAMS 0x00000000ec100000, 0x00000000ec100000| Untracked 
| 194|0x00000000ec200000, 0x00000000ec200000, 0x00000000ec300000|  0%| F|  |TAMS 0x00000000ec200000, 0x00000000ec200000| Untracked 
| 195|0x00000000ec300000, 0x00000000ec300000, 0x00000000ec400000|  0%| F|  |TAMS 0x00000000ec300000, 0x00000000ec300000| Untracked 
| 196|0x00000000ec400000, 0x00000000ec400000, 0x00000000ec500000|  0%| F|  |TAMS 0x00000000ec400000, 0x00000000ec400000| Untracked 
| 197|0x00000000ec500000, 0x00000000ec500000, 0x00000000ec600000|  0%| F|  |TAMS 0x00000000ec500000, 0x00000000ec500000| Untracked 
| 198|0x00000000ec600000, 0x00000000ec600000, 0x00000000ec700000|  0%| F|  |TAMS 0x00000000ec600000, 0x00000000ec600000| Untracked 
| 199|0x00000000ec700000, 0x00000000ec700000, 0x00000000ec800000|  0%| F|  |TAMS 0x00000000ec700000, 0x00000000ec700000| Untracked 
| 200|0x00000000ec800000, 0x00000000ec800000, 0x00000000ec900000|  0%| F|  |TAMS 0x00000000ec800000, 0x00000000ec800000| Untracked 
| 201|0x00000000ec900000, 0x00000000ec900000, 0x00000000eca00000|  0%| F|  |TAMS 0x00000000ec900000, 0x00000000ec900000| Untracked 
| 202|0x00000000eca00000, 0x00000000eca00000, 0x00000000ecb00000|  0%| F|  |TAMS 0x00000000eca00000, 0x00000000eca00000| Untracked 
| 203|0x00000000ecb00000, 0x00000000ecb00000, 0x00000000ecc00000|  0%| F|  |TAMS 0x00000000ecb00000, 0x00000000ecb00000| Untracked 
| 204|0x00000000ecc00000, 0x00000000ecc00000, 0x00000000ecd00000|  0%| F|  |TAMS 0x00000000ecc00000, 0x00000000ecc00000| Untracked 
| 205|0x00000000ecd00000, 0x00000000ecd00000, 0x00000000ece00000|  0%| F|  |TAMS 0x00000000ecd00000, 0x00000000ecd00000| Untracked 
| 206|0x00000000ece00000, 0x00000000ece00000, 0x00000000ecf00000|  0%| F|  |TAMS 0x00000000ece00000, 0x00000000ece00000| Untracked 
| 207|0x00000000ecf00000, 0x00000000ecf00000, 0x00000000ed000000|  0%| F|  |TAMS 0x00000000ecf00000, 0x00000000ecf00000| Untracked 
| 208|0x00000000ed000000, 0x00000000ed000000, 0x00000000ed100000|  0%| F|  |TAMS 0x00000000ed000000, 0x00000000ed000000| Untracked 
| 209|0x00000000ed100000, 0x00000000ed100000, 0x00000000ed200000|  0%| F|  |TAMS 0x00000000ed100000, 0x00000000ed100000| Untracked 
| 210|0x00000000ed200000, 0x00000000ed200000, 0x00000000ed300000|  0%| F|  |TAMS 0x00000000ed200000, 0x00000000ed200000| Untracked 
| 211|0x00000000ed300000, 0x00000000ed300000, 0x00000000ed400000|  0%| F|  |TAMS 0x00000000ed300000, 0x00000000ed300000| Untracked 
| 212|0x00000000ed400000, 0x00000000ed400000, 0x00000000ed500000|  0%| F|  |TAMS 0x00000000ed400000, 0x00000000ed400000| Untracked 
| 213|0x00000000ed500000, 0x00000000ed500000, 0x00000000ed600000|  0%| F|  |TAMS 0x00000000ed500000, 0x00000000ed500000| Untracked 
| 214|0x00000000ed600000, 0x00000000ed600000, 0x00000000ed700000|  0%| F|  |TAMS 0x00000000ed600000, 0x00000000ed600000| Untracked 
| 215|0x00000000ed700000, 0x00000000ed700000, 0x00000000ed800000|  0%| F|  |TAMS 0x00000000ed700000, 0x00000000ed700000| Untracked 
| 216|0x00000000ed800000, 0x00000000ed800000, 0x00000000ed900000|  0%| F|  |TAMS 0x00000000ed800000, 0x00000000ed800000| Untracked 
| 217|0x00000000ed900000, 0x00000000ed900000, 0x00000000eda00000|  0%| F|  |TAMS 0x00000000ed900000, 0x00000000ed900000| Untracked 
| 218|0x00000000eda00000, 0x00000000eda00000, 0x00000000edb00000|  0%| F|  |TAMS 0x00000000eda00000, 0x00000000eda00000| Untracked 
| 219|0x00000000edb00000, 0x00000000edb80800, 0x00000000edc00000| 50%| E|  |TAMS 0x00000000edb00000, 0x00000000edb00000| Complete 
| 220|0x00000000edc00000, 0x00000000edd00000, 0x00000000edd00000|100%| E|CS|TAMS 0x00000000edc00000, 0x00000000edc00000| Complete 
| 221|0x00000000edd00000, 0x00000000ede00000, 0x00000000ede00000|100%| E|CS|TAMS 0x00000000edd00000, 0x00000000edd00000| Complete 
| 222|0x00000000ede00000, 0x00000000edf00000, 0x00000000edf00000|100%| E|CS|TAMS 0x00000000ede00000, 0x00000000ede00000| Complete 
| 223|0x00000000edf00000, 0x00000000ee000000, 0x00000000ee000000|100%| E|CS|TAMS 0x00000000edf00000, 0x00000000edf00000| Complete 
| 224|0x00000000ee000000, 0x00000000ee100000, 0x00000000ee100000|100%| E|CS|TAMS 0x00000000ee000000, 0x00000000ee000000| Complete 
| 225|0x00000000ee100000, 0x00000000ee200000, 0x00000000ee200000|100%| E|CS|TAMS 0x00000000ee100000, 0x00000000ee100000| Complete 
| 226|0x00000000ee200000, 0x00000000ee300000, 0x00000000ee300000|100%| E|CS|TAMS 0x00000000ee200000, 0x00000000ee200000| Complete 
| 227|0x00000000ee300000, 0x00000000ee400000, 0x00000000ee400000|100%| E|CS|TAMS 0x00000000ee300000, 0x00000000ee300000| Complete 
| 228|0x00000000ee400000, 0x00000000ee500000, 0x00000000ee500000|100%| E|CS|TAMS 0x00000000ee400000, 0x00000000ee400000| Complete 
| 229|0x00000000ee500000, 0x00000000ee600000, 0x00000000ee600000|100%| E|CS|TAMS 0x00000000ee500000, 0x00000000ee500000| Complete 
| 230|0x00000000ee600000, 0x00000000ee700000, 0x00000000ee700000|100%| E|CS|TAMS 0x00000000ee600000, 0x00000000ee600000| Complete 
| 231|0x00000000ee700000, 0x00000000ee800000, 0x00000000ee800000|100%| E|CS|TAMS 0x00000000ee700000, 0x00000000ee700000| Complete 
| 232|0x00000000ee800000, 0x00000000ee900000, 0x00000000ee900000|100%| E|CS|TAMS 0x00000000ee800000, 0x00000000ee800000| Complete 
| 233|0x00000000ee900000, 0x00000000eea00000, 0x00000000eea00000|100%| E|CS|TAMS 0x00000000ee900000, 0x00000000ee900000| Complete 
| 234|0x00000000eea00000, 0x00000000eeb00000, 0x00000000eeb00000|100%| E|CS|TAMS 0x00000000eea00000, 0x00000000eea00000| Complete 
| 235|0x00000000eeb00000, 0x00000000eec00000, 0x00000000eec00000|100%| E|CS|TAMS 0x00000000eeb00000, 0x00000000eeb00000| Complete 
| 236|0x00000000eec00000, 0x00000000eed00000, 0x00000000eed00000|100%| E|CS|TAMS 0x00000000eec00000, 0x00000000eec00000| Complete 
| 237|0x00000000eed00000, 0x00000000eee00000, 0x00000000eee00000|100%| E|CS|TAMS 0x00000000eed00000, 0x00000000eed00000| Complete 
| 238|0x00000000eee00000, 0x00000000eef00000, 0x00000000eef00000|100%| E|CS|TAMS 0x00000000eee00000, 0x00000000eee00000| Complete 
| 239|0x00000000eef00000, 0x00000000ef000000, 0x00000000ef000000|100%| E|CS|TAMS 0x00000000eef00000, 0x00000000eef00000| Complete 
| 240|0x00000000ef000000, 0x00000000ef100000, 0x00000000ef100000|100%| E|CS|TAMS 0x00000000ef000000, 0x00000000ef000000| Complete 
| 241|0x00000000ef100000, 0x00000000ef200000, 0x00000000ef200000|100%| E|CS|TAMS 0x00000000ef100000, 0x00000000ef100000| Complete 
| 242|0x00000000ef200000, 0x00000000ef300000, 0x00000000ef300000|100%| E|CS|TAMS 0x00000000ef200000, 0x00000000ef200000| Complete 
| 243|0x00000000ef300000, 0x00000000ef400000, 0x00000000ef400000|100%| E|CS|TAMS 0x00000000ef300000, 0x00000000ef300000| Complete 
| 244|0x00000000ef400000, 0x00000000ef500000, 0x00000000ef500000|100%| E|CS|TAMS 0x00000000ef400000, 0x00000000ef400000| Complete 
| 245|0x00000000ef500000, 0x00000000ef600000, 0x00000000ef600000|100%| E|CS|TAMS 0x00000000ef500000, 0x00000000ef500000| Complete 
| 246|0x00000000ef600000, 0x00000000ef700000, 0x00000000ef700000|100%| E|CS|TAMS 0x00000000ef600000, 0x00000000ef600000| Complete 
| 247|0x00000000ef700000, 0x00000000ef800000, 0x00000000ef800000|100%| E|CS|TAMS 0x00000000ef700000, 0x00000000ef700000| Complete 
| 248|0x00000000ef800000, 0x00000000ef900000, 0x00000000ef900000|100%| E|CS|TAMS 0x00000000ef800000, 0x00000000ef800000| Complete 
| 249|0x00000000ef900000, 0x00000000efa00000, 0x00000000efa00000|100%| E|CS|TAMS 0x00000000ef900000, 0x00000000ef900000| Complete 
| 250|0x00000000efa00000, 0x00000000efb00000, 0x00000000efb00000|100%| E|CS|TAMS 0x00000000efa00000, 0x00000000efa00000| Complete 
| 251|0x00000000efb00000, 0x00000000efc00000, 0x00000000efc00000|100%| E|CS|TAMS 0x00000000efb00000, 0x00000000efb00000| Complete 
| 252|0x00000000efc00000, 0x00000000efd00000, 0x00000000efd00000|100%| E|CS|TAMS 0x00000000efc00000, 0x00000000efc00000| Complete 
| 253|0x00000000efd00000, 0x00000000efe00000, 0x00000000efe00000|100%| E|CS|TAMS 0x00000000efd00000, 0x00000000efd00000| Complete 
| 254|0x00000000efe00000, 0x00000000eff00000, 0x00000000eff00000|100%| E|CS|TAMS 0x00000000efe00000, 0x00000000efe00000| Complete 
| 255|0x00000000eff00000, 0x00000000f0000000, 0x00000000f0000000|100%| E|CS|TAMS 0x00000000eff00000, 0x00000000eff00000| Complete 

Card table byte_map: [0x0000018519760000,0x0000018519860000] _byte_map_base: 0x0000018519060000

Marking Bits (Prev, Next): (CMBitMap*) 0x0000018501b2a220, (CMBitMap*) 0x0000018501b2a1e0
 Prev Bits: [0x000001851a160000, 0x000001851a960000)
 Next Bits: [0x0000018519960000, 0x000001851a160000)

Polling page: 0x00000185018f0000

Metaspace:

Usage:
  Non-class:     20.20 MB used.
      Class:      2.49 MB used.
       Both:     22.69 MB used.

Virtual space:
  Non-class space:       64.00 MB reserved,      20.38 MB ( 32%) committed,  1 nodes.
      Class space:        1.00 GB reserved,       2.62 MB ( <1%) committed,  1 nodes.
             Both:        1.06 GB reserved,      23.00 MB (  2%) committed. 

Chunk freelists:
   Non-Class:  10.80 MB
       Class:  13.29 MB
        Both:  24.08 MB

MaxMetaspaceSize: unlimited
CompressedClassSpaceSize: 1.00 GB
Initial GC threshold: 21.00 MB
Current GC threshold: 35.25 MB
CDS: on
MetaspaceReclaimPolicy: balanced
 - commit_granule_bytes: 65536.
 - commit_granule_words: 8192.
 - virtual_space_node_default_size: 8388608.
 - enlarge_chunks_in_place: 1.
 - new_chunks_are_fully_committed: 0.
 - uncommit_free_chunks: 1.
 - use_allocation_guard: 0.
 - handle_deallocations: 1.


Internal statistics:

num_allocs_failed_limit: 3.
num_arena_births: 130.
num_arena_deaths: 0.
num_vsnodes_births: 2.
num_vsnodes_deaths: 0.
num_space_committed: 368.
num_space_uncommitted: 0.
num_chunks_returned_to_freelist: 3.
num_chunks_taken_from_freelist: 935.
num_chunk_merges: 3.
num_chunk_splits: 673.
num_chunks_enlarged: 527.
num_inconsistent_stats: 0.

CodeHeap 'non-profiled nmethods': size=119168Kb used=2477Kb max_used=2477Kb free=116690Kb
 bounds [0x0000018511240000, 0x00000185114b0000, 0x00000185186a0000]
CodeHeap 'profiled nmethods': size=119104Kb used=11709Kb max_used=11709Kb free=107394Kb
 bounds [0x00000185096a0000, 0x000001850a210000, 0x0000018510af0000]
CodeHeap 'non-nmethods': size=7488Kb used=1779Kb max_used=2361Kb free=5708Kb
 bounds [0x0000018510af0000, 0x0000018510d60000, 0x0000018511240000]
 total_blobs=5734 nmethods=5230 adapters=415
 compilation: enabled
              stopped_count=0, restarted_count=0
 full_count=0

Compilation events (20 events):
Event: 9.461 Thread 0x000001851d8acbf0 5144       2       java.util.ImmutableCollections$ListItr::hasNext (17 bytes)
Event: 9.461 Thread 0x000001851d8acbf0 nmethod 5144 0x000001850a1dbf10 code [0x000001850a1dc0a0, 0x000001850a1dc1b8]
Event: 9.462 Thread 0x000001851d8acbf0 5145       2       jdk.internal.jimage.BasicImageReader::findLocation (57 bytes)
Event: 9.462 Thread 0x000001851d8acbf0 nmethod 5145 0x000001850a1dc290 code [0x000001850a1dc4c0, 0x000001850a1dcaa8]
Event: 9.462 Thread 0x000001851d834680 5147       2       jdk.internal.org.objectweb.asm.ClassWriter::visitField (53 bytes)
Event: 9.462 Thread 0x000001851d8acbf0 5148       2       jdk.internal.org.objectweb.asm.FieldWriter::<init> (69 bytes)
Event: 9.463 Thread 0x000001851d834680 nmethod 5147 0x000001850a1dcd90 code [0x000001850a1dcf40, 0x000001850a1dd248]
Event: 9.463 Thread 0x000001851d834680 5149       2       jdk.internal.org.objectweb.asm.FieldVisitor::<init> (7 bytes)
Event: 9.463 Thread 0x000001851d8acbf0 nmethod 5148 0x000001850a1dd390 code [0x000001850a1dd560, 0x000001850a1dd808]
Event: 9.463 Thread 0x000001851d8acbf0 5150       2       jdk.internal.org.objectweb.asm.FieldVisitor::<init> (88 bytes)
Event: 9.463 Thread 0x000001851d834680 nmethod 5149 0x000001850a1dda10 code [0x000001850a1ddba0, 0x000001850a1ddcc8]
Event: 9.463 Thread 0x000001851d834680 5151       2       jdk.internal.org.objectweb.asm.FieldWriter::computeFieldInfoSize (86 bytes)
Event: 9.463 Thread 0x000001851d834680 nmethod 5151 0x000001850a1ddd90 code [0x000001850a1ddf60, 0x000001850a1de178]
Event: 9.463 Thread 0x000001851d834680 5152       2       jdk.internal.org.objectweb.asm.FieldWriter::putFieldInfo (269 bytes)
Event: 9.463 Thread 0x000001851d8acbf0 nmethod 5150 0x000001850a1de310 code [0x000001850a1de500, 0x000001850a1de928]
Event: 9.463 Thread 0x000001851d834680 nmethod 5152 0x000001850a1deb10 code [0x000001850a1ded40, 0x000001850a1df1c8]
Event: 9.463 Thread 0x000001851d834680 5153       2       jdk.internal.jimage.BasicImageReader::getLocationIndex (52 bytes)
Event: 9.464 Thread 0x000001851d834680 nmethod 5153 0x000001850a1df510 code [0x000001850a1df6e0, 0x000001850a1df958]
Event: 9.467 Thread 0x000001851d834680 5154       2       sun.nio.fs.WindowsPath::getFileName (87 bytes)
Event: 9.467 Thread 0x000001851d834680 nmethod 5154 0x000001850a1dfb10 code [0x000001850a1dfd00, 0x000001850a1e01e8]

GC Heap History (6 events):
Event: 1.092 GC heap before
{Heap before GC invocations=0 (full 0):
 garbage-first heap   total 262144K, used 23552K [0x00000000e0000000, 0x0000000100000000)
  region size 1024K, 23 young (23552K), 0 survivors (0K)
 Metaspace       used 4824K, committed 4992K, reserved 1114112K
  class space    used 559K, committed 640K, reserved 1048576K
}
Event: 1.098 GC heap after
{Heap after GC invocations=1 (full 0):
 garbage-first heap   total 262144K, used 3914K [0x00000000e0000000, 0x0000000100000000)
  region size 1024K, 3 young (3072K), 3 survivors (3072K)
 Metaspace       used 4824K, committed 4992K, reserved 1114112K
  class space    used 559K, committed 640K, reserved 1048576K
}
Event: 2.062 GC heap before
{Heap before GC invocations=1 (full 0):
 garbage-first heap   total 262144K, used 34634K [0x00000000e0000000, 0x0000000100000000)
  region size 1024K, 33 young (33792K), 3 survivors (3072K)
 Metaspace       used 9921K, committed 10048K, reserved 1114112K
  class space    used 1215K, committed 1280K, reserved 1048576K
}
Event: 2.070 GC heap after
{Heap after GC invocations=2 (full 0):
 garbage-first heap   total 262144K, used 5791K [0x00000000e0000000, 0x0000000100000000)
  region size 1024K, 2 young (2048K), 2 survivors (2048K)
 Metaspace       used 9921K, committed 10048K, reserved 1114112K
  class space    used 1215K, committed 1280K, reserved 1048576K
}
Event: 8.957 GC heap before
{Heap before GC invocations=2 (full 0):
 garbage-first heap   total 262144K, used 168607K [0x00000000e0000000, 0x0000000100000000)
  region size 1024K, 130 young (133120K), 2 survivors (2048K)
 Metaspace       used 21318K, committed 21504K, reserved 1114112K
  class space    used 2385K, committed 2496K, reserved 1048576K
}
Event: 8.970 GC heap after
{Heap after GC invocations=3 (full 0):
 garbage-first heap   total 262144K, used 16937K [0x00000000e0000000, 0x0000000100000000)
  region size 1024K, 13 young (13312K), 13 survivors (13312K)
 Metaspace       used 21318K, committed 21504K, reserved 1114112K
  class space    used 2385K, committed 2496K, reserved 1048576K
}

Deoptimization events (20 events):
Event: 9.301 Thread 0x0000018501e47790 DEOPT PACKING pc=0x000001850a18b4be sp=0x000000024e6fc9c0
Event: 9.301 Thread 0x0000018501e47790 DEOPT UNPACKING pc=0x0000018510b466e3 sp=0x000000024e6fbe38 mode 0
Event: 9.304 Thread 0x0000018501e47790 DEOPT PACKING pc=0x000001850a18b4be sp=0x000000024e6fc9c0
Event: 9.304 Thread 0x0000018501e47790 DEOPT UNPACKING pc=0x0000018510b466e3 sp=0x000000024e6fbe38 mode 0
Event: 9.307 Thread 0x0000018501e47790 DEOPT PACKING pc=0x000001850a18b4be sp=0x000000024e6fc9c0
Event: 9.307 Thread 0x0000018501e47790 DEOPT UNPACKING pc=0x0000018510b466e3 sp=0x000000024e6fbe38 mode 0
Event: 9.311 Thread 0x0000018501e47790 DEOPT PACKING pc=0x000001850a18b4be sp=0x000000024e6fc9c0
Event: 9.311 Thread 0x0000018501e47790 DEOPT UNPACKING pc=0x0000018510b466e3 sp=0x000000024e6fbe38 mode 0
Event: 9.311 Thread 0x0000018501e47790 DEOPT PACKING pc=0x000001850a18b4be sp=0x000000024e6fc9c0
Event: 9.311 Thread 0x0000018501e47790 DEOPT UNPACKING pc=0x0000018510b466e3 sp=0x000000024e6fbe38 mode 0
Event: 9.318 Thread 0x0000018501e47790 DEOPT PACKING pc=0x000001850a18b4be sp=0x000000024e6fc9c0
Event: 9.318 Thread 0x0000018501e47790 DEOPT UNPACKING pc=0x0000018510b466e3 sp=0x000000024e6fbe38 mode 0
Event: 9.323 Thread 0x0000018501e47790 DEOPT PACKING pc=0x000001850a18b4be sp=0x000000024e6fc7b0
Event: 9.323 Thread 0x0000018501e47790 DEOPT UNPACKING pc=0x0000018510b466e3 sp=0x000000024e6fbc28 mode 0
Event: 9.328 Thread 0x0000018501e47790 DEOPT PACKING pc=0x000001850a18bb4f sp=0x000000024e6fc9c0
Event: 9.328 Thread 0x0000018501e47790 DEOPT UNPACKING pc=0x0000018510b466e3 sp=0x000000024e6fbe38 mode 0
Event: 9.331 Thread 0x0000018501e47790 DEOPT PACKING pc=0x000001850a18c283 sp=0x000000024e6fca20
Event: 9.331 Thread 0x0000018501e47790 DEOPT UNPACKING pc=0x0000018510b466e3 sp=0x000000024e6fbed8 mode 0
Event: 9.337 Thread 0x0000018501e47790 DEOPT PACKING pc=0x000001850a18ca20 sp=0x000000024e6fca30
Event: 9.337 Thread 0x0000018501e47790 DEOPT UNPACKING pc=0x0000018510b466e3 sp=0x000000024e6fbed8 mode 0

Classes unloaded (0 events):
No events

Classes redefined (0 events):
No events

Internal exceptions (20 events):
Event: 9.444 Thread 0x0000018501e47790 Exception <a 'sun/nio/fs/WindowsException'{0x00000000edf1efa0}> (0x00000000edf1efa0) 
thrown [s\open\src\hotspot\share\prims\jni.cpp, line 516]
Event: 9.444 Thread 0x0000018501e47790 Exception <a 'sun/nio/fs/WindowsException'{0x00000000edf20c40}> (0x00000000edf20c40) 
thrown [s\open\src\hotspot\share\prims\jni.cpp, line 516]
Event: 9.444 Thread 0x0000018501e47790 Exception <a 'sun/nio/fs/WindowsException'{0x00000000edf21590}> (0x00000000edf21590) 
thrown [s\open\src\hotspot\share\prims\jni.cpp, line 516]
Event: 9.445 Thread 0x0000018501e47790 Exception <a 'sun/nio/fs/WindowsException'{0x00000000edf23290}> (0x00000000edf23290) 
thrown [s\open\src\hotspot\share\prims\jni.cpp, line 516]
Event: 9.445 Thread 0x0000018501e47790 Exception <a 'sun/nio/fs/WindowsException'{0x00000000edf23bf8}> (0x00000000edf23bf8) 
thrown [s\open\src\hotspot\share\prims\jni.cpp, line 516]
Event: 9.449 Thread 0x0000018501e47790 Exception <a 'sun/nio/fs/WindowsException'{0x00000000edf58100}> (0x00000000edf58100) 
thrown [s\open\src\hotspot\share\prims\jni.cpp, line 516]
Event: 9.449 Thread 0x0000018501e47790 Exception <a 'sun/nio/fs/WindowsException'{0x00000000edf58a38}> (0x00000000edf58a38) 
thrown [s\open\src\hotspot\share\prims\jni.cpp, line 516]
Event: 9.456 Thread 0x0000018501e47790 Exception <a 'sun/nio/fs/WindowsException'{0x00000000edfb9ed0}> (0x00000000edfb9ed0) 
thrown [s\open\src\hotspot\share\prims\jni.cpp, line 516]
Event: 9.460 Thread 0x0000018501e47790 Exception <a 'sun/nio/fs/WindowsException'{0x00000000edfc3a70}> (0x00000000edfc3a70) 
thrown [s\open\src\hotspot\share\prims\jni.cpp, line 516]
Event: 9.460 Thread 0x0000018501e47790 Exception <a 'sun/nio/fs/WindowsException'{0x00000000edfc3df0}> (0x00000000edfc3df0) 
thrown [s\open\src\hotspot\share\prims\jni.cpp, line 516]
Event: 9.460 Thread 0x0000018501e47790 Exception <a 'sun/nio/fs/WindowsException'{0x00000000edfc5508}> (0x00000000edfc5508) 
thrown [s\open\src\hotspot\share\prims\jni.cpp, line 516]
Event: 9.461 Thread 0x0000018501e47790 Exception <a 'sun/nio/fs/WindowsException'{0x00000000edfcd9d0}> (0x00000000edfcd9d0) 
thrown [s\open\src\hotspot\share\prims\jni.cpp, line 516]
Event: 9.461 Thread 0x0000018501e47790 Exception <a 'sun/nio/fs/WindowsException'{0x00000000edfcde20}> (0x00000000edfcde20) 
thrown [s\open\src\hotspot\share\prims\jni.cpp, line 516]
Event: 9.464 Thread 0x0000018501e47790 Exception <a 'sun/nio/fs/WindowsException'{0x00000000edfe5720}> (0x00000000edfe5720) 
thrown [s\open\src\hotspot\share\prims\jni.cpp, line 516]
Event: 9.465 Thread 0x0000018501e47790 Exception <a 'sun/nio/fs/WindowsException'{0x00000000edfe93b8}> (0x00000000edfe93b8) 
thrown [s\open\src\hotspot\share\prims\jni.cpp, line 516]
Event: 9.465 Thread 0x0000018501e47790 Exception <a 'sun/nio/fs/WindowsException'{0x00000000edfe9768}> (0x00000000edfe9768) 
thrown [s\open\src\hotspot\share\prims\jni.cpp, line 516]
Event: 9.465 Thread 0x0000018501e47790 Exception <a 'sun/nio/fs/WindowsException'{0x00000000edfea958}> (0x00000000edfea958) 
thrown [s\open\src\hotspot\share\prims\jni.cpp, line 516]
Event: 9.467 Thread 0x0000018501e47790 Exception <a 'sun/nio/fs/WindowsException'{0x00000000edff3f98}> (0x00000000edff3f98) 
thrown [s\open\src\hotspot\share\prims\jni.cpp, line 516]
Event: 9.467 Thread 0x0000018501e47790 Exception <a 'sun/nio/fs/WindowsException'{0x00000000edff4418}> (0x00000000edff4418) 
thrown [s\open\src\hotspot\share\prims\jni.cpp, line 516]
Event: 9.467 Thread 0x0000018501e47790 Exception <a 'sun/nio/fs/WindowsException'{0x00000000edffa928}> (0x00000000edffa928) 
thrown [s\open\src\hotspot\share\prims\jni.cpp, line 516]

VM Operations (20 events):
Event: 8.990 Executing VM operation: G1Concurrent
Event: 8.991 Executing VM operation: G1Concurrent done
Event: 9.047 Executing VM operation: HandshakeAllThreads
Event: 9.047 Executing VM operation: HandshakeAllThreads done
Event: 9.134 Executing VM operation: HandshakeAllThreads
Event: 9.135 Executing VM operation: HandshakeAllThreads done
Event: 9.135 Executing VM operation: HandshakeAllThreads
Event: 9.135 Executing VM operation: HandshakeAllThreads done
Event: 9.151 Executing VM operation: HandshakeAllThreads
Event: 9.151 Executing VM operation: HandshakeAllThreads done
Event: 9.155 Executing VM operation: HandshakeAllThreads
Event: 9.155 Executing VM operation: HandshakeAllThreads done
Event: 9.155 Executing VM operation: HandshakeAllThreads
Event: 9.155 Executing VM operation: HandshakeAllThreads done
Event: 9.155 Executing VM operation: HandshakeAllThreads
Event: 9.155 Executing VM operation: HandshakeAllThreads done
Event: 9.164 Executing VM operation: HandshakeAllThreads
Event: 9.164 Executing VM operation: HandshakeAllThreads done
Event: 9.459 Executing VM operation: HandshakeAllThreads
Event: 9.459 Executing VM operation: HandshakeAllThreads done

Events (20 events):
Event: 9.457 loading class sun/nio/fs/WindowsDirectoryStream$WindowsDirectoryIterator
Event: 9.457 loading class sun/nio/fs/WindowsDirectoryStream$WindowsDirectoryIterator done
Event: 9.457 loading class java/nio/file/Files$2
Event: 9.457 loading class java/nio/file/Files$2 done
Event: 9.457 loading class java/util/ImmutableCollections$Access
Event: 9.457 loading class java/util/ImmutableCollections$Access done
Event: 9.457 loading class java/util/ImmutableCollections$Access$1
Event: 9.458 loading class jdk/internal/access/JavaUtilCollectionAccess
Event: 9.458 loading class jdk/internal/access/JavaUtilCollectionAccess done
Event: 9.458 loading class java/util/ImmutableCollections$Access$1 done
Event: 9.458 loading class java/util/stream/Nodes$SpinedNodeBuilder
Event: 9.458 loading class java/util/stream/SpinedBuffer
Event: 9.458 loading class java/util/stream/AbstractSpinedBuffer
Event: 9.459 loading class java/util/stream/AbstractSpinedBuffer done
Event: 9.459 loading class java/util/stream/SpinedBuffer done
Event: 9.459 loading class java/util/stream/Nodes$SpinedNodeBuilder done
Event: 9.459 loading class sun/nio/fs/WindowsPath$WindowsPathWithAttributes
Event: 9.459 loading class sun/nio/fs/BasicFileAttributesHolder
Event: 9.459 loading class sun/nio/fs/BasicFileAttributesHolder done
Event: 9.459 loading class sun/nio/fs/WindowsPath$WindowsPathWithAttributes done


Dynamic libraries:
0x00007ff6e5b50000 - 0x00007ff6e5b60000 	D:\study\java17\bin\java.exe
0x00007ffb4d610000 - 0x00007ffb4d828000 	C:\WINDOWS\SYSTEM32\ntdll.dll
0x00007ffb4c060000 - 0x00007ffb4c124000 	C:\WINDOWS\System32\KERNEL32.DLL
0x00007ffb4aa90000 - 0x00007ffb4ae63000 	C:\WINDOWS\System32\KERNELBASE.dll
0x00007ffac9ef0000 - 0x00007ffac9f9f000 	d:\study\traecn\Trae CN\resources\app\modules\sandbox\x64\trae_sbox.dll
0x00007ffb4c4a0000 - 0x00007ffb4c551000 	C:\WINDOWS\System32\ADVAPI32.dll
0x00007ffb4ba30000 - 0x00007ffb4bad7000 	C:\WINDOWS\System32\msvcrt.dll
0x00007ffb4c250000 - 0x00007ffb4c2f8000 	C:\WINDOWS\System32\sechost.dll
0x00007ffb4b070000 - 0x00007ffb4b098000 	C:\WINDOWS\System32\bcrypt.dll
0x00007ffb4c130000 - 0x00007ffb4c248000 	C:\WINDOWS\System32\RPCRT4.dll
0x00007ffb4a840000 - 0x00007ffb4a951000 	C:\WINDOWS\System32\ucrtbase.dll
0x00007ffb1ad50000 - 0x00007ffb1ad6b000 	D:\study\java17\bin\VCRUNTIME140.dll
0x00007ffb29520000 - 0x00007ffb29539000 	D:\study\java17\bin\jli.dll
0x00007ffb4bea0000 - 0x00007ffb4c052000 	C:\WINDOWS\System32\USER32.dll
0x00007ffb4a9e0000 - 0x00007ffb4aa06000 	C:\WINDOWS\System32\win32u.dll
0x00007ffb31ee0000 - 0x00007ffb3217c000 	C:\WINDOWS\WinSxS\amd64_microsoft.windows.common-controls_6595b64144ccf1df_6.0.22621.6060_none_2712eda17382d24b\COMCTL32.dll
0x00007ffb4ba00000 - 0x00007ffb4ba29000 	C:\WINDOWS\System32\GDI32.dll
0x00007ffb4a720000 - 0x00007ffb4a83b000 	C:\WINDOWS\System32\gdi32full.dll
0x00007ffb4b210000 - 0x00007ffb4b2aa000 	C:\WINDOWS\System32\msvcp_win.dll
0x00007ffb41290000 - 0x00007ffb4129a000 	C:\WINDOWS\SYSTEM32\VERSION.dll
0x00007ffac9fa0000 - 0x00007ffaca030000 	d:\study\traecn\Trae CN\resources\app\modules\sandbox\x64\sbox_ipc.dll
0x00007ffb4c460000 - 0x00007ffb4c491000 	C:\WINDOWS\System32\IMM32.DLL
0x00007ffb47e70000 - 0x00007ffb480a3000 	C:\WINDOWS\SYSTEM32\dbghelp.dll
0x00007ffb4d230000 - 0x00007ffb4d5c1000 	C:\WINDOWS\System32\combase.dll
0x00007ffb4b8a0000 - 0x00007ffb4b978000 	C:\WINDOWS\System32\OLEAUT32.dll
0x00007ffb403f0000 - 0x00007ffb403fc000 	D:\study\java17\bin\vcruntime140_1.dll
0x00007ffb3f520000 - 0x00007ffb3f552000 	C:\WINDOWS\SYSTEM32\dbgcore.DLL
0x00007ffb0fa40000 - 0x00007ffb0face000 	D:\study\java17\bin\msvcp140.dll
0x00007ffa5a7a0000 - 0x00007ffa5b380000 	D:\study\java17\bin\server\jvm.dll
0x00007ffb4b890000 - 0x00007ffb4b898000 	C:\WINDOWS\System32\PSAPI.DLL
0x00007ffb30230000 - 0x00007ffb30239000 	C:\WINDOWS\SYSTEM32\WSOCK32.dll
0x00007ffb4b2b0000 - 0x00007ffb4b321000 	C:\WINDOWS\System32\WS2_32.dll
0x00007ffb44000000 - 0x00007ffb44034000 	C:\WINDOWS\SYSTEM32\WINMM.dll
0x00007ffb497f0000 - 0x00007ffb49808000 	C:\WINDOWS\SYSTEM32\kernel.appcore.dll
0x00007ffb1aab0000 - 0x00007ffb1aaba000 	D:\study\java17\bin\jimage.dll
0x00007ffb4aa10000 - 0x00007ffb4aa8b000 	C:\WINDOWS\System32\bcryptPrimitives.dll
0x00007ffb491d0000 - 0x00007ffb492c8000 	C:\WINDOWS\SYSTEM32\dnsapi.dll
0x00007ffb491a0000 - 0x00007ffb491cd000 	C:\WINDOWS\SYSTEM32\IPHLPAPI.DLL
0x00007ffb4d020000 - 0x00007ffb4d029000 	C:\WINDOWS\System32\NSI.dll
0x00007ffb4c560000 - 0x00007ffb4cdfc000 	C:\WINDOWS\System32\Shell32.dll
0x00007ffb4ae70000 - 0x00007ffb4afaf000 	C:\WINDOWS\System32\wintypes.dll
0x00007ffb48630000 - 0x00007ffb48f4a000 	C:\WINDOWS\SYSTEM32\windows.storage.dll
0x00007ffb4bae0000 - 0x00007ffb4bbe4000 	C:\WINDOWS\System32\shcore.dll
0x00007ffb46dd0000 - 0x00007ffb46e83000 	C:\WINDOWS\system32\uxtheme.dll
0x00007ffb4b3a0000 - 0x00007ffb4b409000 	C:\WINDOWS\System32\shlwapi.dll
0x00007ffb4ce30000 - 0x00007ffb4cee0000 	C:\WINDOWS\System32\clbcatq.dll
0x00007ffb405a0000 - 0x00007ffb40bcd000 	C:\Windows\System32\OneCoreUAPCommonProxyStub.dll
0x00007ffb4d030000 - 0x00007ffb4d1d1000 	C:\WINDOWS\System32\ole32.dll
0x00007ffb4a430000 - 0x00007ffb4a47e000 	C:\WINDOWS\SYSTEM32\CFGMGR32.dll
0x00007ffb46420000 - 0x00007ffb46528000 	C:\WINDOWS\system32\propsys.dll
0x00007ffb3f3a0000 - 0x00007ffb3f4df000 	C:\Windows\System32\Windows.System.Launcher.dll
0x00007ffb46200000 - 0x00007ffb46293000 	C:\Windows\System32\msvcp110_win.dll
0x00007ffb439a0000 - 0x00007ffb439ba000 	C:\WINDOWS\SYSTEM32\windows.staterepositorycore.dll
0x00007ffb1e750000 - 0x00007ffb1e83b000 	C:\Windows\System32\Windows.StateRepositoryPS.dll
0x00007ffb49900000 - 0x00007ffb49934000 	C:\WINDOWS\SYSTEM32\ntmarta.dll
0x00007ffb2cd10000 - 0x00007ffb2cf05000 	C:\Windows\System32\urlmon.dll
0x00007ffb2e4e0000 - 0x00007ffb2e79f000 	C:\Windows\System32\iertutil.dll
0x00007ffb2e4b0000 - 0x00007ffb2e4d8000 	C:\Windows\System32\srvcli.dll
0x00007ffb49340000 - 0x00007ffb4934c000 	C:\Windows\System32\netutils.dll
0x00007ffb49a50000 - 0x00007ffb49a93000 	C:\Windows\System32\SspiCli.dll
0x00007ffb28040000 - 0x00007ffb280fb000 	C:\Windows\System32\Windows.FileExplorer.Common.dll
0x00007ffb4a650000 - 0x00007ffb4a675000 	C:\WINDOWS\SYSTEM32\profapi.dll
0x00007ffaffb30000 - 0x00007ffaffb56000 	C:\WINDOWS\system32\mssprxy.dll
0x00007ffb1a9e0000 - 0x00007ffb1aa05000 	D:\study\java17\bin\java.dll
0x00007ffa83130000 - 0x00007ffa83207000 	D:\study\java17\bin\jsvml.dll
0x00007ffb1aa90000 - 0x00007ffb1aaa9000 	D:\study\java17\bin\net.dll
0x00007ffb45950000 - 0x00007ffb45a7c000 	C:\WINDOWS\SYSTEM32\WINHTTP.dll
0x00007ffb49cd0000 - 0x00007ffb49d39000 	C:\WINDOWS\system32\mswsock.dll
0x00007ffb0fa20000 - 0x00007ffb0fa36000 	D:\study\java17\bin\nio.dll
0x00007ffb09730000 - 0x00007ffb09748000 	D:\study\java17\bin\zip.dll
0x00007ffb0b6c0000 - 0x00007ffb0b6d0000 	D:\study\java17\bin\verify.dll
0x00007ffb1af20000 - 0x00007ffb1af2a000 	D:\tool\maven\apache-maven-3.6.3\apache-maven-3.6.3\lib\jansi-native\windows64\jansi.dll
0x00007ffb4b980000 - 0x00007ffb4b9fd000 	C:\WINDOWS\System32\coml2.dll

dbghelp: loaded successfully - version: 4.0.5 - missing functions: none
symbol engine: initialized successfully - sym options: 0x614 - pdb path: .;D:\study\java17\bin;C:\WINDOWS\SYSTEM32;d:\study\traecn\Trae CN\resources\app\modules\sandbox\x64;C:\WINDOWS\WinSxS\amd64_microsoft.windows.common-controls_6595b64144ccf1df_6.0.22621.6060_none_2712eda17382d24b;D:\study\java17\bin\server;D:\tool\maven\apache-maven-3.6.3\apache-maven-3.6.3\lib\jansi-native\windows64

VM Arguments:
jvm_args: -Xmx512m -Xms256m -Dclassworlds.conf=D:\tool\maven\apache-maven-3.6.3\apache-maven-3.6.3\bin\..\bin\m2.conf -Dmaven.home=D:\tool\maven\apache-maven-3.6.3\apache-maven-3.6.3\bin\.. -Dlibrary.jansi.path=D:\tool\maven\apache-maven-3.6.3\apache-maven-3.6.3\bin\..\lib\jansi-native -Dmaven.multiModuleProjectDirectory=D:\workspace\spring-cloud-center\wechat-mini-backend\markdown-editor\backend 
java_command: org.codehaus.plexus.classworlds.launcher.Launcher spring-boot:run
java_class_path (initial): D:\tool\maven\apache-maven-3.6.3\apache-maven-3.6.3\bin\..\boot\plexus-classworlds-2.6.0.jar
Launcher Type: SUN_STANDARD

[Global flags]
     intx CICompilerCount                          = 12                                        {product} {ergonomic}
     uint ConcGCThreads                            = 3                                         {product} {ergonomic}
     uint G1ConcRefinementThreads                  = 13                                        {product} {ergonomic}
   size_t G1HeapRegionSize                         = 1048576                                   {product} {ergonomic}
    uintx GCDrainStackTargetSize                   = 64                                        {product} {ergonomic}
   size_t InitialHeapSize                          = 268435456                                 {product} {command line}
   size_t MarkStackSize                            = 4194304                                   {product} {ergonomic}
   size_t MaxHeapSize                              = 536870912                                 {product} {command line}
   size_t MaxNewSize                               = 321912832                                 {product} {ergonomic}
   size_t MinHeapDeltaBytes                        = 1048576                                   {product} {ergonomic}
   size_t MinHeapSize                              = 268435456                                 {product} {command line}
    uintx NonNMethodCodeHeapSize                   = 7602480                                {pd product} {ergonomic}
    uintx NonProfiledCodeHeapSize                  = 122027880                              {pd product} {ergonomic}
    uintx ProfiledCodeHeapSize                     = 122027880                              {pd product} {ergonomic}
    uintx ReservedCodeCacheSize                    = 251658240                              {pd product} {ergonomic}
     bool SegmentedCodeCache                       = true                                      {product} {ergonomic}
   size_t SoftMaxHeapSize                          = 536870912                              {manageable} {ergonomic}
     bool UseCompressedClassPointers               = true                           {product lp64_product} {ergonomic}
     bool UseCompressedOops                        = true                           {product lp64_product} {ergonomic}
     bool UseG1GC                                  = true                                      {product} {ergonomic}
     bool UseLargePagesIndividualAllocation        = false                                  {pd product} {ergonomic}

Logging:
Log output configuration:
 #0: stdout all=warning uptime,level,tags
 #1: stderr all=off uptime,level,tags

Environment Variables:
JAVA_HOME=D:\\study\\java17
CLASSPATH=.;D:\study\java17\lib;D:\study\java17\lib\tools.jar
PATH=D:\\study\\java17\\bin;C:\\Users\\Murphy\\.trae-cn\\tools\\maven\\latest\\bin;C:\\Users\\Murphy\\.trae-cn\\tools\\gradle\\latest\\bin;c:\\Users\\Murphy\\.trae-cn\\tools\\trae-gopls\\current;c:\\Users\\Murphy\\.trae-cn\\sdks\\workspaces\\8d3c7700\\versions\\node\\current;c:\\Users\\Murphy\\.trae-cn\\sdks\\versions\\node\\current;D:\study\java17\bin;C:\Users\Murphy\.trae-cn\tools\maven\latest\bin;C:\Users\Murphy\.trae-cn\tools\gradle\latest\bin;c:\Users\Murphy\.trae-cn\tools\trae-gopls\current;c:\Users\Murphy\.trae-cn\sdks\workspaces\8d3c7700\versions\node\current;c:\Users\Murphy\.trae-cn\sdks\versions\node\current;C:\Program Files\Common Files\Oracle\Java\javapath;C:\Program Files (x86)\Common Files\Oracle\Java\javapath;C:\Windows\system32;C:\Windows;C:\Windows\System32\Wbem;C:\Windows\System32\WindowsPowerShell\v1.0\;C:\Windows\System32\OpenSSH\;C:\Program Files (x86)\NVIDIA Corporation\PhysX\Common;C:\Program Files\NVIDIA Corporation\NVIDIA NvDLISR;D:\study\java17\bin;D:\tool\anaconda\Library\mingw-w64;D:\tool\goSDK\go1.17.2.windows-arm64\go\bin;D:\tool\mongodb-win32-x86_64-2012plus-v4.2-latest\mongodb-win32-x86_64-2012plus-4.2.18-rc0-4-gdec3884\bin;C:\ProgramData\chocolatey\bin;D:\tool\redis;D:\tool\maven\apache-maven-3.6.3\apache-maven-3.6.3\bin;D:\tool\mysql\mysql-9.1.0-winx64\mysql-9.1.0-winx64\bin;D:\tool\git\Git\cmd;D:\tool\git\Git\bin;;D:\tool\ĐÂ˝¨ÎÄĽţĽĐ\Î˘ĐĹwebżŞ·˘Őßą¤ľß\dll;C:\WINDOWS\system32;C:\WINDOWS;C:\WINDOWS\System32\Wbem;C:\WINDOWS\System32\WindowsPowerShell\v1.0\;C:\WINDOWS\System32\OpenSSH\;d:\study\traecn\Trae CN\bin;C:\Users\Murphy\AppData\Local\Microsoft\WindowsApps;D:\study\idea\IntelliJ IDEA 2019.3.3\bin;;D:\tool\Visiualcode\Microsoft VS Code\bin;C:\Users\Murphy\AppData\Local\GitHubDesktop\bin;D:\tool\ĐÂ˝¨ÎÄĽţĽĐ\PyCharm 2022.2.1\bin;;D:\tool\pycharm\PyCharm Community Edition 2022.3.3\bin;;D:\study\idea\IntelliJ IDEA Community Edition 2022.3.2\bin;;;c:\Users\Murphy\.trae-cn\extensions\vscjava.vscode-java-debug-0.59.0-universal\bundled\scrip
USERNAME=Murphy
LANG=zh_CN.UTF-8
OS=Windows_NT
PROCESSOR_IDENTIFIER=Intel64 Family 6 Model 141 Stepping 1, GenuineIntel



---------------  S Y S T E M  ---------------

OS:
 Windows 11 , 64 bit Build 22621 (10.0.22621.5415)
OS uptime: 3 days 23:57 hours

CPU: total 16 (initial active 16) (8 cores per cpu, 2 threads per core) family 6 model 141 stepping 1 microcode 0x2c, cx8, cmov, fxsr, ht, mmx, 3dnowpref, sse, sse2, sse3, ssse3, sse4.1, sse4.2, popcnt, lzcnt, tsc, tscinvbit, avx, avx2, aes, erms, clmul, bmi1, bmi2, adx, avx512f, avx512dq, avx512cd, avx512bw, avx512vl, sha, fma, vzeroupper, avx512_vpopcntdq, avx512_vpclmulqdq, avx512_vaes, avx512_vnni, clflush, clflushopt, clwb, avx512_vbmi2, avx512_vbmi

Memory: 4k page, system-wide physical 16128M (179M free)
TotalPageFile size 64248M (AvailPageFile size 18M)
current process WorkingSet (physical memory assigned to process): 312M, peak: 312M
current process commit charge ("private bytes"): 431M, peak: 433M

vm_info: Java HotSpot(TM) 64-Bit Server VM (17.0.12+8-LTS-286) for windows-amd64 JRE (17.0.12+8-LTS-286), built on Jun  5 2024 06:46:59 by "mach5one" with MS VC++ 17.6 (VS2022)

END.
