#
# There is insufficient memory for the Java Runtime Environment to continue.
# Native memory allocation (mmap) failed to map 266338304 bytes for G1 virtual space
# Possible reasons:
#   The system is out of physical RAM or swap space
#   The process is running with CompressedOops enabled, and the Java Heap may be blocking the growth of the native heap
# Possible solutions:
#   Reduce memory load on the system
#   Increase physical memory or swap space
#   Check if swap backing store is full
#   Decrease Java heap size (-Xmx/-Xms)
#   Decrease number of Java threads
#   Decrease Java thread stack sizes (-Xss)
#   Set larger code cache with -XX:ReservedCodeCacheSize=
#   JVM is running with Zero Based Compressed Oops mode in which the Java heap is
#     placed in the first 32GB address space. The Java Heap base address is the
#     maximum limit for the native heap growth. Please use -XX:HeapBaseMinAddress
#     to set the Java Heap base and to place the Java Heap above 32GB virtual address.
# This output file may be truncated or incomplete.
#
#  Out of Memory Error (os_windows.cpp:3548), pid=28392, tid=31188
#
# JRE version:  (17.0.12+8) (build )
# Java VM: Java HotSpot(TM) 64-Bit Server VM (17.0.12+8-LTS-286, mixed mode, sharing, tiered, compressed oops, compressed class ptrs, g1 gc, windows-amd64)
# No core dump will be written. Minidumps are not enabled by default on client versions of Windows
#

---------------  S U M M A R Y ------------

Command Line: -Dclassworlds.conf=D:\tool\maven\apache-maven-3.6.3\apache-maven-3.6.3\bin\..\bin\m2.conf -Dmaven.home=D:\tool\maven\apache-maven-3.6.3\apache-maven-3.6.3\bin\.. -Dlibrary.jansi.path=D:\tool\maven\apache-maven-3.6.3\apache-maven-3.6.3\bin\..\lib\jansi-native -Dmaven.multiModuleProjectDirectory=D:\workspace\spring-cloud-center\wechat-mini-backend\markdown-editor\backend org.codehaus.plexus.classworlds.launcher.Launcher spring-boot:run

Host: 11th Gen Intel(R) Core(TM) i7-11800H @ 2.30GHz, 16 cores, 15G,  Windows 11 , 64 bit Build 22621 (10.0.22621.5415)
Time: Sun Apr 19 08:59:28 2026  Windows 11 , 64 bit Build 22621 (10.0.22621.5415) elapsed time: 0.251557 seconds (0d 0h 0m 0s)

---------------  T H R E A D  ---------------

Current thread (0x00000280632b1a40):  JavaThread "Unknown thread" [_thread_in_vm, id=31188, stack(0x000000aca1000000,0x000000aca1100000)]

Stack: [0x000000aca1000000,0x000000aca1100000]
Native frames: (J=compiled Java code, j=interpreted, Vv=VM code, C=native code)
V  [jvm.dll+0x67a04a]
V  [jvm.dll+0x7da4ed]
V  [jvm.dll+0x7dbe33]
V  [jvm.dll+0x7dc4a3]
V  [jvm.dll+0x24508f]
V  [jvm.dll+0x677089]
V  [jvm.dll+0x66bd32]
V  [jvm.dll+0x301fa6]
V  [jvm.dll+0x309546]
V  [jvm.dll+0x359d2e]
V  [jvm.dll+0x359f5f]
V  [jvm.dll+0x2d9078]
V  [jvm.dll+0x2d9fe4]
V  [jvm.dll+0x7aca21]
V  [jvm.dll+0x367591]
V  [jvm.dll+0x78b999]
V  [jvm.dll+0x3ec83f]
V  [jvm.dll+0x3ee471]
C  [jli.dll+0x5297]
C  [ucrtbase.dll+0x29333]
C  [KERNEL32.DLL+0x1259d]
C  [ntdll.dll+0x5af78]


---------------  P R O C E S S  ---------------

Threads class SMR info:
_java_thread_list=0x00007ffa5b257a18, length=0, elements={
}

Java Threads: ( => current thread )

Other Threads:
  0x0000028062eecd50 GCTaskThread "GC Thread#0" [stack: 0x000000aca1700000,0x000000aca1800000] [id=17776]
  0x0000028062f5be70 ConcurrentGCThread "G1 Main Marker" [stack: 0x000000aca1800000,0x000000aca1900000] [id=29300]
  0x0000028062ec10e0 ConcurrentGCThread "G1 Conc#0" [stack: 0x000000aca1900000,0x000000aca1a00000] [id=27352]

[error occurred during error reporting (printing all threads), id 0xc0000005, EXCEPTION_ACCESS_VIOLATION (0xc0000005) at pc=0x00007ffa5aa89b67]

VM state: not at safepoint (not fully initialized)

VM Mutex/Monitor currently owned by a thread:  ([mutex/lock_event])
[0x000002806329c750] Heap_lock - owner thread: 0x00000280632b1a40

Heap address: 0x0000000703e00000, size: 4034 MB, Compressed Oops mode: Zero based, Oop shift amount: 3

CDS archive(s) mapped at: [0x0000000000000000-0x0000000000000000-0x0000000000000000), size 0, SharedBaseAddress: 0x0000000800000000, ArchiveRelocationMode: 1.
Narrow klass base: 0x0000000000000000, Narrow klass shift: 0, Narrow klass range: 0x0

GC Precious Log:
<Empty>

Heap:
 garbage-first heap   total 0K, used 0K [0x0000000703e00000, 0x0000000800000000)
  region size 2048K, 0 young (0K), 0 survivors (0K)

[error occurred during error reporting (printing heap information), id 0xc0000005, EXCEPTION_ACCESS_VIOLATION (0xc0000005) at pc=0x00007ffa5ae73859]

GC Heap History (0 events):
No events

Deoptimization events (0 events):
No events

Classes unloaded (0 events):
No events

Classes redefined (0 events):
No events

Internal exceptions (0 events):
No events

VM Operations (0 events):
No events

Events (1 events):
Event: 0.237 Loaded shared library D:\study\java17\bin\java.dll


Dynamic libraries:
0x00007ff6e5b50000 - 0x00007ff6e5b60000 	D:\study\java17\bin\java.exe
0x00007ffb4d610000 - 0x00007ffb4d828000 	C:\WINDOWS\SYSTEM32\ntdll.dll
0x00007ffb4c060000 - 0x00007ffb4c124000 	C:\WINDOWS\System32\KERNEL32.DLL
0x00007ffb4aa90000 - 0x00007ffb4ae63000 	C:\WINDOWS\System32\KERNELBASE.dll
0x00007ffac9ef0000 - 0x00007ffac9f9f000 	d:\study\traecn\Trae CN\resources\app\modules\sandbox\x64\trae_sbox.dll
0x00007ffb4c4a0000 - 0x00007ffb4c551000 	C:\WINDOWS\System32\ADVAPI32.dll
0x00007ffb4ba30000 - 0x00007ffb4bad7000 	C:\WINDOWS\System32\msvcrt.dll
0x00007ffb4c250000 - 0x00007ffb4c2f8000 	C:\WINDOWS\System32\sechost.dll
0x00007ffb4b070000 - 0x00007ffb4b098000 	C:\WINDOWS\System32\bcrypt.dll
0x00007ffb4c130000 - 0x00007ffb4c248000 	C:\WINDOWS\System32\RPCRT4.dll
0x00007ffb4a840000 - 0x00007ffb4a951000 	C:\WINDOWS\System32\ucrtbase.dll
0x00007ffb29520000 - 0x00007ffb29539000 	D:\study\java17\bin\jli.dll
0x00007ffb1ad50000 - 0x00007ffb1ad6b000 	D:\study\java17\bin\VCRUNTIME140.dll
0x00007ffb4bea0000 - 0x00007ffb4c052000 	C:\WINDOWS\System32\USER32.dll
0x00007ffb4a9e0000 - 0x00007ffb4aa06000 	C:\WINDOWS\System32\win32u.dll
0x00007ffb31ee0000 - 0x00007ffb3217c000 	C:\WINDOWS\WinSxS\amd64_microsoft.windows.common-controls_6595b64144ccf1df_6.0.22621.6060_none_2712eda17382d24b\COMCTL32.dll
0x00007ffb4ba00000 - 0x00007ffb4ba29000 	C:\WINDOWS\System32\GDI32.dll
0x00007ffb4a720000 - 0x00007ffb4a83b000 	C:\WINDOWS\System32\gdi32full.dll
0x00007ffb4b210000 - 0x00007ffb4b2aa000 	C:\WINDOWS\System32\msvcp_win.dll
0x00007ffb41290000 - 0x00007ffb4129a000 	C:\WINDOWS\SYSTEM32\VERSION.dll
0x00007ffac9fa0000 - 0x00007ffaca030000 	d:\study\traecn\Trae CN\resources\app\modules\sandbox\x64\sbox_ipc.dll
0x00007ffb4c460000 - 0x00007ffb4c491000 	C:\WINDOWS\System32\IMM32.DLL
0x00007ffb47e70000 - 0x00007ffb480a3000 	C:\WINDOWS\SYSTEM32\dbghelp.dll
0x00007ffb4d230000 - 0x00007ffb4d5c1000 	C:\WINDOWS\System32\combase.dll
0x00007ffb4b8a0000 - 0x00007ffb4b978000 	C:\WINDOWS\System32\OLEAUT32.dll
0x00007ffb403f0000 - 0x00007ffb403fc000 	D:\study\java17\bin\vcruntime140_1.dll
0x00007ffb3f520000 - 0x00007ffb3f552000 	C:\WINDOWS\SYSTEM32\dbgcore.DLL
0x00007ffb0fa40000 - 0x00007ffb0face000 	D:\study\java17\bin\msvcp140.dll
0x00007ffa5a7a0000 - 0x00007ffa5b380000 	D:\study\java17\bin\server\jvm.dll
0x00007ffb4b890000 - 0x00007ffb4b898000 	C:\WINDOWS\System32\PSAPI.DLL
0x00007ffb30230000 - 0x00007ffb30239000 	C:\WINDOWS\SYSTEM32\WSOCK32.dll
0x00007ffb4b2b0000 - 0x00007ffb4b321000 	C:\WINDOWS\System32\WS2_32.dll
0x00007ffb44000000 - 0x00007ffb44034000 	C:\WINDOWS\SYSTEM32\WINMM.dll
0x00007ffb497f0000 - 0x00007ffb49808000 	C:\WINDOWS\SYSTEM32\kernel.appcore.dll
0x00007ffb1aab0000 - 0x00007ffb1aaba000 	D:\study\java17\bin\jimage.dll
0x00007ffb4aa10000 - 0x00007ffb4aa8b000 	C:\WINDOWS\System32\bcryptPrimitives.dll
0x00007ffb491d0000 - 0x00007ffb492c8000 	C:\WINDOWS\SYSTEM32\dnsapi.dll
0x00007ffb491a0000 - 0x00007ffb491cd000 	C:\WINDOWS\SYSTEM32\IPHLPAPI.DLL
0x00007ffb4d020000 - 0x00007ffb4d029000 	C:\WINDOWS\System32\NSI.dll
0x00007ffb4c560000 - 0x00007ffb4cdfc000 	C:\WINDOWS\System32\Shell32.dll
0x00007ffb4ae70000 - 0x00007ffb4afaf000 	C:\WINDOWS\System32\wintypes.dll
0x00007ffb48630000 - 0x00007ffb48f4a000 	C:\WINDOWS\SYSTEM32\windows.storage.dll
0x00007ffb4bae0000 - 0x00007ffb4bbe4000 	C:\WINDOWS\System32\shcore.dll
0x00007ffb46dd0000 - 0x00007ffb46e83000 	C:\WINDOWS\system32\uxtheme.dll
0x00007ffb4b3a0000 - 0x00007ffb4b409000 	C:\WINDOWS\System32\shlwapi.dll
0x00007ffb4ce30000 - 0x00007ffb4cee0000 	C:\WINDOWS\System32\clbcatq.dll
0x00007ffb405a0000 - 0x00007ffb40bcd000 	C:\Windows\System32\OneCoreUAPCommonProxyStub.dll
0x00007ffb4d030000 - 0x00007ffb4d1d1000 	C:\WINDOWS\System32\ole32.dll
0x00007ffb4a430000 - 0x00007ffb4a47e000 	C:\WINDOWS\SYSTEM32\CFGMGR32.dll
0x00007ffb46420000 - 0x00007ffb46528000 	C:\WINDOWS\system32\propsys.dll
0x00007ffb3f3a0000 - 0x00007ffb3f4df000 	C:\Windows\System32\Windows.System.Launcher.dll
0x00007ffb46200000 - 0x00007ffb46293000 	C:\Windows\System32\msvcp110_win.dll
0x00007ffb439a0000 - 0x00007ffb439ba000 	C:\WINDOWS\SYSTEM32\windows.staterepositorycore.dll
0x00007ffb1e750000 - 0x00007ffb1e83b000 	C:\Windows\System32\Windows.StateRepositoryPS.dll
0x00007ffb49900000 - 0x00007ffb49934000 	C:\WINDOWS\SYSTEM32\ntmarta.dll
0x00007ffb2cd10000 - 0x00007ffb2cf05000 	C:\Windows\System32\urlmon.dll
0x00007ffb2e4e0000 - 0x00007ffb2e79f000 	C:\Windows\System32\iertutil.dll
0x00007ffb2e4b0000 - 0x00007ffb2e4d8000 	C:\Windows\System32\srvcli.dll
0x00007ffb49340000 - 0x00007ffb4934c000 	C:\Windows\System32\netutils.dll
0x00007ffb49a50000 - 0x00007ffb49a93000 	C:\Windows\System32\SspiCli.dll
0x00007ffb28040000 - 0x00007ffb280fb000 	C:\Windows\System32\Windows.FileExplorer.Common.dll
0x00007ffb4a650000 - 0x00007ffb4a675000 	C:\WINDOWS\SYSTEM32\profapi.dll
0x00007ffaffb30000 - 0x00007ffaffb56000 	C:\WINDOWS\system32\mssprxy.dll
0x00007ffb4b980000 - 0x00007ffb4b9fd000 	C:\WINDOWS\System32\coml2.dll
0x00007ffb1a9e0000 - 0x00007ffb1aa05000 	D:\study\java17\bin\java.dll

dbghelp: loaded successfully - version: 4.0.5 - missing functions: none
symbol engine: initialized successfully - sym options: 0x614 - pdb path: .;D:\study\java17\bin;C:\WINDOWS\SYSTEM32;d:\study\traecn\Trae CN\resources\app\modules\sandbox\x64;C:\WINDOWS\WinSxS\amd64_microsoft.windows.common-controls_6595b64144ccf1df_6.0.22621.6060_none_2712eda17382d24b;D:\study\java17\bin\server

VM Arguments:
jvm_args: -Dclassworlds.conf=D:\tool\maven\apache-maven-3.6.3\apache-maven-3.6.3\bin\..\bin\m2.conf -Dmaven.home=D:\tool\maven\apache-maven-3.6.3\apache-maven-3.6.3\bin\.. -Dlibrary.jansi.path=D:\tool\maven\apache-maven-3.6.3\apache-maven-3.6.3\bin\..\lib\jansi-native -Dmaven.multiModuleProjectDirectory=D:\workspace\spring-cloud-center\wechat-mini-backend\markdown-editor\backend 
java_command: org.codehaus.plexus.classworlds.launcher.Launcher spring-boot:run
java_class_path (initial): D:\tool\maven\apache-maven-3.6.3\apache-maven-3.6.3\bin\..\boot\plexus-classworlds-2.6.0.jar
Launcher Type: SUN_STANDARD

[Global flags]
     intx CICompilerCount                          = 12                                        {product} {ergonomic}
     uint ConcGCThreads                            = 3                                         {product} {ergonomic}
     uint G1ConcRefinementThreads                  = 13                                        {product} {ergonomic}
   size_t G1HeapRegionSize                         = 2097152                                   {product} {ergonomic}
    uintx GCDrainStackTargetSize                   = 64                                        {product} {ergonomic}
   size_t InitialHeapSize                          = 266338304                                 {product} {ergonomic}
   size_t MarkStackSize                            = 4194304                                   {product} {ergonomic}
   size_t MaxHeapSize                              = 4229955584                                {product} {ergonomic}
   size_t MinHeapDeltaBytes                        = 2097152                                   {product} {ergonomic}
   size_t MinHeapSize                              = 8388608                                   {product} {ergonomic}
    uintx NonNMethodCodeHeapSize                   = 7602480                                {pd product} {ergonomic}
    uintx NonProfiledCodeHeapSize                  = 122027880                              {pd product} {ergonomic}
    uintx ProfiledCodeHeapSize                     = 122027880                              {pd product} {ergonomic}
    uintx ReservedCodeCacheSize                    = 251658240                              {pd product} {ergonomic}
     bool SegmentedCodeCache                       = true                                      {product} {ergonomic}
   size_t SoftMaxHeapSize                          = 4229955584                             {manageable} {ergonomic}
     bool UseCompressedClassPointers               = true                           {product lp64_product} {ergonomic}
     bool UseCompressedOops                        = true                           {product lp64_product} {ergonomic}
     bool UseG1GC                                  = true                                      {product} {ergonomic}
     bool UseLargePagesIndividualAllocation        = false                                  {pd product} {ergonomic}

Logging:
Log output configuration:
 #0: stdout all=warning uptime,level,tags
 #1: stderr all=off uptime,level,tags

Environment Variables:
JAVA_HOME=D:\\study\\java17
CLASSPATH=.;D:\study\java17\lib;D:\study\java17\lib\tools.jar
PATH=D:\\study\\java17\\bin;C:\\Users\\Murphy\\.trae-cn\\tools\\maven\\latest\\bin;C:\\Users\\Murphy\\.trae-cn\\tools\\gradle\\latest\\bin;c:\\Users\\Murphy\\.trae-cn\\tools\\trae-gopls\\current;c:\\Users\\Murphy\\.trae-cn\\sdks\\workspaces\\8d3c7700\\versions\\node\\current;c:\\Users\\Murphy\\.trae-cn\\sdks\\versions\\node\\current;D:\study\java17\bin;C:\Users\Murphy\.trae-cn\tools\maven\latest\bin;C:\Users\Murphy\.trae-cn\tools\gradle\latest\bin;c:\Users\Murphy\.trae-cn\tools\trae-gopls\current;c:\Users\Murphy\.trae-cn\sdks\workspaces\8d3c7700\versions\node\current;c:\Users\Murphy\.trae-cn\sdks\versions\node\current;C:\Program Files\Common Files\Oracle\Java\javapath;C:\Program Files (x86)\Common Files\Oracle\Java\javapath;C:\Windows\system32;C:\Windows;C:\Windows\System32\Wbem;C:\Windows\System32\WindowsPowerShell\v1.0\;C:\Windows\System32\OpenSSH\;C:\Program Files (x86)\NVIDIA Corporation\PhysX\Common;C:\Program Files\NVIDIA Corporation\NVIDIA NvDLISR;D:\study\java17\bin;D:\tool\anaconda\Library\mingw-w64;D:\tool\goSDK\go1.17.2.windows-arm64\go\bin;D:\tool\mongodb-win32-x86_64-2012plus-v4.2-latest\mongodb-win32-x86_64-2012plus-4.2.18-rc0-4-gdec3884\bin;C:\ProgramData\chocolatey\bin;D:\tool\redis;D:\tool\maven\apache-maven-3.6.3\apache-maven-3.6.3\bin;D:\tool\mysql\mysql-9.1.0-winx64\mysql-9.1.0-winx64\bin;D:\tool\git\Git\cmd;D:\tool\git\Git\bin;;D:\tool\陔膘恅璃標\峚陓web羲楷氪馱撿\dll;C:\WINDOWS\system32;C:\WINDOWS;C:\WINDOWS\System32\Wbem;C:\WINDOWS\System32\WindowsPowerShell\v1.0\;C:\WINDOWS\System32\OpenSSH\;d:\study\traecn\Trae CN\bin;C:\Users\Murphy\AppData\Local\Microsoft\WindowsApps;D:\study\idea\IntelliJ IDEA 2019.3.3\bin;;D:\tool\Visiualcode\Microsoft VS Code\bin;C:\Users\Murphy\AppData\Local\GitHubDesktop\bin;D:\tool\陔膘恅璃標\PyCharm 2022.2.1\bin;;D:\tool\pycharm\PyCharm Community Edition 2022.3.3\bin;;D:\study\idea\IntelliJ IDEA Community Edition 2022.3.2\bin;;;c:\Users\Murphy\.trae-cn\extensions\vscjava.vscode-java-debug-0.59.0-universal\bundled\scrip
USERNAME=Murphy
LANG=zh_CN.UTF-8
OS=Windows_NT
PROCESSOR_IDENTIFIER=Intel64 Family 6 Model 141 Stepping 1, GenuineIntel



---------------  S Y S T E M  ---------------

OS:
 Windows 11 , 64 bit Build 22621 (10.0.22621.5415)
OS uptime: 3 days 23:56 hours

CPU: total 16 (initial active 16) (8 cores per cpu, 2 threads per core) family 6 model 141 stepping 1 microcode 0x2c, cx8, cmov, fxsr, ht, mmx, 3dnowpref, sse, sse2, sse3, ssse3, sse4.1, sse4.2, popcnt, lzcnt, tsc, tscinvbit, avx, avx2, aes, erms, clmul, bmi1, bmi2, adx, avx512f, avx512dq, avx512cd, avx512bw, avx512vl, sha, fma, vzeroupper, avx512_vpopcntdq, avx512_vpclmulqdq, avx512_vaes, avx512_vnni, clflush, clflushopt, clwb, avx512_vbmi2, avx512_vbmi

Memory: 4k page, system-wide physical 16128M (401M free)
TotalPageFile size 64248M (AvailPageFile size 235M)
current process WorkingSet (physical memory assigned to process): 25M, peak: 25M
current process commit charge ("private bytes"): 73M, peak: 327M

vm_info: Java HotSpot(TM) 64-Bit Server VM (17.0.12+8-LTS-286) for windows-amd64 JRE (17.0.12+8-LTS-286), built on Jun  5 2024 06:46:59 by "mach5one" with MS VC++ 17.6 (VS2022)

END.
