2026-04-21 08:48:23.704 [http-nio-8080-exec-6] WARN  com.zaxxer.hikari.pool.PoolBase - HikariPool-1 - Failed to validate connection com.mysql.cj.jdbc.ConnectionImpl@52cac2e0 (No operations allowed after connection closed.). Possibly consider using a shorter maxLifetime value.
2026-04-21 08:48:29.053 [http-nio-8080-exec-6] WARN  com.zaxxer.hikari.pool.PoolBase - HikariPool-1 - Failed to validate connection com.mysql.cj.jdbc.ConnectionImpl@7b75a9a8 (No operations allowed after connection closed.). Possibly consider using a shorter maxLifetime value.
2026-04-21 08:48:34.055 [http-nio-8080-exec-6] WARN  com.zaxxer.hikari.pool.PoolBase - HikariPool-1 - Failed to validate connection com.mysql.cj.jdbc.ConnectionImpl@231b5eeb (No operations allowed after connection closed.). Possibly consider using a shorter maxLifetime value.
2026-04-21 08:48:39.056 [http-nio-8080-exec-6] WARN  com.zaxxer.hikari.pool.PoolBase - HikariPool-1 - Failed to validate connection com.mysql.cj.jdbc.ConnectionImpl@4bcbecab (No operations allowed after connection closed.). Possibly consider using a shorter maxLifetime value.
2026-04-21 08:48:44.060 [http-nio-8080-exec-6] WARN  com.zaxxer.hikari.pool.PoolBase - HikariPool-1 - Failed to validate connection com.mysql.cj.jdbc.ConnectionImpl@21b2db75 (No operations allowed after connection closed.). Possibly consider using a shorter maxLifetime value.
2026-04-21 08:48:49.066 [http-nio-8080-exec-6] WARN  com.zaxxer.hikari.pool.PoolBase - HikariPool-1 - Failed to validate connection com.mysql.cj.jdbc.ConnectionImpl@1ebdee6 (No operations allowed after connection closed.). Possibly consider using a shorter maxLifetime value.
2026-04-21 08:48:49.085 [main] WARN  o.s.b.w.s.c.AnnotationConfigServletWebServerApplicationContext - Exception encountered during context initialization - cancelling refresh attempt: org.springframework.context.ApplicationContextException: Failed to start bean 'webServerStartStop'; nested exception is org.springframework.boot.web.server.PortInUseException: Port 8080 is already in use
2026-04-21 08:48:53.519 [http-nio-8080-exec-5] WARN  com.zaxxer.hikari.pool.PoolBase - HikariPool-1 - Failed to validate connection com.mysql.cj.jdbc.ConnectionImpl@5296b22e (No operations allowed after connection closed.). Possibly consider using a shorter maxLifetime value.
2026-04-21 08:48:58.534 [http-nio-8080-exec-5] WARN  com.zaxxer.hikari.pool.PoolBase - HikariPool-1 - Failed to validate connection com.mysql.cj.jdbc.ConnectionImpl@53333bc9 (No operations allowed after connection closed.). Possibly consider using a shorter maxLifetime value.
2026-04-21 08:49:03.539 [http-nio-8080-exec-5] WARN  com.zaxxer.hikari.pool.PoolBase - HikariPool-1 - Failed to validate connection com.mysql.cj.jdbc.ConnectionImpl@55149c80 (No operations allowed after connection closed.). Possibly consider using a shorter maxLifetime value.
2026-04-21 08:49:08.550 [http-nio-8080-exec-5] WARN  com.zaxxer.hikari.pool.PoolBase - HikariPool-1 - Failed to validate connection com.mysql.cj.jdbc.ConnectionImpl@78d3cb3a (No operations allowed after connection closed.). Possibly consider using a shorter maxLifetime value.
2026-04-21 08:56:27.987 [http-nio-8080-exec-4] WARN  com.zaxxer.hikari.pool.PoolBase - HikariPool-1 - Failed to validate connection com.mysql.cj.jdbc.ConnectionImpl@6613e359 (No operations allowed after connection closed.). Possibly consider using a shorter maxLifetime value.
2026-04-21 08:56:29.591 [http-nio-8080-exec-1] WARN  com.zaxxer.hikari.pool.PoolBase - HikariPool-1 - Failed to validate connection com.mysql.cj.jdbc.ConnectionImpl@2d0d97ce (No operations allowed after connection closed.). Possibly consider using a shorter maxLifetime value.
2026-04-21 08:56:29.591 [http-nio-8080-exec-10] WARN  com.zaxxer.hikari.pool.PoolBase - HikariPool-1 - Failed to validate connection com.mysql.cj.jdbc.ConnectionImpl@d71d726 (No operations allowed after connection closed.). Possibly consider using a shorter maxLifetime value.
2026-04-21 08:56:29.591 [http-nio-8080-exec-5] WARN  com.zaxxer.hikari.pool.PoolBase - HikariPool-1 - Failed to validate connection com.mysql.cj.jdbc.ConnectionImpl@55623d82 (No operations allowed after connection closed.). Possibly consider using a shorter maxLifetime value.
2026-04-21 08:56:34.596 [http-nio-8080-exec-5] WARN  com.zaxxer.hikari.pool.PoolBase - HikariPool-1 - Failed to validate connection com.mysql.cj.jdbc.ConnectionImpl@6e01169c (No operations allowed after connection closed.). Possibly consider using a shorter maxLifetime value.
2026-04-21 08:59:49.660 [http-nio-8080-exec-9] WARN  com.zaxxer.hikari.pool.PoolBase - HikariPool-1 - Failed to validate connection com.mysql.cj.jdbc.ConnectionImpl@586a9df9 (No operations allowed after connection closed.). Possibly consider using a shorter maxLifetime value.
2026-04-21 08:59:49.660 [http-nio-8080-exec-4] WARN  com.zaxxer.hikari.pool.PoolBase - HikariPool-1 - Failed to validate connection com.mysql.cj.jdbc.ConnectionImpl@4112a9f7 (No operations allowed after connection closed.). Possibly consider using a shorter maxLifetime value.
2026-04-21 08:59:49.660 [http-nio-8080-exec-7] WARN  com.zaxxer.hikari.pool.PoolBase - HikariPool-1 - Failed to validate connection com.mysql.cj.jdbc.ConnectionImpl@189ee73b (No operations allowed after connection closed.). Possibly consider using a shorter maxLifetime value.
2026-04-21 09:05:06.777 [http-nio-8080-exec-12] WARN  com.zaxxer.hikari.pool.PoolBase - HikariPool-1 - Failed to validate connection com.mysql.cj.jdbc.ConnectionImpl@649ea68b (No operations allowed after connection closed.). Possibly consider using a shorter maxLifetime value.
2026-04-21 09:16:27.784 [http-nio-8080-exec-2] WARN  com.zaxxer.hikari.pool.PoolBase - HikariPool-1 - Failed to validate connection com.mysql.cj.jdbc.ConnectionImpl@234b2db0 (No operations allowed after connection closed.). Possibly consider using a shorter maxLifetime value.
2026-04-21 09:16:30.451 [http-nio-8080-exec-6] WARN  com.zaxxer.hikari.pool.PoolBase - HikariPool-1 - Failed to validate connection com.mysql.cj.jdbc.ConnectionImpl@19bcfb6c (No operations allowed after connection closed.). Possibly consider using a shorter maxLifetime value.
2026-04-21 09:16:32.422 [http-nio-8080-exec-14] WARN  com.zaxxer.hikari.pool.PoolBase - HikariPool-1 - Failed to validate connection com.mysql.cj.jdbc.ConnectionImpl@7ffe4e82 (No operations allowed after connection closed.). Possibly consider using a shorter maxLifetime value.
2026-04-21 09:16:32.792 [http-nio-8080-exec-2] WARN  com.zaxxer.hikari.pool.PoolBase - HikariPool-1 - Failed to validate connection com.mysql.cj.jdbc.ConnectionImpl@751325ef (No operations allowed after connection closed.). Possibly consider using a shorter maxLifetime value.
2026-04-21 09:16:32.948 [http-nio-8080-exec-10] WARN  com.zaxxer.hikari.pool.PoolBase - HikariPool-1 - Failed to validate connection com.mysql.cj.jdbc.ConnectionImpl@1d895380 (No operations allowed after connection closed.). Possibly consider using a shorter maxLifetime value.
2026-04-21 09:16:33.132 [http-nio-8080-exec-11] WARN  com.zaxxer.hikari.pool.PoolBase - HikariPool-1 - Failed to validate connection com.mysql.cj.jdbc.ConnectionImpl@2c5cdd47 (No operations allowed after connection closed.). Possibly consider using a shorter maxLifetime value.
2026-04-21 09:16:33.331 [http-nio-8080-exec-8] WARN  com.zaxxer.hikari.pool.PoolBase - HikariPool-1 - Failed to validate connection com.mysql.cj.jdbc.ConnectionImpl@612afe40 (No operations allowed after connection closed.). Possibly consider using a shorter maxLifetime value.
2026-04-21 09:16:35.459 [http-nio-8080-exec-6] WARN  com.zaxxer.hikari.pool.PoolBase - HikariPool-1 - Failed to validate connection com.mysql.cj.jdbc.ConnectionImpl@3b2f148f (No operations allowed after connection closed.). Possibly consider using a shorter maxLifetime value.
2026-04-21 09:16:37.424 [http-nio-8080-exec-14] WARN  com.zaxxer.hikari.pool.PoolBase - HikariPool-1 - Failed to validate connection com.mysql.cj.jdbc.ConnectionImpl@4ca79246 (No operations allowed after connection closed.). Possibly consider using a shorter maxLifetime value.
2026-04-21 09:16:37.806 [http-nio-8080-exec-2] WARN  com.zaxxer.hikari.pool.PoolBase - HikariPool-1 - Failed to validate connection com.mysql.cj.jdbc.ConnectionImpl@1ff969a (No operations allowed after connection closed.). Possibly consider using a shorter maxLifetime value.
2026-04-21 09:27:23.505 [http-nio-8080-exec-11] WARN  com.zaxxer.hikari.pool.PoolBase - HikariPool-1 - Failed to validate connection com.mysql.cj.jdbc.ConnectionImpl@153cb96e (No operations allowed after connection closed.). Possibly consider using a shorter maxLifetime value.
2026-04-21 09:27:28.523 [http-nio-8080-exec-11] WARN  com.zaxxer.hikari.pool.PoolBase - HikariPool-1 - Failed to validate connection com.mysql.cj.jdbc.ConnectionImpl@55db8c30 (No operations allowed after connection closed.). Possibly consider using a shorter maxLifetime value.
2026-04-21 09:27:29.277 [http-nio-8080-exec-3] WARN  com.zaxxer.hikari.pool.PoolBase - HikariPool-1 - Failed to validate connection com.mysql.cj.jdbc.ConnectionImpl@697fcae9 (No operations allowed after connection closed.). Possibly consider using a shorter maxLifetime value.
2026-04-21 09:27:33.368 [http-nio-8080-exec-8] WARN  com.zaxxer.hikari.pool.PoolBase - HikariPool-1 - Failed to validate connection com.mysql.cj.jdbc.ConnectionImpl@3e7c783e (No operations allowed after connection closed.). Possibly consider using a shorter maxLifetime value.
2026-04-21 09:27:33.534 [http-nio-8080-exec-11] WARN  com.zaxxer.hikari.pool.PoolBase - HikariPool-1 - Failed to validate connection com.mysql.cj.jdbc.ConnectionImpl@55897ded (No operations allowed after connection closed.). Possibly consider using a shorter maxLifetime value.
2026-04-21 09:27:34.288 [http-nio-8080-exec-3] WARN  com.zaxxer.hikari.pool.PoolBase - HikariPool-1 - Failed to validate connection com.mysql.cj.jdbc.ConnectionImpl@37f98e33 (No operations allowed after connection closed.). Possibly consider using a shorter maxLifetime value.
2026-04-21 09:27:38.371 [http-nio-8080-exec-8] WARN  com.zaxxer.hikari.pool.PoolBase - HikariPool-1 - Failed to validate connection com.mysql.cj.jdbc.ConnectionImpl@34a4f248 (No operations allowed after connection closed.). Possibly consider using a shorter maxLifetime value.
2026-04-21 09:27:38.540 [http-nio-8080-exec-11] WARN  com.zaxxer.hikari.pool.PoolBase - HikariPool-1 - Failed to validate connection com.mysql.cj.jdbc.ConnectionImpl@4020486a (No operations allowed after connection closed.). Possibly consider using a shorter maxLifetime value.
2026-04-21 09:27:38.670 [http-nio-8080-exec-11] WARN  o.s.w.s.m.m.a.ExceptionHandlerExceptionResolver - Failure in @ExceptionHandler com.markdown.editor.exception.GlobalExceptionHandler#handleException(Exception)
org.apache.catalina.connector.ClientAbortException: java.io.IOException: Connection reset by peer
	at org.apache.catalina.connector.OutputBuffer.doFlush(OutputBuffer.java:309)
	at org.apache.catalina.connector.OutputBuffer.flush(OutputBuffer.java:271)
	at org.apache.catalina.connector.CoyoteOutputStream.flush(CoyoteOutputStream.java:120)
	at org.springframework.security.web.util.OnCommittedResponseWrapper$SaveContextServletOutputStream.flush(OnCommittedResponseWrapper.java:523)
	at java.base/java.io.FilterOutputStream.flush(FilterOutputStream.java:153)
	at com.fasterxml.jackson.core.json.UTF8JsonGenerator.flush(UTF8JsonGenerator.java:1187)
	at com.fasterxml.jackson.databind.ObjectWriter.writeValue(ObjectWriter.java:1009)
	at org.springframework.http.converter.json.AbstractJackson2HttpMessageConverter.writeInternal(AbstractJackson2HttpMessageConverter.java:456)
	at org.springframework.http.converter.AbstractGenericHttpMessageConverter.write(AbstractGenericHttpMessageConverter.java:104)
	at org.springframework.web.servlet.mvc.method.annotation.AbstractMessageConverterMethodProcessor.writeWithMessageConverters(AbstractMessageConverterMethodProcessor.java:290)
	at org.springframework.web.servlet.mvc.method.annotation.HttpEntityMethodProcessor.handleReturnValue(HttpEntityMethodProcessor.java:219)
	at org.springframework.web.method.support.HandlerMethodReturnValueHandlerComposite.handleReturnValue(HandlerMethodReturnValueHandlerComposite.java:78)
	at org.springframework.web.servlet.mvc.method.annotation.ServletInvocableHandlerMethod.invokeAndHandle(ServletInvocableHandlerMethod.java:135)
	at org.springframework.web.servlet.mvc.method.annotation.ExceptionHandlerExceptionResolver.doResolveHandlerMethodException(ExceptionHandlerExceptionResolver.java:428)
	at org.springframework.web.servlet.handler.AbstractHandlerMethodExceptionResolver.doResolveException(AbstractHandlerMethodExceptionResolver.java:75)
	at org.springframework.web.servlet.handler.AbstractHandlerExceptionResolver.resolveException(AbstractHandlerExceptionResolver.java:142)
	at org.springframework.web.servlet.handler.HandlerExceptionResolverComposite.resolveException(HandlerExceptionResolverComposite.java:80)
	at org.springframework.web.servlet.DispatcherServlet.processHandlerException(DispatcherServlet.java:1332)
	at org.springframework.web.servlet.DispatcherServlet.processDispatchResult(DispatcherServlet.java:1143)
	at org.springframework.web.servlet.DispatcherServlet.doDispatch(DispatcherServlet.java:1089)
	at org.springframework.web.servlet.DispatcherServlet.doService(DispatcherServlet.java:965)
	at org.springframework.web.servlet.FrameworkServlet.processRequest(FrameworkServlet.java:1006)
	at org.springframework.web.servlet.FrameworkServlet.doGet(FrameworkServlet.java:898)
	at javax.servlet.http.HttpServlet.service(HttpServlet.java:529)
	at org.springframework.web.servlet.FrameworkServlet.service(FrameworkServlet.java:883)
	at javax.servlet.http.HttpServlet.service(HttpServlet.java:623)
	at org.apache.catalina.core.ApplicationFilterChain.internalDoFilter(ApplicationFilterChain.java:209)
	at org.apache.catalina.core.ApplicationFilterChain.doFilter(ApplicationFilterChain.java:153)
	at org.apache.tomcat.websocket.server.WsFilter.doFilter(WsFilter.java:51)
	at org.apache.catalina.core.ApplicationFilterChain.internalDoFilter(ApplicationFilterChain.java:178)
	at org.apache.catalina.core.ApplicationFilterChain.doFilter(ApplicationFilterChain.java:153)
	at org.springframework.web.filter.OncePerRequestFilter.doFilter(OncePerRequestFilter.java:111)
	at org.apache.catalina.core.ApplicationFilterChain.internalDoFilter(ApplicationFilterChain.java:178)
	at org.apache.catalina.core.ApplicationFilterChain.doFilter(ApplicationFilterChain.java:153)
	at org.springframework.web.filter.OncePerRequestFilter.doFilter(OncePerRequestFilter.java:111)
	at org.apache.catalina.core.ApplicationFilterChain.internalDoFilter(ApplicationFilterChain.java:178)
	at org.apache.catalina.core.ApplicationFilterChain.doFilter(ApplicationFilterChain.java:153)
	at org.springframework.security.web.FilterChainProxy$VirtualFilterChain.doFilter(FilterChainProxy.java:337)
	at org.springframework.security.web.access.intercept.FilterSecurityInterceptor.invoke(FilterSecurityInterceptor.java:115)
	at org.springframework.security.web.access.intercept.FilterSecurityInterceptor.doFilter(FilterSecurityInterceptor.java:81)
	at org.springframework.security.web.FilterChainProxy$VirtualFilterChain.doFilter(FilterChainProxy.java:346)
	at org.springframework.security.web.access.ExceptionTranslationFilter.doFilter(ExceptionTranslationFilter.java:122)
	at org.springframework.security.web.access.ExceptionTranslationFilter.doFilter(ExceptionTranslationFilter.java:116)
	at org.springframework.security.web.FilterChainProxy$VirtualFilterChain.doFilter(FilterChainProxy.java:346)
	at org.springframework.security.web.session.SessionManagementFilter.doFilter(SessionManagementFilter.java:126)
	at org.springframework.security.web.session.SessionManagementFilter.doFilter(SessionManagementFilter.java:81)
	at org.springframework.security.web.FilterChainProxy$VirtualFilterChain.doFilter(FilterChainProxy.java:346)
	at org.springframework.security.web.authentication.AnonymousAuthenticationFilter.doFilter(AnonymousAuthenticationFilter.java:109)
	at org.springframework.security.web.FilterChainProxy$VirtualFilterChain.doFilter(FilterChainProxy.java:346)
	at org.springframework.security.web.servletapi.SecurityContextHolderAwareRequestFilter.doFilter(SecurityContextHolderAwareRequestFilter.java:149)
	at org.springframework.security.web.FilterChainProxy$VirtualFilterChain.doFilter(FilterChainProxy.java:346)
	at org.springframework.security.web.savedrequest.RequestCacheAwareFilter.doFilter(RequestCacheAwareFilter.java:63)
	at org.springframework.security.web.FilterChainProxy$VirtualFilterChain.doFilter(FilterChainProxy.java:346)
	at com.markdown.editor.filter.JwtAuthenticationFilter.doFilterInternal(JwtAuthenticationFilter.java:52)
	at org.springframework.web.filter.OncePerRequestFilter.doFilter(OncePerRequestFilter.java:117)
	at org.springframework.security.web.FilterChainProxy$VirtualFilterChain.doFilter(FilterChainProxy.java:346)
	at org.springframework.security.web.authentication.logout.LogoutFilter.doFilter(LogoutFilter.java:103)
	at org.springframework.security.web.authentication.logout.LogoutFilter.doFilter(LogoutFilter.java:89)
	at org.springframework.security.web.FilterChainProxy$VirtualFilterChain.doFilter(FilterChainProxy.java:346)
	at org.springframework.web.filter.CorsFilter.doFilterInternal(CorsFilter.java:91)
	at org.springframework.web.filter.OncePerRequestFilter.doFilter(OncePerRequestFilter.java:117)
	at org.springframework.security.web.FilterChainProxy$VirtualFilterChain.doFilter(FilterChainProxy.java:346)
	at org.springframework.security.web.header.HeaderWriterFilter.doHeadersAfter(HeaderWriterFilter.java:90)
	at org.springframework.security.web.header.HeaderWriterFilter.doFilterInternal(HeaderWriterFilter.java:75)
	at org.springframework.web.filter.OncePerRequestFilter.doFilter(OncePerRequestFilter.java:117)
	at org.springframework.security.web.FilterChainProxy$VirtualFilterChain.doFilter(FilterChainProxy.java:346)
	at org.springframework.security.web.context.SecurityContextPersistenceFilter.doFilter(SecurityContextPersistenceFilter.java:112)
	at org.springframework.security.web.context.SecurityContextPersistenceFilter.doFilter(SecurityContextPersistenceFilter.java:82)
	at org.springframework.security.web.FilterChainProxy$VirtualFilterChain.doFilter(FilterChainProxy.java:346)
	at org.springframework.security.web.context.request.async.WebAsyncManagerIntegrationFilter.doFilterInternal(WebAsyncManagerIntegrationFilter.java:55)
	at org.springframework.web.filter.OncePerRequestFilter.doFilter(OncePerRequestFilter.java:117)
	at org.springframework.security.web.FilterChainProxy$VirtualFilterChain.doFilter(FilterChainProxy.java:346)
	at org.springframework.security.web.session.DisableEncodeUrlFilter.doFilterInternal(DisableEncodeUrlFilter.java:42)
	at org.springframework.web.filter.OncePerRequestFilter.doFilter(OncePerRequestFilter.java:117)
	at org.springframework.security.web.FilterChainProxy$VirtualFilterChain.doFilter(FilterChainProxy.java:346)
	at org.springframework.security.web.FilterChainProxy.doFilterInternal(FilterChainProxy.java:221)
	at org.springframework.security.web.FilterChainProxy.doFilter(FilterChainProxy.java:186)
	at org.springframework.web.filter.DelegatingFilterProxy.invokeDelegate(DelegatingFilterProxy.java:354)
	at org.springframework.web.filter.DelegatingFilterProxy.doFilter(DelegatingFilterProxy.java:267)
	at org.apache.catalina.core.ApplicationFilterChain.internalDoFilter(ApplicationFilterChain.java:178)
	at org.apache.catalina.core.ApplicationFilterChain.doFilter(ApplicationFilterChain.java:153)
	at org.springframework.web.filter.RequestContextFilter.doFilterInternal(RequestContextFilter.java:100)
	at org.springframework.web.filter.OncePerRequestFilter.doFilter(OncePerRequestFilter.java:117)
	at org.apache.catalina.core.ApplicationFilterChain.internalDoFilter(ApplicationFilterChain.java:178)
	at org.apache.catalina.core.ApplicationFilterChain.doFilter(ApplicationFilterChain.java:153)
	at org.springframework.web.filter.FormContentFilter.doFilterInternal(FormContentFilter.java:93)
	at org.springframework.web.filter.OncePerRequestFilter.doFilter(OncePerRequestFilter.java:117)
	at org.apache.catalina.core.ApplicationFilterChain.internalDoFilter(ApplicationFilterChain.java:178)
	at org.apache.catalina.core.ApplicationFilterChain.doFilter(ApplicationFilterChain.java:153)
	at org.springframework.web.filter.CharacterEncodingFilter.doFilterInternal(CharacterEncodingFilter.java:201)
	at org.springframework.web.filter.OncePerRequestFilter.doFilter(OncePerRequestFilter.java:117)
	at org.apache.catalina.core.ApplicationFilterChain.internalDoFilter(ApplicationFilterChain.java:178)
	at org.apache.catalina.core.ApplicationFilterChain.doFilter(ApplicationFilterChain.java:153)
	at org.apache.catalina.core.StandardWrapperValve.invoke(StandardWrapperValve.java:167)
	at org.apache.catalina.core.StandardContextValve.invoke(StandardContextValve.java:90)
	at org.apache.catalina.authenticator.AuthenticatorBase.invoke(AuthenticatorBase.java:481)
	at org.apache.catalina.core.StandardHostValve.invoke(StandardHostValve.java:130)
	at org.apache.catalina.valves.ErrorReportValve.invoke(ErrorReportValve.java:93)
	at org.apache.catalina.core.StandardEngineValve.invoke(StandardEngineValve.java:74)
	at org.apache.catalina.connector.CoyoteAdapter.service(CoyoteAdapter.java:343)
	at org.apache.coyote.http11.Http11Processor.service(Http11Processor.java:390)
	at org.apache.coyote.AbstractProcessorLight.process(AbstractProcessorLight.java:63)
	at org.apache.coyote.AbstractProtocol$ConnectionHandler.process(AbstractProtocol.java:926)
	at org.apache.tomcat.util.net.NioEndpoint$SocketProcessor.doRun(NioEndpoint.java:1791)
	at org.apache.tomcat.util.net.SocketProcessorBase.run(SocketProcessorBase.java:52)
	at org.apache.tomcat.util.threads.ThreadPoolExecutor.runWorker(ThreadPoolExecutor.java:1191)
	at org.apache.tomcat.util.threads.ThreadPoolExecutor$Worker.run(ThreadPoolExecutor.java:659)
	at org.apache.tomcat.util.threads.TaskThread$WrappingRunnable.run(TaskThread.java:61)
	at java.base/java.lang.Thread.run(Thread.java:842)
Caused by: java.io.IOException: Connection reset by peer
	at java.base/sun.nio.ch.SocketDispatcher.write0(Native Method)
	at java.base/sun.nio.ch.SocketDispatcher.write(SocketDispatcher.java:54)
	at java.base/sun.nio.ch.IOUtil.writeFromNativeBuffer(IOUtil.java:132)
	at java.base/sun.nio.ch.IOUtil.write(IOUtil.java:97)
	at java.base/sun.nio.ch.IOUtil.write(IOUtil.java:53)
	at java.base/sun.nio.ch.SocketChannelImpl.write(SocketChannelImpl.java:532)
	at org.apache.tomcat.util.net.NioChannel.write(NioChannel.java:136)
	at org.apache.tomcat.util.net.NioEndpoint$NioSocketWrapper.doWrite(NioEndpoint.java:1431)
	at org.apache.tomcat.util.net.SocketWrapperBase.doWrite(SocketWrapperBase.java:775)
	at org.apache.tomcat.util.net.SocketWrapperBase.flushBlocking(SocketWrapperBase.java:739)
	at org.apache.tomcat.util.net.SocketWrapperBase.flush(SocketWrapperBase.java:723)
	at org.apache.coyote.http11.Http11OutputBuffer$SocketOutputBuffer.flush(Http11OutputBuffer.java:566)
	at org.apache.coyote.http11.filters.ChunkedOutputFilter.flush(ChunkedOutputFilter.java:157)
	at org.apache.coyote.http11.Http11OutputBuffer.flush(Http11OutputBuffer.java:220)
	at org.apache.coyote.http11.Http11Processor.flush(Http11Processor.java:1246)
	at org.apache.coyote.AbstractProcessor.action(AbstractProcessor.java:398)
	at org.apache.coyote.Response.action(Response.java:207)
	at org.apache.catalina.connector.OutputBuffer.doFlush(OutputBuffer.java:305)
	... 108 common frames omitted
2026-04-21 09:27:39.295 [http-nio-8080-exec-3] WARN  com.zaxxer.hikari.pool.PoolBase - HikariPool-1 - Failed to validate connection com.mysql.cj.jdbc.ConnectionImpl@4c47d7db (No operations allowed after connection closed.). Possibly consider using a shorter maxLifetime value.
2026-04-21 09:27:39.896 [http-nio-8080-exec-6] WARN  com.zaxxer.hikari.pool.PoolBase - HikariPool-1 - Failed to validate connection com.mysql.cj.jdbc.ConnectionImpl@e54d1db (No operations allowed after connection closed.). Possibly consider using a shorter maxLifetime value.
2026-04-21 09:39:35.984 [main] WARN  o.s.b.w.s.c.AnnotationConfigServletWebServerApplicationContext - Exception encountered during context initialization - cancelling refresh attempt: org.springframework.context.ApplicationContextException: Failed to start bean 'webServerStartStop'; nested exception is org.springframework.boot.web.server.PortInUseException: Port 8080 is already in use
2026-04-21 09:41:52.603 [main] WARN  o.s.b.w.s.c.AnnotationConfigServletWebServerApplicationContext - Exception encountered during context initialization - cancelling refresh attempt: org.springframework.context.ApplicationContextException: Failed to start bean 'webServerStartStop'; nested exception is org.springframework.boot.web.server.PortInUseException: Port 8080 is already in use
2026-04-21 09:46:53.796 [main] WARN  o.s.b.w.s.c.AnnotationConfigServletWebServerApplicationContext - Exception encountered during context initialization - cancelling refresh attempt: org.springframework.context.ApplicationContextException: Failed to start bean 'webServerStartStop'; nested exception is org.springframework.boot.web.server.PortInUseException: Port 8080 is already in use
2026-04-21 09:49:58.824 [main] WARN  o.s.b.w.s.c.AnnotationConfigServletWebServerApplicationContext - Exception encountered during context initialization - cancelling refresh attempt: org.springframework.context.ApplicationContextException: Failed to start bean 'webServerStartStop'; nested exception is org.springframework.boot.web.server.PortInUseException: Port 8080 is already in use
2026-04-21 09:52:48.166 [main] WARN  o.s.b.w.s.c.AnnotationConfigServletWebServerApplicationContext - Exception encountered during context initialization - cancelling refresh attempt: org.springframework.context.ApplicationContextException: Failed to start bean 'webServerStartStop'; nested exception is org.springframework.boot.web.server.PortInUseException: Port 8080 is already in use
2026-04-21 09:55:50.041 [main] WARN  o.s.b.w.s.c.AnnotationConfigServletWebServerApplicationContext - Exception encountered during context initialization - cancelling refresh attempt: org.springframework.context.ApplicationContextException: Failed to start bean 'webServerStartStop'; nested exception is org.springframework.boot.web.server.PortInUseException: Port 8080 is already in use
2026-04-21 10:00:14.415 [main] WARN  o.s.b.w.s.c.AnnotationConfigServletWebServerApplicationContext - Exception encountered during context initialization - cancelling refresh attempt: org.springframework.context.ApplicationContextException: Failed to start bean 'webServerStartStop'; nested exception is org.springframework.boot.web.server.PortInUseException: Port 8080 is already in use
2026-04-21 10:02:11.346 [main] WARN  o.s.b.w.s.c.AnnotationConfigServletWebServerApplicationContext - Exception encountered during context initialization - cancelling refresh attempt: org.springframework.context.ApplicationContextException: Failed to start bean 'webServerStartStop'; nested exception is org.springframework.boot.web.server.PortInUseException: Port 8080 is already in use
2026-04-21 10:05:07.018 [main] WARN  o.s.b.w.s.c.AnnotationConfigServletWebServerApplicationContext - Exception encountered during context initialization - cancelling refresh attempt: org.springframework.context.ApplicationContextException: Failed to start bean 'webServerStartStop'; nested exception is org.springframework.boot.web.server.PortInUseException: Port 8080 is already in use
2026-04-21 10:07:06.690 [main] WARN  o.s.b.w.s.c.AnnotationConfigServletWebServerApplicationContext - Exception encountered during context initialization - cancelling refresh attempt: org.springframework.context.ApplicationContextException: Failed to start bean 'webServerStartStop'; nested exception is org.springframework.boot.web.server.PortInUseException: Port 8080 is already in use
2026-04-21 10:10:13.329 [main] WARN  o.s.b.w.s.c.AnnotationConfigServletWebServerApplicationContext - Exception encountered during context initialization - cancelling refresh attempt: org.springframework.context.ApplicationContextException: Failed to start bean 'webServerStartStop'; nested exception is org.springframework.boot.web.server.PortInUseException: Port 8080 is already in use
2026-04-21 10:15:51.585 [http-nio-8080-exec-9] WARN  com.zaxxer.hikari.pool.PoolBase - HikariPool-1 - Failed to validate connection com.mysql.cj.jdbc.ConnectionImpl@6f65445f (No operations allowed after connection closed.). Possibly consider using a shorter maxLifetime value.
2026-04-21 10:16:33.396 [http-nio-8080-exec-11] WARN  com.zaxxer.hikari.pool.PoolBase - HikariPool-1 - Failed to validate connection com.mysql.cj.jdbc.ConnectionImpl@a3e6fb2 (No operations allowed after connection closed.). Possibly consider using a shorter maxLifetime value.
2026-04-21 10:21:11.783 [http-nio-8080-exec-6] WARN  com.zaxxer.hikari.pool.PoolBase - HikariPool-1 - Failed to validate connection com.mysql.cj.jdbc.ConnectionImpl@29902335 (No operations allowed after connection closed.). Possibly consider using a shorter maxLifetime value.
2026-04-21 10:21:51.921 [http-nio-8080-exec-4] WARN  com.zaxxer.hikari.pool.PoolBase - HikariPool-1 - Failed to validate connection com.mysql.cj.jdbc.ConnectionImpl@2290e42b (No operations allowed after connection closed.). Possibly consider using a shorter maxLifetime value.
2026-04-21 10:21:52.106 [http-nio-8080-exec-11] WARN  com.zaxxer.hikari.pool.PoolBase - HikariPool-1 - Failed to validate connection com.mysql.cj.jdbc.ConnectionImpl@110d4317 (No operations allowed after connection closed.). Possibly consider using a shorter maxLifetime value.
2026-04-21 10:21:52.323 [http-nio-8080-exec-10] WARN  com.zaxxer.hikari.pool.PoolBase - HikariPool-1 - Failed to validate connection com.mysql.cj.jdbc.ConnectionImpl@6430a1d6 (No operations allowed after connection closed.). Possibly consider using a shorter maxLifetime value.
2026-04-21 10:21:53.129 [http-nio-8080-exec-3] WARN  com.zaxxer.hikari.pool.PoolBase - HikariPool-1 - Failed to validate connection com.mysql.cj.jdbc.ConnectionImpl@d75c100 (No operations allowed after connection closed.). Possibly consider using a shorter maxLifetime value.
2026-04-21 10:21:57.027 [http-nio-8080-exec-5] WARN  com.zaxxer.hikari.pool.PoolBase - HikariPool-1 - Failed to validate connection com.mysql.cj.jdbc.ConnectionImpl@153289fb (No operations allowed after connection closed.). Possibly consider using a shorter maxLifetime value.
2026-04-21 10:21:57.120 [http-nio-8080-exec-11] WARN  com.zaxxer.hikari.pool.PoolBase - HikariPool-1 - Failed to validate connection com.mysql.cj.jdbc.ConnectionImpl@4567afc8 (No operations allowed after connection closed.). Possibly consider using a shorter maxLifetime value.
2026-04-21 10:21:57.394 [http-nio-8080-exec-6] WARN  com.zaxxer.hikari.pool.PoolBase - HikariPool-1 - Failed to validate connection com.mysql.cj.jdbc.ConnectionImpl@1246c443 (No operations allowed after connection closed.). Possibly consider using a shorter maxLifetime value.
2026-04-21 10:22:02.127 [http-nio-8080-exec-9] WARN  com.zaxxer.hikari.pool.PoolBase - HikariPool-1 - Failed to validate connection com.mysql.cj.jdbc.ConnectionImpl@7331d84e (No operations allowed after connection closed.). Possibly consider using a shorter maxLifetime value.
2026-04-21 10:42:32.601 [main] WARN  o.s.b.w.s.c.AnnotationConfigServletWebServerApplicationContext - Exception encountered during context initialization - cancelling refresh attempt: org.springframework.context.ApplicationContextException: Failed to start bean 'webServerStartStop'; nested exception is org.springframework.boot.web.server.PortInUseException: Port 8080 is already in use
2026-04-21 11:04:03.919 [http-nio-8080-exec-6] WARN  com.zaxxer.hikari.pool.PoolBase - HikariPool-1 - Failed to validate connection com.mysql.cj.jdbc.ConnectionImpl@4b8a4323 (No operations allowed after connection closed.). Possibly consider using a shorter maxLifetime value.
2026-04-21 11:04:08.948 [http-nio-8080-exec-6] WARN  com.zaxxer.hikari.pool.PoolBase - HikariPool-1 - Failed to validate connection com.mysql.cj.jdbc.ConnectionImpl@22776162 (No operations allowed after connection closed.). Possibly consider using a shorter maxLifetime value.
2026-04-21 11:04:13.952 [http-nio-8080-exec-6] WARN  com.zaxxer.hikari.pool.PoolBase - HikariPool-1 - Failed to validate connection com.mysql.cj.jdbc.ConnectionImpl@6484270c (No operations allowed after connection closed.). Possibly consider using a shorter maxLifetime value.
2026-04-21 11:04:18.960 [http-nio-8080-exec-6] WARN  com.zaxxer.hikari.pool.PoolBase - HikariPool-1 - Failed to validate connection com.mysql.cj.jdbc.ConnectionImpl@178cea19 (No operations allowed after connection closed.). Possibly consider using a shorter maxLifetime value.
2026-04-21 11:04:23.977 [http-nio-8080-exec-6] WARN  com.zaxxer.hikari.pool.PoolBase - HikariPool-1 - Failed to validate connection com.mysql.cj.jdbc.ConnectionImpl@3618cdbd (No operations allowed after connection closed.). Possibly consider using a shorter maxLifetime value.
2026-04-21 11:04:28.984 [http-nio-8080-exec-6] WARN  com.zaxxer.hikari.pool.PoolBase - HikariPool-1 - Failed to validate connection com.mysql.cj.jdbc.ConnectionImpl@44573918 (No operations allowed after connection closed.). Possibly consider using a shorter maxLifetime value.
2026-04-21 11:04:30.390 [http-nio-8080-exec-7] WARN  com.zaxxer.hikari.pool.PoolBase - HikariPool-1 - Failed to validate connection com.mysql.cj.jdbc.ConnectionImpl@3f8295e5 (No operations allowed after connection closed.). Possibly consider using a shorter maxLifetime value.
2026-04-21 11:04:35.398 [http-nio-8080-exec-7] WARN  com.zaxxer.hikari.pool.PoolBase - HikariPool-1 - Failed to validate connection com.mysql.cj.jdbc.ConnectionImpl@4e4b1fae (No operations allowed after connection closed.). Possibly consider using a shorter maxLifetime value.
2026-04-21 11:04:40.403 [http-nio-8080-exec-7] WARN  com.zaxxer.hikari.pool.PoolBase - HikariPool-1 - Failed to validate connection com.mysql.cj.jdbc.ConnectionImpl@4b8c457a (No operations allowed after connection closed.). Possibly consider using a shorter maxLifetime value.
2026-04-21 11:04:45.421 [http-nio-8080-exec-7] WARN  com.zaxxer.hikari.pool.PoolBase - HikariPool-1 - Failed to validate connection com.mysql.cj.jdbc.ConnectionImpl@76aa1993 (No operations allowed after connection closed.). Possibly consider using a shorter maxLifetime value.
2026-04-21 11:04:51.868 [http-nio-8080-exec-10] WARN  c.m.e.controller.DocumentController - 用户[wang]尝试取消未点赞的文档，文档ID: 145
2026-04-21 11:05:02.853 [http-nio-8080-exec-10] WARN  c.m.e.controller.DocumentController - 用户[wang]尝试重复点赞，文档ID: 145
2026-04-21 11:05:03.561 [http-nio-8080-exec-9] WARN  c.m.e.controller.DocumentController - 用户[wang]尝试重复点赞，文档ID: 145
2026-04-21 11:05:03.730 [http-nio-8080-exec-1] WARN  c.m.e.controller.DocumentController - 用户[wang]尝试重复点赞，文档ID: 145
2026-04-21 11:05:03.929 [http-nio-8080-exec-4] WARN  c.m.e.controller.DocumentController - 用户[wang]尝试重复点赞，文档ID: 145
2026-04-21 11:05:04.099 [http-nio-8080-exec-3] WARN  c.m.e.controller.DocumentController - 用户[wang]尝试重复点赞，文档ID: 145
2026-04-21 11:05:14.667 [http-nio-8080-exec-8] WARN  c.m.e.controller.DocumentController - 用户[wang]尝试重复点赞，文档ID: 145
2026-04-21 11:15:17.472 [http-nio-8080-exec-5] WARN  c.m.e.controller.DocumentController - 用户[wang]尝试重复点赞，文档ID: 231
2026-04-21 11:15:33.288 [http-nio-8080-exec-6] WARN  c.m.e.controller.DocumentController - 用户[wang]尝试取消未点赞的文档，文档ID: 231
2026-04-21 11:15:40.429 [http-nio-8080-exec-1] WARN  c.m.e.controller.DocumentController - 用户[wang]尝试取消未点赞的文档，文档ID: 231
2026-04-21 11:15:41.630 [http-nio-8080-exec-10] WARN  c.m.e.controller.DocumentController - 用户[wang]尝试取消未点赞的文档，文档ID: 231
2026-04-21 11:15:41.805 [http-nio-8080-exec-4] WARN  c.m.e.controller.DocumentController - 用户[wang]尝试取消未点赞的文档，文档ID: 231
2026-04-21 11:15:41.946 [http-nio-8080-exec-3] WARN  c.m.e.controller.DocumentController - 用户[wang]尝试取消未点赞的文档，文档ID: 231
2026-04-21 11:15:42.142 [http-nio-8080-exec-2] WARN  c.m.e.controller.DocumentController - 用户[wang]尝试取消未点赞的文档，文档ID: 231
2026-04-21 11:22:31.547 [http-nio-8080-exec-5] WARN  com.zaxxer.hikari.pool.PoolBase - HikariPool-1 - Failed to validate connection com.mysql.cj.jdbc.ConnectionImpl@c2c1a34 (No operations allowed after connection closed.). Possibly consider using a shorter maxLifetime value.
2026-04-21 11:22:36.566 [http-nio-8080-exec-5] WARN  com.zaxxer.hikari.pool.PoolBase - HikariPool-1 - Failed to validate connection com.mysql.cj.jdbc.ConnectionImpl@52a3320b (No operations allowed after connection closed.). Possibly consider using a shorter maxLifetime value.
2026-04-21 11:22:37.473 [http-nio-8080-exec-6] WARN  com.zaxxer.hikari.pool.PoolBase - HikariPool-1 - Failed to validate connection com.mysql.cj.jdbc.ConnectionImpl@1cd2cab9 (No operations allowed after connection closed.). Possibly consider using a shorter maxLifetime value.
2026-04-21 11:22:41.569 [http-nio-8080-exec-5] WARN  com.zaxxer.hikari.pool.PoolBase - HikariPool-1 - Failed to validate connection com.mysql.cj.jdbc.ConnectionImpl@3ffb3802 (No operations allowed after connection closed.). Possibly consider using a shorter maxLifetime value.
2026-04-21 11:22:42.482 [http-nio-8080-exec-6] WARN  com.zaxxer.hikari.pool.PoolBase - HikariPool-1 - Failed to validate connection com.mysql.cj.jdbc.ConnectionImpl@895a951 (No operations allowed after connection closed.). Possibly consider using a shorter maxLifetime value.
2026-04-21 11:22:46.572 [http-nio-8080-exec-5] WARN  com.zaxxer.hikari.pool.PoolBase - HikariPool-1 - Failed to validate connection com.mysql.cj.jdbc.ConnectionImpl@235a7654 (No operations allowed after connection closed.). Possibly consider using a shorter maxLifetime value.
2026-04-21 11:22:47.484 [http-nio-8080-exec-6] WARN  com.zaxxer.hikari.pool.PoolBase - HikariPool-1 - Failed to validate connection com.mysql.cj.jdbc.ConnectionImpl@15fe0da (No operations allowed after connection closed.). Possibly consider using a shorter maxLifetime value.
2026-04-21 11:22:51.582 [http-nio-8080-exec-5] WARN  com.zaxxer.hikari.pool.PoolBase - HikariPool-1 - Failed to validate connection com.mysql.cj.jdbc.ConnectionImpl@75b3ed18 (No operations allowed after connection closed.). Possibly consider using a shorter maxLifetime value.
2026-04-21 11:22:52.491 [http-nio-8080-exec-6] WARN  com.zaxxer.hikari.pool.PoolBase - HikariPool-1 - Failed to validate connection com.mysql.cj.jdbc.ConnectionImpl@74a17f42 (No operations allowed after connection closed.). Possibly consider using a shorter maxLifetime value.
2026-04-21 11:22:56.592 [http-nio-8080-exec-5] WARN  com.zaxxer.hikari.pool.PoolBase - HikariPool-1 - Failed to validate connection com.mysql.cj.jdbc.ConnectionImpl@369d1da (No operations allowed after connection closed.). Possibly consider using a shorter maxLifetime value.
2026-04-21 11:30:02.012 [http-nio-8080-exec-6] WARN  com.zaxxer.hikari.pool.PoolBase - HikariPool-1 - Failed to validate connection com.mysql.cj.jdbc.ConnectionImpl@85db218 (No operations allowed after connection closed.). Possibly consider using a shorter maxLifetime value.
2026-04-21 11:30:07.026 [http-nio-8080-exec-6] WARN  com.zaxxer.hikari.pool.PoolBase - HikariPool-1 - Failed to validate connection com.mysql.cj.jdbc.ConnectionImpl@70ceda5 (No operations allowed after connection closed.). Possibly consider using a shorter maxLifetime value.
2026-04-21 11:30:12.043 [http-nio-8080-exec-6] WARN  com.zaxxer.hikari.pool.PoolBase - HikariPool-1 - Failed to validate connection com.mysql.cj.jdbc.ConnectionImpl@495ab6ac (No operations allowed after connection closed.). Possibly consider using a shorter maxLifetime value.
2026-04-21 11:30:17.058 [http-nio-8080-exec-6] WARN  com.zaxxer.hikari.pool.PoolBase - HikariPool-1 - Failed to validate connection com.mysql.cj.jdbc.ConnectionImpl@126cf773 (No operations allowed after connection closed.). Possibly consider using a shorter maxLifetime value.
2026-04-21 11:30:22.074 [http-nio-8080-exec-6] WARN  com.zaxxer.hikari.pool.PoolBase - HikariPool-1 - Failed to validate connection com.mysql.cj.jdbc.ConnectionImpl@8c6542b (No operations allowed after connection closed.). Possibly consider using a shorter maxLifetime value.
2026-04-21 11:30:24.506 [http-nio-8080-exec-7] WARN  com.zaxxer.hikari.pool.PoolBase - HikariPool-1 - Failed to validate connection com.mysql.cj.jdbc.ConnectionImpl@3a958fec (No operations allowed after connection closed.). Possibly consider using a shorter maxLifetime value.
2026-04-21 11:30:27.088 [http-nio-8080-exec-6] WARN  com.zaxxer.hikari.pool.PoolBase - HikariPool-1 - Failed to validate connection com.mysql.cj.jdbc.ConnectionImpl@657b45c7 (No operations allowed after connection closed.). Possibly consider using a shorter maxLifetime value.
2026-04-21 11:30:29.521 [http-nio-8080-exec-7] WARN  com.zaxxer.hikari.pool.PoolBase - HikariPool-1 - Failed to validate connection com.mysql.cj.jdbc.ConnectionImpl@744243e6 (No operations allowed after connection closed.). Possibly consider using a shorter maxLifetime value.
2026-04-21 11:30:34.536 [http-nio-8080-exec-7] WARN  com.zaxxer.hikari.pool.PoolBase - HikariPool-1 - Failed to validate connection com.mysql.cj.jdbc.ConnectionImpl@6964336 (No operations allowed after connection closed.). Possibly consider using a shorter maxLifetime value.
2026-04-21 11:30:39.546 [http-nio-8080-exec-7] WARN  com.zaxxer.hikari.pool.PoolBase - HikariPool-1 - Failed to validate connection com.mysql.cj.jdbc.ConnectionImpl@47dbebc5 (No operations allowed after connection closed.). Possibly consider using a shorter maxLifetime value.
2026-04-21 11:31:05.451 [http-nio-8080-exec-6] WARN  c.m.e.controller.DocumentController - 用户[wang]尝试重复点赞，文档ID: 231
2026-04-21 11:31:06.024 [http-nio-8080-exec-7] WARN  c.m.e.controller.DocumentController - 用户[wang]尝试重复点赞，文档ID: 231
2026-04-21 11:31:06.207 [http-nio-8080-exec-8] WARN  c.m.e.controller.DocumentController - 用户[wang]尝试重复点赞，文档ID: 231
2026-04-21 11:31:06.394 [http-nio-8080-exec-9] WARN  c.m.e.controller.DocumentController - 用户[wang]尝试重复点赞，文档ID: 231
2026-04-21 11:36:59.692 [http-nio-8080-exec-1] WARN  com.zaxxer.hikari.pool.PoolBase - HikariPool-1 - Failed to validate connection com.mysql.cj.jdbc.ConnectionImpl@44020e44 (No operations allowed after connection closed.). Possibly consider using a shorter maxLifetime value.
2026-04-21 11:37:04.702 [http-nio-8080-exec-1] WARN  com.zaxxer.hikari.pool.PoolBase - HikariPool-1 - Failed to validate connection com.mysql.cj.jdbc.ConnectionImpl@25736302 (No operations allowed after connection closed.). Possibly consider using a shorter maxLifetime value.
2026-04-21 11:37:09.707 [http-nio-8080-exec-1] WARN  com.zaxxer.hikari.pool.PoolBase - HikariPool-1 - Failed to validate connection com.mysql.cj.jdbc.ConnectionImpl@39e2399e (No operations allowed after connection closed.). Possibly consider using a shorter maxLifetime value.
2026-04-21 11:37:14.717 [http-nio-8080-exec-1] WARN  com.zaxxer.hikari.pool.PoolBase - HikariPool-1 - Failed to validate connection com.mysql.cj.jdbc.ConnectionImpl@2a857931 (No operations allowed after connection closed.). Possibly consider using a shorter maxLifetime value.
2026-04-21 11:37:19.732 [http-nio-8080-exec-1] WARN  com.zaxxer.hikari.pool.PoolBase - HikariPool-1 - Failed to validate connection com.mysql.cj.jdbc.ConnectionImpl@7e21d77 (No operations allowed after connection closed.). Possibly consider using a shorter maxLifetime value.
2026-04-21 11:37:24.739 [http-nio-8080-exec-1] WARN  com.zaxxer.hikari.pool.PoolBase - HikariPool-1 - Failed to validate connection com.mysql.cj.jdbc.ConnectionImpl@540146c (No operations allowed after connection closed.). Possibly consider using a shorter maxLifetime value.
2026-04-21 11:37:29.708 [http-nio-8080-exec-10] WARN  com.zaxxer.hikari.pool.PoolBase - HikariPool-1 - Failed to validate connection com.mysql.cj.jdbc.ConnectionImpl@3f75e153 (No operations allowed after connection closed.). Possibly consider using a shorter maxLifetime value.
2026-04-21 11:37:34.725 [http-nio-8080-exec-10] WARN  com.zaxxer.hikari.pool.PoolBase - HikariPool-1 - Failed to validate connection com.mysql.cj.jdbc.ConnectionImpl@49057bb4 (No operations allowed after connection closed.). Possibly consider using a shorter maxLifetime value.
2026-04-21 11:37:39.728 [http-nio-8080-exec-10] WARN  com.zaxxer.hikari.pool.PoolBase - HikariPool-1 - Failed to validate connection com.mysql.cj.jdbc.ConnectionImpl@5fb20b03 (No operations allowed after connection closed.). Possibly consider using a shorter maxLifetime value.
2026-04-21 11:37:44.735 [http-nio-8080-exec-10] WARN  com.zaxxer.hikari.pool.PoolBase - HikariPool-1 - Failed to validate connection com.mysql.cj.jdbc.ConnectionImpl@2de70c4b (No operations allowed after connection closed.). Possibly consider using a shorter maxLifetime value.
2026-04-21 11:37:45.178 [http-nio-8080-exec-4] WARN  c.m.e.controller.DocumentController - 用户[wang]尝试取消未点赞的文档，文档ID: 231
2026-04-21 11:37:45.940 [http-nio-8080-exec-3] WARN  c.m.e.controller.DocumentController - 用户[wang]尝试取消未点赞的文档，文档ID: 231
2026-04-21 11:37:48.127 [http-nio-8080-exec-2] WARN  c.m.e.controller.DocumentController - 用户[wang]尝试取消未点赞的文档，文档ID: 231
2026-04-21 11:37:52.325 [http-nio-8080-exec-7] WARN  c.m.e.controller.DocumentController - 用户[wang]尝试取消未点赞的文档，文档ID: 231
2026-04-21 11:38:01.369 [http-nio-8080-exec-8] WARN  c.m.e.controller.DocumentController - 用户[wang]尝试取消未点赞的文档，文档ID: 231
2026-04-21 11:42:30.792 [http-nio-8080-exec-8] WARN  com.zaxxer.hikari.pool.PoolBase - HikariPool-1 - Failed to validate connection com.mysql.cj.jdbc.ConnectionImpl@38014a55 (No operations allowed after connection closed.). Possibly consider using a shorter maxLifetime value.
2026-04-21 11:42:35.797 [http-nio-8080-exec-8] WARN  com.zaxxer.hikari.pool.PoolBase - HikariPool-1 - Failed to validate connection com.mysql.cj.jdbc.ConnectionImpl@38dd8d5d (No operations allowed after connection closed.). Possibly consider using a shorter maxLifetime value.
2026-04-21 11:42:36.429 [http-nio-8080-exec-9] WARN  com.zaxxer.hikari.pool.PoolBase - HikariPool-1 - Failed to validate connection com.mysql.cj.jdbc.ConnectionImpl@771df910 (No operations allowed after connection closed.). Possibly consider using a shorter maxLifetime value.
2026-04-21 11:42:40.282 [http-nio-8080-exec-1] WARN  com.zaxxer.hikari.pool.PoolBase - HikariPool-1 - Failed to validate connection com.mysql.cj.jdbc.ConnectionImpl@76ecbecb (No operations allowed after connection closed.). Possibly consider using a shorter maxLifetime value.
2026-04-21 11:42:40.806 [http-nio-8080-exec-8] WARN  com.zaxxer.hikari.pool.PoolBase - HikariPool-1 - Failed to validate connection com.mysql.cj.jdbc.ConnectionImpl@77cff72b (No operations allowed after connection closed.). Possibly consider using a shorter maxLifetime value.
2026-04-21 11:42:41.435 [http-nio-8080-exec-9] WARN  com.zaxxer.hikari.pool.PoolBase - HikariPool-1 - Failed to validate connection com.mysql.cj.jdbc.ConnectionImpl@310affd (No operations allowed after connection closed.). Possibly consider using a shorter maxLifetime value.
2026-04-21 11:42:42.150 [http-nio-8080-exec-10] WARN  com.zaxxer.hikari.pool.PoolBase - HikariPool-1 - Failed to validate connection com.mysql.cj.jdbc.ConnectionImpl@5eff1dca (No operations allowed after connection closed.). Possibly consider using a shorter maxLifetime value.
2026-04-21 11:42:45.294 [http-nio-8080-exec-1] WARN  com.zaxxer.hikari.pool.PoolBase - HikariPool-1 - Failed to validate connection com.mysql.cj.jdbc.ConnectionImpl@483053d2 (No operations allowed after connection closed.). Possibly consider using a shorter maxLifetime value.
2026-04-21 11:42:45.817 [http-nio-8080-exec-8] WARN  com.zaxxer.hikari.pool.PoolBase - HikariPool-1 - Failed to validate connection com.mysql.cj.jdbc.ConnectionImpl@2a1903a (No operations allowed after connection closed.). Possibly consider using a shorter maxLifetime value.
2026-04-21 11:42:46.451 [http-nio-8080-exec-9] WARN  com.zaxxer.hikari.pool.PoolBase - HikariPool-1 - Failed to validate connection com.mysql.cj.jdbc.ConnectionImpl@35215137 (No operations allowed after connection closed.). Possibly consider using a shorter maxLifetime value.
2026-04-21 11:42:59.835 [http-nio-8080-exec-2] WARN  c.m.e.controller.DocumentController - 用户[wang]尝试取消未点赞的文档，文档ID: 231
2026-04-21 11:43:17.501 [http-nio-8080-exec-6] WARN  c.m.e.controller.DocumentController - 用户[wang]尝试重复点赞，文档ID: 124
2026-04-21 11:51:34.433 [http-nio-8080-exec-5] WARN  com.zaxxer.hikari.pool.PoolBase - HikariPool-1 - Failed to validate connection com.mysql.cj.jdbc.ConnectionImpl@4e241bd6 (No operations allowed after connection closed.). Possibly consider using a shorter maxLifetime value.
2026-04-21 11:51:39.444 [http-nio-8080-exec-5] WARN  com.zaxxer.hikari.pool.PoolBase - HikariPool-1 - Failed to validate connection com.mysql.cj.jdbc.ConnectionImpl@13499905 (No operations allowed after connection closed.). Possibly consider using a shorter maxLifetime value.
2026-04-21 11:51:44.446 [http-nio-8080-exec-5] WARN  com.zaxxer.hikari.pool.PoolBase - HikariPool-1 - Failed to validate connection com.mysql.cj.jdbc.ConnectionImpl@20c9dd71 (No operations allowed after connection closed.). Possibly consider using a shorter maxLifetime value.
2026-04-21 11:51:49.450 [http-nio-8080-exec-5] WARN  com.zaxxer.hikari.pool.PoolBase - HikariPool-1 - Failed to validate connection com.mysql.cj.jdbc.ConnectionImpl@476aa3c5 (No operations allowed after connection closed.). Possibly consider using a shorter maxLifetime value.
2026-04-21 11:51:54.463 [http-nio-8080-exec-5] WARN  com.zaxxer.hikari.pool.PoolBase - HikariPool-1 - Failed to validate connection com.mysql.cj.jdbc.ConnectionImpl@668e1e3 (No operations allowed after connection closed.). Possibly consider using a shorter maxLifetime value.
2026-04-21 11:51:59.472 [http-nio-8080-exec-5] WARN  com.zaxxer.hikari.pool.PoolBase - HikariPool-1 - Failed to validate connection com.mysql.cj.jdbc.ConnectionImpl@40e9c049 (No operations allowed after connection closed.). Possibly consider using a shorter maxLifetime value.
2026-04-21 11:52:04.441 [http-nio-8080-exec-6] WARN  com.zaxxer.hikari.pool.PoolBase - HikariPool-1 - Failed to validate connection com.mysql.cj.jdbc.ConnectionImpl@29be5073 (No operations allowed after connection closed.). Possibly consider using a shorter maxLifetime value.
2026-04-21 11:52:09.455 [http-nio-8080-exec-6] WARN  com.zaxxer.hikari.pool.PoolBase - HikariPool-1 - Failed to validate connection com.mysql.cj.jdbc.ConnectionImpl@ffb1492 (No operations allowed after connection closed.). Possibly consider using a shorter maxLifetime value.
2026-04-21 11:52:14.462 [http-nio-8080-exec-6] WARN  com.zaxxer.hikari.pool.PoolBase - HikariPool-1 - Failed to validate connection com.mysql.cj.jdbc.ConnectionImpl@7700f468 (No operations allowed after connection closed.). Possibly consider using a shorter maxLifetime value.
2026-04-21 11:52:19.474 [http-nio-8080-exec-6] WARN  com.zaxxer.hikari.pool.PoolBase - HikariPool-1 - Failed to validate connection com.mysql.cj.jdbc.ConnectionImpl@7b6ed1a9 (No operations allowed after connection closed.). Possibly consider using a shorter maxLifetime value.
2026-04-21 11:52:51.359 [http-nio-8080-exec-8] WARN  c.m.e.controller.DocumentController - 用户[wang]尝试取消未点赞的文档，文档ID: 124
2026-04-21 11:52:55.332 [http-nio-8080-exec-10] WARN  c.m.e.controller.DocumentController - 用户[wang]尝试取消未点赞的文档，文档ID: 124
2026-04-21 11:54:57.486 [http-nio-8080-exec-7] WARN  c.m.e.controller.DocumentController - 用户[wang]尝试取消未点赞的文档，文档ID: 124
2026-04-21 11:54:58.860 [http-nio-8080-exec-10] WARN  c.m.e.controller.DocumentController - 用户[wang]尝试取消未点赞的文档，文档ID: 124
2026-04-21 11:55:04.676 [http-nio-8080-exec-2] WARN  c.m.e.controller.DocumentController - 用户[wang]尝试取消未点赞的文档，文档ID: 124
2026-04-21 11:55:05.416 [http-nio-8080-exec-6] WARN  c.m.e.controller.DocumentController - 用户[wang]尝试取消未点赞的文档，文档ID: 124
2026-04-21 11:55:05.591 [http-nio-8080-exec-3] WARN  c.m.e.controller.DocumentController - 用户[wang]尝试取消未点赞的文档，文档ID: 124
2026-04-21 11:55:05.778 [http-nio-8080-exec-5] WARN  c.m.e.controller.DocumentController - 用户[wang]尝试取消未点赞的文档，文档ID: 124
2026-04-21 11:55:05.954 [http-nio-8080-exec-4] WARN  c.m.e.controller.DocumentController - 用户[wang]尝试取消未点赞的文档，文档ID: 124
2026-04-21 11:58:21.995 [http-nio-8080-exec-5] WARN  c.m.e.controller.DocumentController - 用户[wang]尝试取消未点赞的文档，文档ID: 124
2026-04-21 11:58:24.925 [http-nio-8080-exec-7] WARN  c.m.e.controller.DocumentController - 用户[wang]尝试取消未点赞的文档，文档ID: 124
2026-04-21 11:58:29.172 [http-nio-8080-exec-10] WARN  c.m.e.controller.DocumentController - 用户[wang]尝试取消未点赞的文档，文档ID: 124
2026-04-21 12:00:02.340 [http-nio-8080-exec-7] WARN  c.m.e.controller.DocumentController - 用户[wang]尝试取消未点赞的文档，文档ID: 124
2026-04-21 15:10:55.346 [http-nio-8080-exec-10] WARN  com.zaxxer.hikari.pool.PoolBase - HikariPool-1 - Failed to validate connection com.mysql.cj.jdbc.ConnectionImpl@26b2d4a7 (No operations allowed after connection closed.). Possibly consider using a shorter maxLifetime value.
2026-04-21 15:11:00.361 [http-nio-8080-exec-10] WARN  com.zaxxer.hikari.pool.PoolBase - HikariPool-1 - Failed to validate connection com.mysql.cj.jdbc.ConnectionImpl@9b2854d (No operations allowed after connection closed.). Possibly consider using a shorter maxLifetime value.
2026-04-21 15:11:05.376 [http-nio-8080-exec-10] WARN  com.zaxxer.hikari.pool.PoolBase - HikariPool-1 - Failed to validate connection com.mysql.cj.jdbc.ConnectionImpl@41e20486 (No operations allowed after connection closed.). Possibly consider using a shorter maxLifetime value.
2026-04-21 15:11:10.386 [http-nio-8080-exec-10] WARN  com.zaxxer.hikari.pool.PoolBase - HikariPool-1 - Failed to validate connection com.mysql.cj.jdbc.ConnectionImpl@3b760cf7 (No operations allowed after connection closed.). Possibly consider using a shorter maxLifetime value.
2026-04-21 15:11:15.396 [http-nio-8080-exec-10] WARN  com.zaxxer.hikari.pool.PoolBase - HikariPool-1 - Failed to validate connection com.mysql.cj.jdbc.ConnectionImpl@34f5e62b (No operations allowed after connection closed.). Possibly consider using a shorter maxLifetime value.
2026-04-21 15:11:20.401 [http-nio-8080-exec-10] WARN  com.zaxxer.hikari.pool.PoolBase - HikariPool-1 - Failed to validate connection com.mysql.cj.jdbc.ConnectionImpl@2cd7ee0 (No operations allowed after connection closed.). Possibly consider using a shorter maxLifetime value.
2026-04-21 15:11:25.305 [http-nio-8080-exec-8] WARN  com.zaxxer.hikari.pool.PoolBase - HikariPool-1 - Failed to validate connection com.mysql.cj.jdbc.ConnectionImpl@9e98b9d (No operations allowed after connection closed.). Possibly consider using a shorter maxLifetime value.
2026-04-21 15:11:30.319 [http-nio-8080-exec-8] WARN  com.zaxxer.hikari.pool.PoolBase - HikariPool-1 - Failed to validate connection com.mysql.cj.jdbc.ConnectionImpl@674408f3 (No operations allowed after connection closed.). Possibly consider using a shorter maxLifetime value.
2026-04-21 15:11:35.327 [http-nio-8080-exec-8] WARN  com.zaxxer.hikari.pool.PoolBase - HikariPool-1 - Failed to validate connection com.mysql.cj.jdbc.ConnectionImpl@48d5f67a (No operations allowed after connection closed.). Possibly consider using a shorter maxLifetime value.
2026-04-21 15:11:40.333 [http-nio-8080-exec-8] WARN  com.zaxxer.hikari.pool.PoolBase - HikariPool-1 - Failed to validate connection com.mysql.cj.jdbc.ConnectionImpl@da5299e (No operations allowed after connection closed.). Possibly consider using a shorter maxLifetime value.
2026-04-21 15:12:52.259 [http-nio-8080-exec-4] WARN  c.m.e.controller.DocumentController - 用户[wang]尝试取消未点赞的文档，文档ID: 124
2026-04-21 15:12:57.111 [http-nio-8080-exec-5] WARN  c.m.e.controller.DocumentController - 用户[wang]尝试取消未点赞的文档，文档ID: 124
2026-04-21 15:12:59.662 [http-nio-8080-exec-4] WARN  c.m.e.controller.DocumentController - 用户[wang]尝试取消未点赞的文档，文档ID: 124
2026-04-21 15:24:03.989 [http-nio-8080-exec-7] WARN  com.zaxxer.hikari.pool.PoolBase - HikariPool-1 - Failed to validate connection com.mysql.cj.jdbc.ConnectionImpl@32ff020e (No operations allowed after connection closed.). Possibly consider using a shorter maxLifetime value.
2026-04-21 15:24:09.005 [http-nio-8080-exec-7] WARN  com.zaxxer.hikari.pool.PoolBase - HikariPool-1 - Failed to validate connection com.mysql.cj.jdbc.ConnectionImpl@6a046a0a (No operations allowed after connection closed.). Possibly consider using a shorter maxLifetime value.
2026-04-21 15:24:12.909 [http-nio-8080-exec-10] WARN  com.zaxxer.hikari.pool.PoolBase - HikariPool-1 - Failed to validate connection com.mysql.cj.jdbc.ConnectionImpl@50433db8 (No operations allowed after connection closed.). Possibly consider using a shorter maxLifetime value.
2026-04-21 15:24:14.020 [http-nio-8080-exec-7] WARN  com.zaxxer.hikari.pool.PoolBase - HikariPool-1 - Failed to validate connection com.mysql.cj.jdbc.ConnectionImpl@286a10d8 (No operations allowed after connection closed.). Possibly consider using a shorter maxLifetime value.
2026-04-21 15:24:17.002 [http-nio-8080-exec-8] WARN  com.zaxxer.hikari.pool.PoolBase - HikariPool-1 - Failed to validate connection com.mysql.cj.jdbc.ConnectionImpl@4ca1b1b4 (No operations allowed after connection closed.). Possibly consider using a shorter maxLifetime value.
2026-04-21 15:24:17.963 [http-nio-8080-exec-10] WARN  com.zaxxer.hikari.pool.PoolBase - HikariPool-1 - Failed to validate connection com.mysql.cj.jdbc.ConnectionImpl@7e3bdb06 (No operations allowed after connection closed.). Possibly consider using a shorter maxLifetime value.
2026-04-21 15:24:19.022 [http-nio-8080-exec-7] WARN  com.zaxxer.hikari.pool.PoolBase - HikariPool-1 - Failed to validate connection com.mysql.cj.jdbc.ConnectionImpl@3f4dff71 (No operations allowed after connection closed.). Possibly consider using a shorter maxLifetime value.
2026-04-21 15:24:19.068 [http-nio-8080-exec-1] WARN  com.zaxxer.hikari.pool.PoolBase - HikariPool-1 - Failed to validate connection com.mysql.cj.jdbc.ConnectionImpl@21f2db87 (No operations allowed after connection closed.). Possibly consider using a shorter maxLifetime value.
2026-04-21 15:24:22.019 [http-nio-8080-exec-8] WARN  com.zaxxer.hikari.pool.PoolBase - HikariPool-1 - Failed to validate connection com.mysql.cj.jdbc.ConnectionImpl@50729136 (No operations allowed after connection closed.). Possibly consider using a shorter maxLifetime value.
2026-04-21 15:24:22.728 [http-nio-8080-exec-2] WARN  com.zaxxer.hikari.pool.PoolBase - HikariPool-1 - Failed to validate connection com.mysql.cj.jdbc.ConnectionImpl@3317daa8 (No operations allowed after connection closed.). Possibly consider using a shorter maxLifetime value.
2026-04-21 15:24:25.648 [http-nio-8080-exec-8] WARN  c.m.e.controller.DocumentController - 用户[wang]尝试取消未点赞的文档，文档ID: 231
2026-04-21 15:24:26.681 [http-nio-8080-exec-2] WARN  c.m.e.controller.DocumentController - 用户[wang]尝试取消未点赞的文档，文档ID: 231
2026-04-21 15:24:27.279 [http-nio-8080-exec-4] WARN  c.m.e.controller.DocumentController - 用户[wang]尝试取消未点赞的文档，文档ID: 231
2026-04-21 15:24:56.009 [http-nio-8080-exec-7] WARN  c.m.e.controller.DocumentController - 用户[wang]尝试取消未点赞的文档，文档ID: 191
2026-04-21 15:29:29.507 [http-nio-8080-exec-3] WARN  c.m.e.controller.DocumentController - 用户[wang]尝试取消未点赞的文档，文档ID: 231
2026-04-21 15:33:39.466 [http-nio-8080-exec-10] WARN  com.zaxxer.hikari.pool.PoolBase - HikariPool-1 - Failed to validate connection com.mysql.cj.jdbc.ConnectionImpl@7b8b1fef (No operations allowed after connection closed.). Possibly consider using a shorter maxLifetime value.
2026-04-21 15:33:41.400 [http-nio-8080-exec-8] WARN  com.zaxxer.hikari.pool.PoolBase - HikariPool-1 - Failed to validate connection com.mysql.cj.jdbc.ConnectionImpl@19b7a2e0 (No operations allowed after connection closed.). Possibly consider using a shorter maxLifetime value.
2026-04-21 15:33:42.813 [http-nio-8080-exec-2] WARN  com.zaxxer.hikari.pool.PoolBase - HikariPool-1 - Failed to validate connection com.mysql.cj.jdbc.ConnectionImpl@6d24c051 (No operations allowed after connection closed.). Possibly consider using a shorter maxLifetime value.
2026-04-21 15:33:44.064 [http-nio-8080-exec-9] WARN  com.zaxxer.hikari.pool.PoolBase - HikariPool-1 - Failed to validate connection com.mysql.cj.jdbc.ConnectionImpl@3a93c08a (No operations allowed after connection closed.). Possibly consider using a shorter maxLifetime value.
2026-04-21 15:33:44.478 [http-nio-8080-exec-10] WARN  com.zaxxer.hikari.pool.PoolBase - HikariPool-1 - Failed to validate connection com.mysql.cj.jdbc.ConnectionImpl@4f85b12 (No operations allowed after connection closed.). Possibly consider using a shorter maxLifetime value.
2026-04-21 15:33:46.402 [http-nio-8080-exec-8] WARN  com.zaxxer.hikari.pool.PoolBase - HikariPool-1 - Failed to validate connection com.mysql.cj.jdbc.ConnectionImpl@2bd1c16e (No operations allowed after connection closed.). Possibly consider using a shorter maxLifetime value.
2026-04-21 15:33:47.822 [http-nio-8080-exec-2] WARN  com.zaxxer.hikari.pool.PoolBase - HikariPool-1 - Failed to validate connection com.mysql.cj.jdbc.ConnectionImpl@f29bc50 (No operations allowed after connection closed.). Possibly consider using a shorter maxLifetime value.
2026-04-21 15:33:48.097 [http-nio-8080-exec-7] WARN  com.zaxxer.hikari.pool.PoolBase - HikariPool-1 - Failed to validate connection com.mysql.cj.jdbc.ConnectionImpl@3b65e068 (No operations allowed after connection closed.). Possibly consider using a shorter maxLifetime value.
2026-04-21 15:33:49.071 [http-nio-8080-exec-9] WARN  com.zaxxer.hikari.pool.PoolBase - HikariPool-1 - Failed to validate connection com.mysql.cj.jdbc.ConnectionImpl@7531c38 (No operations allowed after connection closed.). Possibly consider using a shorter maxLifetime value.
2026-04-21 15:33:49.487 [http-nio-8080-exec-10] WARN  com.zaxxer.hikari.pool.PoolBase - HikariPool-1 - Failed to validate connection com.mysql.cj.jdbc.ConnectionImpl@2e3701d9 (No operations allowed after connection closed.). Possibly consider using a shorter maxLifetime value.
2026-04-21 15:33:53.303 [http-nio-8080-exec-9] WARN  c.m.e.controller.DocumentController - 用户[wang]尝试取消未点赞的文档，文档ID: 230
2026-04-21 15:34:00.036 [http-nio-8080-exec-6] WARN  c.m.e.controller.DocumentController - 用户[wang]尝试取消未点赞的文档，文档ID: 151
2026-04-21 15:34:01.289 [http-nio-8080-exec-3] WARN  c.m.e.controller.DocumentController - 用户[wang]尝试取消未点赞的文档，文档ID: 151
2026-04-21 15:38:54.709 [http-nio-8080-exec-1] WARN  c.m.e.controller.DocumentController - 用户[wang]尝试取消未点赞的文档，文档ID: 151
2026-04-21 15:38:55.574 [http-nio-8080-exec-9] WARN  c.m.e.controller.DocumentController - 用户[wang]尝试取消未点赞的文档，文档ID: 151
2026-04-21 15:38:55.749 [http-nio-8080-exec-5] WARN  c.m.e.controller.DocumentController - 用户[wang]尝试取消未点赞的文档，文档ID: 151
2026-04-21 15:39:10.554 [http-nio-8080-exec-7] WARN  c.m.e.controller.DocumentController - 用户[wang]尝试取消未点赞的文档，文档ID: 151
2026-04-21 15:39:11.565 [http-nio-8080-exec-1] WARN  c.m.e.controller.DocumentController - 用户[wang]尝试取消未点赞的文档，文档ID: 151
2026-04-21 15:39:18.946 [http-nio-8080-exec-3] WARN  c.m.e.controller.DocumentController - 用户[wang]尝试取消未点赞的文档，文档ID: 132
2026-04-21 15:39:19.829 [http-nio-8080-exec-6] WARN  c.m.e.controller.DocumentController - 用户[wang]尝试取消未点赞的文档，文档ID: 132
2026-04-21 15:39:20.405 [http-nio-8080-exec-4] WARN  c.m.e.controller.DocumentController - 用户[wang]尝试取消未点赞的文档，文档ID: 132
2026-04-21 15:42:48.357 [http-nio-8080-exec-6] WARN  c.m.e.controller.DocumentController - 用户[wang]尝试取消未点赞的文档，文档ID: 132
2026-04-21 15:42:51.319 [http-nio-8080-exec-4] WARN  c.m.e.controller.DocumentController - 用户[wang]尝试取消未点赞的文档，文档ID: 132
2026-04-21 15:43:09.696 [http-nio-8080-exec-1] WARN  c.m.e.controller.DocumentController - 用户[wang]尝试取消未点赞的文档，文档ID: 125
2026-04-21 15:46:51.976 [http-nio-8080-exec-5] WARN  c.m.e.controller.DocumentController - 用户[wang]尝试取消未点赞的文档，文档ID: 125
2026-04-21 15:50:24.095 [http-nio-8080-exec-6] WARN  c.m.e.controller.DocumentController - 用户[wang]尝试重复点赞，文档ID: 125
2026-04-21 15:50:25.212 [http-nio-8080-exec-7] WARN  c.m.e.controller.DocumentController - 用户[wang]尝试重复点赞，文档ID: 125
2026-04-21 15:50:33.934 [http-nio-8080-exec-10] WARN  c.m.e.controller.DocumentController - 用户[wang]尝试重复点赞，文档ID: 125
2026-04-21 15:50:35.362 [http-nio-8080-exec-8] WARN  c.m.e.controller.DocumentController - 用户[wang]尝试重复点赞，文档ID: 125
2026-04-21 15:50:40.617 [http-nio-8080-exec-2] WARN  c.m.e.controller.DocumentController - 用户[wang]尝试重复点赞，文档ID: 125
2026-04-21 15:50:41.117 [http-nio-8080-exec-9] WARN  c.m.e.controller.DocumentController - 用户[wang]尝试重复点赞，文档ID: 125
2026-04-21 15:50:41.350 [http-nio-8080-exec-4] WARN  c.m.e.controller.DocumentController - 用户[wang]尝试重复点赞，文档ID: 125
2026-04-21 15:50:41.674 [http-nio-8080-exec-3] WARN  c.m.e.controller.DocumentController - 用户[wang]尝试重复点赞，文档ID: 125
2026-04-21 15:50:41.857 [http-nio-8080-exec-6] WARN  c.m.e.controller.DocumentController - 用户[wang]尝试重复点赞，文档ID: 125
2026-04-21 15:50:42.069 [http-nio-8080-exec-7] WARN  c.m.e.controller.DocumentController - 用户[wang]尝试重复点赞，文档ID: 125
2026-04-21 15:59:40.044 [http-nio-8080-exec-1] WARN  com.zaxxer.hikari.pool.PoolBase - HikariPool-1 - Failed to validate connection com.mysql.cj.jdbc.ConnectionImpl@53f8e2e0 (No operations allowed after connection closed.). Possibly consider using a shorter maxLifetime value.
2026-04-21 15:59:45.047 [http-nio-8080-exec-1] WARN  com.zaxxer.hikari.pool.PoolBase - HikariPool-1 - Failed to validate connection com.mysql.cj.jdbc.ConnectionImpl@38254c93 (No operations allowed after connection closed.). Possibly consider using a shorter maxLifetime value.
2026-04-21 15:59:50.057 [http-nio-8080-exec-1] WARN  com.zaxxer.hikari.pool.PoolBase - HikariPool-1 - Failed to validate connection com.mysql.cj.jdbc.ConnectionImpl@3252d864 (No operations allowed after connection closed.). Possibly consider using a shorter maxLifetime value.
2026-04-21 15:59:55.065 [http-nio-8080-exec-1] WARN  com.zaxxer.hikari.pool.PoolBase - HikariPool-1 - Failed to validate connection com.mysql.cj.jdbc.ConnectionImpl@7db8d2e7 (No operations allowed after connection closed.). Possibly consider using a shorter maxLifetime value.
2026-04-21 15:59:59.938 [http-nio-8080-exec-10] WARN  com.zaxxer.hikari.pool.PoolBase - HikariPool-1 - Failed to validate connection com.mysql.cj.jdbc.ConnectionImpl@3d82b369 (No operations allowed after connection closed.). Possibly consider using a shorter maxLifetime value.
2026-04-21 16:00:00.077 [http-nio-8080-exec-1] WARN  com.zaxxer.hikari.pool.PoolBase - HikariPool-1 - Failed to validate connection com.mysql.cj.jdbc.ConnectionImpl@1af38237 (No operations allowed after connection closed.). Possibly consider using a shorter maxLifetime value.
2026-04-21 16:00:01.882 [http-nio-8080-exec-2] WARN  com.zaxxer.hikari.pool.PoolBase - HikariPool-1 - Failed to validate connection com.mysql.cj.jdbc.ConnectionImpl@38a4c611 (No operations allowed after connection closed.). Possibly consider using a shorter maxLifetime value.
2026-04-21 16:00:04.949 [http-nio-8080-exec-10] WARN  com.zaxxer.hikari.pool.PoolBase - HikariPool-1 - Failed to validate connection com.mysql.cj.jdbc.ConnectionImpl@fc46f26 (No operations allowed after connection closed.). Possibly consider using a shorter maxLifetime value.
2026-04-21 16:00:05.088 [http-nio-8080-exec-1] WARN  com.zaxxer.hikari.pool.PoolBase - HikariPool-1 - Failed to validate connection com.mysql.cj.jdbc.ConnectionImpl@38326218 (No operations allowed after connection closed.). Possibly consider using a shorter maxLifetime value.
2026-04-21 16:00:06.890 [http-nio-8080-exec-2] WARN  com.zaxxer.hikari.pool.PoolBase - HikariPool-1 - Failed to validate connection com.mysql.cj.jdbc.ConnectionImpl@7c15edda (No operations allowed after connection closed.). Possibly consider using a shorter maxLifetime value.
2026-04-21 16:01:50.367 [http-nio-8080-exec-7] WARN  c.m.e.controller.DocumentController - 用户[wang]尝试取消未点赞的文档，文档ID: 112
2026-04-21 16:01:51.188 [http-nio-8080-exec-8] WARN  c.m.e.controller.DocumentController - 用户[wang]尝试取消未点赞的文档，文档ID: 112
2026-04-21 16:01:51.700 [http-nio-8080-exec-1] WARN  c.m.e.controller.DocumentController - 用户[wang]尝试取消未点赞的文档，文档ID: 112
2026-04-21 16:01:51.975 [http-nio-8080-exec-2] WARN  c.m.e.controller.DocumentController - 用户[wang]尝试取消未点赞的文档，文档ID: 112
2026-04-21 16:01:52.160 [http-nio-8080-exec-10] WARN  c.m.e.controller.DocumentController - 用户[wang]尝试取消未点赞的文档，文档ID: 112
2026-04-21 16:01:52.333 [http-nio-8080-exec-9] WARN  c.m.e.controller.DocumentController - 用户[wang]尝试取消未点赞的文档，文档ID: 112
2026-04-21 16:01:52.551 [http-nio-8080-exec-4] WARN  c.m.e.controller.DocumentController - 用户[wang]尝试取消未点赞的文档，文档ID: 112
2026-04-21 16:01:59.399 [http-nio-8080-exec-3] WARN  c.m.e.controller.DocumentController - 用户[wang]尝试重复点赞，文档ID: 112
2026-04-21 16:02:00.088 [http-nio-8080-exec-6] WARN  c.m.e.controller.DocumentController - 用户[wang]尝试重复点赞，文档ID: 112
2026-04-21 16:02:00.296 [http-nio-8080-exec-5] WARN  c.m.e.controller.DocumentController - 用户[wang]尝试重复点赞，文档ID: 112
2026-04-21 16:02:00.466 [http-nio-8080-exec-7] WARN  c.m.e.controller.DocumentController - 用户[wang]尝试重复点赞，文档ID: 112
2026-04-21 16:02:00.646 [http-nio-8080-exec-8] WARN  c.m.e.controller.DocumentController - 用户[wang]尝试重复点赞，文档ID: 112
2026-04-21 16:02:00.827 [http-nio-8080-exec-1] WARN  c.m.e.controller.DocumentController - 用户[wang]尝试重复点赞，文档ID: 112
2026-04-21 16:02:01.056 [http-nio-8080-exec-2] WARN  c.m.e.controller.DocumentController - 用户[wang]尝试重复点赞，文档ID: 112
2026-04-21 16:06:35.054 [main] WARN  o.s.b.w.s.c.AnnotationConfigServletWebServerApplicationContext - Exception encountered during context initialization - cancelling refresh attempt: org.springframework.context.ApplicationContextException: Failed to start bean 'webServerStartStop'; nested exception is org.springframework.boot.web.server.PortInUseException: Port 8080 is already in use
2026-04-21 16:12:24.967 [http-nio-8080-exec-10] WARN  c.m.e.controller.DocumentController - 用户[wang]尝试重复点赞，文档ID: 112
2026-04-21 16:12:29.228 [http-nio-8080-exec-9] WARN  com.zaxxer.hikari.pool.PoolBase - HikariPool-1 - Failed to validate connection com.mysql.cj.jdbc.ConnectionImpl@1ba1b843 (No operations allowed after connection closed.). Possibly consider using a shorter maxLifetime value.
2026-04-21 16:18:25.200 [http-nio-8080-exec-7] WARN  com.zaxxer.hikari.pool.PoolBase - HikariPool-1 - Failed to validate connection com.mysql.cj.jdbc.ConnectionImpl@7643bef0 (No operations allowed after connection closed.). Possibly consider using a shorter maxLifetime value.
2026-04-21 16:18:30.217 [http-nio-8080-exec-7] WARN  com.zaxxer.hikari.pool.PoolBase - HikariPool-1 - Failed to validate connection com.mysql.cj.jdbc.ConnectionImpl@12b8071e (No operations allowed after connection closed.). Possibly consider using a shorter maxLifetime value.
2026-04-21 16:18:35.224 [http-nio-8080-exec-7] WARN  com.zaxxer.hikari.pool.PoolBase - HikariPool-1 - Failed to validate connection com.mysql.cj.jdbc.ConnectionImpl@3351f948 (No operations allowed after connection closed.). Possibly consider using a shorter maxLifetime value.
2026-04-21 16:18:40.240 [http-nio-8080-exec-7] WARN  com.zaxxer.hikari.pool.PoolBase - HikariPool-1 - Failed to validate connection com.mysql.cj.jdbc.ConnectionImpl@cda1af7 (No operations allowed after connection closed.). Possibly consider using a shorter maxLifetime value.
2026-04-21 16:18:45.242 [http-nio-8080-exec-7] WARN  com.zaxxer.hikari.pool.PoolBase - HikariPool-1 - Failed to validate connection com.mysql.cj.jdbc.ConnectionImpl@30a6a1b5 (No operations allowed after connection closed.). Possibly consider using a shorter maxLifetime value.
2026-04-21 16:18:50.248 [http-nio-8080-exec-7] WARN  com.zaxxer.hikari.pool.PoolBase - HikariPool-1 - Failed to validate connection com.mysql.cj.jdbc.ConnectionImpl@7154ad05 (No operations allowed after connection closed.). Possibly consider using a shorter maxLifetime value.
2026-04-21 16:18:55.201 [http-nio-8080-exec-8] WARN  com.zaxxer.hikari.pool.PoolBase - HikariPool-1 - Failed to validate connection com.mysql.cj.jdbc.ConnectionImpl@4deca786 (No operations allowed after connection closed.). Possibly consider using a shorter maxLifetime value.
2026-04-21 16:19:00.205 [http-nio-8080-exec-8] WARN  com.zaxxer.hikari.pool.PoolBase - HikariPool-1 - Failed to validate connection com.mysql.cj.jdbc.ConnectionImpl@2611470f (No operations allowed after connection closed.). Possibly consider using a shorter maxLifetime value.
2026-04-21 16:19:05.214 [http-nio-8080-exec-8] WARN  com.zaxxer.hikari.pool.PoolBase - HikariPool-1 - Failed to validate connection com.mysql.cj.jdbc.ConnectionImpl@7edbb593 (No operations allowed after connection closed.). Possibly consider using a shorter maxLifetime value.
2026-04-21 16:19:10.225 [http-nio-8080-exec-8] WARN  com.zaxxer.hikari.pool.PoolBase - HikariPool-1 - Failed to validate connection com.mysql.cj.jdbc.ConnectionImpl@7aa6f1bd (No operations allowed after connection closed.). Possibly consider using a shorter maxLifetime value.
2026-04-21 16:22:09.980 [http-nio-8080-exec-8] WARN  c.m.e.controller.DocumentController - 用户[wang]尝试取消未点赞的文档，文档ID: 112
2026-04-21 16:22:15.193 [http-nio-8080-exec-8] WARN  c.m.e.controller.DocumentController - 用户[wang]尝试重复点赞，文档ID: 112
2026-04-21 16:23:50.265 [http-nio-8080-exec-10] WARN  c.m.e.controller.DocumentController - 用户[wang]尝试重复点赞，文档ID: 112
2026-04-21 16:25:26.542 [http-nio-8080-exec-1] WARN  com.zaxxer.hikari.pool.PoolBase - HikariPool-1 - Failed to validate connection com.mysql.cj.jdbc.ConnectionImpl@9c3bca3 (No operations allowed after connection closed.). Possibly consider using a shorter maxLifetime value.
2026-04-21 16:25:55.135 [http-nio-8080-exec-1] WARN  c.m.e.controller.DocumentController - 用户[admin]尝试重复点赞，文档ID: 231
2026-04-21 16:25:55.874 [http-nio-8080-exec-8] WARN  c.m.e.controller.DocumentController - 用户[admin]尝试重复点赞，文档ID: 231
2026-04-21 16:25:56.595 [http-nio-8080-exec-4] WARN  c.m.e.controller.DocumentController - 用户[admin]尝试重复点赞，文档ID: 231
2026-04-21 16:26:23.716 [http-nio-8080-exec-2] WARN  c.m.e.controller.DocumentController - 用户[admin]尝试重复点赞，文档ID: 231
2026-04-21 16:27:10.598 [http-nio-8080-exec-3] WARN  c.m.e.controller.DocumentController - 用户[admin]尝试重复点赞，文档ID: 231
2026-04-21 16:29:09.459 [http-nio-8080-exec-7] WARN  c.m.e.controller.DocumentController - 用户[admin]尝试重复点赞，文档ID: 231
2026-04-21 16:29:18.844 [http-nio-8080-exec-10] WARN  com.zaxxer.hikari.pool.PoolBase - HikariPool-1 - Failed to validate connection com.mysql.cj.jdbc.ConnectionImpl@729d04e6 (No operations allowed after connection closed.). Possibly consider using a shorter maxLifetime value.
2026-04-21 16:30:33.482 [http-nio-8080-exec-2] WARN  com.zaxxer.hikari.pool.PoolBase - HikariPool-1 - Failed to validate connection com.mysql.cj.jdbc.ConnectionImpl@75b3ed18 (No operations allowed after connection closed.). Possibly consider using a shorter maxLifetime value.
2026-04-21 16:38:02.048 [http-nio-8080-exec-5] WARN  com.zaxxer.hikari.pool.PoolBase - HikariPool-1 - Failed to validate connection com.mysql.cj.jdbc.ConnectionImpl@2b6f9ec1 (No operations allowed after connection closed.). Possibly consider using a shorter maxLifetime value.
2026-04-21 16:38:07.053 [http-nio-8080-exec-5] WARN  com.zaxxer.hikari.pool.PoolBase - HikariPool-1 - Failed to validate connection com.mysql.cj.jdbc.ConnectionImpl@5682a178 (No operations allowed after connection closed.). Possibly consider using a shorter maxLifetime value.
2026-04-21 16:38:12.065 [http-nio-8080-exec-5] WARN  com.zaxxer.hikari.pool.PoolBase - HikariPool-1 - Failed to validate connection com.mysql.cj.jdbc.ConnectionImpl@6981a9bb (No operations allowed after connection closed.). Possibly consider using a shorter maxLifetime value.
2026-04-21 16:38:17.075 [http-nio-8080-exec-5] WARN  com.zaxxer.hikari.pool.PoolBase - HikariPool-1 - Failed to validate connection com.mysql.cj.jdbc.ConnectionImpl@14c2ce4a (No operations allowed after connection closed.). Possibly consider using a shorter maxLifetime value.
2026-04-21 16:38:22.080 [http-nio-8080-exec-5] WARN  com.zaxxer.hikari.pool.PoolBase - HikariPool-1 - Failed to validate connection com.mysql.cj.jdbc.ConnectionImpl@30ed76ff (No operations allowed after connection closed.). Possibly consider using a shorter maxLifetime value.
2026-04-21 16:38:27.095 [http-nio-8080-exec-5] WARN  com.zaxxer.hikari.pool.PoolBase - HikariPool-1 - Failed to validate connection com.mysql.cj.jdbc.ConnectionImpl@5490a0d2 (No operations allowed after connection closed.). Possibly consider using a shorter maxLifetime value.
2026-04-21 16:40:55.194 [http-nio-8080-exec-6] WARN  com.zaxxer.hikari.pool.PoolBase - HikariPool-1 - Failed to validate connection com.mysql.cj.jdbc.ConnectionImpl@4abfa21e (No operations allowed after connection closed.). Possibly consider using a shorter maxLifetime value.
2026-04-21 16:41:00.209 [http-nio-8080-exec-6] WARN  com.zaxxer.hikari.pool.PoolBase - HikariPool-1 - Failed to validate connection com.mysql.cj.jdbc.ConnectionImpl@57b489dd (No operations allowed after connection closed.). Possibly consider using a shorter maxLifetime value.
2026-04-21 16:41:05.227 [http-nio-8080-exec-6] WARN  com.zaxxer.hikari.pool.PoolBase - HikariPool-1 - Failed to validate connection com.mysql.cj.jdbc.ConnectionImpl@1929e681 (No operations allowed after connection closed.). Possibly consider using a shorter maxLifetime value.
2026-04-21 16:41:10.233 [http-nio-8080-exec-6] WARN  com.zaxxer.hikari.pool.PoolBase - HikariPool-1 - Failed to validate connection com.mysql.cj.jdbc.ConnectionImpl@1e634e2a (No operations allowed after connection closed.). Possibly consider using a shorter maxLifetime value.
2026-04-21 16:49:26.042 [http-nio-8080-exec-10] WARN  c.m.e.controller.DocumentController - 用户[admin]尝试取消未点赞的文档，文档ID: 230
2026-04-21 16:55:06.951 [http-nio-8080-exec-1] WARN  com.zaxxer.hikari.pool.PoolBase - HikariPool-1 - Failed to validate connection com.mysql.cj.jdbc.ConnectionImpl@274b0284 (No operations allowed after connection closed.). Possibly consider using a shorter maxLifetime value.
2026-04-21 16:55:11.957 [http-nio-8080-exec-1] WARN  com.zaxxer.hikari.pool.PoolBase - HikariPool-1 - Failed to validate connection com.mysql.cj.jdbc.ConnectionImpl@555f08b6 (No operations allowed after connection closed.). Possibly consider using a shorter maxLifetime value.
2026-04-21 16:55:16.962 [http-nio-8080-exec-1] WARN  com.zaxxer.hikari.pool.PoolBase - HikariPool-1 - Failed to validate connection com.mysql.cj.jdbc.ConnectionImpl@62f1bab5 (No operations allowed after connection closed.). Possibly consider using a shorter maxLifetime value.
2026-04-21 16:55:21.016 [http-nio-8080-exec-7] WARN  com.zaxxer.hikari.pool.PoolBase - HikariPool-1 - Failed to validate connection com.mysql.cj.jdbc.ConnectionImpl@1b882cb8 (No operations allowed after connection closed.). Possibly consider using a shorter maxLifetime value.
2026-04-21 16:55:21.966 [http-nio-8080-exec-1] WARN  com.zaxxer.hikari.pool.PoolBase - HikariPool-1 - Failed to validate connection com.mysql.cj.jdbc.ConnectionImpl@1937234a (No operations allowed after connection closed.). Possibly consider using a shorter maxLifetime value.
2026-04-21 16:55:26.019 [http-nio-8080-exec-7] WARN  com.zaxxer.hikari.pool.PoolBase - HikariPool-1 - Failed to validate connection com.mysql.cj.jdbc.ConnectionImpl@5394fa8f (No operations allowed after connection closed.). Possibly consider using a shorter maxLifetime value.
2026-04-21 16:55:26.973 [http-nio-8080-exec-1] WARN  com.zaxxer.hikari.pool.PoolBase - HikariPool-1 - Failed to validate connection com.mysql.cj.jdbc.ConnectionImpl@395dfaf5 (No operations allowed after connection closed.). Possibly consider using a shorter maxLifetime value.
2026-04-21 16:55:31.028 [http-nio-8080-exec-7] WARN  com.zaxxer.hikari.pool.PoolBase - HikariPool-1 - Failed to validate connection com.mysql.cj.jdbc.ConnectionImpl@236413d1 (No operations allowed after connection closed.). Possibly consider using a shorter maxLifetime value.
2026-04-21 16:55:31.987 [http-nio-8080-exec-1] WARN  com.zaxxer.hikari.pool.PoolBase - HikariPool-1 - Failed to validate connection com.mysql.cj.jdbc.ConnectionImpl@48d259c6 (No operations allowed after connection closed.). Possibly consider using a shorter maxLifetime value.
2026-04-21 16:55:33.223 [http-nio-8080-exec-3] WARN  com.zaxxer.hikari.pool.PoolBase - HikariPool-1 - Failed to validate connection com.mysql.cj.jdbc.ConnectionImpl@4381f1f1 (No operations allowed after connection closed.). Possibly consider using a shorter maxLifetime value.
2026-04-21 16:57:45.122 [http-nio-8080-exec-6] WARN  c.m.e.controller.DocumentController - 用户[admin]尝试重复点赞，文档ID: 230
2026-04-21 17:16:16.894 [http-nio-8080-exec-3] WARN  com.zaxxer.hikari.pool.PoolBase - HikariPool-1 - Failed to validate connection com.mysql.cj.jdbc.ConnectionImpl@408f1d8e (No operations allowed after connection closed.). Possibly consider using a shorter maxLifetime value.
2026-04-21 17:16:21.901 [http-nio-8080-exec-3] WARN  com.zaxxer.hikari.pool.PoolBase - HikariPool-1 - Failed to validate connection com.mysql.cj.jdbc.ConnectionImpl@1a9e1584 (No operations allowed after connection closed.). Possibly consider using a shorter maxLifetime value.
2026-04-21 17:16:24.418 [http-nio-8080-exec-2] WARN  com.zaxxer.hikari.pool.PoolBase - HikariPool-1 - Failed to validate connection com.mysql.cj.jdbc.ConnectionImpl@1349db3f (No operations allowed after connection closed.). Possibly consider using a shorter maxLifetime value.
2026-04-21 17:16:26.907 [http-nio-8080-exec-3] WARN  com.zaxxer.hikari.pool.PoolBase - HikariPool-1 - Failed to validate connection com.mysql.cj.jdbc.ConnectionImpl@62da56a3 (No operations allowed after connection closed.). Possibly consider using a shorter maxLifetime value.
2026-04-21 17:16:29.426 [http-nio-8080-exec-2] WARN  com.zaxxer.hikari.pool.PoolBase - HikariPool-1 - Failed to validate connection com.mysql.cj.jdbc.ConnectionImpl@46299186 (No operations allowed after connection closed.). Possibly consider using a shorter maxLifetime value.
2026-04-21 17:16:31.929 [http-nio-8080-exec-3] WARN  com.zaxxer.hikari.pool.PoolBase - HikariPool-1 - Failed to validate connection com.mysql.cj.jdbc.ConnectionImpl@6c2fa660 (No operations allowed after connection closed.). Possibly consider using a shorter maxLifetime value.
2026-04-21 17:16:34.443 [http-nio-8080-exec-2] WARN  com.zaxxer.hikari.pool.PoolBase - HikariPool-1 - Failed to validate connection com.mysql.cj.jdbc.ConnectionImpl@77590069 (No operations allowed after connection closed.). Possibly consider using a shorter maxLifetime value.
2026-04-21 17:16:36.936 [http-nio-8080-exec-3] WARN  com.zaxxer.hikari.pool.PoolBase - HikariPool-1 - Failed to validate connection com.mysql.cj.jdbc.ConnectionImpl@5c709a08 (No operations allowed after connection closed.). Possibly consider using a shorter maxLifetime value.
2026-04-21 17:16:39.446 [http-nio-8080-exec-2] WARN  com.zaxxer.hikari.pool.PoolBase - HikariPool-1 - Failed to validate connection com.mysql.cj.jdbc.ConnectionImpl@202c3970 (No operations allowed after connection closed.). Possibly consider using a shorter maxLifetime value.
2026-04-21 17:16:41.946 [http-nio-8080-exec-3] WARN  com.zaxxer.hikari.pool.PoolBase - HikariPool-1 - Failed to validate connection com.mysql.cj.jdbc.ConnectionImpl@5f72e7e4 (No operations allowed after connection closed.). Possibly consider using a shorter maxLifetime value.
2026-04-21 17:17:19.944 [http-nio-8080-exec-6] WARN  c.m.e.controller.DocumentController - 用户[admin]尝试取消未点赞的文档，文档ID: 230
2026-04-21 17:17:30.495 [http-nio-8080-exec-7] WARN  c.m.e.controller.DocumentController - 用户[wang]尝试重复点赞，文档ID: 216
2026-04-21 17:18:29.903 [http-nio-8080-exec-7] WARN  c.m.e.controller.DocumentController - 用户[admin]尝试取消未点赞的文档，文档ID: 230
2026-04-21 17:21:19.285 [http-nio-8080-exec-8] WARN  com.zaxxer.hikari.pool.PoolBase - HikariPool-1 - Failed to validate connection com.mysql.cj.jdbc.ConnectionImpl@5b8feefa (No operations allowed after connection closed.). Possibly consider using a shorter maxLifetime value.
2026-04-21 17:21:19.286 [http-nio-8080-exec-1] WARN  com.zaxxer.hikari.pool.PoolBase - HikariPool-1 - Failed to validate connection com.mysql.cj.jdbc.ConnectionImpl@163274f0 (No operations allowed after connection closed.). Possibly consider using a shorter maxLifetime value.
2026-04-21 17:21:19.998 [http-nio-8080-exec-6] WARN  com.zaxxer.hikari.pool.PoolBase - HikariPool-1 - Failed to validate connection com.mysql.cj.jdbc.ConnectionImpl@c4a70b7 (No operations allowed after connection closed.). Possibly consider using a shorter maxLifetime value.
2026-04-21 17:21:46.621 [http-nio-8080-exec-9] WARN  c.m.e.controller.DocumentController - 用户[admin]尝试取消未点赞的文档，文档ID: 230
2026-04-21 17:23:47.277 [http-nio-8080-exec-5] WARN  com.zaxxer.hikari.pool.PoolBase - HikariPool-1 - Failed to validate connection com.mysql.cj.jdbc.ConnectionImpl@3a958fec (No operations allowed after connection closed.). Possibly consider using a shorter maxLifetime value.
2026-04-21 17:23:47.291 [http-nio-8080-exec-7] WARN  com.zaxxer.hikari.pool.PoolBase - HikariPool-1 - Failed to validate connection com.mysql.cj.jdbc.ConnectionImpl@1dfb1e15 (No operations allowed after connection closed.). Possibly consider using a shorter maxLifetime value.
2026-04-21 17:23:47.369 [http-nio-8080-exec-6] WARN  com.zaxxer.hikari.pool.PoolBase - HikariPool-1 - Failed to validate connection com.mysql.cj.jdbc.ConnectionImpl@3b45e3b2 (No operations allowed after connection closed.). Possibly consider using a shorter maxLifetime value.
2026-04-21 17:23:47.754 [http-nio-8080-exec-10] WARN  com.zaxxer.hikari.pool.PoolBase - HikariPool-1 - Failed to validate connection com.mysql.cj.jdbc.ConnectionImpl@247cfaf9 (No operations allowed after connection closed.). Possibly consider using a shorter maxLifetime value.
2026-04-21 17:41:10.164 [http-nio-8080-exec-1] WARN  com.zaxxer.hikari.pool.PoolBase - HikariPool-1 - Failed to validate connection com.mysql.cj.jdbc.ConnectionImpl@485fe88b (No operations allowed after connection closed.). Possibly consider using a shorter maxLifetime value.
2026-04-21 17:41:15.180 [http-nio-8080-exec-1] WARN  com.zaxxer.hikari.pool.PoolBase - HikariPool-1 - Failed to validate connection com.mysql.cj.jdbc.ConnectionImpl@3c9f15d7 (No operations allowed after connection closed.). Possibly consider using a shorter maxLifetime value.
2026-04-21 17:41:16.212 [http-nio-8080-exec-6] WARN  com.zaxxer.hikari.pool.PoolBase - HikariPool-1 - Failed to validate connection com.mysql.cj.jdbc.ConnectionImpl@2f570b82 (No operations allowed after connection closed.). Possibly consider using a shorter maxLifetime value.
2026-04-21 17:41:20.195 [http-nio-8080-exec-1] WARN  com.zaxxer.hikari.pool.PoolBase - HikariPool-1 - Failed to validate connection com.mysql.cj.jdbc.ConnectionImpl@368d0318 (No operations allowed after connection closed.). Possibly consider using a shorter maxLifetime value.
2026-04-21 17:41:21.215 [http-nio-8080-exec-6] WARN  com.zaxxer.hikari.pool.PoolBase - HikariPool-1 - Failed to validate connection com.mysql.cj.jdbc.ConnectionImpl@7ca1d7ff (No operations allowed after connection closed.). Possibly consider using a shorter maxLifetime value.
2026-04-21 17:41:21.445 [http-nio-8080-exec-8] WARN  com.zaxxer.hikari.pool.PoolBase - HikariPool-1 - Failed to validate connection com.mysql.cj.jdbc.ConnectionImpl@34f5e62b (No operations allowed after connection closed.). Possibly consider using a shorter maxLifetime value.
2026-04-21 17:41:25.207 [http-nio-8080-exec-1] WARN  com.zaxxer.hikari.pool.PoolBase - HikariPool-1 - Failed to validate connection com.mysql.cj.jdbc.ConnectionImpl@53b0a0f5 (No operations allowed after connection closed.). Possibly consider using a shorter maxLifetime value.
2026-04-21 17:41:26.227 [http-nio-8080-exec-6] WARN  com.zaxxer.hikari.pool.PoolBase - HikariPool-1 - Failed to validate connection com.mysql.cj.jdbc.ConnectionImpl@12b8071e (No operations allowed after connection closed.). Possibly consider using a shorter maxLifetime value.
2026-04-21 17:41:26.458 [http-nio-8080-exec-8] WARN  com.zaxxer.hikari.pool.PoolBase - HikariPool-1 - Failed to validate connection com.mysql.cj.jdbc.ConnectionImpl@17ae70b2 (No operations allowed after connection closed.). Possibly consider using a shorter maxLifetime value.
2026-04-21 17:41:30.133 [http-nio-8080-exec-9] WARN  com.zaxxer.hikari.pool.PoolBase - HikariPool-1 - Failed to validate connection com.mysql.cj.jdbc.ConnectionImpl@7a3139d8 (No operations allowed after connection closed.). Possibly consider using a shorter maxLifetime value.
2026-04-21 17:53:49.482 [http-nio-8080-exec-1] WARN  com.zaxxer.hikari.pool.PoolBase - HikariPool-1 - Failed to validate connection com.mysql.cj.jdbc.ConnectionImpl@4672a84e (No operations allowed after connection closed.). Possibly consider using a shorter maxLifetime value.
2026-04-21 17:53:50.629 [http-nio-8080-exec-7] WARN  com.zaxxer.hikari.pool.PoolBase - HikariPool-1 - Failed to validate connection com.mysql.cj.jdbc.ConnectionImpl@20d3230b (No operations allowed after connection closed.). Possibly consider using a shorter maxLifetime value.
2026-04-21 17:53:54.496 [http-nio-8080-exec-1] WARN  com.zaxxer.hikari.pool.PoolBase - HikariPool-1 - Failed to validate connection com.mysql.cj.jdbc.ConnectionImpl@3f02cd41 (No operations allowed after connection closed.). Possibly consider using a shorter maxLifetime value.
2026-04-21 17:53:55.639 [http-nio-8080-exec-7] WARN  com.zaxxer.hikari.pool.PoolBase - HikariPool-1 - Failed to validate connection com.mysql.cj.jdbc.ConnectionImpl@2cef3761 (No operations allowed after connection closed.). Possibly consider using a shorter maxLifetime value.
2026-04-21 17:53:59.505 [http-nio-8080-exec-1] WARN  com.zaxxer.hikari.pool.PoolBase - HikariPool-1 - Failed to validate connection com.mysql.cj.jdbc.ConnectionImpl@2559fc84 (No operations allowed after connection closed.). Possibly consider using a shorter maxLifetime value.
2026-04-21 17:54:00.658 [http-nio-8080-exec-7] WARN  com.zaxxer.hikari.pool.PoolBase - HikariPool-1 - Failed to validate connection com.mysql.cj.jdbc.ConnectionImpl@174d9d9c (No operations allowed after connection closed.). Possibly consider using a shorter maxLifetime value.
2026-04-21 17:54:04.518 [http-nio-8080-exec-1] WARN  com.zaxxer.hikari.pool.PoolBase - HikariPool-1 - Failed to validate connection com.mysql.cj.jdbc.ConnectionImpl@23348935 (No operations allowed after connection closed.). Possibly consider using a shorter maxLifetime value.
2026-04-21 17:54:05.666 [http-nio-8080-exec-7] WARN  com.zaxxer.hikari.pool.PoolBase - HikariPool-1 - Failed to validate connection com.mysql.cj.jdbc.ConnectionImpl@424ce42b (No operations allowed after connection closed.). Possibly consider using a shorter maxLifetime value.
2026-04-21 17:54:09.526 [http-nio-8080-exec-1] WARN  com.zaxxer.hikari.pool.PoolBase - HikariPool-1 - Failed to validate connection com.mysql.cj.jdbc.ConnectionImpl@7f64d2e4 (No operations allowed after connection closed.). Possibly consider using a shorter maxLifetime value.
2026-04-21 17:54:10.680 [http-nio-8080-exec-7] WARN  com.zaxxer.hikari.pool.PoolBase - HikariPool-1 - Failed to validate connection com.mysql.cj.jdbc.ConnectionImpl@a2e438c (No operations allowed after connection closed.). Possibly consider using a shorter maxLifetime value.
2026-04-21 18:13:03.039 [http-nio-8080-exec-9] WARN  com.zaxxer.hikari.pool.PoolBase - HikariPool-1 - Failed to validate connection com.mysql.cj.jdbc.ConnectionImpl@759bd031 (No operations allowed after connection closed.). Possibly consider using a shorter maxLifetime value.
2026-04-21 18:33:53.979 [http-nio-8080-exec-3] WARN  com.zaxxer.hikari.pool.PoolBase - HikariPool-1 - Failed to validate connection com.mysql.cj.jdbc.ConnectionImpl@54c45313 (No operations allowed after connection closed.). Possibly consider using a shorter maxLifetime value.
2026-04-21 18:33:56.291 [http-nio-8080-exec-6] WARN  com.zaxxer.hikari.pool.PoolBase - HikariPool-1 - Failed to validate connection com.mysql.cj.jdbc.ConnectionImpl@681ddaa3 (No operations allowed after connection closed.). Possibly consider using a shorter maxLifetime value.
2026-04-21 18:33:57.097 [http-nio-8080-exec-4] WARN  com.zaxxer.hikari.pool.PoolBase - HikariPool-1 - Failed to validate connection com.mysql.cj.jdbc.ConnectionImpl@73b65ef0 (No operations allowed after connection closed.). Possibly consider using a shorter maxLifetime value.
2026-04-21 18:33:57.622 [http-nio-8080-exec-2] WARN  com.zaxxer.hikari.pool.PoolBase - HikariPool-1 - Failed to validate connection com.mysql.cj.jdbc.ConnectionImpl@40658680 (No operations allowed after connection closed.). Possibly consider using a shorter maxLifetime value.
2026-04-21 18:33:58.989 [http-nio-8080-exec-3] WARN  com.zaxxer.hikari.pool.PoolBase - HikariPool-1 - Failed to validate connection com.mysql.cj.jdbc.ConnectionImpl@633bb111 (No operations allowed after connection closed.). Possibly consider using a shorter maxLifetime value.
2026-04-21 18:34:01.309 [http-nio-8080-exec-6] WARN  com.zaxxer.hikari.pool.PoolBase - HikariPool-1 - Failed to validate connection com.mysql.cj.jdbc.ConnectionImpl@239bec7c (No operations allowed after connection closed.). Possibly consider using a shorter maxLifetime value.
2026-04-21 18:34:02.111 [http-nio-8080-exec-4] WARN  com.zaxxer.hikari.pool.PoolBase - HikariPool-1 - Failed to validate connection com.mysql.cj.jdbc.ConnectionImpl@7aab342c (No operations allowed after connection closed.). Possibly consider using a shorter maxLifetime value.
2026-04-21 18:34:02.636 [http-nio-8080-exec-2] WARN  com.zaxxer.hikari.pool.PoolBase - HikariPool-1 - Failed to validate connection com.mysql.cj.jdbc.ConnectionImpl@2ffd922 (No operations allowed after connection closed.). Possibly consider using a shorter maxLifetime value.
2026-04-21 18:34:02.833 [http-nio-8080-exec-7] WARN  com.zaxxer.hikari.pool.PoolBase - HikariPool-1 - Failed to validate connection com.mysql.cj.jdbc.ConnectionImpl@6bbf8ac9 (No operations allowed after connection closed.). Possibly consider using a shorter maxLifetime value.
2026-04-21 18:34:03.994 [http-nio-8080-exec-3] WARN  com.zaxxer.hikari.pool.PoolBase - HikariPool-1 - Failed to validate connection com.mysql.cj.jdbc.ConnectionImpl@5738dc7d (No operations allowed after connection closed.). Possibly consider using a shorter maxLifetime value.
2026-04-21 18:39:24.327 [main] WARN  o.s.b.w.s.c.AnnotationConfigServletWebServerApplicationContext - Exception encountered during context initialization - cancelling refresh attempt: org.springframework.beans.factory.UnsatisfiedDependencyException: Error creating bean with name 'documentationPluginsBootstrapper' defined in URL [jar:file:/D:/workspace/spring-cloud-center/wechat-mini-backend/markdown-editor/backend/target/editor-backend-1.0.0.jar!/BOOT-INF/lib/springfox-spring-web-3.0.0.jar!/springfox/documentation/spring/web/plugins/DocumentationPluginsBootstrapper.class]: Unsatisfied dependency expressed through constructor parameter 1; nested exception is org.springframework.beans.factory.UnsatisfiedDependencyException: Error creating bean with name 'webMvcRequestHandlerProvider' defined in URL [jar:file:/D:/workspace/spring-cloud-center/wechat-mini-backend/markdown-editor/backend/target/editor-backend-1.0.0.jar!/BOOT-INF/lib/springfox-spring-webmvc-3.0.0.jar!/springfox/documentation/spring/web/plugins/WebMvcRequestHandlerProvider.class]: Unsatisfied dependency expressed through constructor parameter 2; nested exception is org.springframework.beans.factory.BeanCreationException: Error creating bean with name 'requestMappingHandlerMapping' defined in class path resource [org/springframework/boot/autoconfigure/web/servlet/WebMvcAutoConfiguration$EnableWebMvcConfiguration.class]: Invocation of init method failed; nested exception is java.lang.IllegalStateException: Ambiguous mapping. Cannot map 'chatMessageController' method 
com.markdown.editor.controller.ChatMessageController#getChatMessages(Long, Authentication)
to {GET [/api/chat/messages]}: There is already 'chatController' bean method
com.markdown.editor.controller.ChatController#getChatMessages(Long, Authentication) mapped.
2026-04-21 18:41:22.539 [main] WARN  o.s.b.w.s.c.AnnotationConfigServletWebServerApplicationContext - Exception encountered during context initialization - cancelling refresh attempt: org.springframework.context.ApplicationContextException: Failed to start bean 'webServerStartStop'; nested exception is org.springframework.boot.web.server.PortInUseException: Port 8080 is already in use
