2026-05-12 08:53:10.138 [http-nio-8081-exec-4] WARN  com.zaxxer.hikari.pool.PoolBase - MarkdownHikariCP - Failed to validate connection com.mysql.cj.jdbc.ConnectionImpl@9b43d16 (No operations allowed after connection closed.). Possibly consider using a shorter maxLifetime value.
2026-05-12 08:53:14.023 [http-nio-8081-exec-10] WARN  com.zaxxer.hikari.pool.PoolBase - MarkdownHikariCP - Failed to validate connection com.mysql.cj.jdbc.ConnectionImpl@49ecf6de (No operations allowed after connection closed.). Possibly consider using a shorter maxLifetime value.
2026-05-12 08:53:15.171 [http-nio-8081-exec-4] WARN  com.zaxxer.hikari.pool.PoolBase - MarkdownHikariCP - Failed to validate connection com.mysql.cj.jdbc.ConnectionImpl@3a168b9e (No operations allowed after connection closed.). Possibly consider using a shorter maxLifetime value.
2026-05-12 08:53:19.038 [http-nio-8081-exec-10] WARN  com.zaxxer.hikari.pool.PoolBase - MarkdownHikariCP - Failed to validate connection com.mysql.cj.jdbc.ConnectionImpl@553d2022 (No operations allowed after connection closed.). Possibly consider using a shorter maxLifetime value.
2026-05-12 08:53:20.175 [http-nio-8081-exec-4] WARN  com.zaxxer.hikari.pool.PoolBase - MarkdownHikariCP - Failed to validate connection com.mysql.cj.jdbc.ConnectionImpl@7debf34 (No operations allowed after connection closed.). Possibly consider using a shorter maxLifetime value.
2026-05-12 09:13:17.187 [http-nio-8081-exec-3] WARN  com.zaxxer.hikari.pool.PoolBase - MarkdownHikariCP - Failed to validate connection com.mysql.cj.jdbc.ConnectionImpl@41996552 (No operations allowed after connection closed.). Possibly consider using a shorter maxLifetime value.
2026-05-12 09:13:17.187 [http-nio-8081-exec-4] WARN  com.zaxxer.hikari.pool.PoolBase - MarkdownHikariCP - Failed to validate connection com.mysql.cj.jdbc.ConnectionImpl@63df25c5 (No operations allowed after connection closed.). Possibly consider using a shorter maxLifetime value.
2026-05-12 09:13:17.187 [http-nio-8081-exec-8] WARN  com.zaxxer.hikari.pool.PoolBase - MarkdownHikariCP - Failed to validate connection com.mysql.cj.jdbc.ConnectionImpl@4469ab7a (No operations allowed after connection closed.). Possibly consider using a shorter maxLifetime value.
2026-05-12 09:13:20.274 [http-nio-8081-exec-2] WARN  com.zaxxer.hikari.pool.PoolBase - MarkdownHikariCP - Failed to validate connection com.mysql.cj.jdbc.ConnectionImpl@171a25f6 (No operations allowed after connection closed.). Possibly consider using a shorter maxLifetime value.
2026-05-12 09:13:20.274 [http-nio-8081-exec-9] WARN  com.zaxxer.hikari.pool.PoolBase - MarkdownHikariCP - Failed to validate connection com.mysql.cj.jdbc.ConnectionImpl@225921be (No operations allowed after connection closed.). Possibly consider using a shorter maxLifetime value.
2026-05-12 09:13:20.274 [http-nio-8081-exec-6] WARN  com.zaxxer.hikari.pool.PoolBase - MarkdownHikariCP - Failed to validate connection com.mysql.cj.jdbc.ConnectionImpl@36f22251 (No operations allowed after connection closed.). Possibly consider using a shorter maxLifetime value.
2026-05-12 09:13:22.203 [http-nio-8081-exec-4] WARN  com.zaxxer.hikari.pool.PoolBase - MarkdownHikariCP - Failed to validate connection com.mysql.cj.jdbc.ConnectionImpl@5bd8bbd1 (No operations allowed after connection closed.). Possibly consider using a shorter maxLifetime value.
2026-05-12 09:13:22.203 [http-nio-8081-exec-3] WARN  com.zaxxer.hikari.pool.PoolBase - MarkdownHikariCP - Failed to validate connection com.mysql.cj.jdbc.ConnectionImpl@58f2df5b (No operations allowed after connection closed.). Possibly consider using a shorter maxLifetime value.
2026-05-12 09:13:22.203 [http-nio-8081-exec-8] WARN  com.zaxxer.hikari.pool.PoolBase - MarkdownHikariCP - Failed to validate connection com.mysql.cj.jdbc.ConnectionImpl@2bc37cc1 (No operations allowed after connection closed.). Possibly consider using a shorter maxLifetime value.
2026-05-12 09:23:37.372 [http-nio-8081-exec-9] WARN  com.zaxxer.hikari.pool.PoolBase - MarkdownHikariCP - Failed to validate connection com.mysql.cj.jdbc.ConnectionImpl@749b44cb (No operations allowed after connection closed.). Possibly consider using a shorter maxLifetime value.
2026-05-12 09:23:37.372 [http-nio-8081-exec-7] WARN  com.zaxxer.hikari.pool.PoolBase - MarkdownHikariCP - Failed to validate connection com.mysql.cj.jdbc.ConnectionImpl@654b0926 (No operations allowed after connection closed.). Possibly consider using a shorter maxLifetime value.
2026-05-12 09:23:37.398 [http-nio-8081-exec-11] WARN  com.zaxxer.hikari.pool.PoolBase - MarkdownHikariCP - Failed to validate connection com.mysql.cj.jdbc.ConnectionImpl@4dab0871 (No operations allowed after connection closed.). Possibly consider using a shorter maxLifetime value.
2026-05-12 09:46:51.322 [main] WARN  o.s.b.w.s.c.AnnotationConfigServletWebServerApplicationContext - Exception encountered during context initialization - cancelling refresh attempt: org.springframework.context.ApplicationContextException: Unable to start web server; nested exception is org.springframework.boot.web.server.WebServerException: Unable to start embedded Tomcat
2026-05-12 09:47:52.657 [main] WARN  o.s.b.w.s.c.AnnotationConfigServletWebServerApplicationContext - Exception encountered during context initialization - cancelling refresh attempt: org.springframework.context.ApplicationContextException: Failed to start bean 'webServerStartStop'; nested exception is org.springframework.boot.web.server.PortInUseException: Port 8081 is already in use
2026-05-12 10:03:24.134 [http-nio-8081-exec-7] WARN  com.zaxxer.hikari.pool.PoolBase - MarkdownHikariCP - Failed to validate connection com.mysql.cj.jdbc.ConnectionImpl@39b3205 (No operations allowed after connection closed.). Possibly consider using a shorter maxLifetime value.
2026-05-12 10:03:29.151 [http-nio-8081-exec-7] WARN  com.zaxxer.hikari.pool.PoolBase - MarkdownHikariCP - Failed to validate connection com.mysql.cj.jdbc.ConnectionImpl@4f281567 (No operations allowed after connection closed.). Possibly consider using a shorter maxLifetime value.
2026-05-12 10:03:34.162 [http-nio-8081-exec-7] WARN  com.zaxxer.hikari.pool.PoolBase - MarkdownHikariCP - Failed to validate connection com.mysql.cj.jdbc.ConnectionImpl@49533f52 (No operations allowed after connection closed.). Possibly consider using a shorter maxLifetime value.
2026-05-12 10:03:39.174 [http-nio-8081-exec-7] WARN  com.zaxxer.hikari.pool.PoolBase - MarkdownHikariCP - Failed to validate connection com.mysql.cj.jdbc.ConnectionImpl@7c17534 (No operations allowed after connection closed.). Possibly consider using a shorter maxLifetime value.
2026-05-12 10:03:44.187 [http-nio-8081-exec-7] WARN  com.zaxxer.hikari.pool.PoolBase - MarkdownHikariCP - Failed to validate connection com.mysql.cj.jdbc.ConnectionImpl@1576652d (No operations allowed after connection closed.). Possibly consider using a shorter maxLifetime value.
2026-05-12 10:03:49.204 [http-nio-8081-exec-7] WARN  com.zaxxer.hikari.pool.PoolBase - MarkdownHikariCP - Failed to validate connection com.mysql.cj.jdbc.ConnectionImpl@232d93ef (No operations allowed after connection closed.). Possibly consider using a shorter maxLifetime value.
2026-05-12 10:03:56.466 [http-nio-8081-exec-11] WARN  com.zaxxer.hikari.pool.PoolBase - MarkdownHikariCP - Failed to validate connection com.mysql.cj.jdbc.ConnectionImpl@71fd97a2 (No operations allowed after connection closed.). Possibly consider using a shorter maxLifetime value.
2026-05-12 10:04:01.470 [http-nio-8081-exec-11] WARN  com.zaxxer.hikari.pool.PoolBase - MarkdownHikariCP - Failed to validate connection com.mysql.cj.jdbc.ConnectionImpl@4bcc1aca (No operations allowed after connection closed.). Possibly consider using a shorter maxLifetime value.
2026-05-12 10:04:06.476 [http-nio-8081-exec-11] WARN  com.zaxxer.hikari.pool.PoolBase - MarkdownHikariCP - Failed to validate connection com.mysql.cj.jdbc.ConnectionImpl@75155eba (No operations allowed after connection closed.). Possibly consider using a shorter maxLifetime value.
2026-05-12 10:04:11.482 [http-nio-8081-exec-11] WARN  com.zaxxer.hikari.pool.PoolBase - MarkdownHikariCP - Failed to validate connection com.mysql.cj.jdbc.ConnectionImpl@236766cd (No operations allowed after connection closed.). Possibly consider using a shorter maxLifetime value.
2026-05-12 10:04:16.493 [http-nio-8081-exec-11] WARN  com.zaxxer.hikari.pool.PoolBase - MarkdownHikariCP - Failed to validate connection com.mysql.cj.jdbc.ConnectionImpl@19e0a3d3 (No operations allowed after connection closed.). Possibly consider using a shorter maxLifetime value.
2026-05-12 10:04:21.512 [http-nio-8081-exec-11] WARN  com.zaxxer.hikari.pool.PoolBase - MarkdownHikariCP - Failed to validate connection com.mysql.cj.jdbc.ConnectionImpl@4630cda5 (No operations allowed after connection closed.). Possibly consider using a shorter maxLifetime value.
2026-05-12 10:04:54.808 [http-nio-8081-exec-1] WARN  com.zaxxer.hikari.pool.PoolBase - MarkdownHikariCP - Failed to validate connection com.mysql.cj.jdbc.ConnectionImpl@7a670732 (No operations allowed after connection closed.). Possibly consider using a shorter maxLifetime value.
2026-05-12 10:47:45.119 [http-nio-8081-exec-5] WARN  com.zaxxer.hikari.pool.PoolBase - MarkdownHikariCP - Failed to validate connection com.mysql.cj.jdbc.ConnectionImpl@91f8576 (No operations allowed after connection closed.). Possibly consider using a shorter maxLifetime value.
2026-05-12 10:47:45.119 [http-nio-8081-exec-4] WARN  com.zaxxer.hikari.pool.PoolBase - MarkdownHikariCP - Failed to validate connection com.mysql.cj.jdbc.ConnectionImpl@4673edc6 (No operations allowed after connection closed.). Possibly consider using a shorter maxLifetime value.
2026-05-12 10:47:45.119 [http-nio-8081-exec-9] WARN  com.zaxxer.hikari.pool.PoolBase - MarkdownHikariCP - Failed to validate connection com.mysql.cj.jdbc.ConnectionImpl@ecd7e9a (No operations allowed after connection closed.). Possibly consider using a shorter maxLifetime value.
2026-05-12 10:47:45.119 [http-nio-8081-exec-6] WARN  com.zaxxer.hikari.pool.PoolBase - MarkdownHikariCP - Failed to validate connection com.mysql.cj.jdbc.ConnectionImpl@34caf2f (No operations allowed after connection closed.). Possibly consider using a shorter maxLifetime value.
2026-05-12 10:47:45.119 [http-nio-8081-exec-7] WARN  com.zaxxer.hikari.pool.PoolBase - MarkdownHikariCP - Failed to validate connection com.mysql.cj.jdbc.ConnectionImpl@2f43a897 (No operations allowed after connection closed.). Possibly consider using a shorter maxLifetime value.
2026-05-12 10:47:50.129 [http-nio-8081-exec-5] WARN  com.zaxxer.hikari.pool.PoolBase - MarkdownHikariCP - Failed to validate connection com.mysql.cj.jdbc.ConnectionImpl@25ba11aa (No operations allowed after connection closed.). Possibly consider using a shorter maxLifetime value.
2026-05-12 10:47:50.129 [http-nio-8081-exec-6] WARN  com.zaxxer.hikari.pool.PoolBase - MarkdownHikariCP - Failed to validate connection com.mysql.cj.jdbc.ConnectionImpl@575e77c1 (No operations allowed after connection closed.). Possibly consider using a shorter maxLifetime value.
2026-05-12 10:47:50.129 [http-nio-8081-exec-7] WARN  com.zaxxer.hikari.pool.PoolBase - MarkdownHikariCP - Failed to validate connection com.mysql.cj.jdbc.ConnectionImpl@3e60019 (No operations allowed after connection closed.). Possibly consider using a shorter maxLifetime value.
2026-05-12 10:59:11.809 [main] WARN  o.s.b.w.s.c.AnnotationConfigServletWebServerApplicationContext - Exception encountered during context initialization - cancelling refresh attempt: org.springframework.context.ApplicationContextException: Failed to start bean 'webServerStartStop'; nested exception is org.springframework.boot.web.server.PortInUseException: Port 8081 is already in use
2026-05-12 11:33:33.389 [http-nio-8081-exec-1] WARN  com.zaxxer.hikari.pool.PoolBase - MarkdownHikariCP - Failed to validate connection com.mysql.cj.jdbc.ConnectionImpl@56c1d018 (No operations allowed after connection closed.). Possibly consider using a shorter maxLifetime value.
2026-05-12 11:33:33.389 [http-nio-8081-exec-7] WARN  com.zaxxer.hikari.pool.PoolBase - MarkdownHikariCP - Failed to validate connection com.mysql.cj.jdbc.ConnectionImpl@41c65797 (No operations allowed after connection closed.). Possibly consider using a shorter maxLifetime value.
2026-05-12 11:33:33.389 [http-nio-8081-exec-3] WARN  com.zaxxer.hikari.pool.PoolBase - MarkdownHikariCP - Failed to validate connection com.mysql.cj.jdbc.ConnectionImpl@48da3c7e (No operations allowed after connection closed.). Possibly consider using a shorter maxLifetime value.
2026-05-12 11:33:33.389 [http-nio-8081-exec-8] WARN  com.zaxxer.hikari.pool.PoolBase - MarkdownHikariCP - Failed to validate connection com.mysql.cj.jdbc.ConnectionImpl@1eceded1 (No operations allowed after connection closed.). Possibly consider using a shorter maxLifetime value.
2026-05-12 11:33:33.389 [http-nio-8081-exec-10] WARN  com.zaxxer.hikari.pool.PoolBase - MarkdownHikariCP - Failed to validate connection com.mysql.cj.jdbc.ConnectionImpl@3f82ac7a (No operations allowed after connection closed.). Possibly consider using a shorter maxLifetime value.
2026-05-12 11:33:38.396 [http-nio-8081-exec-7] WARN  com.zaxxer.hikari.pool.PoolBase - MarkdownHikariCP - Failed to validate connection com.mysql.cj.jdbc.ConnectionImpl@543efa9d (No operations allowed after connection closed.). Possibly consider using a shorter maxLifetime value.
2026-05-12 11:33:38.396 [http-nio-8081-exec-1] WARN  com.zaxxer.hikari.pool.PoolBase - MarkdownHikariCP - Failed to validate connection com.mysql.cj.jdbc.ConnectionImpl@481e8e7c (No operations allowed after connection closed.). Possibly consider using a shorter maxLifetime value.
2026-05-12 15:00:32.818 [http-nio-8081-exec-6] WARN  com.zaxxer.hikari.pool.PoolBase - MarkdownHikariCP - Failed to validate connection com.mysql.cj.jdbc.ConnectionImpl@73ac4d78 (No operations allowed after connection closed.). Possibly consider using a shorter maxLifetime value.
2026-05-12 15:00:37.849 [http-nio-8081-exec-6] WARN  com.zaxxer.hikari.pool.PoolBase - MarkdownHikariCP - Failed to validate connection com.mysql.cj.jdbc.ConnectionImpl@34457764 (No operations allowed after connection closed.). Possibly consider using a shorter maxLifetime value.
2026-05-12 15:00:42.857 [http-nio-8081-exec-6] WARN  com.zaxxer.hikari.pool.PoolBase - MarkdownHikariCP - Failed to validate connection com.mysql.cj.jdbc.ConnectionImpl@692dedcd (No operations allowed after connection closed.). Possibly consider using a shorter maxLifetime value.
2026-05-12 15:00:47.861 [http-nio-8081-exec-6] WARN  com.zaxxer.hikari.pool.PoolBase - MarkdownHikariCP - Failed to validate connection com.mysql.cj.jdbc.ConnectionImpl@4d489e7f (No operations allowed after connection closed.). Possibly consider using a shorter maxLifetime value.
2026-05-12 15:00:52.870 [http-nio-8081-exec-6] WARN  com.zaxxer.hikari.pool.PoolBase - MarkdownHikariCP - Failed to validate connection com.mysql.cj.jdbc.ConnectionImpl@4b0354b1 (No operations allowed after connection closed.). Possibly consider using a shorter maxLifetime value.
2026-05-12 15:12:33.562 [http-nio-8081-exec-7] WARN  com.zaxxer.hikari.pool.PoolBase - MarkdownHikariCP - Failed to validate connection com.mysql.cj.jdbc.ConnectionImpl@22374a2c (No operations allowed after connection closed.). Possibly consider using a shorter maxLifetime value.
2026-05-12 15:12:33.562 [http-nio-8081-exec-5] WARN  com.zaxxer.hikari.pool.PoolBase - MarkdownHikariCP - Failed to validate connection com.mysql.cj.jdbc.ConnectionImpl@36a4033e (No operations allowed after connection closed.). Possibly consider using a shorter maxLifetime value.
2026-05-12 15:12:33.562 [http-nio-8081-exec-8] WARN  com.zaxxer.hikari.pool.PoolBase - MarkdownHikariCP - Failed to validate connection com.mysql.cj.jdbc.ConnectionImpl@2cb098b6 (No operations allowed after connection closed.). Possibly consider using a shorter maxLifetime value.
2026-05-12 15:12:33.574 [http-nio-8081-exec-3] WARN  com.zaxxer.hikari.pool.PoolBase - MarkdownHikariCP - Failed to validate connection com.mysql.cj.jdbc.ConnectionImpl@fc20354 (No operations allowed after connection closed.). Possibly consider using a shorter maxLifetime value.
2026-05-12 15:12:33.589 [http-nio-8081-exec-4] WARN  com.zaxxer.hikari.pool.PoolBase - MarkdownHikariCP - Failed to validate connection com.mysql.cj.jdbc.ConnectionImpl@8896c44 (No operations allowed after connection closed.). Possibly consider using a shorter maxLifetime value.
2026-05-12 15:25:57.960 [http-nio-8081-exec-1] WARN  c.m.e.s.impl.LoginRecordServiceImpl - 获取公网IP失败: I/O error on GET request for "http://api.ipify.org": Connection refused: connect; nested exception is java.net.ConnectException: Connection refused: connect
2026-05-12 15:29:04.377 [http-nio-8081-exec-1] WARN  c.m.e.s.impl.LoginRecordServiceImpl - 调用 http://api.ipify.org 失败: I/O error on GET request for "http://api.ipify.org": Connection refused: connect; nested exception is java.net.ConnectException: Connection refused: connect
2026-05-12 15:29:05.279 [http-nio-8081-exec-1] WARN  c.m.e.s.impl.LoginRecordServiceImpl - 查询IP地理位置时网络错误: I/O error on GET request for "http://ip-api.com/json/117.9.92.66": Connection reset; nested exception is java.net.SocketException: Connection reset
2026-05-12 15:39:51.943 [http-nio-8081-exec-1] WARN  c.m.e.s.impl.LoginRecordServiceImpl - 调用 http://api.ipify.org 失败: I/O error on GET request for "http://api.ipify.org": Connection reset; nested exception is java.net.SocketException: Connection reset
2026-05-12 15:42:21.569 [main] WARN  o.s.b.w.s.c.AnnotationConfigServletWebServerApplicationContext - Exception encountered during context initialization - cancelling refresh attempt: org.springframework.context.ApplicationContextException: Failed to start bean 'webServerStartStop'; nested exception is org.springframework.boot.web.server.PortInUseException: Port 8081 is already in use
