2026-04-18 16:39:31.193 [main] WARN  o.s.b.a.o.j.JpaBaseConfiguration$JpaWebConfiguration - spring.jpa.open-in-view is enabled by default. Therefore, database queries may be performed during view rendering. Explicitly configure spring.jpa.open-in-view to disable this warning
2026-04-18 16:45:30.840 [http-nio-8080-exec-4] WARN  com.zaxxer.hikari.pool.PoolBase - HikariPool-1 - Failed to validate connection com.mysql.cj.jdbc.ConnectionImpl@3aeb614e (No operations allowed after connection closed.). Possibly consider using a shorter maxLifetime value.
2026-04-18 16:45:59.628 [http-nio-8080-exec-3] WARN  com.zaxxer.hikari.pool.PoolBase - HikariPool-1 - Failed to validate connection com.mysql.cj.jdbc.ConnectionImpl@28d9b1f1 (No operations allowed after connection closed.). Possibly consider using a shorter maxLifetime value.
2026-04-18 16:48:17.172 [http-nio-8080-exec-5] WARN  com.zaxxer.hikari.pool.PoolBase - HikariPool-1 - Failed to validate connection com.mysql.cj.jdbc.ConnectionImpl@f89b6d0 (No operations allowed after connection closed.). Possibly consider using a shorter maxLifetime value.
2026-04-18 16:51:50.835 [http-nio-8080-exec-5] WARN  com.zaxxer.hikari.pool.PoolBase - HikariPool-1 - Failed to validate connection com.mysql.cj.jdbc.ConnectionImpl@7efe9d88 (No operations allowed after connection closed.). Possibly consider using a shorter maxLifetime value.
2026-04-18 17:01:43.408 [main] WARN  o.s.b.a.o.j.JpaBaseConfiguration$JpaWebConfiguration - spring.jpa.open-in-view is enabled by default. Therefore, database queries may be performed during view rendering. Explicitly configure spring.jpa.open-in-view to disable this warning
2026-04-18 17:05:59.711 [main] WARN  o.s.b.a.o.j.JpaBaseConfiguration$JpaWebConfiguration - spring.jpa.open-in-view is enabled by default. Therefore, database queries may be performed during view rendering. Explicitly configure spring.jpa.open-in-view to disable this warning
2026-04-18 17:14:43.870 [http-nio-8080-exec-4] WARN  com.zaxxer.hikari.pool.PoolBase - HikariPool-1 - Failed to validate connection com.mysql.cj.jdbc.ConnectionImpl@a727e5e (No operations allowed after connection closed.). Possibly consider using a shorter maxLifetime value.
2026-04-18 17:18:21.674 [main] WARN  o.s.b.a.o.j.JpaBaseConfiguration$JpaWebConfiguration - spring.jpa.open-in-view is enabled by default. Therefore, database queries may be performed during view rendering. Explicitly configure spring.jpa.open-in-view to disable this warning
2026-04-18 17:22:24.343 [main] WARN  o.s.b.a.o.j.JpaBaseConfiguration$JpaWebConfiguration - spring.jpa.open-in-view is enabled by default. Therefore, database queries may be performed during view rendering. Explicitly configure spring.jpa.open-in-view to disable this warning
2026-04-18 17:22:54.853 [http-nio-8080-exec-1] WARN  o.h.e.jdbc.spi.SqlExceptionHelper - SQL Error: 1062, SQLState: 23000
2026-04-18 17:25:05.730 [http-nio-8080-exec-2] WARN  o.h.e.jdbc.spi.SqlExceptionHelper - SQL Error: 1062, SQLState: 23000
2026-04-18 17:25:18.892 [http-nio-8080-exec-3] WARN  o.h.e.jdbc.spi.SqlExceptionHelper - SQL Error: 1062, SQLState: 23000
2026-04-18 17:27:12.575 [main] WARN  o.s.b.a.o.j.JpaBaseConfiguration$JpaWebConfiguration - spring.jpa.open-in-view is enabled by default. Therefore, database queries may be performed during view rendering. Explicitly configure spring.jpa.open-in-view to disable this warning
2026-04-18 17:28:02.675 [http-nio-8080-exec-6] WARN  c.m.e.controller.DocumentController - 用户[chen]尝试删除无权删除的文档，文档ID: 112
2026-04-18 17:28:06.453 [http-nio-8080-exec-4] WARN  c.m.e.controller.DocumentController - 用户[chen]尝试删除无权删除的文档，文档ID: 112
2026-04-18 17:51:38.866 [main] WARN  o.s.b.w.s.c.AnnotationConfigServletWebServerApplicationContext - Exception encountered during context initialization - cancelling refresh attempt: org.springframework.context.ApplicationContextException: Failed to start bean 'documentationPluginsBootstrapper'; nested exception is java.lang.NullPointerException: Cannot invoke "org.springframework.web.servlet.mvc.condition.PatternsRequestCondition.getPatterns()" because "this.condition" is null
2026-04-18 18:05:44.531 [http-nio-8080-exec-6] WARN  c.m.e.controller.DocumentController - 尝试访问非公开文档，文档ID: 174
2026-04-18 19:59:55.748 [http-nio-8080-exec-1] WARN  com.zaxxer.hikari.pool.PoolBase - HikariPool-1 - Failed to validate connection com.mysql.cj.jdbc.ConnectionImpl@738d77e5 (No operations allowed after connection closed.). Possibly consider using a shorter maxLifetime value.
2026-04-18 19:59:58.771 [http-nio-8080-exec-4] WARN  com.zaxxer.hikari.pool.PoolBase - HikariPool-1 - Failed to validate connection com.mysql.cj.jdbc.ConnectionImpl@4ed2692e (No operations allowed after connection closed.). Possibly consider using a shorter maxLifetime value.
2026-04-18 20:00:00.764 [http-nio-8080-exec-1] WARN  com.zaxxer.hikari.pool.PoolBase - HikariPool-1 - Failed to validate connection com.mysql.cj.jdbc.ConnectionImpl@d98c8f4 (No operations allowed after connection closed.). Possibly consider using a shorter maxLifetime value.
2026-04-18 20:00:03.784 [http-nio-8080-exec-4] WARN  com.zaxxer.hikari.pool.PoolBase - HikariPool-1 - Failed to validate connection com.mysql.cj.jdbc.ConnectionImpl@40159e84 (No operations allowed after connection closed.). Possibly consider using a shorter maxLifetime value.
2026-04-18 20:00:05.769 [http-nio-8080-exec-1] WARN  com.zaxxer.hikari.pool.PoolBase - HikariPool-1 - Failed to validate connection com.mysql.cj.jdbc.ConnectionImpl@bf3b3aa (No operations allowed after connection closed.). Possibly consider using a shorter maxLifetime value.
2026-04-18 20:00:08.800 [http-nio-8080-exec-4] WARN  com.zaxxer.hikari.pool.PoolBase - HikariPool-1 - Failed to validate connection com.mysql.cj.jdbc.ConnectionImpl@442a025e (No operations allowed after connection closed.). Possibly consider using a shorter maxLifetime value.
2026-04-18 20:00:08.983 [http-nio-8080-exec-2] WARN  com.zaxxer.hikari.pool.PoolBase - HikariPool-1 - Failed to validate connection com.mysql.cj.jdbc.ConnectionImpl@e1fe1d4 (No operations allowed after connection closed.). Possibly consider using a shorter maxLifetime value.
2026-04-18 20:00:08.983 [http-nio-8080-exec-3] WARN  com.zaxxer.hikari.pool.PoolBase - HikariPool-1 - Failed to validate connection com.mysql.cj.jdbc.ConnectionImpl@3c6127f8 (No operations allowed after connection closed.). Possibly consider using a shorter maxLifetime value.
2026-04-18 20:00:10.802 [http-nio-8080-exec-1] WARN  com.zaxxer.hikari.pool.PoolBase - HikariPool-1 - Failed to validate connection com.mysql.cj.jdbc.ConnectionImpl@18d3eb04 (No operations allowed after connection closed.). Possibly consider using a shorter maxLifetime value.
2026-04-18 20:05:06.864 [http-nio-8080-exec-7] WARN  com.zaxxer.hikari.pool.PoolBase - HikariPool-1 - Failed to validate connection com.mysql.cj.jdbc.ConnectionImpl@368bb5c4 (No operations allowed after connection closed.). Possibly consider using a shorter maxLifetime value.
2026-04-18 20:05:25.441 [http-nio-8080-exec-9] WARN  com.zaxxer.hikari.pool.PoolBase - HikariPool-1 - Failed to validate connection com.mysql.cj.jdbc.ConnectionImpl@1e9ff923 (No operations allowed after connection closed.). Possibly consider using a shorter maxLifetime value.
2026-04-18 20:05:35.861 [http-nio-8080-exec-4] WARN  com.zaxxer.hikari.pool.PoolBase - HikariPool-1 - Failed to validate connection com.mysql.cj.jdbc.ConnectionImpl@43f6b6a2 (No operations allowed after connection closed.). Possibly consider using a shorter maxLifetime value.
2026-04-18 20:05:45.368 [http-nio-8080-exec-2] WARN  com.zaxxer.hikari.pool.PoolBase - HikariPool-1 - Failed to validate connection com.mysql.cj.jdbc.ConnectionImpl@77ffc09e (No operations allowed after connection closed.). Possibly consider using a shorter maxLifetime value.
2026-04-18 20:08:25.724 [http-nio-8080-exec-3] WARN  com.zaxxer.hikari.pool.PoolBase - HikariPool-1 - Failed to validate connection com.mysql.cj.jdbc.ConnectionImpl@72129f17 (No operations allowed after connection closed.). Possibly consider using a shorter maxLifetime value.
2026-04-18 20:08:43.694 [http-nio-8080-exec-10] WARN  com.zaxxer.hikari.pool.PoolBase - HikariPool-1 - Failed to validate connection com.mysql.cj.jdbc.ConnectionImpl@35337bc9 (No operations allowed after connection closed.). Possibly consider using a shorter maxLifetime value.
2026-04-18 20:08:53.786 [http-nio-8080-exec-9] WARN  com.zaxxer.hikari.pool.PoolBase - HikariPool-1 - Failed to validate connection com.mysql.cj.jdbc.ConnectionImpl@1e868965 (No operations allowed after connection closed.). Possibly consider using a shorter maxLifetime value.
2026-04-18 21:13:17.812 [http-nio-8080-exec-6] WARN  com.zaxxer.hikari.pool.PoolBase - HikariPool-1 - Failed to validate connection com.mysql.cj.jdbc.ConnectionImpl@1f59bce9 (No operations allowed after connection closed.). Possibly consider using a shorter maxLifetime value.
2026-04-18 21:13:17.812 [http-nio-8080-exec-3] WARN  com.zaxxer.hikari.pool.PoolBase - HikariPool-1 - Failed to validate connection com.mysql.cj.jdbc.ConnectionImpl@577b3d48 (No operations allowed after connection closed.). Possibly consider using a shorter maxLifetime value.
2026-04-18 21:13:17.812 [http-nio-8080-exec-4] WARN  com.zaxxer.hikari.pool.PoolBase - HikariPool-1 - Failed to validate connection com.mysql.cj.jdbc.ConnectionImpl@53be907c (No operations allowed after connection closed.). Possibly consider using a shorter maxLifetime value.
2026-04-18 21:13:22.827 [http-nio-8080-exec-3] WARN  com.zaxxer.hikari.pool.PoolBase - HikariPool-1 - Failed to validate connection com.mysql.cj.jdbc.ConnectionImpl@2549ac47 (No operations allowed after connection closed.). Possibly consider using a shorter maxLifetime value.
2026-04-18 21:13:22.828 [http-nio-8080-exec-6] WARN  com.zaxxer.hikari.pool.PoolBase - HikariPool-1 - Failed to validate connection com.mysql.cj.jdbc.ConnectionImpl@4b99e948 (No operations allowed after connection closed.). Possibly consider using a shorter maxLifetime value.
2026-04-18 21:13:22.827 [http-nio-8080-exec-4] WARN  com.zaxxer.hikari.pool.PoolBase - HikariPool-1 - Failed to validate connection com.mysql.cj.jdbc.ConnectionImpl@1e6fcdbc (No operations allowed after connection closed.). Possibly consider using a shorter maxLifetime value.
2026-04-18 21:13:27.558 [http-nio-8080-exec-7] WARN  com.zaxxer.hikari.pool.PoolBase - HikariPool-1 - Failed to validate connection com.mysql.cj.jdbc.ConnectionImpl@65ec77d3 (No operations allowed after connection closed.). Possibly consider using a shorter maxLifetime value.
2026-04-18 21:13:27.559 [http-nio-8080-exec-8] WARN  com.zaxxer.hikari.pool.PoolBase - HikariPool-1 - Failed to validate connection com.mysql.cj.jdbc.ConnectionImpl@76414f37 (No operations allowed after connection closed.). Possibly consider using a shorter maxLifetime value.
2026-04-18 21:13:27.558 [http-nio-8080-exec-9] WARN  com.zaxxer.hikari.pool.PoolBase - HikariPool-1 - Failed to validate connection com.mysql.cj.jdbc.ConnectionImpl@20567994 (No operations allowed after connection closed.). Possibly consider using a shorter maxLifetime value.
2026-04-18 21:13:27.834 [http-nio-8080-exec-6] WARN  com.zaxxer.hikari.pool.PoolBase - HikariPool-1 - Failed to validate connection com.mysql.cj.jdbc.ConnectionImpl@369e467f (No operations allowed after connection closed.). Possibly consider using a shorter maxLifetime value.
2026-04-18 21:19:20.303 [http-nio-8080-exec-10] WARN  c.m.e.controller.DocumentController - 用户[chen]尝试更新无权修改的文档，文档ID: 144
2026-04-18 21:19:22.208 [http-nio-8080-exec-5] WARN  c.m.e.controller.DocumentController - 用户[chen]尝试更新无权修改的文档，文档ID: 144
2026-04-18 21:19:28.888 [http-nio-8080-exec-6] WARN  c.m.e.controller.DocumentController - 用户[chen]尝试更新无权修改的文档，文档ID: 144
2026-04-18 21:19:29.658 [http-nio-8080-exec-7] WARN  c.m.e.controller.DocumentController - 用户[chen]尝试更新无权修改的文档，文档ID: 144
2026-04-18 21:19:31.170 [http-nio-8080-exec-8] WARN  c.m.e.controller.DocumentController - 用户[chen]尝试更新无权修改的文档，文档ID: 144
2026-04-18 21:19:31.473 [http-nio-8080-exec-9] WARN  c.m.e.controller.DocumentController - 用户[chen]尝试更新无权修改的文档，文档ID: 144
2026-04-18 21:21:03.242 [http-nio-8080-exec-10] WARN  c.m.e.controller.DocumentController - 用户[chen]更新文档失败，标签验证失败：标签[阅读]不存在
2026-04-18 21:24:39.707 [http-nio-8080-exec-1] WARN  com.zaxxer.hikari.pool.PoolBase - HikariPool-1 - Failed to validate connection com.mysql.cj.jdbc.ConnectionImpl@4491e6d0 (No operations allowed after connection closed.). Possibly consider using a shorter maxLifetime value.
2026-04-18 21:24:39.707 [http-nio-8080-exec-7] WARN  com.zaxxer.hikari.pool.PoolBase - HikariPool-1 - Failed to validate connection com.mysql.cj.jdbc.ConnectionImpl@31fa7229 (No operations allowed after connection closed.). Possibly consider using a shorter maxLifetime value.
2026-04-18 21:26:49.516 [http-nio-8080-exec-10] WARN  com.zaxxer.hikari.pool.PoolBase - HikariPool-1 - Failed to validate connection com.mysql.cj.jdbc.ConnectionImpl@590334fe (No operations allowed after connection closed.). Possibly consider using a shorter maxLifetime value.
2026-04-18 21:27:30.592 [http-nio-8080-exec-4] WARN  com.zaxxer.hikari.pool.PoolBase - HikariPool-1 - Failed to validate connection com.mysql.cj.jdbc.ConnectionImpl@138e2e7 (No operations allowed after connection closed.). Possibly consider using a shorter maxLifetime value.
2026-04-18 21:27:35.203 [http-nio-8080-exec-1] WARN  com.zaxxer.hikari.pool.PoolBase - HikariPool-1 - Failed to validate connection com.mysql.cj.jdbc.ConnectionImpl@6a2db7e (No operations allowed after connection closed.). Possibly consider using a shorter maxLifetime value.
2026-04-18 21:29:14.315 [http-nio-8080-exec-3] WARN  com.zaxxer.hikari.pool.PoolBase - HikariPool-1 - Failed to validate connection com.mysql.cj.jdbc.ConnectionImpl@5535777e (No operations allowed after connection closed.). Possibly consider using a shorter maxLifetime value.
2026-04-18 21:31:20.892 [http-nio-8080-exec-9] WARN  com.zaxxer.hikari.pool.PoolBase - HikariPool-1 - Failed to validate connection com.mysql.cj.jdbc.ConnectionImpl@760c47a3 (No operations allowed after connection closed.). Possibly consider using a shorter maxLifetime value.
2026-04-18 21:37:05.911 [http-nio-8080-exec-10] WARN  com.zaxxer.hikari.pool.PoolBase - HikariPool-1 - Failed to validate connection com.mysql.cj.jdbc.ConnectionImpl@2f807e3f (No operations allowed after connection closed.). Possibly consider using a shorter maxLifetime value.
2026-04-18 21:37:05.954 [http-nio-8080-exec-5] WARN  com.zaxxer.hikari.pool.PoolBase - HikariPool-1 - Failed to validate connection com.mysql.cj.jdbc.ConnectionImpl@2057c657 (No operations allowed after connection closed.). Possibly consider using a shorter maxLifetime value.
2026-04-18 21:40:06.251 [main] WARN  o.s.b.w.s.c.AnnotationConfigServletWebServerApplicationContext - Exception encountered during context initialization - cancelling refresh attempt: org.springframework.context.ApplicationContextException: Failed to start bean 'webServerStartStop'; nested exception is org.springframework.boot.web.server.PortInUseException: Port 8080 is already in use
