2026-05-07 10:36:41.227 [main] DEBUG c.m.editor.MarkdownEditorApplication - Running with Spring Boot v2.7.14, Spring v5.3.29
2026-05-07 10:36:43.625 [main] DEBUG c.m.e.filter.JwtAuthenticationFilter - Filter 'jwtAuthenticationFilter' configured for use
2026-05-07 10:46:58.181 [main] DEBUG c.m.editor.MarkdownEditorApplication - Running with Spring Boot v2.7.14, Spring v5.3.29
2026-05-07 10:47:00.107 [main] DEBUG c.m.e.filter.JwtAuthenticationFilter - Filter 'jwtAuthenticationFilter' configured for use
2026-05-07 10:50:46.071 [main] DEBUG c.m.editor.MarkdownEditorApplication - Running with Spring Boot v2.7.14, Spring v5.3.29
2026-05-07 10:50:48.011 [main] DEBUG c.m.e.filter.JwtAuthenticationFilter - Filter 'jwtAuthenticationFilter' configured for use
2026-05-07 11:03:06.039 [http-nio-8081-exec-3] ERROR c.markdown.editor.security.JwtUtils - JWT token is expired: JWT expired at 2026-04-25T20:03:23Z. Current time: 2026-05-07T11:03:06Z, a difference of 1004383039 milliseconds.  Allowed clock skew: 0 milliseconds.
2026-05-07 11:03:06.055 [http-nio-8081-exec-5] ERROR c.markdown.editor.security.JwtUtils - JWT token is expired: JWT expired at 2026-04-25T20:03:23Z. Current time: 2026-05-07T11:03:06Z, a difference of 1004383055 milliseconds.  Allowed clock skew: 0 milliseconds.
2026-05-07 11:03:20.204 [main] DEBUG c.m.editor.MarkdownEditorApplication - Running with Spring Boot v2.7.14, Spring v5.3.29
2026-05-07 11:03:22.113 [main] DEBUG c.m.e.filter.JwtAuthenticationFilter - Filter 'jwtAuthenticationFilter' configured for use
2026-05-07 11:03:23.019 [main] WARN  o.s.b.w.s.c.AnnotationConfigServletWebServerApplicationContext - Exception encountered during context initialization - cancelling refresh attempt: org.springframework.context.ApplicationContextException: Failed to start bean 'webServerStartStop'; nested exception is org.springframework.boot.web.server.PortInUseException: Port 8081 is already in use
2026-05-07 11:03:23.046 [main] ERROR o.s.b.d.LoggingFailureAnalysisReporter - 

***************************
APPLICATION FAILED TO START
***************************

Description:

Web server failed to start. Port 8081 was already in use.

Action:

Identify and stop the process that's listening on port 8081 or configure this application to listen on another port.

2026-05-07 11:04:02.994 [main] DEBUG c.m.editor.MarkdownEditorApplication - Running with Spring Boot v2.7.14, Spring v5.3.29
2026-05-07 11:04:04.863 [main] DEBUG c.m.e.filter.JwtAuthenticationFilter - Filter 'jwtAuthenticationFilter' configured for use
2026-05-07 11:05:52.533 [main] DEBUG c.m.editor.MarkdownEditorApplication - Running with Spring Boot v2.7.14, Spring v5.3.29
2026-05-07 11:05:54.907 [main] DEBUG c.m.e.filter.JwtAuthenticationFilter - Filter 'jwtAuthenticationFilter' configured for use
2026-05-07 11:07:07.245 [main] DEBUG c.m.editor.MarkdownEditorApplication - Running with Spring Boot v2.7.14, Spring v5.3.29
2026-05-07 11:07:11.293 [main] DEBUG c.m.e.filter.JwtAuthenticationFilter - Filter 'jwtAuthenticationFilter' configured for use
2026-05-07 11:08:13.088 [main] DEBUG c.m.editor.MarkdownEditorApplication - Running with Spring Boot v2.7.14, Spring v5.3.29
2026-05-07 11:08:19.756 [main] DEBUG c.m.e.filter.JwtAuthenticationFilter - Filter 'jwtAuthenticationFilter' configured for use
2026-05-07 11:10:31.415 [main] DEBUG c.m.editor.MarkdownEditorApplication - Running with Spring Boot v2.7.14, Spring v5.3.29
2026-05-07 11:10:38.115 [main] DEBUG c.m.e.filter.JwtAuthenticationFilter - Filter 'jwtAuthenticationFilter' configured for use
2026-05-07 11:12:49.197 [main] DEBUG c.m.editor.MarkdownEditorApplication - Running with Spring Boot v2.7.14, Spring v5.3.29
2026-05-07 11:12:53.384 [main] DEBUG c.m.e.filter.JwtAuthenticationFilter - Filter 'jwtAuthenticationFilter' configured for use
2026-05-07 11:17:50.359 [http-nio-8081-exec-9] WARN  com.zaxxer.hikari.pool.PoolBase - MarkdownHikariCP - Failed to validate connection com.mysql.cj.jdbc.ConnectionImpl@2d279df (No operations allowed after connection closed.). Possibly consider using a shorter maxLifetime value.
2026-05-07 11:23:50.148 [main] DEBUG c.m.editor.MarkdownEditorApplication - Running with Spring Boot v2.7.14, Spring v5.3.29
2026-05-07 11:23:54.083 [main] DEBUG c.m.e.filter.JwtAuthenticationFilter - Filter 'jwtAuthenticationFilter' configured for use
2026-05-07 11:31:17.638 [main] DEBUG c.m.editor.MarkdownEditorApplication - Running with Spring Boot v2.7.14, Spring v5.3.29
2026-05-07 11:31:24.049 [main] DEBUG c.m.e.filter.JwtAuthenticationFilter - Filter 'jwtAuthenticationFilter' configured for use
2026-05-07 14:43:40.546 [main] DEBUG c.m.editor.MarkdownEditorApplication - Running with Spring Boot v2.7.14, Spring v5.3.29
2026-05-07 14:43:45.138 [main] DEBUG c.m.e.filter.JwtAuthenticationFilter - Filter 'jwtAuthenticationFilter' configured for use
2026-05-07 14:45:24.040 [main] DEBUG c.m.editor.MarkdownEditorApplication - Running with Spring Boot v2.7.14, Spring v5.3.29
2026-05-07 14:45:27.848 [main] DEBUG c.m.e.filter.JwtAuthenticationFilter - Filter 'jwtAuthenticationFilter' configured for use
2026-05-07 14:46:49.344 [http-nio-0.0.0.0-8081-exec-4] ERROR c.markdown.editor.security.JwtUtils - Invalid JWT signature: JWT signature does not match locally computed signature. JWT validity cannot be asserted and should not be trusted.
2026-05-07 14:53:07.736 [main] DEBUG c.m.editor.MarkdownEditorApplication - Running with Spring Boot v2.7.14, Spring v5.3.29
2026-05-07 14:53:12.301 [main] DEBUG c.m.e.filter.JwtAuthenticationFilter - Filter 'jwtAuthenticationFilter' configured for use
2026-05-07 14:54:14.582 [main] DEBUG c.m.editor.MarkdownEditorApplication - Running with Spring Boot v2.7.14, Spring v5.3.29
2026-05-07 14:54:18.473 [main] DEBUG c.m.e.filter.JwtAuthenticationFilter - Filter 'jwtAuthenticationFilter' configured for use
2026-05-07 14:57:50.155 [http-nio-0.0.0.0-8081-exec-9] ERROR c.markdown.editor.security.JwtUtils - Invalid JWT signature: JWT signature does not match locally computed signature. JWT validity cannot be asserted and should not be trusted.
2026-05-07 14:59:11.554 [main] DEBUG c.m.editor.MarkdownEditorApplication - Running with Spring Boot v2.7.14, Spring v5.3.29
2026-05-07 14:59:16.232 [main] DEBUG c.m.e.filter.JwtAuthenticationFilter - Filter 'jwtAuthenticationFilter' configured for use
2026-05-07 14:59:44.519 [http-nio-0.0.0.0-8081-exec-4] ERROR c.markdown.editor.security.JwtUtils - JWT token is expired: JWT expired at 2026-05-06T11:29:26Z. Current time: 2026-05-07T14:59:44Z, a difference of 99018518 milliseconds.  Allowed clock skew: 0 milliseconds.
2026-05-07 15:08:31.138 [main] DEBUG c.m.editor.MarkdownEditorApplication - Running with Spring Boot v2.7.14, Spring v5.3.29
2026-05-07 15:08:34.221 [main] DEBUG c.m.e.filter.JwtAuthenticationFilter - Filter 'jwtAuthenticationFilter' configured for use
2026-05-07 15:11:31.414 [http-nio-0.0.0.0-8081-exec-10] DEBUG c.m.e.controller.DocumentController - 文档ID: 255 浏览次数增加
2026-05-07 15:12:48.491 [main] DEBUG c.m.editor.MarkdownEditorApplication - Running with Spring Boot v2.7.14, Spring v5.3.29
2026-05-07 15:12:51.506 [main] DEBUG c.m.e.filter.JwtAuthenticationFilter - Filter 'jwtAuthenticationFilter' configured for use
2026-05-07 15:13:30.633 [main] DEBUG c.m.editor.MarkdownEditorApplication - Running with Spring Boot v2.7.14, Spring v5.3.29
2026-05-07 15:13:34.486 [main] DEBUG c.m.e.filter.JwtAuthenticationFilter - Filter 'jwtAuthenticationFilter' configured for use
2026-05-07 15:16:07.945 [http-nio-0.0.0.0-8081-exec-1] WARN  o.s.w.s.m.m.a.ExceptionHandlerExceptionResolver - Failure in @ExceptionHandler com.markdown.editor.exception.GlobalExceptionHandler#handleException(Exception)
org.apache.catalina.connector.ClientAbortException: java.io.IOException: Connection reset by peer
	at org.apache.catalina.connector.OutputBuffer.doFlush(OutputBuffer.java:309)
	at org.apache.catalina.connector.OutputBuffer.flush(OutputBuffer.java:271)
	at org.apache.catalina.connector.CoyoteOutputStream.flush(CoyoteOutputStream.java:120)
	at org.springframework.security.web.util.OnCommittedResponseWrapper$SaveContextServletOutputStream.flush(OnCommittedResponseWrapper.java:523)
	at java.base/java.io.FilterOutputStream.flush(FilterOutputStream.java:153)
	at com.fasterxml.jackson.core.json.UTF8JsonGenerator.flush(UTF8JsonGenerator.java:1187)
	at com.fasterxml.jackson.databind.ObjectWriter.writeValue(ObjectWriter.java:1009)
	at org.springframework.http.converter.json.AbstractJackson2HttpMessageConverter.writeInternal(AbstractJackson2HttpMessageConverter.java:456)
	at org.springframework.http.converter.AbstractGenericHttpMessageConverter.write(AbstractGenericHttpMessageConverter.java:104)
	at org.springframework.web.servlet.mvc.method.annotation.AbstractMessageConverterMethodProcessor.writeWithMessageConverters(AbstractMessageConverterMethodProcessor.java:290)
	at org.springframework.web.servlet.mvc.method.annotation.HttpEntityMethodProcessor.handleReturnValue(HttpEntityMethodProcessor.java:219)
	at org.springframework.web.method.support.HandlerMethodReturnValueHandlerComposite.handleReturnValue(HandlerMethodReturnValueHandlerComposite.java:78)
	at org.springframework.web.servlet.mvc.method.annotation.ServletInvocableHandlerMethod.invokeAndHandle(ServletInvocableHandlerMethod.java:135)
	at org.springframework.web.servlet.mvc.method.annotation.ExceptionHandlerExceptionResolver.doResolveHandlerMethodException(ExceptionHandlerExceptionResolver.java:428)
	at org.springframework.web.servlet.handler.AbstractHandlerMethodExceptionResolver.doResolveException(AbstractHandlerMethodExceptionResolver.java:75)
	at org.springframework.web.servlet.handler.AbstractHandlerExceptionResolver.resolveException(AbstractHandlerExceptionResolver.java:142)
	at org.springframework.web.servlet.handler.HandlerExceptionResolverComposite.resolveException(HandlerExceptionResolverComposite.java:80)
	at org.springframework.web.servlet.DispatcherServlet.processHandlerException(DispatcherServlet.java:1332)
	at org.springframework.web.servlet.DispatcherServlet.processDispatchResult(DispatcherServlet.java:1143)
	at org.springframework.web.servlet.DispatcherServlet.doDispatch(DispatcherServlet.java:1089)
	at org.springframework.web.servlet.DispatcherServlet.doService(DispatcherServlet.java:965)
	at org.springframework.web.servlet.FrameworkServlet.processRequest(FrameworkServlet.java:1006)
	at org.springframework.web.servlet.FrameworkServlet.doGet(FrameworkServlet.java:898)
	at javax.servlet.http.HttpServlet.service(HttpServlet.java:529)
	at org.springframework.web.servlet.FrameworkServlet.service(FrameworkServlet.java:883)
	at javax.servlet.http.HttpServlet.service(HttpServlet.java:623)
	at org.apache.catalina.core.ApplicationFilterChain.internalDoFilter(ApplicationFilterChain.java:209)
	at org.apache.catalina.core.ApplicationFilterChain.doFilter(ApplicationFilterChain.java:153)
	at org.apache.tomcat.websocket.server.WsFilter.doFilter(WsFilter.java:51)
	at org.apache.catalina.core.ApplicationFilterChain.internalDoFilter(ApplicationFilterChain.java:178)
	at org.apache.catalina.core.ApplicationFilterChain.doFilter(ApplicationFilterChain.java:153)
	at org.springframework.web.filter.OncePerRequestFilter.doFilter(OncePerRequestFilter.java:111)
	at org.apache.catalina.core.ApplicationFilterChain.internalDoFilter(ApplicationFilterChain.java:178)
	at org.apache.catalina.core.ApplicationFilterChain.doFilter(ApplicationFilterChain.java:153)
	at org.springframework.web.filter.OncePerRequestFilter.doFilter(OncePerRequestFilter.java:111)
	at org.apache.catalina.core.ApplicationFilterChain.internalDoFilter(ApplicationFilterChain.java:178)
	at org.apache.catalina.core.ApplicationFilterChain.doFilter(ApplicationFilterChain.java:153)
	at org.springframework.security.web.FilterChainProxy$VirtualFilterChain.doFilter(FilterChainProxy.java:337)
	at org.springframework.security.web.access.intercept.FilterSecurityInterceptor.invoke(FilterSecurityInterceptor.java:115)
	at org.springframework.security.web.access.intercept.FilterSecurityInterceptor.doFilter(FilterSecurityInterceptor.java:81)
	at org.springframework.security.web.FilterChainProxy$VirtualFilterChain.doFilter(FilterChainProxy.java:346)
	at org.springframework.security.web.access.ExceptionTranslationFilter.doFilter(ExceptionTranslationFilter.java:122)
	at org.springframework.security.web.access.ExceptionTranslationFilter.doFilter(ExceptionTranslationFilter.java:116)
	at org.springframework.security.web.FilterChainProxy$VirtualFilterChain.doFilter(FilterChainProxy.java:346)
	at org.springframework.security.web.session.SessionManagementFilter.doFilter(SessionManagementFilter.java:126)
	at org.springframework.security.web.session.SessionManagementFilter.doFilter(SessionManagementFilter.java:81)
	at org.springframework.security.web.FilterChainProxy$VirtualFilterChain.doFilter(FilterChainProxy.java:346)
	at org.springframework.security.web.authentication.AnonymousAuthenticationFilter.doFilter(AnonymousAuthenticationFilter.java:109)
	at org.springframework.security.web.FilterChainProxy$VirtualFilterChain.doFilter(FilterChainProxy.java:346)
	at org.springframework.security.web.servletapi.SecurityContextHolderAwareRequestFilter.doFilter(SecurityContextHolderAwareRequestFilter.java:149)
	at org.springframework.security.web.FilterChainProxy$VirtualFilterChain.doFilter(FilterChainProxy.java:346)
	at org.springframework.security.web.savedrequest.RequestCacheAwareFilter.doFilter(RequestCacheAwareFilter.java:63)
	at org.springframework.security.web.FilterChainProxy$VirtualFilterChain.doFilter(FilterChainProxy.java:346)
	at com.markdown.editor.filter.JwtAuthenticationFilter.doFilterInternal(JwtAuthenticationFilter.java:52)
	at org.springframework.web.filter.OncePerRequestFilter.doFilter(OncePerRequestFilter.java:117)
	at org.springframework.security.web.FilterChainProxy$VirtualFilterChain.doFilter(FilterChainProxy.java:346)
	at org.springframework.security.web.authentication.logout.LogoutFilter.doFilter(LogoutFilter.java:103)
	at org.springframework.security.web.authentication.logout.LogoutFilter.doFilter(LogoutFilter.java:89)
	at org.springframework.security.web.FilterChainProxy$VirtualFilterChain.doFilter(FilterChainProxy.java:346)
	at org.springframework.web.filter.CorsFilter.doFilterInternal(CorsFilter.java:91)
	at org.springframework.web.filter.OncePerRequestFilter.doFilter(OncePerRequestFilter.java:117)
	at org.springframework.security.web.FilterChainProxy$VirtualFilterChain.doFilter(FilterChainProxy.java:346)
	at org.springframework.security.web.header.HeaderWriterFilter.doHeadersAfter(HeaderWriterFilter.java:90)
	at org.springframework.security.web.header.HeaderWriterFilter.doFilterInternal(HeaderWriterFilter.java:75)
	at org.springframework.web.filter.OncePerRequestFilter.doFilter(OncePerRequestFilter.java:117)
	at org.springframework.security.web.FilterChainProxy$VirtualFilterChain.doFilter(FilterChainProxy.java:346)
	at org.springframework.security.web.context.SecurityContextPersistenceFilter.doFilter(SecurityContextPersistenceFilter.java:112)
	at org.springframework.security.web.context.SecurityContextPersistenceFilter.doFilter(SecurityContextPersistenceFilter.java:82)
	at org.springframework.security.web.FilterChainProxy$VirtualFilterChain.doFilter(FilterChainProxy.java:346)
	at org.springframework.security.web.context.request.async.WebAsyncManagerIntegrationFilter.doFilterInternal(WebAsyncManagerIntegrationFilter.java:55)
	at org.springframework.web.filter.OncePerRequestFilter.doFilter(OncePerRequestFilter.java:117)
	at org.springframework.security.web.FilterChainProxy$VirtualFilterChain.doFilter(FilterChainProxy.java:346)
	at org.springframework.security.web.session.DisableEncodeUrlFilter.doFilterInternal(DisableEncodeUrlFilter.java:42)
	at org.springframework.web.filter.OncePerRequestFilter.doFilter(OncePerRequestFilter.java:117)
	at org.springframework.security.web.FilterChainProxy$VirtualFilterChain.doFilter(FilterChainProxy.java:346)
	at org.springframework.security.web.FilterChainProxy.doFilterInternal(FilterChainProxy.java:221)
	at org.springframework.security.web.FilterChainProxy.doFilter(FilterChainProxy.java:186)
	at org.springframework.web.filter.DelegatingFilterProxy.invokeDelegate(DelegatingFilterProxy.java:354)
	at org.springframework.web.filter.DelegatingFilterProxy.doFilter(DelegatingFilterProxy.java:267)
	at org.apache.catalina.core.ApplicationFilterChain.internalDoFilter(ApplicationFilterChain.java:178)
	at org.apache.catalina.core.ApplicationFilterChain.doFilter(ApplicationFilterChain.java:153)
	at org.springframework.web.filter.RequestContextFilter.doFilterInternal(RequestContextFilter.java:100)
	at org.springframework.web.filter.OncePerRequestFilter.doFilter(OncePerRequestFilter.java:117)
	at org.apache.catalina.core.ApplicationFilterChain.internalDoFilter(ApplicationFilterChain.java:178)
	at org.apache.catalina.core.ApplicationFilterChain.doFilter(ApplicationFilterChain.java:153)
	at org.springframework.web.filter.FormContentFilter.doFilterInternal(FormContentFilter.java:93)
	at org.springframework.web.filter.OncePerRequestFilter.doFilter(OncePerRequestFilter.java:117)
	at org.apache.catalina.core.ApplicationFilterChain.internalDoFilter(ApplicationFilterChain.java:178)
	at org.apache.catalina.core.ApplicationFilterChain.doFilter(ApplicationFilterChain.java:153)
	at org.springframework.web.filter.CharacterEncodingFilter.doFilterInternal(CharacterEncodingFilter.java:201)
	at org.springframework.web.filter.OncePerRequestFilter.doFilter(OncePerRequestFilter.java:117)
	at org.apache.catalina.core.ApplicationFilterChain.internalDoFilter(ApplicationFilterChain.java:178)
	at org.apache.catalina.core.ApplicationFilterChain.doFilter(ApplicationFilterChain.java:153)
	at org.apache.catalina.core.StandardWrapperValve.invoke(StandardWrapperValve.java:167)
	at org.apache.catalina.core.StandardContextValve.invoke(StandardContextValve.java:90)
	at org.apache.catalina.authenticator.AuthenticatorBase.invoke(AuthenticatorBase.java:481)
	at org.apache.catalina.core.StandardHostValve.invoke(StandardHostValve.java:130)
	at org.apache.catalina.valves.ErrorReportValve.invoke(ErrorReportValve.java:93)
	at org.apache.catalina.core.StandardEngineValve.invoke(StandardEngineValve.java:74)
	at org.apache.catalina.connector.CoyoteAdapter.service(CoyoteAdapter.java:343)
	at org.apache.coyote.http11.Http11Processor.service(Http11Processor.java:390)
	at org.apache.coyote.AbstractProcessorLight.process(AbstractProcessorLight.java:63)
	at org.apache.coyote.AbstractProtocol$ConnectionHandler.process(AbstractProtocol.java:926)
	at org.apache.tomcat.util.net.NioEndpoint$SocketProcessor.doRun(NioEndpoint.java:1791)
	at org.apache.tomcat.util.net.SocketProcessorBase.run(SocketProcessorBase.java:52)
	at org.apache.tomcat.util.threads.ThreadPoolExecutor.runWorker(ThreadPoolExecutor.java:1191)
	at org.apache.tomcat.util.threads.ThreadPoolExecutor$Worker.run(ThreadPoolExecutor.java:659)
	at org.apache.tomcat.util.threads.TaskThread$WrappingRunnable.run(TaskThread.java:61)
	at java.base/java.lang.Thread.run(Thread.java:842)
Caused by: java.io.IOException: Connection reset by peer
	at java.base/sun.nio.ch.SocketDispatcher.write0(Native Method)
	at java.base/sun.nio.ch.SocketDispatcher.write(SocketDispatcher.java:54)
	at java.base/sun.nio.ch.IOUtil.writeFromNativeBuffer(IOUtil.java:132)
	at java.base/sun.nio.ch.IOUtil.write(IOUtil.java:97)
	at java.base/sun.nio.ch.IOUtil.write(IOUtil.java:53)
	at java.base/sun.nio.ch.SocketChannelImpl.write(SocketChannelImpl.java:532)
	at org.apache.tomcat.util.net.NioChannel.write(NioChannel.java:136)
	at org.apache.tomcat.util.net.NioEndpoint$NioSocketWrapper.doWrite(NioEndpoint.java:1431)
	at org.apache.tomcat.util.net.SocketWrapperBase.doWrite(SocketWrapperBase.java:775)
	at org.apache.tomcat.util.net.SocketWrapperBase.flushBlocking(SocketWrapperBase.java:739)
	at org.apache.tomcat.util.net.SocketWrapperBase.flush(SocketWrapperBase.java:723)
	at org.apache.coyote.http11.Http11OutputBuffer$SocketOutputBuffer.flush(Http11OutputBuffer.java:566)
	at org.apache.coyote.http11.filters.ChunkedOutputFilter.flush(ChunkedOutputFilter.java:157)
	at org.apache.coyote.http11.Http11OutputBuffer.flush(Http11OutputBuffer.java:220)
	at org.apache.coyote.http11.Http11Processor.flush(Http11Processor.java:1246)
	at org.apache.coyote.AbstractProcessor.action(AbstractProcessor.java:398)
	at org.apache.coyote.Response.action(Response.java:207)
	at org.apache.catalina.connector.OutputBuffer.doFlush(OutputBuffer.java:305)
	... 108 common frames omitted
2026-05-07 15:18:35.204 [main] DEBUG c.m.editor.MarkdownEditorApplication - Running with Spring Boot v2.7.14, Spring v5.3.29
2026-05-07 15:18:39.715 [main] DEBUG c.m.e.filter.JwtAuthenticationFilter - Filter 'jwtAuthenticationFilter' configured for use
2026-05-07 15:18:42.539 [main] WARN  o.s.b.w.s.c.AnnotationConfigServletWebServerApplicationContext - Exception encountered during context initialization - cancelling refresh attempt: org.springframework.beans.factory.BeanCreationException: Error creating bean with name 'dataSourceScriptDatabaseInitializer' defined in class path resource [org/springframework/boot/autoconfigure/sql/init/DataSourceInitializationConfiguration.class]: Invocation of init method failed; nested exception is org.springframework.jdbc.datasource.init.ScriptStatementFailedException: Failed to execute SQL script statement #4 of URL [jar:file:/D:/workspace/spring-cloud-center/wechat-mini-backend/markdown-editor/backend/target/editor-backend-1.0.0.jar!/BOOT-INF/classes!/data.sql]: DELIMITER // CREATE PROCEDURE insert_articles_for_user4() BEGIN DECLARE i INT DEFAULT 1; nested exception is java.sql.SQLSyntaxErrorException: You have an error in your SQL syntax; check the manual that corresponds to your MySQL server version for the right syntax to use near 'DELIMITER // CREATE PROCEDURE insert_articles_for_user4() BEGIN DECLARE i INT DE' at line 1
2026-05-07 15:18:42.623 [main] ERROR o.s.boot.SpringApplication - Application run failed
org.springframework.beans.factory.BeanCreationException: Error creating bean with name 'dataSourceScriptDatabaseInitializer' defined in class path resource [org/springframework/boot/autoconfigure/sql/init/DataSourceInitializationConfiguration.class]: Invocation of init method failed; nested exception is org.springframework.jdbc.datasource.init.ScriptStatementFailedException: Failed to execute SQL script statement #4 of URL [jar:file:/D:/workspace/spring-cloud-center/wechat-mini-backend/markdown-editor/backend/target/editor-backend-1.0.0.jar!/BOOT-INF/classes!/data.sql]: DELIMITER // CREATE PROCEDURE insert_articles_for_user4() BEGIN DECLARE i INT DEFAULT 1; nested exception is java.sql.SQLSyntaxErrorException: You have an error in your SQL syntax; check the manual that corresponds to your MySQL server version for the right syntax to use near 'DELIMITER // CREATE PROCEDURE insert_articles_for_user4() BEGIN DECLARE i INT DE' at line 1
	at org.springframework.beans.factory.support.AbstractAutowireCapableBeanFactory.initializeBean(AbstractAutowireCapableBeanFactory.java:1804)
	at org.springframework.beans.factory.support.AbstractAutowireCapableBeanFactory.doCreateBean(AbstractAutowireCapableBeanFactory.java:620)
	at org.springframework.beans.factory.support.AbstractAutowireCapableBeanFactory.createBean(AbstractAutowireCapableBeanFactory.java:542)
	at org.springframework.beans.factory.support.AbstractBeanFactory.lambda$doGetBean$0(AbstractBeanFactory.java:335)
	at org.springframework.beans.factory.support.DefaultSingletonBeanRegistry.getSingleton(DefaultSingletonBeanRegistry.java:234)
	at org.springframework.beans.factory.support.AbstractBeanFactory.doGetBean(AbstractBeanFactory.java:333)
	at org.springframework.beans.factory.support.AbstractBeanFactory.getBean(AbstractBeanFactory.java:208)
	at org.springframework.beans.factory.support.AbstractBeanFactory.doGetBean(AbstractBeanFactory.java:322)
	at org.springframework.beans.factory.support.AbstractBeanFactory.getBean(AbstractBeanFactory.java:208)
	at org.springframework.beans.factory.support.DefaultListableBeanFactory.preInstantiateSingletons(DefaultListableBeanFactory.java:955)
	at org.springframework.context.support.AbstractApplicationContext.finishBeanFactoryInitialization(AbstractApplicationContext.java:921)
	at org.springframework.context.support.AbstractApplicationContext.refresh(AbstractApplicationContext.java:583)
	at org.springframework.boot.web.servlet.context.ServletWebServerApplicationContext.refresh(ServletWebServerApplicationContext.java:147)
	at org.springframework.boot.SpringApplication.refresh(SpringApplication.java:731)
	at org.springframework.boot.SpringApplication.refreshContext(SpringApplication.java:408)
	at org.springframework.boot.SpringApplication.run(SpringApplication.java:307)
	at org.springframework.boot.SpringApplication.run(SpringApplication.java:1303)
	at org.springframework.boot.SpringApplication.run(SpringApplication.java:1292)
	at com.markdown.editor.MarkdownEditorApplication.main(MarkdownEditorApplication.java:11)
	at java.base/jdk.internal.reflect.NativeMethodAccessorImpl.invoke0(Native Method)
	at java.base/jdk.internal.reflect.NativeMethodAccessorImpl.invoke(NativeMethodAccessorImpl.java:77)
	at java.base/jdk.internal.reflect.DelegatingMethodAccessorImpl.invoke(DelegatingMethodAccessorImpl.java:43)
	at java.base/java.lang.reflect.Method.invoke(Method.java:568)
	at org.springframework.boot.loader.MainMethodRunner.run(MainMethodRunner.java:49)
	at org.springframework.boot.loader.Launcher.launch(Launcher.java:108)
	at org.springframework.boot.loader.Launcher.launch(Launcher.java:58)
	at org.springframework.boot.loader.JarLauncher.main(JarLauncher.java:65)
Caused by: org.springframework.jdbc.datasource.init.ScriptStatementFailedException: Failed to execute SQL script statement #4 of URL [jar:file:/D:/workspace/spring-cloud-center/wechat-mini-backend/markdown-editor/backend/target/editor-backend-1.0.0.jar!/BOOT-INF/classes!/data.sql]: DELIMITER // CREATE PROCEDURE insert_articles_for_user4() BEGIN DECLARE i INT DEFAULT 1; nested exception is java.sql.SQLSyntaxErrorException: You have an error in your SQL syntax; check the manual that corresponds to your MySQL server version for the right syntax to use near 'DELIMITER // CREATE PROCEDURE insert_articles_for_user4() BEGIN DECLARE i INT DE' at line 1
	at org.springframework.jdbc.datasource.init.ScriptUtils.executeSqlScript(ScriptUtils.java:282)
	at org.springframework.jdbc.datasource.init.ResourceDatabasePopulator.populate(ResourceDatabasePopulator.java:254)
	at org.springframework.jdbc.datasource.init.DatabasePopulatorUtils.execute(DatabasePopulatorUtils.java:54)
	at org.springframework.boot.jdbc.init.DataSourceScriptDatabaseInitializer.runScripts(DataSourceScriptDatabaseInitializer.java:90)
	at org.springframework.boot.sql.init.AbstractScriptDatabaseInitializer.runScripts(AbstractScriptDatabaseInitializer.java:145)
	at org.springframework.boot.sql.init.AbstractScriptDatabaseInitializer.applyScripts(AbstractScriptDatabaseInitializer.java:107)
	at org.springframework.boot.sql.init.AbstractScriptDatabaseInitializer.applyDataScripts(AbstractScriptDatabaseInitializer.java:101)
	at org.springframework.boot.sql.init.AbstractScriptDatabaseInitializer.initializeDatabase(AbstractScriptDatabaseInitializer.java:76)
	at org.springframework.boot.sql.init.AbstractScriptDatabaseInitializer.afterPropertiesSet(AbstractScriptDatabaseInitializer.java:65)
	at org.springframework.beans.factory.support.AbstractAutowireCapableBeanFactory.invokeInitMethods(AbstractAutowireCapableBeanFactory.java:1863)
	at org.springframework.beans.factory.support.AbstractAutowireCapableBeanFactory.initializeBean(AbstractAutowireCapableBeanFactory.java:1800)
	... 26 common frames omitted
Caused by: java.sql.SQLSyntaxErrorException: You have an error in your SQL syntax; check the manual that corresponds to your MySQL server version for the right syntax to use near 'DELIMITER // CREATE PROCEDURE insert_articles_for_user4() BEGIN DECLARE i INT DE' at line 1
	at com.mysql.cj.jdbc.exceptions.SQLError.createSQLException(SQLError.java:120)
	at com.mysql.cj.jdbc.exceptions.SQLExceptionsMapping.translateException(SQLExceptionsMapping.java:122)
	at com.mysql.cj.jdbc.StatementImpl.executeInternal(StatementImpl.java:763)
	at com.mysql.cj.jdbc.StatementImpl.execute(StatementImpl.java:648)
	at com.zaxxer.hikari.pool.ProxyStatement.execute(ProxyStatement.java:94)
	at com.zaxxer.hikari.pool.HikariProxyStatement.execute(HikariProxyStatement.java)
	at org.springframework.jdbc.datasource.init.ScriptUtils.executeSqlScript(ScriptUtils.java:261)
	... 36 common frames omitted
2026-05-07 15:19:22.840 [main] DEBUG c.m.editor.MarkdownEditorApplication - Running with Spring Boot v2.7.14, Spring v5.3.29
2026-05-07 15:19:26.351 [main] DEBUG c.m.e.filter.JwtAuthenticationFilter - Filter 'jwtAuthenticationFilter' configured for use
2026-05-07 15:19:28.623 [main] WARN  o.s.b.w.s.c.AnnotationConfigServletWebServerApplicationContext - Exception encountered during context initialization - cancelling refresh attempt: org.springframework.beans.factory.BeanCreationException: Error creating bean with name 'dataSourceScriptDatabaseInitializer' defined in class path resource [org/springframework/boot/autoconfigure/sql/init/DataSourceInitializationConfiguration.class]: Invocation of init method failed; nested exception is org.springframework.jdbc.datasource.init.ScriptStatementFailedException: Failed to execute SQL script statement #4 of URL [jar:file:/D:/workspace/spring-cloud-center/wechat-mini-backend/markdown-editor/backend/target/editor-backend-1.0.0.jar!/BOOT-INF/classes!/data.sql]: DELIMITER // CREATE PROCEDURE insert_articles_for_user4() BEGIN DECLARE i INT DEFAULT 1; nested exception is java.sql.SQLSyntaxErrorException: You have an error in your SQL syntax; check the manual that corresponds to your MySQL server version for the right syntax to use near 'DELIMITER // CREATE PROCEDURE insert_articles_for_user4() BEGIN DECLARE i INT DE' at line 1
2026-05-07 15:19:28.751 [main] ERROR o.s.boot.SpringApplication - Application run failed
org.springframework.beans.factory.BeanCreationException: Error creating bean with name 'dataSourceScriptDatabaseInitializer' defined in class path resource [org/springframework/boot/autoconfigure/sql/init/DataSourceInitializationConfiguration.class]: Invocation of init method failed; nested exception is org.springframework.jdbc.datasource.init.ScriptStatementFailedException: Failed to execute SQL script statement #4 of URL [jar:file:/D:/workspace/spring-cloud-center/wechat-mini-backend/markdown-editor/backend/target/editor-backend-1.0.0.jar!/BOOT-INF/classes!/data.sql]: DELIMITER // CREATE PROCEDURE insert_articles_for_user4() BEGIN DECLARE i INT DEFAULT 1; nested exception is java.sql.SQLSyntaxErrorException: You have an error in your SQL syntax; check the manual that corresponds to your MySQL server version for the right syntax to use near 'DELIMITER // CREATE PROCEDURE insert_articles_for_user4() BEGIN DECLARE i INT DE' at line 1
	at org.springframework.beans.factory.support.AbstractAutowireCapableBeanFactory.initializeBean(AbstractAutowireCapableBeanFactory.java:1804)
	at org.springframework.beans.factory.support.AbstractAutowireCapableBeanFactory.doCreateBean(AbstractAutowireCapableBeanFactory.java:620)
	at org.springframework.beans.factory.support.AbstractAutowireCapableBeanFactory.createBean(AbstractAutowireCapableBeanFactory.java:542)
	at org.springframework.beans.factory.support.AbstractBeanFactory.lambda$doGetBean$0(AbstractBeanFactory.java:335)
	at org.springframework.beans.factory.support.DefaultSingletonBeanRegistry.getSingleton(DefaultSingletonBeanRegistry.java:234)
	at org.springframework.beans.factory.support.AbstractBeanFactory.doGetBean(AbstractBeanFactory.java:333)
	at org.springframework.beans.factory.support.AbstractBeanFactory.getBean(AbstractBeanFactory.java:208)
	at org.springframework.beans.factory.support.AbstractBeanFactory.doGetBean(AbstractBeanFactory.java:322)
	at org.springframework.beans.factory.support.AbstractBeanFactory.getBean(AbstractBeanFactory.java:208)
	at org.springframework.beans.factory.support.DefaultListableBeanFactory.preInstantiateSingletons(DefaultListableBeanFactory.java:955)
	at org.springframework.context.support.AbstractApplicationContext.finishBeanFactoryInitialization(AbstractApplicationContext.java:921)
	at org.springframework.context.support.AbstractApplicationContext.refresh(AbstractApplicationContext.java:583)
	at org.springframework.boot.web.servlet.context.ServletWebServerApplicationContext.refresh(ServletWebServerApplicationContext.java:147)
	at org.springframework.boot.SpringApplication.refresh(SpringApplication.java:731)
	at org.springframework.boot.SpringApplication.refreshContext(SpringApplication.java:408)
	at org.springframework.boot.SpringApplication.run(SpringApplication.java:307)
	at org.springframework.boot.SpringApplication.run(SpringApplication.java:1303)
	at org.springframework.boot.SpringApplication.run(SpringApplication.java:1292)
	at com.markdown.editor.MarkdownEditorApplication.main(MarkdownEditorApplication.java:11)
	at java.base/jdk.internal.reflect.NativeMethodAccessorImpl.invoke0(Native Method)
	at java.base/jdk.internal.reflect.NativeMethodAccessorImpl.invoke(NativeMethodAccessorImpl.java:77)
	at java.base/jdk.internal.reflect.DelegatingMethodAccessorImpl.invoke(DelegatingMethodAccessorImpl.java:43)
	at java.base/java.lang.reflect.Method.invoke(Method.java:568)
	at org.springframework.boot.loader.MainMethodRunner.run(MainMethodRunner.java:49)
	at org.springframework.boot.loader.Launcher.launch(Launcher.java:108)
	at org.springframework.boot.loader.Launcher.launch(Launcher.java:58)
	at org.springframework.boot.loader.JarLauncher.main(JarLauncher.java:65)
Caused by: org.springframework.jdbc.datasource.init.ScriptStatementFailedException: Failed to execute SQL script statement #4 of URL [jar:file:/D:/workspace/spring-cloud-center/wechat-mini-backend/markdown-editor/backend/target/editor-backend-1.0.0.jar!/BOOT-INF/classes!/data.sql]: DELIMITER // CREATE PROCEDURE insert_articles_for_user4() BEGIN DECLARE i INT DEFAULT 1; nested exception is java.sql.SQLSyntaxErrorException: You have an error in your SQL syntax; check the manual that corresponds to your MySQL server version for the right syntax to use near 'DELIMITER // CREATE PROCEDURE insert_articles_for_user4() BEGIN DECLARE i INT DE' at line 1
	at org.springframework.jdbc.datasource.init.ScriptUtils.executeSqlScript(ScriptUtils.java:282)
	at org.springframework.jdbc.datasource.init.ResourceDatabasePopulator.populate(ResourceDatabasePopulator.java:254)
	at org.springframework.jdbc.datasource.init.DatabasePopulatorUtils.execute(DatabasePopulatorUtils.java:54)
	at org.springframework.boot.jdbc.init.DataSourceScriptDatabaseInitializer.runScripts(DataSourceScriptDatabaseInitializer.java:90)
	at org.springframework.boot.sql.init.AbstractScriptDatabaseInitializer.runScripts(AbstractScriptDatabaseInitializer.java:145)
	at org.springframework.boot.sql.init.AbstractScriptDatabaseInitializer.applyScripts(AbstractScriptDatabaseInitializer.java:107)
	at org.springframework.boot.sql.init.AbstractScriptDatabaseInitializer.applyDataScripts(AbstractScriptDatabaseInitializer.java:101)
	at org.springframework.boot.sql.init.AbstractScriptDatabaseInitializer.initializeDatabase(AbstractScriptDatabaseInitializer.java:76)
	at org.springframework.boot.sql.init.AbstractScriptDatabaseInitializer.afterPropertiesSet(AbstractScriptDatabaseInitializer.java:65)
	at org.springframework.beans.factory.support.AbstractAutowireCapableBeanFactory.invokeInitMethods(AbstractAutowireCapableBeanFactory.java:1863)
	at org.springframework.beans.factory.support.AbstractAutowireCapableBeanFactory.initializeBean(AbstractAutowireCapableBeanFactory.java:1800)
	... 26 common frames omitted
Caused by: java.sql.SQLSyntaxErrorException: You have an error in your SQL syntax; check the manual that corresponds to your MySQL server version for the right syntax to use near 'DELIMITER // CREATE PROCEDURE insert_articles_for_user4() BEGIN DECLARE i INT DE' at line 1
	at com.mysql.cj.jdbc.exceptions.SQLError.createSQLException(SQLError.java:120)
	at com.mysql.cj.jdbc.exceptions.SQLExceptionsMapping.translateException(SQLExceptionsMapping.java:122)
	at com.mysql.cj.jdbc.StatementImpl.executeInternal(StatementImpl.java:763)
	at com.mysql.cj.jdbc.StatementImpl.execute(StatementImpl.java:648)
	at com.zaxxer.hikari.pool.ProxyStatement.execute(ProxyStatement.java:94)
	at com.zaxxer.hikari.pool.HikariProxyStatement.execute(HikariProxyStatement.java)
	at org.springframework.jdbc.datasource.init.ScriptUtils.executeSqlScript(ScriptUtils.java:261)
	... 36 common frames omitted
2026-05-07 15:20:23.617 [main] DEBUG c.m.editor.MarkdownEditorApplication - Running with Spring Boot v2.7.14, Spring v5.3.29
2026-05-07 15:20:27.247 [main] DEBUG c.m.e.filter.JwtAuthenticationFilter - Filter 'jwtAuthenticationFilter' configured for use
2026-05-07 15:22:46.101 [main] DEBUG c.m.editor.MarkdownEditorApplication - Running with Spring Boot v2.7.14, Spring v5.3.29
2026-05-07 15:22:49.132 [main] DEBUG c.m.e.filter.JwtAuthenticationFilter - Filter 'jwtAuthenticationFilter' configured for use
2026-05-07 15:24:24.760 [main] DEBUG c.m.editor.MarkdownEditorApplication - Running with Spring Boot v2.7.14, Spring v5.3.29
2026-05-07 15:24:27.496 [main] DEBUG c.m.e.filter.JwtAuthenticationFilter - Filter 'jwtAuthenticationFilter' configured for use
2026-05-07 15:25:36.657 [http-nio-0.0.0.0-8081-exec-5] WARN  o.s.w.s.m.m.a.ExceptionHandlerExceptionResolver - Failure in @ExceptionHandler com.markdown.editor.exception.GlobalExceptionHandler#handleException(Exception)
org.apache.catalina.connector.ClientAbortException: java.io.IOException: Connection reset by peer
	at org.apache.catalina.connector.OutputBuffer.doFlush(OutputBuffer.java:309)
	at org.apache.catalina.connector.OutputBuffer.flush(OutputBuffer.java:271)
	at org.apache.catalina.connector.CoyoteOutputStream.flush(CoyoteOutputStream.java:120)
	at org.springframework.security.web.util.OnCommittedResponseWrapper$SaveContextServletOutputStream.flush(OnCommittedResponseWrapper.java:523)
	at java.base/java.io.FilterOutputStream.flush(FilterOutputStream.java:153)
	at com.fasterxml.jackson.core.json.UTF8JsonGenerator.flush(UTF8JsonGenerator.java:1187)
	at com.fasterxml.jackson.databind.ObjectWriter.writeValue(ObjectWriter.java:1009)
	at org.springframework.http.converter.json.AbstractJackson2HttpMessageConverter.writeInternal(AbstractJackson2HttpMessageConverter.java:456)
	at org.springframework.http.converter.AbstractGenericHttpMessageConverter.write(AbstractGenericHttpMessageConverter.java:104)
	at org.springframework.web.servlet.mvc.method.annotation.AbstractMessageConverterMethodProcessor.writeWithMessageConverters(AbstractMessageConverterMethodProcessor.java:290)
	at org.springframework.web.servlet.mvc.method.annotation.HttpEntityMethodProcessor.handleReturnValue(HttpEntityMethodProcessor.java:219)
	at org.springframework.web.method.support.HandlerMethodReturnValueHandlerComposite.handleReturnValue(HandlerMethodReturnValueHandlerComposite.java:78)
	at org.springframework.web.servlet.mvc.method.annotation.ServletInvocableHandlerMethod.invokeAndHandle(ServletInvocableHandlerMethod.java:135)
	at org.springframework.web.servlet.mvc.method.annotation.ExceptionHandlerExceptionResolver.doResolveHandlerMethodException(ExceptionHandlerExceptionResolver.java:428)
	at org.springframework.web.servlet.handler.AbstractHandlerMethodExceptionResolver.doResolveException(AbstractHandlerMethodExceptionResolver.java:75)
	at org.springframework.web.servlet.handler.AbstractHandlerExceptionResolver.resolveException(AbstractHandlerExceptionResolver.java:142)
	at org.springframework.web.servlet.handler.HandlerExceptionResolverComposite.resolveException(HandlerExceptionResolverComposite.java:80)
	at org.springframework.web.servlet.DispatcherServlet.processHandlerException(DispatcherServlet.java:1332)
	at org.springframework.web.servlet.DispatcherServlet.processDispatchResult(DispatcherServlet.java:1143)
	at org.springframework.web.servlet.DispatcherServlet.doDispatch(DispatcherServlet.java:1089)
	at org.springframework.web.servlet.DispatcherServlet.doService(DispatcherServlet.java:965)
	at org.springframework.web.servlet.FrameworkServlet.processRequest(FrameworkServlet.java:1006)
	at org.springframework.web.servlet.FrameworkServlet.doGet(FrameworkServlet.java:898)
	at javax.servlet.http.HttpServlet.service(HttpServlet.java:529)
	at org.springframework.web.servlet.FrameworkServlet.service(FrameworkServlet.java:883)
	at javax.servlet.http.HttpServlet.service(HttpServlet.java:623)
	at org.apache.catalina.core.ApplicationFilterChain.internalDoFilter(ApplicationFilterChain.java:209)
	at org.apache.catalina.core.ApplicationFilterChain.doFilter(ApplicationFilterChain.java:153)
	at org.apache.tomcat.websocket.server.WsFilter.doFilter(WsFilter.java:51)
	at org.apache.catalina.core.ApplicationFilterChain.internalDoFilter(ApplicationFilterChain.java:178)
	at org.apache.catalina.core.ApplicationFilterChain.doFilter(ApplicationFilterChain.java:153)
	at org.springframework.web.filter.OncePerRequestFilter.doFilter(OncePerRequestFilter.java:111)
	at org.apache.catalina.core.ApplicationFilterChain.internalDoFilter(ApplicationFilterChain.java:178)
	at org.apache.catalina.core.ApplicationFilterChain.doFilter(ApplicationFilterChain.java:153)
	at org.springframework.web.filter.OncePerRequestFilter.doFilter(OncePerRequestFilter.java:111)
	at org.apache.catalina.core.ApplicationFilterChain.internalDoFilter(ApplicationFilterChain.java:178)
	at org.apache.catalina.core.ApplicationFilterChain.doFilter(ApplicationFilterChain.java:153)
	at org.springframework.security.web.FilterChainProxy$VirtualFilterChain.doFilter(FilterChainProxy.java:337)
	at org.springframework.security.web.access.intercept.FilterSecurityInterceptor.invoke(FilterSecurityInterceptor.java:115)
	at org.springframework.security.web.access.intercept.FilterSecurityInterceptor.doFilter(FilterSecurityInterceptor.java:81)
	at org.springframework.security.web.FilterChainProxy$VirtualFilterChain.doFilter(FilterChainProxy.java:346)
	at org.springframework.security.web.access.ExceptionTranslationFilter.doFilter(ExceptionTranslationFilter.java:122)
	at org.springframework.security.web.access.ExceptionTranslationFilter.doFilter(ExceptionTranslationFilter.java:116)
	at org.springframework.security.web.FilterChainProxy$VirtualFilterChain.doFilter(FilterChainProxy.java:346)
	at org.springframework.security.web.session.SessionManagementFilter.doFilter(SessionManagementFilter.java:126)
	at org.springframework.security.web.session.SessionManagementFilter.doFilter(SessionManagementFilter.java:81)
	at org.springframework.security.web.FilterChainProxy$VirtualFilterChain.doFilter(FilterChainProxy.java:346)
	at org.springframework.security.web.authentication.AnonymousAuthenticationFilter.doFilter(AnonymousAuthenticationFilter.java:109)
	at org.springframework.security.web.FilterChainProxy$VirtualFilterChain.doFilter(FilterChainProxy.java:346)
	at org.springframework.security.web.servletapi.SecurityContextHolderAwareRequestFilter.doFilter(SecurityContextHolderAwareRequestFilter.java:149)
	at org.springframework.security.web.FilterChainProxy$VirtualFilterChain.doFilter(FilterChainProxy.java:346)
	at org.springframework.security.web.savedrequest.RequestCacheAwareFilter.doFilter(RequestCacheAwareFilter.java:63)
	at org.springframework.security.web.FilterChainProxy$VirtualFilterChain.doFilter(FilterChainProxy.java:346)
	at com.markdown.editor.filter.JwtAuthenticationFilter.doFilterInternal(JwtAuthenticationFilter.java:52)
	at org.springframework.web.filter.OncePerRequestFilter.doFilter(OncePerRequestFilter.java:117)
	at org.springframework.security.web.FilterChainProxy$VirtualFilterChain.doFilter(FilterChainProxy.java:346)
	at org.springframework.security.web.authentication.logout.LogoutFilter.doFilter(LogoutFilter.java:103)
	at org.springframework.security.web.authentication.logout.LogoutFilter.doFilter(LogoutFilter.java:89)
	at org.springframework.security.web.FilterChainProxy$VirtualFilterChain.doFilter(FilterChainProxy.java:346)
	at org.springframework.web.filter.CorsFilter.doFilterInternal(CorsFilter.java:91)
	at org.springframework.web.filter.OncePerRequestFilter.doFilter(OncePerRequestFilter.java:117)
	at org.springframework.security.web.FilterChainProxy$VirtualFilterChain.doFilter(FilterChainProxy.java:346)
	at org.springframework.security.web.header.HeaderWriterFilter.doHeadersAfter(HeaderWriterFilter.java:90)
	at org.springframework.security.web.header.HeaderWriterFilter.doFilterInternal(HeaderWriterFilter.java:75)
	at org.springframework.web.filter.OncePerRequestFilter.doFilter(OncePerRequestFilter.java:117)
	at org.springframework.security.web.FilterChainProxy$VirtualFilterChain.doFilter(FilterChainProxy.java:346)
	at org.springframework.security.web.context.SecurityContextPersistenceFilter.doFilter(SecurityContextPersistenceFilter.java:112)
	at org.springframework.security.web.context.SecurityContextPersistenceFilter.doFilter(SecurityContextPersistenceFilter.java:82)
	at org.springframework.security.web.FilterChainProxy$VirtualFilterChain.doFilter(FilterChainProxy.java:346)
	at org.springframework.security.web.context.request.async.WebAsyncManagerIntegrationFilter.doFilterInternal(WebAsyncManagerIntegrationFilter.java:55)
	at org.springframework.web.filter.OncePerRequestFilter.doFilter(OncePerRequestFilter.java:117)
	at org.springframework.security.web.FilterChainProxy$VirtualFilterChain.doFilter(FilterChainProxy.java:346)
	at org.springframework.security.web.session.DisableEncodeUrlFilter.doFilterInternal(DisableEncodeUrlFilter.java:42)
	at org.springframework.web.filter.OncePerRequestFilter.doFilter(OncePerRequestFilter.java:117)
	at org.springframework.security.web.FilterChainProxy$VirtualFilterChain.doFilter(FilterChainProxy.java:346)
	at org.springframework.security.web.FilterChainProxy.doFilterInternal(FilterChainProxy.java:221)
	at org.springframework.security.web.FilterChainProxy.doFilter(FilterChainProxy.java:186)
	at org.springframework.web.filter.DelegatingFilterProxy.invokeDelegate(DelegatingFilterProxy.java:354)
	at org.springframework.web.filter.DelegatingFilterProxy.doFilter(DelegatingFilterProxy.java:267)
	at org.apache.catalina.core.ApplicationFilterChain.internalDoFilter(ApplicationFilterChain.java:178)
	at org.apache.catalina.core.ApplicationFilterChain.doFilter(ApplicationFilterChain.java:153)
	at org.springframework.web.filter.RequestContextFilter.doFilterInternal(RequestContextFilter.java:100)
	at org.springframework.web.filter.OncePerRequestFilter.doFilter(OncePerRequestFilter.java:117)
	at org.apache.catalina.core.ApplicationFilterChain.internalDoFilter(ApplicationFilterChain.java:178)
	at org.apache.catalina.core.ApplicationFilterChain.doFilter(ApplicationFilterChain.java:153)
	at org.springframework.web.filter.FormContentFilter.doFilterInternal(FormContentFilter.java:93)
	at org.springframework.web.filter.OncePerRequestFilter.doFilter(OncePerRequestFilter.java:117)
	at org.apache.catalina.core.ApplicationFilterChain.internalDoFilter(ApplicationFilterChain.java:178)
	at org.apache.catalina.core.ApplicationFilterChain.doFilter(ApplicationFilterChain.java:153)
	at org.springframework.web.filter.CharacterEncodingFilter.doFilterInternal(CharacterEncodingFilter.java:201)
	at org.springframework.web.filter.OncePerRequestFilter.doFilter(OncePerRequestFilter.java:117)
	at org.apache.catalina.core.ApplicationFilterChain.internalDoFilter(ApplicationFilterChain.java:178)
	at org.apache.catalina.core.ApplicationFilterChain.doFilter(ApplicationFilterChain.java:153)
	at org.apache.catalina.core.StandardWrapperValve.invoke(StandardWrapperValve.java:167)
	at org.apache.catalina.core.StandardContextValve.invoke(StandardContextValve.java:90)
	at org.apache.catalina.authenticator.AuthenticatorBase.invoke(AuthenticatorBase.java:481)
	at org.apache.catalina.core.StandardHostValve.invoke(StandardHostValve.java:130)
	at org.apache.catalina.valves.ErrorReportValve.invoke(ErrorReportValve.java:93)
	at org.apache.catalina.core.StandardEngineValve.invoke(StandardEngineValve.java:74)
	at org.apache.catalina.connector.CoyoteAdapter.service(CoyoteAdapter.java:343)
	at org.apache.coyote.http11.Http11Processor.service(Http11Processor.java:390)
	at org.apache.coyote.AbstractProcessorLight.process(AbstractProcessorLight.java:63)
	at org.apache.coyote.AbstractProtocol$ConnectionHandler.process(AbstractProtocol.java:926)
	at org.apache.tomcat.util.net.NioEndpoint$SocketProcessor.doRun(NioEndpoint.java:1791)
	at org.apache.tomcat.util.net.SocketProcessorBase.run(SocketProcessorBase.java:52)
	at org.apache.tomcat.util.threads.ThreadPoolExecutor.runWorker(ThreadPoolExecutor.java:1191)
	at org.apache.tomcat.util.threads.ThreadPoolExecutor$Worker.run(ThreadPoolExecutor.java:659)
	at org.apache.tomcat.util.threads.TaskThread$WrappingRunnable.run(TaskThread.java:61)
	at java.base/java.lang.Thread.run(Thread.java:842)
Caused by: java.io.IOException: Connection reset by peer
	at java.base/sun.nio.ch.SocketDispatcher.write0(Native Method)
	at java.base/sun.nio.ch.SocketDispatcher.write(SocketDispatcher.java:54)
	at java.base/sun.nio.ch.IOUtil.writeFromNativeBuffer(IOUtil.java:132)
	at java.base/sun.nio.ch.IOUtil.write(IOUtil.java:97)
	at java.base/sun.nio.ch.IOUtil.write(IOUtil.java:53)
	at java.base/sun.nio.ch.SocketChannelImpl.write(SocketChannelImpl.java:532)
	at org.apache.tomcat.util.net.NioChannel.write(NioChannel.java:136)
	at org.apache.tomcat.util.net.NioEndpoint$NioSocketWrapper.doWrite(NioEndpoint.java:1431)
	at org.apache.tomcat.util.net.SocketWrapperBase.doWrite(SocketWrapperBase.java:775)
	at org.apache.tomcat.util.net.SocketWrapperBase.flushBlocking(SocketWrapperBase.java:739)
	at org.apache.tomcat.util.net.SocketWrapperBase.flush(SocketWrapperBase.java:723)
	at org.apache.coyote.http11.Http11OutputBuffer$SocketOutputBuffer.flush(Http11OutputBuffer.java:566)
	at org.apache.coyote.http11.filters.ChunkedOutputFilter.flush(ChunkedOutputFilter.java:157)
	at org.apache.coyote.http11.Http11OutputBuffer.flush(Http11OutputBuffer.java:220)
	at org.apache.coyote.http11.Http11Processor.flush(Http11Processor.java:1246)
	at org.apache.coyote.AbstractProcessor.action(AbstractProcessor.java:398)
	at org.apache.coyote.Response.action(Response.java:207)
	at org.apache.catalina.connector.OutputBuffer.doFlush(OutputBuffer.java:305)
	... 108 common frames omitted
2026-05-07 15:26:44.073 [main] DEBUG c.m.editor.MarkdownEditorApplication - Running with Spring Boot v2.7.14, Spring v5.3.29
2026-05-07 15:26:47.437 [main] DEBUG c.m.e.filter.JwtAuthenticationFilter - Filter 'jwtAuthenticationFilter' configured for use
2026-05-07 15:28:55.513 [main] DEBUG c.m.editor.MarkdownEditorApplication - Running with Spring Boot v2.7.14, Spring v5.3.29
2026-05-07 15:28:58.315 [main] DEBUG c.m.e.filter.JwtAuthenticationFilter - Filter 'jwtAuthenticationFilter' configured for use
2026-05-07 15:32:35.500 [http-nio-0.0.0.0-8081-exec-4] DEBUG c.m.e.controller.DocumentController - 文档ID: 207 浏览次数增加
2026-05-07 15:34:03.618 [main] DEBUG c.m.editor.MarkdownEditorApplication - Running with Spring Boot v2.7.14, Spring v5.3.29
2026-05-07 15:34:06.392 [main] DEBUG c.m.e.filter.JwtAuthenticationFilter - Filter 'jwtAuthenticationFilter' configured for use
2026-05-07 15:36:27.468 [main] DEBUG c.m.editor.MarkdownEditorApplication - Running with Spring Boot v2.7.14, Spring v5.3.29
2026-05-07 15:36:30.797 [main] DEBUG c.m.e.filter.JwtAuthenticationFilter - Filter 'jwtAuthenticationFilter' configured for use
2026-05-07 15:42:40.909 [main] DEBUG c.m.editor.MarkdownEditorApplication - Running with Spring Boot v2.7.14, Spring v5.3.29
2026-05-07 15:42:45.188 [main] DEBUG c.m.e.filter.JwtAuthenticationFilter - Filter 'jwtAuthenticationFilter' configured for use
2026-05-07 15:43:11.971 [main] DEBUG c.m.editor.MarkdownEditorApplication - Running with Spring Boot v2.7.14, Spring v5.3.29
2026-05-07 15:43:14.545 [main] DEBUG c.m.e.filter.JwtAuthenticationFilter - Filter 'jwtAuthenticationFilter' configured for use
2026-05-07 15:44:41.502 [main] DEBUG c.m.editor.MarkdownEditorApplication - Running with Spring Boot v2.7.14, Spring v5.3.29
2026-05-07 15:44:47.222 [main] DEBUG c.m.e.filter.JwtAuthenticationFilter - Filter 'jwtAuthenticationFilter' configured for use
2026-05-07 15:49:47.149 [main] DEBUG c.m.editor.MarkdownEditorApplication - Running with Spring Boot v2.7.14, Spring v5.3.29
2026-05-07 15:49:49.295 [main] DEBUG c.m.e.filter.JwtAuthenticationFilter - Filter 'jwtAuthenticationFilter' configured for use
2026-05-07 15:51:51.970 [http-nio-0.0.0.0-8081-exec-6] ERROR c.markdown.editor.security.JwtUtils - Invalid JWT token: JWT strings must contain exactly 2 period characters. Found: 0
2026-05-07 15:55:20.700 [http-nio-0.0.0.0-8081-exec-3] DEBUG c.m.e.controller.DocumentController - 文档ID: 255 浏览次数增加
2026-05-07 15:57:34.377 [main] DEBUG c.m.editor.MarkdownEditorApplication - Running with Spring Boot v2.7.14, Spring v5.3.29
2026-05-07 15:57:36.436 [main] DEBUG c.m.e.filter.JwtAuthenticationFilter - Filter 'jwtAuthenticationFilter' configured for use
2026-05-07 16:00:35.827 [main] DEBUG c.m.editor.MarkdownEditorApplication - Running with Spring Boot v2.7.14, Spring v5.3.29
2026-05-07 16:00:37.451 [main] DEBUG c.m.e.filter.JwtAuthenticationFilter - Filter 'jwtAuthenticationFilter' configured for use
2026-05-07 16:01:56.906 [main] DEBUG c.m.editor.MarkdownEditorApplication - Running with Spring Boot v2.7.14, Spring v5.3.29
2026-05-07 16:01:58.793 [main] DEBUG c.m.e.filter.JwtAuthenticationFilter - Filter 'jwtAuthenticationFilter' configured for use
2026-05-07 16:10:40.954 [http-nio-0.0.0.0-8081-exec-6] WARN  com.zaxxer.hikari.pool.PoolBase - MarkdownHikariCP - Failed to validate connection com.mysql.cj.jdbc.ConnectionImpl@1ce81243 (No operations allowed after connection closed.). Possibly consider using a shorter maxLifetime value.
2026-05-07 16:10:40.954 [http-nio-0.0.0.0-8081-exec-2] WARN  com.zaxxer.hikari.pool.PoolBase - MarkdownHikariCP - Failed to validate connection com.mysql.cj.jdbc.ConnectionImpl@7e677955 (No operations allowed after connection closed.). Possibly consider using a shorter maxLifetime value.
2026-05-07 16:11:27.616 [main] DEBUG c.m.editor.MarkdownEditorApplication - Running with Spring Boot v2.7.14, Spring v5.3.29
2026-05-07 16:11:30.763 [main] DEBUG c.m.e.filter.JwtAuthenticationFilter - Filter 'jwtAuthenticationFilter' configured for use
2026-05-07 16:17:16.941 [http-nio-0.0.0.0-8081-exec-3] WARN  com.zaxxer.hikari.pool.PoolBase - MarkdownHikariCP - Failed to validate connection com.mysql.cj.jdbc.ConnectionImpl@6471ba4a (No operations allowed after connection closed.). Possibly consider using a shorter maxLifetime value.
2026-05-07 16:21:46.472 [main] DEBUG c.m.editor.MarkdownEditorApplication - Running with Spring Boot v2.7.14, Spring v5.3.29
2026-05-07 16:21:49.193 [main] DEBUG c.m.e.filter.JwtAuthenticationFilter - Filter 'jwtAuthenticationFilter' configured for use
2026-05-07 16:24:18.141 [main] DEBUG c.m.editor.MarkdownEditorApplication - Running with Spring Boot v2.7.14, Spring v5.3.29
2026-05-07 16:24:20.574 [main] DEBUG c.m.e.filter.JwtAuthenticationFilter - Filter 'jwtAuthenticationFilter' configured for use
2026-05-07 16:26:02.398 [main] DEBUG c.m.editor.MarkdownEditorApplication - Running with Spring Boot v2.7.14, Spring v5.3.29
2026-05-07 16:26:04.134 [main] DEBUG c.m.e.filter.JwtAuthenticationFilter - Filter 'jwtAuthenticationFilter' configured for use
2026-05-07 16:32:14.705 [main] DEBUG c.m.editor.MarkdownEditorApplication - Running with Spring Boot v2.7.14, Spring v5.3.29
2026-05-07 16:32:17.193 [main] DEBUG c.m.e.filter.JwtAuthenticationFilter - Filter 'jwtAuthenticationFilter' configured for use
2026-05-07 16:43:11.289 [http-nio-0.0.0.0-8081-exec-10] WARN  com.zaxxer.hikari.pool.PoolBase - MarkdownHikariCP - Failed to validate connection com.mysql.cj.jdbc.ConnectionImpl@52c3ad80 (No operations allowed after connection closed.). Possibly consider using a shorter maxLifetime value.
2026-05-07 16:43:11.592 [http-nio-0.0.0.0-8081-exec-8] WARN  com.zaxxer.hikari.pool.PoolBase - MarkdownHikariCP - Failed to validate connection com.mysql.cj.jdbc.ConnectionImpl@253b55a1 (No operations allowed after connection closed.). Possibly consider using a shorter maxLifetime value.
2026-05-07 16:52:14.345 [http-nio-0.0.0.0-8081-exec-8] WARN  com.zaxxer.hikari.pool.PoolBase - MarkdownHikariCP - Failed to validate connection com.mysql.cj.jdbc.ConnectionImpl@3606576f (No operations allowed after connection closed.). Possibly consider using a shorter maxLifetime value.
2026-05-07 16:52:14.345 [http-nio-0.0.0.0-8081-exec-6] WARN  com.zaxxer.hikari.pool.PoolBase - MarkdownHikariCP - Failed to validate connection com.mysql.cj.jdbc.ConnectionImpl@1c760731 (No operations allowed after connection closed.). Possibly consider using a shorter maxLifetime value.
2026-05-07 16:52:30.929 [main] DEBUG c.m.editor.MarkdownEditorApplication - Running with Spring Boot v2.7.14, Spring v5.3.29
2026-05-07 16:52:32.964 [main] DEBUG c.m.e.filter.JwtAuthenticationFilter - Filter 'jwtAuthenticationFilter' configured for use
2026-05-07 16:52:34.258 [main] WARN  o.s.b.w.s.c.AnnotationConfigServletWebServerApplicationContext - Exception encountered during context initialization - cancelling refresh attempt: org.springframework.context.ApplicationContextException: Failed to start bean 'webServerStartStop'; nested exception is org.springframework.boot.web.server.PortInUseException: Port 8081 is already in use
2026-05-07 16:52:34.285 [main] ERROR o.s.b.d.LoggingFailureAnalysisReporter - 

***************************
APPLICATION FAILED TO START
***************************

Description:

Web server failed to start. Port 8081 was already in use.

Action:

Identify and stop the process that's listening on port 8081 or configure this application to listen on another port.

2026-05-07 17:05:02.702 [http-nio-0.0.0.0-8081-exec-6] WARN  com.zaxxer.hikari.pool.PoolBase - MarkdownHikariCP - Failed to validate connection com.mysql.cj.jdbc.ConnectionImpl@4157a6a5 (No operations allowed after connection closed.). Possibly consider using a shorter maxLifetime value.
2026-05-07 17:05:07.790 [http-nio-0.0.0.0-8081-exec-3] WARN  com.zaxxer.hikari.pool.PoolBase - MarkdownHikariCP - Failed to validate connection com.mysql.cj.jdbc.ConnectionImpl@2871544a (No operations allowed after connection closed.). Possibly consider using a shorter maxLifetime value.
2026-05-07 17:06:43.729 [http-nio-0.0.0.0-8081-exec-6] WARN  com.zaxxer.hikari.pool.PoolBase - MarkdownHikariCP - Failed to validate connection com.mysql.cj.jdbc.ConnectionImpl@402519e4 (No operations allowed after connection closed.). Possibly consider using a shorter maxLifetime value.
2026-05-07 17:18:29.946 [http-nio-0.0.0.0-8081-exec-3] WARN  com.zaxxer.hikari.pool.PoolBase - MarkdownHikariCP - Failed to validate connection com.mysql.cj.jdbc.ConnectionImpl@172e8773 (No operations allowed after connection closed.). Possibly consider using a shorter maxLifetime value.
2026-05-07 17:18:35.157 [http-nio-0.0.0.0-8081-exec-8] WARN  com.zaxxer.hikari.pool.PoolBase - MarkdownHikariCP - Failed to validate connection com.mysql.cj.jdbc.ConnectionImpl@2ddfc552 (No operations allowed after connection closed.). Possibly consider using a shorter maxLifetime value.
2026-05-07 17:26:45.377 [main] DEBUG c.m.editor.MarkdownEditorApplication - Running with Spring Boot v2.7.14, Spring v5.3.29
2026-05-07 17:26:47.543 [main] DEBUG c.m.e.filter.JwtAuthenticationFilter - Filter 'jwtAuthenticationFilter' configured for use
2026-05-07 17:26:48.633 [main] WARN  o.s.b.w.s.c.AnnotationConfigServletWebServerApplicationContext - Exception encountered during context initialization - cancelling refresh attempt: org.springframework.context.ApplicationContextException: Failed to start bean 'webServerStartStop'; nested exception is org.springframework.boot.web.server.PortInUseException: Port 8081 is already in use
2026-05-07 17:26:48.665 [main] ERROR o.s.b.d.LoggingFailureAnalysisReporter - 

***************************
APPLICATION FAILED TO START
***************************

Description:

Web server failed to start. Port 8081 was already in use.

Action:

Identify and stop the process that's listening on port 8081 or configure this application to listen on another port.

2026-05-07 17:27:05.025 [trend-data-worker] WARN  com.zaxxer.hikari.pool.PoolBase - MarkdownHikariCP - Failed to validate connection com.mysql.cj.jdbc.ConnectionImpl@e216cb1 (No operations allowed after connection closed.). Possibly consider using a shorter maxLifetime value.
2026-05-07 17:27:05.025 [trend-data-worker] WARN  com.zaxxer.hikari.pool.PoolBase - MarkdownHikariCP - Failed to validate connection com.mysql.cj.jdbc.ConnectionImpl@5c6b2ee7 (No operations allowed after connection closed.). Possibly consider using a shorter maxLifetime value.
2026-05-07 17:27:44.949 [main] DEBUG c.m.editor.MarkdownEditorApplication - Running with Spring Boot v2.7.14, Spring v5.3.29
2026-05-07 17:27:48.921 [main] DEBUG c.m.e.filter.JwtAuthenticationFilter - Filter 'jwtAuthenticationFilter' configured for use
2026-05-07 17:34:40.383 [main] DEBUG c.m.editor.MarkdownEditorApplication - Running with Spring Boot v2.7.14, Spring v5.3.29
2026-05-07 17:34:42.718 [main] DEBUG c.m.e.filter.JwtAuthenticationFilter - Filter 'jwtAuthenticationFilter' configured for use
2026-05-07 17:38:11.889 [main] DEBUG c.m.editor.MarkdownEditorApplication - Running with Spring Boot v2.7.14, Spring v5.3.29
2026-05-07 17:38:14.055 [main] DEBUG c.m.e.filter.JwtAuthenticationFilter - Filter 'jwtAuthenticationFilter' configured for use
2026-05-07 17:44:35.056 [main] DEBUG c.m.editor.MarkdownEditorApplication - Running with Spring Boot v2.7.14, Spring v5.3.29
2026-05-07 17:44:37.297 [main] DEBUG c.m.e.filter.JwtAuthenticationFilter - Filter 'jwtAuthenticationFilter' configured for use
2026-05-07 17:51:21.091 [http-nio-0.0.0.0-8081-exec-1] WARN  com.zaxxer.hikari.pool.PoolBase - MarkdownHikariCP - Failed to validate connection com.mysql.cj.jdbc.ConnectionImpl@705360ff (No operations allowed after connection closed.). Possibly consider using a shorter maxLifetime value.
2026-05-07 17:52:03.870 [http-nio-0.0.0.0-8081-exec-5] WARN  com.zaxxer.hikari.pool.PoolBase - MarkdownHikariCP - Failed to validate connection com.mysql.cj.jdbc.ConnectionImpl@5a380d9 (No operations allowed after connection closed.). Possibly consider using a shorter maxLifetime value.
2026-05-07 17:52:04.331 [http-nio-0.0.0.0-8081-exec-8] WARN  com.zaxxer.hikari.pool.PoolBase - MarkdownHikariCP - Failed to validate connection com.mysql.cj.jdbc.ConnectionImpl@4ccf15d4 (No operations allowed after connection closed.). Possibly consider using a shorter maxLifetime value.
2026-05-07 17:53:02.591 [http-nio-0.0.0.0-8081-exec-2] WARN  com.zaxxer.hikari.pool.PoolBase - MarkdownHikariCP - Failed to validate connection com.mysql.cj.jdbc.ConnectionImpl@d735acf (No operations allowed after connection closed.). Possibly consider using a shorter maxLifetime value.
2026-05-07 17:57:58.236 [main] DEBUG c.m.editor.MarkdownEditorApplication - Running with Spring Boot v2.7.14, Spring v5.3.29
2026-05-07 17:58:00.446 [main] DEBUG c.m.e.filter.JwtAuthenticationFilter - Filter 'jwtAuthenticationFilter' configured for use
2026-05-07 17:58:01.944 [main] WARN  o.s.b.w.s.c.AnnotationConfigServletWebServerApplicationContext - Exception encountered during context initialization - cancelling refresh attempt: org.springframework.context.ApplicationContextException: Failed to start bean 'webServerStartStop'; nested exception is org.springframework.boot.web.server.PortInUseException: Port 8081 is already in use
2026-05-07 17:58:01.997 [main] ERROR o.s.b.d.LoggingFailureAnalysisReporter - 

***************************
APPLICATION FAILED TO START
***************************

Description:

Web server failed to start. Port 8081 was already in use.

Action:

Identify and stop the process that's listening on port 8081 or configure this application to listen on another port.

2026-05-07 17:58:58.468 [main] DEBUG c.m.editor.MarkdownEditorApplication - Running with Spring Boot v2.7.14, Spring v5.3.29
2026-05-07 17:59:00.376 [main] DEBUG c.m.e.filter.JwtAuthenticationFilter - Filter 'jwtAuthenticationFilter' configured for use
2026-05-07 18:05:50.535 [http-nio-0.0.0.0-8081-exec-1] WARN  com.zaxxer.hikari.pool.PoolBase - MarkdownHikariCP - Failed to validate connection com.mysql.cj.jdbc.ConnectionImpl@3da6b2 (No operations allowed after connection closed.). Possibly consider using a shorter maxLifetime value.
2026-05-07 18:22:03.969 [http-nio-0.0.0.0-8081-exec-7] DEBUG c.m.e.controller.DocumentController - 文档ID: 255 浏览次数增加
2026-05-07 19:28:02.533 [http-nio-0.0.0.0-8081-exec-7] WARN  com.zaxxer.hikari.pool.PoolBase - MarkdownHikariCP - Failed to validate connection com.mysql.cj.jdbc.ConnectionImpl@48e779ca (No operations allowed after connection closed.). Possibly consider using a shorter maxLifetime value.
2026-05-07 19:28:07.548 [http-nio-0.0.0.0-8081-exec-7] WARN  com.zaxxer.hikari.pool.PoolBase - MarkdownHikariCP - Failed to validate connection com.mysql.cj.jdbc.ConnectionImpl@765958ea (No operations allowed after connection closed.). Possibly consider using a shorter maxLifetime value.
