2026-04-19 08:55:38.358 [http-nio-8080-exec-3] WARN  com.zaxxer.hikari.pool.PoolBase - HikariPool-1 - Failed to validate connection com.mysql.cj.jdbc.ConnectionImpl@24165187 (No operations allowed after connection closed.). Possibly consider using a shorter maxLifetime value.
2026-04-19 08:55:39.229 [http-nio-8080-exec-8] WARN  com.zaxxer.hikari.pool.PoolBase - HikariPool-1 - Failed to validate connection com.mysql.cj.jdbc.ConnectionImpl@54d6e85b (No operations allowed after connection closed.). Possibly consider using a shorter maxLifetime value.
2026-04-19 08:55:41.627 [http-nio-8080-exec-7] WARN  com.zaxxer.hikari.pool.PoolBase - HikariPool-1 - Failed to validate connection com.mysql.cj.jdbc.ConnectionImpl@102cc5a (No operations allowed after connection closed.). Possibly consider using a shorter maxLifetime value.
2026-04-19 08:55:43.406 [http-nio-8080-exec-3] WARN  com.zaxxer.hikari.pool.PoolBase - HikariPool-1 - Failed to validate connection com.mysql.cj.jdbc.ConnectionImpl@384958d4 (No operations allowed after connection closed.). Possibly consider using a shorter maxLifetime value.
2026-04-19 08:55:44.233 [http-nio-8080-exec-8] WARN  com.zaxxer.hikari.pool.PoolBase - HikariPool-1 - Failed to validate connection com.mysql.cj.jdbc.ConnectionImpl@747bf588 (No operations allowed after connection closed.). Possibly consider using a shorter maxLifetime value.
2026-04-19 08:55:46.638 [http-nio-8080-exec-7] WARN  com.zaxxer.hikari.pool.PoolBase - HikariPool-1 - Failed to validate connection com.mysql.cj.jdbc.ConnectionImpl@78ea390 (No operations allowed after connection closed.). Possibly consider using a shorter maxLifetime value.
2026-04-19 08:55:48.420 [http-nio-8080-exec-3] WARN  com.zaxxer.hikari.pool.PoolBase - HikariPool-1 - Failed to validate connection com.mysql.cj.jdbc.ConnectionImpl@6fd7275e (No operations allowed after connection closed.). Possibly consider using a shorter maxLifetime value.
2026-04-19 08:55:49.238 [http-nio-8080-exec-8] WARN  com.zaxxer.hikari.pool.PoolBase - HikariPool-1 - Failed to validate connection com.mysql.cj.jdbc.ConnectionImpl@aafaa84 (No operations allowed after connection closed.). Possibly consider using a shorter maxLifetime value.
2026-04-19 08:55:49.255 [http-nio-8080-exec-5] WARN  com.zaxxer.hikari.pool.PoolBase - HikariPool-1 - Failed to validate connection com.mysql.cj.jdbc.ConnectionImpl@97d265d (No operations allowed after connection closed.). Possibly consider using a shorter maxLifetime value.
2026-04-19 08:55:49.255 [http-nio-8080-exec-10] WARN  com.zaxxer.hikari.pool.PoolBase - HikariPool-1 - Failed to validate connection com.mysql.cj.jdbc.ConnectionImpl@3e94ce1a (No operations allowed after connection closed.). Possibly consider using a shorter maxLifetime value.
2026-04-19 08:56:17.824 [main] DEBUG c.m.editor.MarkdownEditorApplication - Running with Spring Boot v2.7.14, Spring v5.3.29
2026-04-19 08:56:21.777 [main] DEBUG c.m.e.filter.JwtAuthenticationFilter - Filter 'jwtAuthenticationFilter' configured for use
2026-04-19 09:02:18.663 [main] DEBUG c.m.editor.MarkdownEditorApplication - Running with Spring Boot v2.7.14, Spring v5.3.29
2026-04-19 09:02:20.680 [main] DEBUG c.m.e.filter.JwtAuthenticationFilter - Filter 'jwtAuthenticationFilter' configured for use
2026-04-19 09:10:24.988 [http-nio-8080-exec-4] DEBUG c.m.e.controller.DocumentController - 文档ID: 191 浏览次数增加
2026-04-19 09:12:08.827 [http-nio-8080-exec-5] WARN  c.m.e.controller.DocumentController - 用户[chen]更新文档失败，标签验证失败：标签[阅读]不存在
2026-04-19 09:12:14.528 [http-nio-8080-exec-8] DEBUG c.m.e.controller.DocumentController - 文档ID: 151 浏览次数增加
2026-04-19 09:15:29.287 [main] DEBUG c.m.editor.MarkdownEditorApplication - Running with Spring Boot v2.7.14, Spring v5.3.29
2026-04-19 09:15:31.844 [main] DEBUG c.m.e.filter.JwtAuthenticationFilter - Filter 'jwtAuthenticationFilter' configured for use
2026-04-19 09:17:34.254 [http-nio-8080-exec-1] DEBUG c.m.e.controller.DocumentController - 文档ID: 191 浏览次数增加
2026-04-19 09:20:19.849 [main] DEBUG c.m.editor.MarkdownEditorApplication - Running with Spring Boot v2.7.14, Spring v5.3.29
2026-04-19 09:20:21.763 [main] DEBUG c.m.e.filter.JwtAuthenticationFilter - Filter 'jwtAuthenticationFilter' configured for use
2026-04-19 09:25:44.223 [http-nio-8080-exec-10] WARN  com.zaxxer.hikari.pool.PoolBase - HikariPool-1 - Failed to validate connection com.mysql.cj.jdbc.ConnectionImpl@57d4d069 (No operations allowed after connection closed.). Possibly consider using a shorter maxLifetime value.
2026-04-19 09:25:48.790 [http-nio-8080-exec-8] WARN  c.m.e.controller.DocumentController - 用户[wang]更新文档失败，标签验证失败：标签[社交,沟通,人际关系]不存在
2026-04-19 09:26:48.127 [http-nio-8080-exec-1] WARN  c.m.e.controller.DocumentController - 用户[wang]更新文档失败，标签验证失败：标签[社交,沟通,人际关系]不存在
2026-04-19 09:29:12.626 [http-nio-8080-exec-10] WARN  com.zaxxer.hikari.pool.PoolBase - HikariPool-1 - Failed to validate connection com.mysql.cj.jdbc.ConnectionImpl@4607c6f6 (No operations allowed after connection closed.). Possibly consider using a shorter maxLifetime value.
2026-04-19 09:35:06.082 [http-nio-8080-exec-1] WARN  com.zaxxer.hikari.pool.PoolBase - HikariPool-1 - Failed to validate connection com.mysql.cj.jdbc.ConnectionImpl@4cb9ca3e (No operations allowed after connection closed.). Possibly consider using a shorter maxLifetime value.
2026-04-19 09:35:08.545 [http-nio-8080-exec-4] WARN  com.zaxxer.hikari.pool.PoolBase - HikariPool-1 - Failed to validate connection com.mysql.cj.jdbc.ConnectionImpl@1bebb43c (No operations allowed after connection closed.). Possibly consider using a shorter maxLifetime value.
2026-04-19 09:36:30.038 [http-nio-8080-exec-5] WARN  com.zaxxer.hikari.pool.PoolBase - HikariPool-1 - Failed to validate connection com.mysql.cj.jdbc.ConnectionImpl@94af6c8 (No operations allowed after connection closed.). Possibly consider using a shorter maxLifetime value.
2026-04-19 09:36:30.038 [http-nio-8080-exec-6] WARN  com.zaxxer.hikari.pool.PoolBase - HikariPool-1 - Failed to validate connection com.mysql.cj.jdbc.ConnectionImpl@2c480448 (No operations allowed after connection closed.). Possibly consider using a shorter maxLifetime value.
2026-04-19 09:36:35.052 [http-nio-8080-exec-6] WARN  com.zaxxer.hikari.pool.PoolBase - HikariPool-1 - Failed to validate connection com.mysql.cj.jdbc.ConnectionImpl@4711800d (No operations allowed after connection closed.). Possibly consider using a shorter maxLifetime value.
2026-04-19 09:37:03.486 [http-nio-8080-exec-4] DEBUG c.m.e.controller.DocumentController - 文档ID: 112 浏览次数增加
2026-04-19 09:37:29.206 [http-nio-8080-exec-8] DEBUG c.m.e.controller.DocumentController - 文档ID: 112 浏览次数增加
2026-04-19 09:37:37.282 [http-nio-8080-exec-2] WARN  com.zaxxer.hikari.pool.PoolBase - HikariPool-1 - Failed to validate connection com.mysql.cj.jdbc.ConnectionImpl@70501e4 (No operations allowed after connection closed.). Possibly consider using a shorter maxLifetime value.
2026-04-19 09:37:37.282 [http-nio-8080-exec-1] WARN  com.zaxxer.hikari.pool.PoolBase - HikariPool-1 - Failed to validate connection com.mysql.cj.jdbc.ConnectionImpl@15104d00 (No operations allowed after connection closed.). Possibly consider using a shorter maxLifetime value.
2026-04-19 09:37:42.290 [http-nio-8080-exec-1] WARN  com.zaxxer.hikari.pool.PoolBase - HikariPool-1 - Failed to validate connection com.mysql.cj.jdbc.ConnectionImpl@2e63239d (No operations allowed after connection closed.). Possibly consider using a shorter maxLifetime value.
2026-04-19 09:39:18.747 [http-nio-8080-exec-3] WARN  com.zaxxer.hikari.pool.PoolBase - HikariPool-1 - Failed to validate connection com.mysql.cj.jdbc.ConnectionImpl@5029d62a (No operations allowed after connection closed.). Possibly consider using a shorter maxLifetime value.
2026-04-19 09:39:18.747 [http-nio-8080-exec-1] WARN  com.zaxxer.hikari.pool.PoolBase - HikariPool-1 - Failed to validate connection com.mysql.cj.jdbc.ConnectionImpl@9b27f48 (No operations allowed after connection closed.). Possibly consider using a shorter maxLifetime value.
2026-04-19 09:39:23.755 [http-nio-8080-exec-1] WARN  com.zaxxer.hikari.pool.PoolBase - HikariPool-1 - Failed to validate connection com.mysql.cj.jdbc.ConnectionImpl@1cd8f162 (No operations allowed after connection closed.). Possibly consider using a shorter maxLifetime value.
2026-04-19 09:51:44.871 [http-nio-8080-exec-5] WARN  com.zaxxer.hikari.pool.PoolBase - HikariPool-1 - Failed to validate connection com.mysql.cj.jdbc.ConnectionImpl@4a0e3792 (No operations allowed after connection closed.). Possibly consider using a shorter maxLifetime value.
2026-04-19 09:57:46.836 [http-nio-8080-exec-8] WARN  com.zaxxer.hikari.pool.PoolBase - HikariPool-1 - Failed to validate connection com.mysql.cj.jdbc.ConnectionImpl@1f6c590e (No operations allowed after connection closed.). Possibly consider using a shorter maxLifetime value.
2026-04-19 09:57:49.303 [http-nio-8080-exec-3] WARN  com.zaxxer.hikari.pool.PoolBase - HikariPool-1 - Failed to validate connection com.mysql.cj.jdbc.ConnectionImpl@318c8d33 (No operations allowed after connection closed.). Possibly consider using a shorter maxLifetime value.
2026-04-19 09:57:50.503 [http-nio-8080-exec-6] WARN  com.zaxxer.hikari.pool.PoolBase - HikariPool-1 - Failed to validate connection com.mysql.cj.jdbc.ConnectionImpl@11a589eb (No operations allowed after connection closed.). Possibly consider using a shorter maxLifetime value.
2026-04-19 09:57:51.848 [http-nio-8080-exec-8] WARN  com.zaxxer.hikari.pool.PoolBase - HikariPool-1 - Failed to validate connection com.mysql.cj.jdbc.ConnectionImpl@72863960 (No operations allowed after connection closed.). Possibly consider using a shorter maxLifetime value.
2026-04-19 09:57:54.313 [http-nio-8080-exec-3] WARN  com.zaxxer.hikari.pool.PoolBase - HikariPool-1 - Failed to validate connection com.mysql.cj.jdbc.ConnectionImpl@5f897c98 (No operations allowed after connection closed.). Possibly consider using a shorter maxLifetime value.
2026-04-19 09:57:55.515 [http-nio-8080-exec-6] WARN  com.zaxxer.hikari.pool.PoolBase - HikariPool-1 - Failed to validate connection com.mysql.cj.jdbc.ConnectionImpl@41a8f39c (No operations allowed after connection closed.). Possibly consider using a shorter maxLifetime value.
2026-04-19 09:57:56.864 [http-nio-8080-exec-8] WARN  com.zaxxer.hikari.pool.PoolBase - HikariPool-1 - Failed to validate connection com.mysql.cj.jdbc.ConnectionImpl@144d8846 (No operations allowed after connection closed.). Possibly consider using a shorter maxLifetime value.
2026-04-19 09:57:59.315 [http-nio-8080-exec-2] WARN  com.zaxxer.hikari.pool.PoolBase - HikariPool-1 - Failed to validate connection com.mysql.cj.jdbc.ConnectionImpl@1e10a69c (No operations allowed after connection closed.). Possibly consider using a shorter maxLifetime value.
2026-04-19 09:57:59.315 [http-nio-8080-exec-1] WARN  com.zaxxer.hikari.pool.PoolBase - HikariPool-1 - Failed to validate connection com.mysql.cj.jdbc.ConnectionImpl@4ed80909 (No operations allowed after connection closed.). Possibly consider using a shorter maxLifetime value.
2026-04-19 09:57:59.315 [http-nio-8080-exec-10] WARN  com.zaxxer.hikari.pool.PoolBase - HikariPool-1 - Failed to validate connection com.mysql.cj.jdbc.ConnectionImpl@467c1ca3 (No operations allowed after connection closed.). Possibly consider using a shorter maxLifetime value.
2026-04-19 10:06:35.810 [http-nio-8080-exec-10] WARN  com.zaxxer.hikari.pool.PoolBase - HikariPool-1 - Failed to validate connection com.mysql.cj.jdbc.ConnectionImpl@394bd1b4 (No operations allowed after connection closed.). Possibly consider using a shorter maxLifetime value.
2026-04-19 10:06:38.122 [http-nio-8080-exec-1] WARN  com.zaxxer.hikari.pool.PoolBase - HikariPool-1 - Failed to validate connection com.mysql.cj.jdbc.ConnectionImpl@58287ec7 (No operations allowed after connection closed.). Possibly consider using a shorter maxLifetime value.
2026-04-19 10:06:40.823 [http-nio-8080-exec-10] WARN  com.zaxxer.hikari.pool.PoolBase - HikariPool-1 - Failed to validate connection com.mysql.cj.jdbc.ConnectionImpl@380ce0cc (No operations allowed after connection closed.). Possibly consider using a shorter maxLifetime value.
2026-04-19 10:06:43.133 [http-nio-8080-exec-1] WARN  com.zaxxer.hikari.pool.PoolBase - HikariPool-1 - Failed to validate connection com.mysql.cj.jdbc.ConnectionImpl@2ace57c (No operations allowed after connection closed.). Possibly consider using a shorter maxLifetime value.
2026-04-19 10:06:45.712 [http-nio-8080-exec-2] WARN  com.zaxxer.hikari.pool.PoolBase - HikariPool-1 - Failed to validate connection com.mysql.cj.jdbc.ConnectionImpl@58ffaedc (No operations allowed after connection closed.). Possibly consider using a shorter maxLifetime value.
2026-04-19 10:06:45.830 [http-nio-8080-exec-10] WARN  com.zaxxer.hikari.pool.PoolBase - HikariPool-1 - Failed to validate connection com.mysql.cj.jdbc.ConnectionImpl@d0afbd8 (No operations allowed after connection closed.). Possibly consider using a shorter maxLifetime value.
2026-04-19 10:06:48.146 [http-nio-8080-exec-1] WARN  com.zaxxer.hikari.pool.PoolBase - HikariPool-1 - Failed to validate connection com.mysql.cj.jdbc.ConnectionImpl@4002fc1e (No operations allowed after connection closed.). Possibly consider using a shorter maxLifetime value.
2026-04-19 10:06:50.727 [http-nio-8080-exec-2] WARN  com.zaxxer.hikari.pool.PoolBase - HikariPool-1 - Failed to validate connection com.mysql.cj.jdbc.ConnectionImpl@42f59362 (No operations allowed after connection closed.). Possibly consider using a shorter maxLifetime value.
2026-04-19 10:06:50.834 [http-nio-8080-exec-10] WARN  com.zaxxer.hikari.pool.PoolBase - HikariPool-1 - Failed to validate connection com.mysql.cj.jdbc.ConnectionImpl@3654b51d (No operations allowed after connection closed.). Possibly consider using a shorter maxLifetime value.
2026-04-19 10:06:53.149 [http-nio-8080-exec-1] WARN  com.zaxxer.hikari.pool.PoolBase - HikariPool-1 - Failed to validate connection com.mysql.cj.jdbc.ConnectionImpl@7e12b0ea (No operations allowed after connection closed.). Possibly consider using a shorter maxLifetime value.
2026-04-19 10:23:03.714 [http-nio-8080-exec-4] WARN  com.zaxxer.hikari.pool.PoolBase - HikariPool-1 - Failed to validate connection com.mysql.cj.jdbc.ConnectionImpl@5f5f483c (No operations allowed after connection closed.). Possibly consider using a shorter maxLifetime value.
2026-04-19 10:23:09.009 [http-nio-8080-exec-9] WARN  com.zaxxer.hikari.pool.PoolBase - HikariPool-1 - Failed to validate connection com.mysql.cj.jdbc.ConnectionImpl@7dddea8a (No operations allowed after connection closed.). Possibly consider using a shorter maxLifetime value.
2026-04-19 10:24:10.850 [http-nio-8080-exec-6] DEBUG c.m.e.controller.DocumentController - 文档ID: 191 浏览次数增加
2026-04-19 10:24:23.272 [http-nio-8080-exec-4] WARN  com.zaxxer.hikari.pool.PoolBase - HikariPool-1 - Failed to validate connection com.mysql.cj.jdbc.ConnectionImpl@4d2987b7 (No operations allowed after connection closed.). Possibly consider using a shorter maxLifetime value.
2026-04-19 10:24:25.635 [http-nio-8080-exec-7] DEBUG c.m.e.controller.DocumentController - 文档ID: 191 浏览次数增加
2026-04-19 10:24:29.688 [http-nio-8080-exec-6] DEBUG c.m.e.controller.DocumentController - 文档ID: 112 浏览次数增加
2026-04-19 10:24:38.065 [http-nio-8080-exec-2] DEBUG c.m.e.controller.DocumentController - 文档ID: 191 浏览次数增加
2026-04-19 10:24:45.051 [http-nio-8080-exec-1] WARN  com.zaxxer.hikari.pool.PoolBase - HikariPool-1 - Failed to validate connection com.mysql.cj.jdbc.ConnectionImpl@41f45544 (No operations allowed after connection closed.). Possibly consider using a shorter maxLifetime value.
2026-04-19 10:24:45.342 [http-nio-8080-exec-2] DEBUG c.m.e.controller.DocumentController - 文档ID: 191 浏览次数增加
2026-04-19 10:24:51.547 [http-nio-8080-exec-8] WARN  com.zaxxer.hikari.pool.PoolBase - HikariPool-1 - Failed to validate connection com.mysql.cj.jdbc.ConnectionImpl@75620401 (No operations allowed after connection closed.). Possibly consider using a shorter maxLifetime value.
2026-04-19 10:24:51.547 [http-nio-8080-exec-10] WARN  com.zaxxer.hikari.pool.PoolBase - HikariPool-1 - Failed to validate connection com.mysql.cj.jdbc.ConnectionImpl@38e5be1 (No operations allowed after connection closed.). Possibly consider using a shorter maxLifetime value.
2026-04-19 10:25:47.129 [http-nio-8080-exec-2] DEBUG c.m.e.controller.DocumentController - 文档ID: 191 浏览次数增加
2026-04-19 10:25:49.325 [http-nio-8080-exec-3] WARN  com.zaxxer.hikari.pool.PoolBase - HikariPool-1 - Failed to validate connection com.mysql.cj.jdbc.ConnectionImpl@be933ae (No operations allowed after connection closed.). Possibly consider using a shorter maxLifetime value.
2026-04-19 10:25:58.075 [http-nio-8080-exec-1] WARN  com.zaxxer.hikari.pool.PoolBase - HikariPool-1 - Failed to validate connection com.mysql.cj.jdbc.ConnectionImpl@2c0db6c7 (No operations allowed after connection closed.). Possibly consider using a shorter maxLifetime value.
2026-04-19 10:25:59.033 [http-nio-8080-exec-2] DEBUG c.m.e.controller.DocumentController - 文档ID: 113 浏览次数增加
2026-04-19 10:27:00.745 [http-nio-8080-exec-7] WARN  c.m.e.controller.DocumentController - 用户[chen]更新文档失败，标签验证失败：标签[阅读]不存在
2026-04-19 10:27:05.545 [http-nio-8080-exec-3] WARN  c.m.e.controller.DocumentController - 用户[chen]更新文档失败，标签验证失败：标签[阅读]不存在
2026-04-19 10:27:08.906 [http-nio-8080-exec-10] WARN  c.m.e.controller.DocumentController - 用户[chen]更新文档失败，标签验证失败：标签[阅读]不存在
2026-04-19 10:27:17.842 [http-nio-8080-exec-8] WARN  c.m.e.controller.DocumentController - 用户[chen]更新文档失败，标签验证失败：标签[阅读]不存在
2026-04-19 10:29:30.107 [http-nio-8080-exec-8] WARN  c.m.e.controller.DocumentController - 用户[chen]更新文档失败，标签验证失败：标签[阅读]不存在
2026-04-19 10:29:36.162 [http-nio-8080-exec-9] WARN  c.m.e.controller.DocumentController - 用户[chen]更新文档失败，标签验证失败：标签[阅读]不存在
2026-04-19 10:33:31.328 [http-nio-8080-exec-3] WARN  c.m.e.controller.DocumentController - 用户[chen]更新文档失败，标签验证失败：标签[阅读]不存在
2026-04-19 10:33:37.192 [http-nio-8080-exec-8] WARN  c.m.e.controller.DocumentController - 用户[chen]更新文档失败，标签验证失败：标签[阅读]不存在
2026-04-19 10:33:56.841 [http-nio-8080-exec-10] WARN  c.m.e.controller.DocumentController - 用户[chen]更新文档失败，标签验证失败：标签[阅读]不存在
2026-04-19 10:34:15.854 [http-nio-8080-exec-9] WARN  c.m.e.controller.DocumentController - 用户[chen]更新文档失败，标签验证失败：标签[阅读]不存在
2026-04-19 10:34:24.593 [http-nio-8080-exec-6] WARN  c.m.e.controller.DocumentController - 用户[chen]更新文档失败，标签验证失败：标签[阅读]不存在
2026-04-19 10:34:32.322 [http-nio-8080-exec-4] WARN  c.m.e.controller.DocumentController - 用户[chen]更新文档失败，标签验证失败：标签[阅读]不存在
2026-04-19 10:34:36.306 [http-nio-8080-exec-1] WARN  c.m.e.controller.DocumentController - 用户[chen]更新文档失败，标签验证失败：标签[阅读]不存在
2026-04-19 10:34:42.424 [http-nio-8080-exec-5] WARN  c.m.e.controller.DocumentController - 用户[chen]更新文档失败，标签验证失败：标签[阅读]不存在
2026-04-19 10:35:42.117 [http-nio-8080-exec-7] WARN  c.m.e.controller.DocumentController - 用户[chen]更新文档失败，标签验证失败：标签[阅读]不存在
2026-04-19 10:35:43.626 [http-nio-8080-exec-2] WARN  c.m.e.controller.DocumentController - 用户[chen]更新文档失败，标签验证失败：标签[阅读]不存在
2026-04-19 10:35:44.255 [http-nio-8080-exec-3] WARN  c.m.e.controller.DocumentController - 用户[chen]更新文档失败，标签验证失败：标签[阅读]不存在
2026-04-19 10:35:44.415 [http-nio-8080-exec-8] WARN  c.m.e.controller.DocumentController - 用户[chen]更新文档失败，标签验证失败：标签[阅读]不存在
2026-04-19 10:35:44.585 [http-nio-8080-exec-10] WARN  c.m.e.controller.DocumentController - 用户[chen]更新文档失败，标签验证失败：标签[阅读]不存在
2026-04-19 10:35:44.768 [http-nio-8080-exec-9] WARN  c.m.e.controller.DocumentController - 用户[chen]更新文档失败，标签验证失败：标签[阅读]不存在
2026-04-19 10:35:53.026 [http-nio-8080-exec-6] WARN  c.m.e.controller.DocumentController - 用户[chen]更新文档失败，标签验证失败：标签[阅读]不存在
2026-04-19 10:36:00.179 [http-nio-8080-exec-10] WARN  com.zaxxer.hikari.pool.PoolBase - HikariPool-1 - Failed to validate connection com.mysql.cj.jdbc.ConnectionImpl@1bb99113 (No operations allowed after connection closed.). Possibly consider using a shorter maxLifetime value.
2026-04-19 10:36:00.238 [http-nio-8080-exec-6] WARN  com.zaxxer.hikari.pool.PoolBase - HikariPool-1 - Failed to validate connection com.mysql.cj.jdbc.ConnectionImpl@65b7ac9a (No operations allowed after connection closed.). Possibly consider using a shorter maxLifetime value.
2026-04-19 10:36:00.238 [http-nio-8080-exec-4] WARN  com.zaxxer.hikari.pool.PoolBase - HikariPool-1 - Failed to validate connection com.mysql.cj.jdbc.ConnectionImpl@be4e1ef (No operations allowed after connection closed.). Possibly consider using a shorter maxLifetime value.
2026-04-19 10:36:02.997 [http-nio-8080-exec-5] DEBUG c.m.e.controller.DocumentController - 文档ID: 151 浏览次数增加
2026-04-19 10:36:05.254 [http-nio-8080-exec-10] WARN  com.zaxxer.hikari.pool.PoolBase - HikariPool-1 - Failed to validate connection com.mysql.cj.jdbc.ConnectionImpl@66fee780 (No operations allowed after connection closed.). Possibly consider using a shorter maxLifetime value.
2026-04-19 10:36:11.006 [http-nio-8080-exec-9] DEBUG c.m.e.controller.DocumentController - 文档ID: 112 浏览次数增加
2026-04-19 10:36:17.059 [http-nio-8080-exec-5] DEBUG c.m.e.controller.DocumentController - 文档ID: 191 浏览次数增加
2026-04-19 10:37:12.207 [http-nio-8080-exec-8] WARN  com.zaxxer.hikari.pool.PoolBase - HikariPool-1 - Failed to validate connection com.mysql.cj.jdbc.ConnectionImpl@459e0b6f (No operations allowed after connection closed.). Possibly consider using a shorter maxLifetime value.
2026-04-19 10:37:12.221 [http-nio-8080-exec-2] WARN  com.zaxxer.hikari.pool.PoolBase - HikariPool-1 - Failed to validate connection com.mysql.cj.jdbc.ConnectionImpl@591289a3 (No operations allowed after connection closed.). Possibly consider using a shorter maxLifetime value.
2026-04-19 10:37:15.364 [http-nio-8080-exec-3] WARN  com.zaxxer.hikari.pool.PoolBase - HikariPool-1 - Failed to validate connection com.mysql.cj.jdbc.ConnectionImpl@485c48cd (No operations allowed after connection closed.). Possibly consider using a shorter maxLifetime value.
2026-04-19 10:38:30.990 [http-nio-8080-exec-10] DEBUG c.m.e.controller.DocumentController - 文档ID: 191 浏览次数增加
2026-04-19 10:44:45.449 [http-nio-8080-exec-4] DEBUG c.m.e.controller.DocumentController - 文档ID: 112 浏览次数增加
2026-04-19 10:45:45.591 [http-nio-8080-exec-9] DEBUG c.m.e.controller.DocumentController - 文档ID: 191 浏览次数增加
2026-04-19 10:46:58.345 [http-nio-8080-exec-7] DEBUG c.m.e.controller.DocumentController - 文档ID: 112 浏览次数增加
2026-04-19 10:47:59.002 [http-nio-8080-exec-5] DEBUG c.m.e.controller.DocumentController - 文档ID: 191 浏览次数增加
2026-04-19 10:53:43.456 [http-nio-8080-exec-2] WARN  com.zaxxer.hikari.pool.PoolBase - HikariPool-1 - Failed to validate connection com.mysql.cj.jdbc.ConnectionImpl@83b5c63 (No operations allowed after connection closed.). Possibly consider using a shorter maxLifetime value.
2026-04-19 10:53:54.701 [http-nio-8080-exec-2] WARN  com.zaxxer.hikari.pool.PoolBase - HikariPool-1 - Failed to validate connection com.mysql.cj.jdbc.ConnectionImpl@20b6dfe8 (No operations allowed after connection closed.). Possibly consider using a shorter maxLifetime value.
2026-04-19 11:00:05.975 [http-nio-8080-exec-5] WARN  com.zaxxer.hikari.pool.PoolBase - HikariPool-1 - Failed to validate connection com.mysql.cj.jdbc.ConnectionImpl@34a08dae (No operations allowed after connection closed.). Possibly consider using a shorter maxLifetime value.
2026-04-19 11:00:05.975 [http-nio-8080-exec-4] WARN  com.zaxxer.hikari.pool.PoolBase - HikariPool-1 - Failed to validate connection com.mysql.cj.jdbc.ConnectionImpl@ae43103 (No operations allowed after connection closed.). Possibly consider using a shorter maxLifetime value.
2026-04-19 11:00:08.220 [http-nio-8080-exec-7] WARN  com.zaxxer.hikari.pool.PoolBase - HikariPool-1 - Failed to validate connection com.mysql.cj.jdbc.ConnectionImpl@1a6ac40d (No operations allowed after connection closed.). Possibly consider using a shorter maxLifetime value.
2026-04-19 11:00:08.220 [http-nio-8080-exec-10] WARN  com.zaxxer.hikari.pool.PoolBase - HikariPool-1 - Failed to validate connection com.mysql.cj.jdbc.ConnectionImpl@72b3bb29 (No operations allowed after connection closed.). Possibly consider using a shorter maxLifetime value.
2026-04-19 11:00:10.979 [http-nio-8080-exec-4] WARN  com.zaxxer.hikari.pool.PoolBase - HikariPool-1 - Failed to validate connection com.mysql.cj.jdbc.ConnectionImpl@6306b3af (No operations allowed after connection closed.). Possibly consider using a shorter maxLifetime value.
2026-04-19 11:00:10.979 [http-nio-8080-exec-5] WARN  com.zaxxer.hikari.pool.PoolBase - HikariPool-1 - Failed to validate connection com.mysql.cj.jdbc.ConnectionImpl@38e4129d (No operations allowed after connection closed.). Possibly consider using a shorter maxLifetime value.
2026-04-19 11:00:13.229 [http-nio-8080-exec-10] WARN  com.zaxxer.hikari.pool.PoolBase - HikariPool-1 - Failed to validate connection com.mysql.cj.jdbc.ConnectionImpl@3f1ef7a (No operations allowed after connection closed.). Possibly consider using a shorter maxLifetime value.
2026-04-19 11:00:13.229 [http-nio-8080-exec-7] WARN  com.zaxxer.hikari.pool.PoolBase - HikariPool-1 - Failed to validate connection com.mysql.cj.jdbc.ConnectionImpl@641bc595 (No operations allowed after connection closed.). Possibly consider using a shorter maxLifetime value.
2026-04-19 11:00:13.581 [http-nio-8080-exec-9] WARN  com.zaxxer.hikari.pool.PoolBase - HikariPool-1 - Failed to validate connection com.mysql.cj.jdbc.ConnectionImpl@3b421457 (No operations allowed after connection closed.). Possibly consider using a shorter maxLifetime value.
2026-04-19 11:00:15.984 [http-nio-8080-exec-5] WARN  com.zaxxer.hikari.pool.PoolBase - HikariPool-1 - Failed to validate connection com.mysql.cj.jdbc.ConnectionImpl@4e87e557 (No operations allowed after connection closed.). Possibly consider using a shorter maxLifetime value.
2026-04-19 11:04:17.263 [main] DEBUG c.m.editor.MarkdownEditorApplication - Running with Spring Boot v2.7.14, Spring v5.3.29
2026-04-19 11:04:18.890 [main] DEBUG c.m.e.filter.JwtAuthenticationFilter - Filter 'jwtAuthenticationFilter' configured for use
2026-04-19 11:04:35.716 [http-nio-8080-exec-7] DEBUG c.m.e.controller.DocumentController - 文档ID: 112 浏览次数增加
2026-04-19 11:10:38.045 [http-nio-8080-exec-5] WARN  com.zaxxer.hikari.pool.PoolBase - HikariPool-1 - Failed to validate connection com.mysql.cj.jdbc.ConnectionImpl@6e7ae9a2 (No operations allowed after connection closed.). Possibly consider using a shorter maxLifetime value.
2026-04-19 11:10:43.050 [http-nio-8080-exec-5] WARN  com.zaxxer.hikari.pool.PoolBase - HikariPool-1 - Failed to validate connection com.mysql.cj.jdbc.ConnectionImpl@7fbfa507 (No operations allowed after connection closed.). Possibly consider using a shorter maxLifetime value.
2026-04-19 11:10:44.369 [http-nio-8080-exec-6] WARN  com.zaxxer.hikari.pool.PoolBase - HikariPool-1 - Failed to validate connection com.mysql.cj.jdbc.ConnectionImpl@64aa1f7 (No operations allowed after connection closed.). Possibly consider using a shorter maxLifetime value.
2026-04-19 11:10:46.672 [http-nio-8080-exec-8] WARN  com.zaxxer.hikari.pool.PoolBase - HikariPool-1 - Failed to validate connection com.mysql.cj.jdbc.ConnectionImpl@4f7c3605 (No operations allowed after connection closed.). Possibly consider using a shorter maxLifetime value.
2026-04-19 11:10:48.058 [http-nio-8080-exec-5] WARN  com.zaxxer.hikari.pool.PoolBase - HikariPool-1 - Failed to validate connection com.mysql.cj.jdbc.ConnectionImpl@2dbd60f0 (No operations allowed after connection closed.). Possibly consider using a shorter maxLifetime value.
2026-04-19 11:10:49.376 [http-nio-8080-exec-6] WARN  com.zaxxer.hikari.pool.PoolBase - HikariPool-1 - Failed to validate connection com.mysql.cj.jdbc.ConnectionImpl@49621551 (No operations allowed after connection closed.). Possibly consider using a shorter maxLifetime value.
2026-04-19 11:10:49.607 [http-nio-8080-exec-9] WARN  com.zaxxer.hikari.pool.PoolBase - HikariPool-1 - Failed to validate connection com.mysql.cj.jdbc.ConnectionImpl@52b66a14 (No operations allowed after connection closed.). Possibly consider using a shorter maxLifetime value.
2026-04-19 11:10:51.673 [http-nio-8080-exec-7] DEBUG c.m.e.controller.DocumentController - 文档ID: 112 浏览次数增加
2026-04-19 11:10:51.674 [http-nio-8080-exec-8] WARN  com.zaxxer.hikari.pool.PoolBase - HikariPool-1 - Failed to validate connection com.mysql.cj.jdbc.ConnectionImpl@41ab0dd5 (No operations allowed after connection closed.). Possibly consider using a shorter maxLifetime value.
2026-04-19 11:10:51.980 [http-nio-8080-exec-10] WARN  com.zaxxer.hikari.pool.PoolBase - HikariPool-1 - Failed to validate connection com.mysql.cj.jdbc.ConnectionImpl@8372e72 (No operations allowed after connection closed.). Possibly consider using a shorter maxLifetime value.
2026-04-19 11:10:53.069 [http-nio-8080-exec-5] WARN  com.zaxxer.hikari.pool.PoolBase - HikariPool-1 - Failed to validate connection com.mysql.cj.jdbc.ConnectionImpl@62249e4c (No operations allowed after connection closed.). Possibly consider using a shorter maxLifetime value.
2026-04-19 11:10:53.128 [http-nio-8080-exec-5] WARN  o.s.w.s.m.m.a.ExceptionHandlerExceptionResolver - Failure in @ExceptionHandler com.markdown.editor.exception.GlobalExceptionHandler#handleException(Exception)
org.apache.catalina.connector.ClientAbortException: java.io.IOException: Connection reset by peer
	at org.apache.catalina.connector.OutputBuffer.doFlush(OutputBuffer.java:309)
	at org.apache.catalina.connector.OutputBuffer.flush(OutputBuffer.java:271)
	at org.apache.catalina.connector.CoyoteOutputStream.flush(CoyoteOutputStream.java:120)
	at org.springframework.security.web.util.OnCommittedResponseWrapper$SaveContextServletOutputStream.flush(OnCommittedResponseWrapper.java:523)
	at java.base/java.io.FilterOutputStream.flush(FilterOutputStream.java:153)
	at com.fasterxml.jackson.core.json.UTF8JsonGenerator.flush(UTF8JsonGenerator.java:1187)
	at com.fasterxml.jackson.databind.ObjectWriter.writeValue(ObjectWriter.java:1009)
	at org.springframework.http.converter.json.AbstractJackson2HttpMessageConverter.writeInternal(AbstractJackson2HttpMessageConverter.java:456)
	at org.springframework.http.converter.AbstractGenericHttpMessageConverter.write(AbstractGenericHttpMessageConverter.java:104)
	at org.springframework.web.servlet.mvc.method.annotation.AbstractMessageConverterMethodProcessor.writeWithMessageConverters(AbstractMessageConverterMethodProcessor.java:290)
	at org.springframework.web.servlet.mvc.method.annotation.HttpEntityMethodProcessor.handleReturnValue(HttpEntityMethodProcessor.java:219)
	at org.springframework.web.method.support.HandlerMethodReturnValueHandlerComposite.handleReturnValue(HandlerMethodReturnValueHandlerComposite.java:78)
	at org.springframework.web.servlet.mvc.method.annotation.ServletInvocableHandlerMethod.invokeAndHandle(ServletInvocableHandlerMethod.java:135)
	at org.springframework.web.servlet.mvc.method.annotation.ExceptionHandlerExceptionResolver.doResolveHandlerMethodException(ExceptionHandlerExceptionResolver.java:428)
	at org.springframework.web.servlet.handler.AbstractHandlerMethodExceptionResolver.doResolveException(AbstractHandlerMethodExceptionResolver.java:75)
	at org.springframework.web.servlet.handler.AbstractHandlerExceptionResolver.resolveException(AbstractHandlerExceptionResolver.java:142)
	at org.springframework.web.servlet.handler.HandlerExceptionResolverComposite.resolveException(HandlerExceptionResolverComposite.java:80)
	at org.springframework.web.servlet.DispatcherServlet.processHandlerException(DispatcherServlet.java:1332)
	at org.springframework.web.servlet.DispatcherServlet.processDispatchResult(DispatcherServlet.java:1143)
	at org.springframework.web.servlet.DispatcherServlet.doDispatch(DispatcherServlet.java:1089)
	at org.springframework.web.servlet.DispatcherServlet.doService(DispatcherServlet.java:965)
	at org.springframework.web.servlet.FrameworkServlet.processRequest(FrameworkServlet.java:1006)
	at org.springframework.web.servlet.FrameworkServlet.doGet(FrameworkServlet.java:898)
	at javax.servlet.http.HttpServlet.service(HttpServlet.java:529)
	at org.springframework.web.servlet.FrameworkServlet.service(FrameworkServlet.java:883)
	at javax.servlet.http.HttpServlet.service(HttpServlet.java:623)
	at org.apache.catalina.core.ApplicationFilterChain.internalDoFilter(ApplicationFilterChain.java:209)
	at org.apache.catalina.core.ApplicationFilterChain.doFilter(ApplicationFilterChain.java:153)
	at org.apache.tomcat.websocket.server.WsFilter.doFilter(WsFilter.java:51)
	at org.apache.catalina.core.ApplicationFilterChain.internalDoFilter(ApplicationFilterChain.java:178)
	at org.apache.catalina.core.ApplicationFilterChain.doFilter(ApplicationFilterChain.java:153)
	at org.springframework.web.filter.OncePerRequestFilter.doFilter(OncePerRequestFilter.java:111)
	at org.apache.catalina.core.ApplicationFilterChain.internalDoFilter(ApplicationFilterChain.java:178)
	at org.apache.catalina.core.ApplicationFilterChain.doFilter(ApplicationFilterChain.java:153)
	at org.springframework.web.filter.OncePerRequestFilter.doFilter(OncePerRequestFilter.java:111)
	at org.apache.catalina.core.ApplicationFilterChain.internalDoFilter(ApplicationFilterChain.java:178)
	at org.apache.catalina.core.ApplicationFilterChain.doFilter(ApplicationFilterChain.java:153)
	at org.springframework.security.web.FilterChainProxy$VirtualFilterChain.doFilter(FilterChainProxy.java:337)
	at org.springframework.security.web.access.intercept.FilterSecurityInterceptor.invoke(FilterSecurityInterceptor.java:115)
	at org.springframework.security.web.access.intercept.FilterSecurityInterceptor.doFilter(FilterSecurityInterceptor.java:81)
	at org.springframework.security.web.FilterChainProxy$VirtualFilterChain.doFilter(FilterChainProxy.java:346)
	at org.springframework.security.web.access.ExceptionTranslationFilter.doFilter(ExceptionTranslationFilter.java:122)
	at org.springframework.security.web.access.ExceptionTranslationFilter.doFilter(ExceptionTranslationFilter.java:116)
	at org.springframework.security.web.FilterChainProxy$VirtualFilterChain.doFilter(FilterChainProxy.java:346)
	at org.springframework.security.web.session.SessionManagementFilter.doFilter(SessionManagementFilter.java:126)
	at org.springframework.security.web.session.SessionManagementFilter.doFilter(SessionManagementFilter.java:81)
	at org.springframework.security.web.FilterChainProxy$VirtualFilterChain.doFilter(FilterChainProxy.java:346)
	at org.springframework.security.web.authentication.AnonymousAuthenticationFilter.doFilter(AnonymousAuthenticationFilter.java:109)
	at org.springframework.security.web.FilterChainProxy$VirtualFilterChain.doFilter(FilterChainProxy.java:346)
	at org.springframework.security.web.servletapi.SecurityContextHolderAwareRequestFilter.doFilter(SecurityContextHolderAwareRequestFilter.java:149)
	at org.springframework.security.web.FilterChainProxy$VirtualFilterChain.doFilter(FilterChainProxy.java:346)
	at org.springframework.security.web.savedrequest.RequestCacheAwareFilter.doFilter(RequestCacheAwareFilter.java:63)
	at org.springframework.security.web.FilterChainProxy$VirtualFilterChain.doFilter(FilterChainProxy.java:346)
	at com.markdown.editor.filter.JwtAuthenticationFilter.doFilterInternal(JwtAuthenticationFilter.java:52)
	at org.springframework.web.filter.OncePerRequestFilter.doFilter(OncePerRequestFilter.java:117)
	at org.springframework.security.web.FilterChainProxy$VirtualFilterChain.doFilter(FilterChainProxy.java:346)
	at org.springframework.security.web.authentication.logout.LogoutFilter.doFilter(LogoutFilter.java:103)
	at org.springframework.security.web.authentication.logout.LogoutFilter.doFilter(LogoutFilter.java:89)
	at org.springframework.security.web.FilterChainProxy$VirtualFilterChain.doFilter(FilterChainProxy.java:346)
	at org.springframework.web.filter.CorsFilter.doFilterInternal(CorsFilter.java:91)
	at org.springframework.web.filter.OncePerRequestFilter.doFilter(OncePerRequestFilter.java:117)
	at org.springframework.security.web.FilterChainProxy$VirtualFilterChain.doFilter(FilterChainProxy.java:346)
	at org.springframework.security.web.header.HeaderWriterFilter.doHeadersAfter(HeaderWriterFilter.java:90)
	at org.springframework.security.web.header.HeaderWriterFilter.doFilterInternal(HeaderWriterFilter.java:75)
	at org.springframework.web.filter.OncePerRequestFilter.doFilter(OncePerRequestFilter.java:117)
	at org.springframework.security.web.FilterChainProxy$VirtualFilterChain.doFilter(FilterChainProxy.java:346)
	at org.springframework.security.web.context.SecurityContextPersistenceFilter.doFilter(SecurityContextPersistenceFilter.java:112)
	at org.springframework.security.web.context.SecurityContextPersistenceFilter.doFilter(SecurityContextPersistenceFilter.java:82)
	at org.springframework.security.web.FilterChainProxy$VirtualFilterChain.doFilter(FilterChainProxy.java:346)
	at org.springframework.security.web.context.request.async.WebAsyncManagerIntegrationFilter.doFilterInternal(WebAsyncManagerIntegrationFilter.java:55)
	at org.springframework.web.filter.OncePerRequestFilter.doFilter(OncePerRequestFilter.java:117)
	at org.springframework.security.web.FilterChainProxy$VirtualFilterChain.doFilter(FilterChainProxy.java:346)
	at org.springframework.security.web.session.DisableEncodeUrlFilter.doFilterInternal(DisableEncodeUrlFilter.java:42)
	at org.springframework.web.filter.OncePerRequestFilter.doFilter(OncePerRequestFilter.java:117)
	at org.springframework.security.web.FilterChainProxy$VirtualFilterChain.doFilter(FilterChainProxy.java:346)
	at org.springframework.security.web.FilterChainProxy.doFilterInternal(FilterChainProxy.java:221)
	at org.springframework.security.web.FilterChainProxy.doFilter(FilterChainProxy.java:186)
	at org.springframework.web.filter.DelegatingFilterProxy.invokeDelegate(DelegatingFilterProxy.java:354)
	at org.springframework.web.filter.DelegatingFilterProxy.doFilter(DelegatingFilterProxy.java:267)
	at org.apache.catalina.core.ApplicationFilterChain.internalDoFilter(ApplicationFilterChain.java:178)
	at org.apache.catalina.core.ApplicationFilterChain.doFilter(ApplicationFilterChain.java:153)
	at org.springframework.web.filter.RequestContextFilter.doFilterInternal(RequestContextFilter.java:100)
	at org.springframework.web.filter.OncePerRequestFilter.doFilter(OncePerRequestFilter.java:117)
	at org.apache.catalina.core.ApplicationFilterChain.internalDoFilter(ApplicationFilterChain.java:178)
	at org.apache.catalina.core.ApplicationFilterChain.doFilter(ApplicationFilterChain.java:153)
	at org.springframework.web.filter.FormContentFilter.doFilterInternal(FormContentFilter.java:93)
	at org.springframework.web.filter.OncePerRequestFilter.doFilter(OncePerRequestFilter.java:117)
	at org.apache.catalina.core.ApplicationFilterChain.internalDoFilter(ApplicationFilterChain.java:178)
	at org.apache.catalina.core.ApplicationFilterChain.doFilter(ApplicationFilterChain.java:153)
	at org.springframework.web.filter.CharacterEncodingFilter.doFilterInternal(CharacterEncodingFilter.java:201)
	at org.springframework.web.filter.OncePerRequestFilter.doFilter(OncePerRequestFilter.java:117)
	at org.apache.catalina.core.ApplicationFilterChain.internalDoFilter(ApplicationFilterChain.java:178)
	at org.apache.catalina.core.ApplicationFilterChain.doFilter(ApplicationFilterChain.java:153)
	at org.apache.catalina.core.StandardWrapperValve.invoke(StandardWrapperValve.java:167)
	at org.apache.catalina.core.StandardContextValve.invoke(StandardContextValve.java:90)
	at org.apache.catalina.authenticator.AuthenticatorBase.invoke(AuthenticatorBase.java:481)
	at org.apache.catalina.core.StandardHostValve.invoke(StandardHostValve.java:130)
	at org.apache.catalina.valves.ErrorReportValve.invoke(ErrorReportValve.java:93)
	at org.apache.catalina.core.StandardEngineValve.invoke(StandardEngineValve.java:74)
	at org.apache.catalina.connector.CoyoteAdapter.service(CoyoteAdapter.java:343)
	at org.apache.coyote.http11.Http11Processor.service(Http11Processor.java:390)
	at org.apache.coyote.AbstractProcessorLight.process(AbstractProcessorLight.java:63)
	at org.apache.coyote.AbstractProtocol$ConnectionHandler.process(AbstractProtocol.java:926)
	at org.apache.tomcat.util.net.NioEndpoint$SocketProcessor.doRun(NioEndpoint.java:1791)
	at org.apache.tomcat.util.net.SocketProcessorBase.run(SocketProcessorBase.java:52)
	at org.apache.tomcat.util.threads.ThreadPoolExecutor.runWorker(ThreadPoolExecutor.java:1191)
	at org.apache.tomcat.util.threads.ThreadPoolExecutor$Worker.run(ThreadPoolExecutor.java:659)
	at org.apache.tomcat.util.threads.TaskThread$WrappingRunnable.run(TaskThread.java:61)
	at java.base/java.lang.Thread.run(Thread.java:842)
Caused by: java.io.IOException: Connection reset by peer
	at java.base/sun.nio.ch.SocketDispatcher.write0(Native Method)
	at java.base/sun.nio.ch.SocketDispatcher.write(SocketDispatcher.java:54)
	at java.base/sun.nio.ch.IOUtil.writeFromNativeBuffer(IOUtil.java:132)
	at java.base/sun.nio.ch.IOUtil.write(IOUtil.java:97)
	at java.base/sun.nio.ch.IOUtil.write(IOUtil.java:53)
	at java.base/sun.nio.ch.SocketChannelImpl.write(SocketChannelImpl.java:532)
	at org.apache.tomcat.util.net.NioChannel.write(NioChannel.java:136)
	at org.apache.tomcat.util.net.NioEndpoint$NioSocketWrapper.doWrite(NioEndpoint.java:1431)
	at org.apache.tomcat.util.net.SocketWrapperBase.doWrite(SocketWrapperBase.java:775)
	at org.apache.tomcat.util.net.SocketWrapperBase.flushBlocking(SocketWrapperBase.java:739)
	at org.apache.tomcat.util.net.SocketWrapperBase.flush(SocketWrapperBase.java:723)
	at org.apache.coyote.http11.Http11OutputBuffer$SocketOutputBuffer.flush(Http11OutputBuffer.java:566)
	at org.apache.coyote.http11.filters.ChunkedOutputFilter.flush(ChunkedOutputFilter.java:157)
	at org.apache.coyote.http11.Http11OutputBuffer.flush(Http11OutputBuffer.java:220)
	at org.apache.coyote.http11.Http11Processor.flush(Http11Processor.java:1246)
	at org.apache.coyote.AbstractProcessor.action(AbstractProcessor.java:398)
	at org.apache.coyote.Response.action(Response.java:207)
	at org.apache.catalina.connector.OutputBuffer.doFlush(OutputBuffer.java:305)
	... 108 common frames omitted
2026-04-19 11:15:28.474 [http-nio-8080-exec-2] WARN  c.m.e.controller.DocumentController - 用户[chen]更新文档失败，标签验证失败：标签[阅读]不存在
2026-04-19 11:15:56.602 [http-nio-8080-exec-8] WARN  c.m.e.controller.DocumentController - 用户[chen]更新文档失败，标签验证失败：标签[阅读]不存在
2026-04-19 11:15:57.139 [http-nio-8080-exec-10] WARN  c.m.e.controller.DocumentController - 用户[chen]更新文档失败，标签验证失败：标签[阅读]不存在
2026-04-19 11:16:08.124 [http-nio-8080-exec-4] WARN  c.m.e.controller.DocumentController - 用户[chen]更新文档失败，标签验证失败：标签[阅读]不存在
2026-04-19 11:26:17.254 [http-nio-8080-exec-4] WARN  com.zaxxer.hikari.pool.PoolBase - HikariPool-1 - Failed to validate connection com.mysql.cj.jdbc.ConnectionImpl@710a7947 (No operations allowed after connection closed.). Possibly consider using a shorter maxLifetime value.
2026-04-19 11:26:20.168 [http-nio-8080-exec-6] WARN  com.zaxxer.hikari.pool.PoolBase - HikariPool-1 - Failed to validate connection com.mysql.cj.jdbc.ConnectionImpl@5b54dadc (No operations allowed after connection closed.). Possibly consider using a shorter maxLifetime value.
2026-04-19 11:26:21.105 [http-nio-8080-exec-9] WARN  com.zaxxer.hikari.pool.PoolBase - HikariPool-1 - Failed to validate connection com.mysql.cj.jdbc.ConnectionImpl@24e32c2 (No operations allowed after connection closed.). Possibly consider using a shorter maxLifetime value.
2026-04-19 11:26:22.257 [http-nio-8080-exec-4] WARN  com.zaxxer.hikari.pool.PoolBase - HikariPool-1 - Failed to validate connection com.mysql.cj.jdbc.ConnectionImpl@14ab4a68 (No operations allowed after connection closed.). Possibly consider using a shorter maxLifetime value.
2026-04-19 11:26:24.485 [http-nio-8080-exec-1] WARN  com.zaxxer.hikari.pool.PoolBase - HikariPool-1 - Failed to validate connection com.mysql.cj.jdbc.ConnectionImpl@56227a4 (No operations allowed after connection closed.). Possibly consider using a shorter maxLifetime value.
2026-04-19 11:26:25.172 [http-nio-8080-exec-6] WARN  com.zaxxer.hikari.pool.PoolBase - HikariPool-1 - Failed to validate connection com.mysql.cj.jdbc.ConnectionImpl@481873e5 (No operations allowed after connection closed.). Possibly consider using a shorter maxLifetime value.
2026-04-19 11:26:26.115 [http-nio-8080-exec-9] WARN  com.zaxxer.hikari.pool.PoolBase - HikariPool-1 - Failed to validate connection com.mysql.cj.jdbc.ConnectionImpl@43fc6124 (No operations allowed after connection closed.). Possibly consider using a shorter maxLifetime value.
2026-04-19 11:26:27.269 [http-nio-8080-exec-4] WARN  com.zaxxer.hikari.pool.PoolBase - HikariPool-1 - Failed to validate connection com.mysql.cj.jdbc.ConnectionImpl@53b16df9 (No operations allowed after connection closed.). Possibly consider using a shorter maxLifetime value.
2026-04-19 11:26:29.488 [http-nio-8080-exec-1] WARN  com.zaxxer.hikari.pool.PoolBase - HikariPool-1 - Failed to validate connection com.mysql.cj.jdbc.ConnectionImpl@3eabe104 (No operations allowed after connection closed.). Possibly consider using a shorter maxLifetime value.
2026-04-19 11:26:30.106 [http-nio-8080-exec-3] WARN  com.zaxxer.hikari.pool.PoolBase - HikariPool-1 - Failed to validate connection com.mysql.cj.jdbc.ConnectionImpl@7a661432 (No operations allowed after connection closed.). Possibly consider using a shorter maxLifetime value.
2026-04-19 11:31:52.931 [http-nio-8080-exec-8] DEBUG c.m.e.controller.DocumentController - 文档ID: 191 浏览次数增加
2026-04-19 11:31:56.591 [http-nio-8080-exec-8] DEBUG c.m.e.controller.DocumentController - 文档ID: 151 浏览次数增加
2026-04-19 11:33:45.541 [http-nio-8080-exec-4] DEBUG c.m.e.controller.DocumentController - 文档ID: 151 浏览次数增加
2026-04-19 11:33:56.950 [http-nio-8080-exec-10] DEBUG c.m.e.controller.DocumentController - 文档ID: 151 浏览次数增加
2026-04-19 11:34:02.902 [http-nio-8080-exec-8] WARN  com.zaxxer.hikari.pool.PoolBase - HikariPool-1 - Failed to validate connection com.mysql.cj.jdbc.ConnectionImpl@1dc43c47 (No operations allowed after connection closed.). Possibly consider using a shorter maxLifetime value.
2026-04-19 11:38:21.552 [http-nio-8080-exec-1] WARN  com.zaxxer.hikari.pool.PoolBase - HikariPool-1 - Failed to validate connection com.mysql.cj.jdbc.ConnectionImpl@5d5e98ce (No operations allowed after connection closed.). Possibly consider using a shorter maxLifetime value.
2026-04-19 11:38:22.592 [http-nio-8080-exec-3] WARN  com.zaxxer.hikari.pool.PoolBase - HikariPool-1 - Failed to validate connection com.mysql.cj.jdbc.ConnectionImpl@644ebaa5 (No operations allowed after connection closed.). Possibly consider using a shorter maxLifetime value.
2026-04-19 11:38:26.567 [http-nio-8080-exec-1] WARN  com.zaxxer.hikari.pool.PoolBase - HikariPool-1 - Failed to validate connection com.mysql.cj.jdbc.ConnectionImpl@41334087 (No operations allowed after connection closed.). Possibly consider using a shorter maxLifetime value.
2026-04-19 11:38:26.770 [http-nio-8080-exec-6] WARN  com.zaxxer.hikari.pool.PoolBase - HikariPool-1 - Failed to validate connection com.mysql.cj.jdbc.ConnectionImpl@6c0d9106 (No operations allowed after connection closed.). Possibly consider using a shorter maxLifetime value.
2026-04-19 11:38:27.601 [http-nio-8080-exec-3] WARN  com.zaxxer.hikari.pool.PoolBase - HikariPool-1 - Failed to validate connection com.mysql.cj.jdbc.ConnectionImpl@66b39065 (No operations allowed after connection closed.). Possibly consider using a shorter maxLifetime value.
2026-04-19 11:38:31.560 [http-nio-8080-exec-2] WARN  com.zaxxer.hikari.pool.PoolBase - HikariPool-1 - Failed to validate connection com.mysql.cj.jdbc.ConnectionImpl@3782b85a (No operations allowed after connection closed.). Possibly consider using a shorter maxLifetime value.
2026-04-19 11:38:31.560 [http-nio-8080-exec-10] WARN  com.zaxxer.hikari.pool.PoolBase - HikariPool-1 - Failed to validate connection com.mysql.cj.jdbc.ConnectionImpl@48e8c74a (No operations allowed after connection closed.). Possibly consider using a shorter maxLifetime value.
2026-04-19 11:38:31.575 [http-nio-8080-exec-1] WARN  com.zaxxer.hikari.pool.PoolBase - HikariPool-1 - Failed to validate connection com.mysql.cj.jdbc.ConnectionImpl@1bc9faf (No operations allowed after connection closed.). Possibly consider using a shorter maxLifetime value.
2026-04-19 11:38:31.776 [http-nio-8080-exec-6] WARN  com.zaxxer.hikari.pool.PoolBase - HikariPool-1 - Failed to validate connection com.mysql.cj.jdbc.ConnectionImpl@50566294 (No operations allowed after connection closed.). Possibly consider using a shorter maxLifetime value.
2026-04-19 11:38:32.589 [http-nio-8080-exec-5] WARN  com.zaxxer.hikari.pool.PoolBase - HikariPool-1 - Failed to validate connection com.mysql.cj.jdbc.ConnectionImpl@7d4b035f (No operations allowed after connection closed.). Possibly consider using a shorter maxLifetime value.
2026-04-19 11:42:42.891 [http-nio-8080-exec-2] WARN  com.zaxxer.hikari.pool.PoolBase - HikariPool-1 - Failed to validate connection com.mysql.cj.jdbc.ConnectionImpl@1218720b (No operations allowed after connection closed.). Possibly consider using a shorter maxLifetime value.
2026-04-19 11:42:47.898 [http-nio-8080-exec-2] WARN  com.zaxxer.hikari.pool.PoolBase - HikariPool-1 - Failed to validate connection com.mysql.cj.jdbc.ConnectionImpl@412d9775 (No operations allowed after connection closed.). Possibly consider using a shorter maxLifetime value.
2026-04-19 11:42:51.273 [http-nio-8080-exec-6] WARN  com.zaxxer.hikari.pool.PoolBase - HikariPool-1 - Failed to validate connection com.mysql.cj.jdbc.ConnectionImpl@31d65ffc (No operations allowed after connection closed.). Possibly consider using a shorter maxLifetime value.
2026-04-19 11:42:51.273 [http-nio-8080-exec-10] WARN  com.zaxxer.hikari.pool.PoolBase - HikariPool-1 - Failed to validate connection com.mysql.cj.jdbc.ConnectionImpl@55254675 (No operations allowed after connection closed.). Possibly consider using a shorter maxLifetime value.
2026-04-19 11:42:56.289 [http-nio-8080-exec-6] WARN  com.zaxxer.hikari.pool.PoolBase - HikariPool-1 - Failed to validate connection com.mysql.cj.jdbc.ConnectionImpl@6ffa639f (No operations allowed after connection closed.). Possibly consider using a shorter maxLifetime value.
2026-04-19 11:43:02.233 [http-nio-8080-exec-9] WARN  com.zaxxer.hikari.pool.PoolBase - HikariPool-1 - Failed to validate connection com.mysql.cj.jdbc.ConnectionImpl@60f66dcc (No operations allowed after connection closed.). Possibly consider using a shorter maxLifetime value.
2026-04-19 11:43:02.233 [http-nio-8080-exec-5] WARN  com.zaxxer.hikari.pool.PoolBase - HikariPool-1 - Failed to validate connection com.mysql.cj.jdbc.ConnectionImpl@5a0cca06 (No operations allowed after connection closed.). Possibly consider using a shorter maxLifetime value.
2026-04-19 11:43:04.384 [http-nio-8080-exec-6] WARN  com.zaxxer.hikari.pool.PoolBase - HikariPool-1 - Failed to validate connection com.mysql.cj.jdbc.ConnectionImpl@5bd3776 (No operations allowed after connection closed.). Possibly consider using a shorter maxLifetime value.
2026-04-19 11:43:07.244 [http-nio-8080-exec-9] WARN  com.zaxxer.hikari.pool.PoolBase - HikariPool-1 - Failed to validate connection com.mysql.cj.jdbc.ConnectionImpl@12ea0629 (No operations allowed after connection closed.). Possibly consider using a shorter maxLifetime value.
2026-04-19 11:53:56.165 [http-nio-8080-exec-8] WARN  com.zaxxer.hikari.pool.PoolBase - HikariPool-1 - Failed to validate connection com.mysql.cj.jdbc.ConnectionImpl@6dc37eda (No operations allowed after connection closed.). Possibly consider using a shorter maxLifetime value.
2026-04-19 11:54:00.722 [http-nio-8080-exec-10] WARN  com.zaxxer.hikari.pool.PoolBase - HikariPool-1 - Failed to validate connection com.mysql.cj.jdbc.ConnectionImpl@5849cb17 (No operations allowed after connection closed.). Possibly consider using a shorter maxLifetime value.
2026-04-19 11:54:01.181 [http-nio-8080-exec-8] WARN  com.zaxxer.hikari.pool.PoolBase - HikariPool-1 - Failed to validate connection com.mysql.cj.jdbc.ConnectionImpl@1a0fe4a2 (No operations allowed after connection closed.). Possibly consider using a shorter maxLifetime value.
2026-04-19 11:54:05.734 [http-nio-8080-exec-10] WARN  com.zaxxer.hikari.pool.PoolBase - HikariPool-1 - Failed to validate connection com.mysql.cj.jdbc.ConnectionImpl@56c44260 (No operations allowed after connection closed.). Possibly consider using a shorter maxLifetime value.
2026-04-19 11:54:06.182 [http-nio-8080-exec-2] WARN  com.zaxxer.hikari.pool.PoolBase - HikariPool-1 - Failed to validate connection com.mysql.cj.jdbc.ConnectionImpl@76aaf431 (No operations allowed after connection closed.). Possibly consider using a shorter maxLifetime value.
2026-04-19 11:54:06.196 [http-nio-8080-exec-8] WARN  com.zaxxer.hikari.pool.PoolBase - HikariPool-1 - Failed to validate connection com.mysql.cj.jdbc.ConnectionImpl@23dee348 (No operations allowed after connection closed.). Possibly consider using a shorter maxLifetime value.
2026-04-19 11:54:10.735 [http-nio-8080-exec-10] WARN  com.zaxxer.hikari.pool.PoolBase - HikariPool-1 - Failed to validate connection com.mysql.cj.jdbc.ConnectionImpl@c5d1432 (No operations allowed after connection closed.). Possibly consider using a shorter maxLifetime value.
2026-04-19 11:54:11.183 [http-nio-8080-exec-2] WARN  com.zaxxer.hikari.pool.PoolBase - HikariPool-1 - Failed to validate connection com.mysql.cj.jdbc.ConnectionImpl@49224dbe (No operations allowed after connection closed.). Possibly consider using a shorter maxLifetime value.
2026-04-19 11:54:11.199 [http-nio-8080-exec-8] WARN  com.zaxxer.hikari.pool.PoolBase - HikariPool-1 - Failed to validate connection com.mysql.cj.jdbc.ConnectionImpl@2373a23e (No operations allowed after connection closed.). Possibly consider using a shorter maxLifetime value.
2026-04-19 11:54:15.750 [http-nio-8080-exec-10] WARN  com.zaxxer.hikari.pool.PoolBase - HikariPool-1 - Failed to validate connection com.mysql.cj.jdbc.ConnectionImpl@56b02a45 (No operations allowed after connection closed.). Possibly consider using a shorter maxLifetime value.
2026-04-19 15:09:10.964 [http-nio-8080-exec-1] WARN  com.zaxxer.hikari.pool.PoolBase - HikariPool-1 - Failed to validate connection com.mysql.cj.jdbc.ConnectionImpl@704c8ee (No operations allowed after connection closed.). Possibly consider using a shorter maxLifetime value.
2026-04-19 15:09:15.987 [http-nio-8080-exec-1] WARN  com.zaxxer.hikari.pool.PoolBase - HikariPool-1 - Failed to validate connection com.mysql.cj.jdbc.ConnectionImpl@f19e2d2 (No operations allowed after connection closed.). Possibly consider using a shorter maxLifetime value.
2026-04-19 15:09:17.937 [http-nio-8080-exec-4] WARN  com.zaxxer.hikari.pool.PoolBase - HikariPool-1 - Failed to validate connection com.mysql.cj.jdbc.ConnectionImpl@17fd90b9 (No operations allowed after connection closed.). Possibly consider using a shorter maxLifetime value.
2026-04-19 15:09:20.848 [http-nio-8080-exec-2] WARN  com.zaxxer.hikari.pool.PoolBase - HikariPool-1 - Failed to validate connection com.mysql.cj.jdbc.ConnectionImpl@1b42a3bf (No operations allowed after connection closed.). Possibly consider using a shorter maxLifetime value.
2026-04-19 15:09:20.849 [http-nio-8080-exec-7] WARN  com.zaxxer.hikari.pool.PoolBase - HikariPool-1 - Failed to validate connection com.mysql.cj.jdbc.ConnectionImpl@321cc3c6 (No operations allowed after connection closed.). Possibly consider using a shorter maxLifetime value.
2026-04-19 15:09:21.021 [http-nio-8080-exec-1] WARN  com.zaxxer.hikari.pool.PoolBase - HikariPool-1 - Failed to validate connection com.mysql.cj.jdbc.ConnectionImpl@5341c75e (No operations allowed after connection closed.). Possibly consider using a shorter maxLifetime value.
2026-04-19 15:09:22.945 [http-nio-8080-exec-4] WARN  com.zaxxer.hikari.pool.PoolBase - HikariPool-1 - Failed to validate connection com.mysql.cj.jdbc.ConnectionImpl@193a09ba (No operations allowed after connection closed.). Possibly consider using a shorter maxLifetime value.
2026-04-19 15:09:25.863 [http-nio-8080-exec-7] WARN  com.zaxxer.hikari.pool.PoolBase - HikariPool-1 - Failed to validate connection com.mysql.cj.jdbc.ConnectionImpl@78aca4e6 (No operations allowed after connection closed.). Possibly consider using a shorter maxLifetime value.
2026-04-19 15:09:25.863 [http-nio-8080-exec-2] WARN  com.zaxxer.hikari.pool.PoolBase - HikariPool-1 - Failed to validate connection com.mysql.cj.jdbc.ConnectionImpl@2c07d916 (No operations allowed after connection closed.). Possibly consider using a shorter maxLifetime value.
2026-04-19 15:09:26.033 [http-nio-8080-exec-1] WARN  com.zaxxer.hikari.pool.PoolBase - HikariPool-1 - Failed to validate connection com.mysql.cj.jdbc.ConnectionImpl@d63242c (No operations allowed after connection closed.). Possibly consider using a shorter maxLifetime value.
2026-04-19 15:09:36.855 [http-nio-8080-exec-9] WARN  com.zaxxer.hikari.pool.PoolBase - HikariPool-1 - Failed to validate connection com.mysql.cj.jdbc.ConnectionImpl@39c31196 (No operations allowed after connection closed.). Possibly consider using a shorter maxLifetime value.
2026-04-19 15:09:41.871 [http-nio-8080-exec-9] WARN  com.zaxxer.hikari.pool.PoolBase - HikariPool-1 - Failed to validate connection com.mysql.cj.jdbc.ConnectionImpl@67c5fe21 (No operations allowed after connection closed.). Possibly consider using a shorter maxLifetime value.
2026-04-19 15:09:42.060 [http-nio-8080-exec-5] WARN  com.zaxxer.hikari.pool.PoolBase - HikariPool-1 - Failed to validate connection com.mysql.cj.jdbc.ConnectionImpl@4df8524e (No operations allowed after connection closed.). Possibly consider using a shorter maxLifetime value.
2026-04-19 15:09:44.129 [http-nio-8080-exec-6] WARN  com.zaxxer.hikari.pool.PoolBase - HikariPool-1 - Failed to validate connection com.mysql.cj.jdbc.ConnectionImpl@1df2c43c (No operations allowed after connection closed.). Possibly consider using a shorter maxLifetime value.
2026-04-19 15:09:44.283 [http-nio-8080-exec-3] WARN  com.zaxxer.hikari.pool.PoolBase - HikariPool-1 - Failed to validate connection com.mysql.cj.jdbc.ConnectionImpl@35b4d1c6 (No operations allowed after connection closed.). Possibly consider using a shorter maxLifetime value.
2026-04-19 15:09:46.879 [http-nio-8080-exec-9] WARN  com.zaxxer.hikari.pool.PoolBase - HikariPool-1 - Failed to validate connection com.mysql.cj.jdbc.ConnectionImpl@7186deb0 (No operations allowed after connection closed.). Possibly consider using a shorter maxLifetime value.
2026-04-19 15:09:46.986 [http-nio-8080-exec-10] WARN  com.zaxxer.hikari.pool.PoolBase - HikariPool-1 - Failed to validate connection com.mysql.cj.jdbc.ConnectionImpl@36091c3c (No operations allowed after connection closed.). Possibly consider using a shorter maxLifetime value.
2026-04-19 15:09:47.063 [http-nio-8080-exec-5] WARN  com.zaxxer.hikari.pool.PoolBase - HikariPool-1 - Failed to validate connection com.mysql.cj.jdbc.ConnectionImpl@3a189fa2 (No operations allowed after connection closed.). Possibly consider using a shorter maxLifetime value.
2026-04-19 15:09:47.666 [http-nio-8080-exec-4] WARN  com.zaxxer.hikari.pool.PoolBase - HikariPool-1 - Failed to validate connection com.mysql.cj.jdbc.ConnectionImpl@13a7dc6e (No operations allowed after connection closed.). Possibly consider using a shorter maxLifetime value.
2026-04-19 15:09:49.143 [http-nio-8080-exec-6] WARN  com.zaxxer.hikari.pool.PoolBase - HikariPool-1 - Failed to validate connection com.mysql.cj.jdbc.ConnectionImpl@1c3143a9 (No operations allowed after connection closed.). Possibly consider using a shorter maxLifetime value.
2026-04-19 15:13:34.910 [main] DEBUG c.m.editor.MarkdownEditorApplication - Running with Spring Boot v2.7.14, Spring v5.3.29
2026-04-19 15:13:39.686 [main] DEBUG c.m.e.filter.JwtAuthenticationFilter - Filter 'jwtAuthenticationFilter' configured for use
2026-04-19 15:35:29.447 [http-nio-8080-exec-1] WARN  com.zaxxer.hikari.pool.PoolBase - HikariPool-1 - Failed to validate connection com.mysql.cj.jdbc.ConnectionImpl@24abc931 (No operations allowed after connection closed.). Possibly consider using a shorter maxLifetime value.
2026-04-19 15:35:30.904 [http-nio-8080-exec-2] WARN  com.zaxxer.hikari.pool.PoolBase - HikariPool-1 - Failed to validate connection com.mysql.cj.jdbc.ConnectionImpl@754f862e (No operations allowed after connection closed.). Possibly consider using a shorter maxLifetime value.
2026-04-19 15:35:34.472 [http-nio-8080-exec-1] WARN  com.zaxxer.hikari.pool.PoolBase - HikariPool-1 - Failed to validate connection com.mysql.cj.jdbc.ConnectionImpl@754211c (No operations allowed after connection closed.). Possibly consider using a shorter maxLifetime value.
2026-04-19 15:35:35.921 [http-nio-8080-exec-2] WARN  com.zaxxer.hikari.pool.PoolBase - HikariPool-1 - Failed to validate connection com.mysql.cj.jdbc.ConnectionImpl@7b8876f7 (No operations allowed after connection closed.). Possibly consider using a shorter maxLifetime value.
2026-04-19 15:35:38.436 [http-nio-8080-exec-3] WARN  com.zaxxer.hikari.pool.PoolBase - HikariPool-1 - Failed to validate connection com.mysql.cj.jdbc.ConnectionImpl@49b4cf7b (No operations allowed after connection closed.). Possibly consider using a shorter maxLifetime value.
2026-04-19 15:35:38.436 [http-nio-8080-exec-4] WARN  com.zaxxer.hikari.pool.PoolBase - HikariPool-1 - Failed to validate connection com.mysql.cj.jdbc.ConnectionImpl@1bc09ec7 (No operations allowed after connection closed.). Possibly consider using a shorter maxLifetime value.
2026-04-19 15:35:39.484 [http-nio-8080-exec-1] WARN  com.zaxxer.hikari.pool.PoolBase - HikariPool-1 - Failed to validate connection com.mysql.cj.jdbc.ConnectionImpl@1a6bc030 (No operations allowed after connection closed.). Possibly consider using a shorter maxLifetime value.
2026-04-19 15:35:40.884 [http-nio-8080-exec-5] WARN  com.zaxxer.hikari.pool.PoolBase - HikariPool-1 - Failed to validate connection com.mysql.cj.jdbc.ConnectionImpl@19763371 (No operations allowed after connection closed.). Possibly consider using a shorter maxLifetime value.
2026-04-19 15:35:40.931 [http-nio-8080-exec-2] WARN  com.zaxxer.hikari.pool.PoolBase - HikariPool-1 - Failed to validate connection com.mysql.cj.jdbc.ConnectionImpl@7fb7ed5e (No operations allowed after connection closed.). Possibly consider using a shorter maxLifetime value.
2026-04-19 15:35:43.449 [http-nio-8080-exec-3] WARN  com.zaxxer.hikari.pool.PoolBase - HikariPool-1 - Failed to validate connection com.mysql.cj.jdbc.ConnectionImpl@4773283d (No operations allowed after connection closed.). Possibly consider using a shorter maxLifetime value.
2026-04-19 15:46:17.464 [http-nio-8080-exec-1] WARN  com.zaxxer.hikari.pool.PoolBase - HikariPool-1 - Failed to validate connection com.mysql.cj.jdbc.ConnectionImpl@2c4df087 (No operations allowed after connection closed.). Possibly consider using a shorter maxLifetime value.
2026-04-19 15:46:22.487 [http-nio-8080-exec-1] WARN  com.zaxxer.hikari.pool.PoolBase - HikariPool-1 - Failed to validate connection com.mysql.cj.jdbc.ConnectionImpl@4bd8c528 (No operations allowed after connection closed.). Possibly consider using a shorter maxLifetime value.
2026-04-19 15:46:26.590 [http-nio-8080-exec-3] WARN  com.zaxxer.hikari.pool.PoolBase - HikariPool-1 - Failed to validate connection com.mysql.cj.jdbc.ConnectionImpl@4cbe1807 (No operations allowed after connection closed.). Possibly consider using a shorter maxLifetime value.
2026-04-19 15:46:27.425 [http-nio-8080-exec-2] WARN  com.zaxxer.hikari.pool.PoolBase - HikariPool-1 - Failed to validate connection com.mysql.cj.jdbc.ConnectionImpl@7d761afd (No operations allowed after connection closed.). Possibly consider using a shorter maxLifetime value.
2026-04-19 15:46:27.425 [http-nio-8080-exec-5] WARN  com.zaxxer.hikari.pool.PoolBase - HikariPool-1 - Failed to validate connection com.mysql.cj.jdbc.ConnectionImpl@55f00603 (No operations allowed after connection closed.). Possibly consider using a shorter maxLifetime value.
2026-04-19 15:46:27.513 [http-nio-8080-exec-1] WARN  com.zaxxer.hikari.pool.PoolBase - HikariPool-1 - Failed to validate connection com.mysql.cj.jdbc.ConnectionImpl@194bfa24 (No operations allowed after connection closed.). Possibly consider using a shorter maxLifetime value.
2026-04-19 15:46:31.596 [http-nio-8080-exec-3] WARN  com.zaxxer.hikari.pool.PoolBase - HikariPool-1 - Failed to validate connection com.mysql.cj.jdbc.ConnectionImpl@35fe02d5 (No operations allowed after connection closed.). Possibly consider using a shorter maxLifetime value.
2026-04-19 15:46:32.440 [http-nio-8080-exec-5] WARN  com.zaxxer.hikari.pool.PoolBase - HikariPool-1 - Failed to validate connection com.mysql.cj.jdbc.ConnectionImpl@50114168 (No operations allowed after connection closed.). Possibly consider using a shorter maxLifetime value.
2026-04-19 15:46:32.440 [http-nio-8080-exec-2] WARN  com.zaxxer.hikari.pool.PoolBase - HikariPool-1 - Failed to validate connection com.mysql.cj.jdbc.ConnectionImpl@60d22237 (No operations allowed after connection closed.). Possibly consider using a shorter maxLifetime value.
2026-04-19 15:46:32.518 [http-nio-8080-exec-1] WARN  com.zaxxer.hikari.pool.PoolBase - HikariPool-1 - Failed to validate connection com.mysql.cj.jdbc.ConnectionImpl@4e21d9f9 (No operations allowed after connection closed.). Possibly consider using a shorter maxLifetime value.
2026-04-19 15:59:58.065 [http-nio-8080-exec-2] WARN  com.zaxxer.hikari.pool.PoolBase - HikariPool-1 - Failed to validate connection com.mysql.cj.jdbc.ConnectionImpl@2aace2c (No operations allowed after connection closed.). Possibly consider using a shorter maxLifetime value.
2026-04-19 16:05:09.625 [http-nio-8080-exec-2] WARN  com.zaxxer.hikari.pool.PoolBase - HikariPool-1 - Failed to validate connection com.mysql.cj.jdbc.ConnectionImpl@773bccb6 (No operations allowed after connection closed.). Possibly consider using a shorter maxLifetime value.
2026-04-19 16:05:14.841 [http-nio-8080-exec-1] WARN  com.zaxxer.hikari.pool.PoolBase - HikariPool-1 - Failed to validate connection com.mysql.cj.jdbc.ConnectionImpl@4a4799ac (No operations allowed after connection closed.). Possibly consider using a shorter maxLifetime value.
2026-04-19 16:05:20.848 [http-nio-8080-exec-2] WARN  com.zaxxer.hikari.pool.PoolBase - HikariPool-1 - Failed to validate connection com.mysql.cj.jdbc.ConnectionImpl@5372121f (No operations allowed after connection closed.). Possibly consider using a shorter maxLifetime value.
2026-04-19 16:08:57.403 [main] DEBUG c.m.editor.MarkdownEditorApplication - Running with Spring Boot v2.7.14, Spring v5.3.29
2026-04-19 16:08:59.439 [main] DEBUG c.m.e.filter.JwtAuthenticationFilter - Filter 'jwtAuthenticationFilter' configured for use
2026-04-19 16:13:57.537 [main] DEBUG c.m.editor.MarkdownEditorApplication - Running with Spring Boot v2.7.14, Spring v5.3.29
2026-04-19 16:14:00.818 [main] DEBUG c.m.e.filter.JwtAuthenticationFilter - Filter 'jwtAuthenticationFilter' configured for use
2026-04-19 16:41:14.868 [main] DEBUG c.m.editor.MarkdownEditorApplication - Running with Spring Boot v2.7.14, Spring v5.3.29
2026-04-19 16:41:16.713 [main] DEBUG c.m.e.filter.JwtAuthenticationFilter - Filter 'jwtAuthenticationFilter' configured for use
2026-04-19 16:41:17.777 [main] WARN  o.s.b.w.s.c.AnnotationConfigServletWebServerApplicationContext - Exception encountered during context initialization - cancelling refresh attempt: org.springframework.context.ApplicationContextException: Failed to start bean 'webServerStartStop'; nested exception is org.springframework.boot.web.server.PortInUseException: Port 8080 is already in use
2026-04-19 16:41:17.807 [main] ERROR o.s.b.d.LoggingFailureAnalysisReporter - 

***************************
APPLICATION FAILED TO START
***************************

Description:

Web server failed to start. Port 8080 was already in use.

Action:

Identify and stop the process that's listening on port 8080 or configure this application to listen on another port.

2026-04-19 16:41:43.266 [main] DEBUG c.m.editor.MarkdownEditorApplication - Running with Spring Boot v2.7.14, Spring v5.3.29
2026-04-19 16:41:45.163 [main] DEBUG c.m.e.filter.JwtAuthenticationFilter - Filter 'jwtAuthenticationFilter' configured for use
2026-04-19 16:48:45.760 [main] DEBUG c.m.editor.MarkdownEditorApplication - Running with Spring Boot v2.7.14, Spring v5.3.29
2026-04-19 16:48:48.007 [main] DEBUG c.m.e.filter.JwtAuthenticationFilter - Filter 'jwtAuthenticationFilter' configured for use
2026-04-19 16:55:22.862 [http-nio-8080-exec-3] DEBUG c.m.e.controller.DocumentController - 文档ID: 127 浏览次数增加
2026-04-19 17:06:22.309 [http-nio-8080-exec-10] WARN  com.zaxxer.hikari.pool.PoolBase - HikariPool-1 - Failed to validate connection com.mysql.cj.jdbc.ConnectionImpl@1fe2994a (No operations allowed after connection closed.). Possibly consider using a shorter maxLifetime value.
2026-04-19 17:06:27.327 [http-nio-8080-exec-10] WARN  com.zaxxer.hikari.pool.PoolBase - HikariPool-1 - Failed to validate connection com.mysql.cj.jdbc.ConnectionImpl@2e7b3c4f (No operations allowed after connection closed.). Possibly consider using a shorter maxLifetime value.
2026-04-19 17:06:32.340 [http-nio-8080-exec-10] WARN  com.zaxxer.hikari.pool.PoolBase - HikariPool-1 - Failed to validate connection com.mysql.cj.jdbc.ConnectionImpl@c90f6a7 (No operations allowed after connection closed.). Possibly consider using a shorter maxLifetime value.
2026-04-19 17:06:35.088 [http-nio-8080-exec-9] WARN  com.zaxxer.hikari.pool.PoolBase - HikariPool-1 - Failed to validate connection com.mysql.cj.jdbc.ConnectionImpl@733e5b55 (No operations allowed after connection closed.). Possibly consider using a shorter maxLifetime value.
2026-04-19 17:06:37.355 [http-nio-8080-exec-10] WARN  com.zaxxer.hikari.pool.PoolBase - HikariPool-1 - Failed to validate connection com.mysql.cj.jdbc.ConnectionImpl@602ef220 (No operations allowed after connection closed.). Possibly consider using a shorter maxLifetime value.
2026-04-19 17:06:39.855 [http-nio-8080-exec-5] WARN  com.zaxxer.hikari.pool.PoolBase - HikariPool-1 - Failed to validate connection com.mysql.cj.jdbc.ConnectionImpl@b5b3d3b (No operations allowed after connection closed.). Possibly consider using a shorter maxLifetime value.
2026-04-19 17:06:40.100 [http-nio-8080-exec-9] WARN  com.zaxxer.hikari.pool.PoolBase - HikariPool-1 - Failed to validate connection com.mysql.cj.jdbc.ConnectionImpl@38993f0 (No operations allowed after connection closed.). Possibly consider using a shorter maxLifetime value.
2026-04-19 17:06:42.359 [http-nio-8080-exec-10] WARN  com.zaxxer.hikari.pool.PoolBase - HikariPool-1 - Failed to validate connection com.mysql.cj.jdbc.ConnectionImpl@7c1319b6 (No operations allowed after connection closed.). Possibly consider using a shorter maxLifetime value.
2026-04-19 17:06:44.859 [http-nio-8080-exec-5] WARN  com.zaxxer.hikari.pool.PoolBase - HikariPool-1 - Failed to validate connection com.mysql.cj.jdbc.ConnectionImpl@7bf30431 (No operations allowed after connection closed.). Possibly consider using a shorter maxLifetime value.
2026-04-19 17:06:45.103 [http-nio-8080-exec-9] WARN  com.zaxxer.hikari.pool.PoolBase - HikariPool-1 - Failed to validate connection com.mysql.cj.jdbc.ConnectionImpl@5cd17ffa (No operations allowed after connection closed.). Possibly consider using a shorter maxLifetime value.
2026-04-19 17:11:29.824 [main] DEBUG c.m.editor.MarkdownEditorApplication - Running with Spring Boot v2.7.14, Spring v5.3.29
2026-04-19 17:11:31.994 [main] DEBUG c.m.e.filter.JwtAuthenticationFilter - Filter 'jwtAuthenticationFilter' configured for use
2026-04-19 17:28:00.437 [http-nio-8080-exec-2] WARN  com.zaxxer.hikari.pool.PoolBase - HikariPool-1 - Failed to validate connection com.mysql.cj.jdbc.ConnectionImpl@4161ccf1 (No operations allowed after connection closed.). Possibly consider using a shorter maxLifetime value.
2026-04-19 17:28:05.599 [http-nio-8080-exec-5] WARN  com.zaxxer.hikari.pool.PoolBase - HikariPool-1 - Failed to validate connection com.mysql.cj.jdbc.ConnectionImpl@7cc24a9f (No operations allowed after connection closed.). Possibly consider using a shorter maxLifetime value.
2026-04-19 17:28:12.737 [http-nio-8080-exec-6] WARN  com.zaxxer.hikari.pool.PoolBase - HikariPool-1 - Failed to validate connection com.mysql.cj.jdbc.ConnectionImpl@505b57f6 (No operations allowed after connection closed.). Possibly consider using a shorter maxLifetime value.
2026-04-19 17:28:12.737 [http-nio-8080-exec-4] WARN  com.zaxxer.hikari.pool.PoolBase - HikariPool-1 - Failed to validate connection com.mysql.cj.jdbc.ConnectionImpl@380e95e6 (No operations allowed after connection closed.). Possibly consider using a shorter maxLifetime value.
2026-04-19 17:29:07.446 [http-nio-8080-exec-10] WARN  com.zaxxer.hikari.pool.PoolBase - HikariPool-1 - Failed to validate connection com.mysql.cj.jdbc.ConnectionImpl@20fdce1f (No operations allowed after connection closed.). Possibly consider using a shorter maxLifetime value.
2026-04-19 17:29:07.446 [http-nio-8080-exec-9] WARN  com.zaxxer.hikari.pool.PoolBase - HikariPool-1 - Failed to validate connection com.mysql.cj.jdbc.ConnectionImpl@4ddb8bc (No operations allowed after connection closed.). Possibly consider using a shorter maxLifetime value.
2026-04-19 17:32:35.487 [http-nio-8080-exec-6] WARN  com.zaxxer.hikari.pool.PoolBase - HikariPool-1 - Failed to validate connection com.mysql.cj.jdbc.ConnectionImpl@1ae2b3c6 (No operations allowed after connection closed.). Possibly consider using a shorter maxLifetime value.
2026-04-19 17:32:35.487 [http-nio-8080-exec-4] WARN  com.zaxxer.hikari.pool.PoolBase - HikariPool-1 - Failed to validate connection com.mysql.cj.jdbc.ConnectionImpl@59f59f23 (No operations allowed after connection closed.). Possibly consider using a shorter maxLifetime value.
2026-04-19 17:32:53.435 [http-nio-8080-exec-10] WARN  com.zaxxer.hikari.pool.PoolBase - HikariPool-1 - Failed to validate connection com.mysql.cj.jdbc.ConnectionImpl@596d56c9 (No operations allowed after connection closed.). Possibly consider using a shorter maxLifetime value.
2026-04-19 17:32:53.435 [http-nio-8080-exec-9] WARN  com.zaxxer.hikari.pool.PoolBase - HikariPool-1 - Failed to validate connection com.mysql.cj.jdbc.ConnectionImpl@741dc972 (No operations allowed after connection closed.). Possibly consider using a shorter maxLifetime value.
2026-04-19 17:33:05.411 [http-nio-8080-exec-5] WARN  com.zaxxer.hikari.pool.PoolBase - HikariPool-1 - Failed to validate connection com.mysql.cj.jdbc.ConnectionImpl@4c3b77de (No operations allowed after connection closed.). Possibly consider using a shorter maxLifetime value.
2026-04-19 17:33:05.411 [http-nio-8080-exec-7] WARN  com.zaxxer.hikari.pool.PoolBase - HikariPool-1 - Failed to validate connection com.mysql.cj.jdbc.ConnectionImpl@3cd6b60c (No operations allowed after connection closed.). Possibly consider using a shorter maxLifetime value.
2026-04-19 17:33:54.155 [http-nio-8080-exec-8] WARN  com.zaxxer.hikari.pool.PoolBase - HikariPool-1 - Failed to validate connection com.mysql.cj.jdbc.ConnectionImpl@79777599 (No operations allowed after connection closed.). Possibly consider using a shorter maxLifetime value.
2026-04-19 17:40:11.861 [http-nio-8080-exec-4] WARN  com.zaxxer.hikari.pool.PoolBase - HikariPool-1 - Failed to validate connection com.mysql.cj.jdbc.ConnectionImpl@e90b9d4 (No operations allowed after connection closed.). Possibly consider using a shorter maxLifetime value.
2026-04-19 17:40:11.861 [http-nio-8080-exec-1] WARN  com.zaxxer.hikari.pool.PoolBase - HikariPool-1 - Failed to validate connection com.mysql.cj.jdbc.ConnectionImpl@5d6026ea (No operations allowed after connection closed.). Possibly consider using a shorter maxLifetime value.
2026-04-19 17:40:11.861 [http-nio-8080-exec-7] WARN  com.zaxxer.hikari.pool.PoolBase - HikariPool-1 - Failed to validate connection com.mysql.cj.jdbc.ConnectionImpl@1331276e (No operations allowed after connection closed.). Possibly consider using a shorter maxLifetime value.
2026-04-19 17:40:11.861 [http-nio-8080-exec-3] WARN  com.zaxxer.hikari.pool.PoolBase - HikariPool-1 - Failed to validate connection com.mysql.cj.jdbc.ConnectionImpl@7cd2a1a1 (No operations allowed after connection closed.). Possibly consider using a shorter maxLifetime value.
2026-04-19 17:40:11.872 [http-nio-8080-exec-5] WARN  com.zaxxer.hikari.pool.PoolBase - HikariPool-1 - Failed to validate connection com.mysql.cj.jdbc.ConnectionImpl@9c9333d (No operations allowed after connection closed.). Possibly consider using a shorter maxLifetime value.
2026-04-19 17:40:16.880 [http-nio-8080-exec-1] WARN  com.zaxxer.hikari.pool.PoolBase - HikariPool-1 - Failed to validate connection com.mysql.cj.jdbc.ConnectionImpl@1c2e7241 (No operations allowed after connection closed.). Possibly consider using a shorter maxLifetime value.
2026-04-19 17:40:16.880 [http-nio-8080-exec-7] WARN  com.zaxxer.hikari.pool.PoolBase - HikariPool-1 - Failed to validate connection com.mysql.cj.jdbc.ConnectionImpl@11a24838 (No operations allowed after connection closed.). Possibly consider using a shorter maxLifetime value.
2026-04-19 17:40:16.880 [http-nio-8080-exec-4] WARN  com.zaxxer.hikari.pool.PoolBase - HikariPool-1 - Failed to validate connection com.mysql.cj.jdbc.ConnectionImpl@6a7c047f (No operations allowed after connection closed.). Possibly consider using a shorter maxLifetime value.
2026-04-19 17:40:16.880 [http-nio-8080-exec-3] WARN  com.zaxxer.hikari.pool.PoolBase - HikariPool-1 - Failed to validate connection com.mysql.cj.jdbc.ConnectionImpl@39fcf91b (No operations allowed after connection closed.). Possibly consider using a shorter maxLifetime value.
2026-04-19 17:40:16.882 [http-nio-8080-exec-5] WARN  com.zaxxer.hikari.pool.PoolBase - HikariPool-1 - Failed to validate connection com.mysql.cj.jdbc.ConnectionImpl@21872ed6 (No operations allowed after connection closed.). Possibly consider using a shorter maxLifetime value.
2026-04-19 17:51:38.847 [http-nio-8080-exec-4] WARN  com.zaxxer.hikari.pool.PoolBase - HikariPool-1 - Failed to validate connection com.mysql.cj.jdbc.ConnectionImpl@501407cb (No operations allowed after connection closed.). Possibly consider using a shorter maxLifetime value.
2026-04-19 17:51:40.250 [http-nio-8080-exec-2] WARN  com.zaxxer.hikari.pool.PoolBase - HikariPool-1 - Failed to validate connection com.mysql.cj.jdbc.ConnectionImpl@774e8e30 (No operations allowed after connection closed.). Possibly consider using a shorter maxLifetime value.
2026-04-19 17:51:43.007 [http-nio-8080-exec-7] WARN  com.zaxxer.hikari.pool.PoolBase - HikariPool-1 - Failed to validate connection com.mysql.cj.jdbc.ConnectionImpl@3299df64 (No operations allowed after connection closed.). Possibly consider using a shorter maxLifetime value.
2026-04-19 17:51:43.007 [http-nio-8080-exec-3] WARN  com.zaxxer.hikari.pool.PoolBase - HikariPool-1 - Failed to validate connection com.mysql.cj.jdbc.ConnectionImpl@5dbff390 (No operations allowed after connection closed.). Possibly consider using a shorter maxLifetime value.
2026-04-19 17:51:43.007 [http-nio-8080-exec-5] WARN  com.zaxxer.hikari.pool.PoolBase - HikariPool-1 - Failed to validate connection com.mysql.cj.jdbc.ConnectionImpl@33b0ae3 (No operations allowed after connection closed.). Possibly consider using a shorter maxLifetime value.
2026-04-19 17:51:43.007 [http-nio-8080-exec-1] WARN  com.zaxxer.hikari.pool.PoolBase - HikariPool-1 - Failed to validate connection com.mysql.cj.jdbc.ConnectionImpl@79f4f9ed (No operations allowed after connection closed.). Possibly consider using a shorter maxLifetime value.
2026-04-19 17:51:43.853 [http-nio-8080-exec-4] WARN  com.zaxxer.hikari.pool.PoolBase - HikariPool-1 - Failed to validate connection com.mysql.cj.jdbc.ConnectionImpl@75909fc (No operations allowed after connection closed.). Possibly consider using a shorter maxLifetime value.
2026-04-19 17:51:45.259 [http-nio-8080-exec-2] WARN  com.zaxxer.hikari.pool.PoolBase - HikariPool-1 - Failed to validate connection com.mysql.cj.jdbc.ConnectionImpl@37cdc39a (No operations allowed after connection closed.). Possibly consider using a shorter maxLifetime value.
2026-04-19 17:51:48.014 [http-nio-8080-exec-3] WARN  com.zaxxer.hikari.pool.PoolBase - HikariPool-1 - Failed to validate connection com.mysql.cj.jdbc.ConnectionImpl@1f336819 (No operations allowed after connection closed.). Possibly consider using a shorter maxLifetime value.
2026-04-19 17:51:48.014 [http-nio-8080-exec-7] WARN  com.zaxxer.hikari.pool.PoolBase - HikariPool-1 - Failed to validate connection com.mysql.cj.jdbc.ConnectionImpl@4adb47b4 (No operations allowed after connection closed.). Possibly consider using a shorter maxLifetime value.
2026-04-19 18:04:13.742 [main] DEBUG c.m.editor.MarkdownEditorApplication - Running with Spring Boot v2.7.14, Spring v5.3.29
2026-04-19 18:04:15.634 [main] DEBUG c.m.e.filter.JwtAuthenticationFilter - Filter 'jwtAuthenticationFilter' configured for use
2026-04-19 18:09:29.718 [http-nio-8080-exec-1] WARN  com.zaxxer.hikari.pool.PoolBase - HikariPool-1 - Failed to validate connection com.mysql.cj.jdbc.ConnectionImpl@3a3393af (No operations allowed after connection closed.). Possibly consider using a shorter maxLifetime value.
2026-04-19 18:09:33.707 [http-nio-8080-exec-4] WARN  com.zaxxer.hikari.pool.PoolBase - HikariPool-1 - Failed to validate connection com.mysql.cj.jdbc.ConnectionImpl@58914621 (No operations allowed after connection closed.). Possibly consider using a shorter maxLifetime value.
2026-04-19 18:09:34.734 [http-nio-8080-exec-1] WARN  com.zaxxer.hikari.pool.PoolBase - HikariPool-1 - Failed to validate connection com.mysql.cj.jdbc.ConnectionImpl@7df75b3b (No operations allowed after connection closed.). Possibly consider using a shorter maxLifetime value.
2026-04-19 18:09:35.657 [http-nio-8080-exec-5] WARN  com.zaxxer.hikari.pool.PoolBase - HikariPool-1 - Failed to validate connection com.mysql.cj.jdbc.ConnectionImpl@264038bf (No operations allowed after connection closed.). Possibly consider using a shorter maxLifetime value.
2026-04-19 18:09:38.716 [http-nio-8080-exec-4] WARN  com.zaxxer.hikari.pool.PoolBase - HikariPool-1 - Failed to validate connection com.mysql.cj.jdbc.ConnectionImpl@1e8f3f77 (No operations allowed after connection closed.). Possibly consider using a shorter maxLifetime value.
2026-04-19 18:09:39.750 [http-nio-8080-exec-1] WARN  com.zaxxer.hikari.pool.PoolBase - HikariPool-1 - Failed to validate connection com.mysql.cj.jdbc.ConnectionImpl@159ebaa3 (No operations allowed after connection closed.). Possibly consider using a shorter maxLifetime value.
2026-04-19 18:09:40.672 [http-nio-8080-exec-5] WARN  com.zaxxer.hikari.pool.PoolBase - HikariPool-1 - Failed to validate connection com.mysql.cj.jdbc.ConnectionImpl@b981a75 (No operations allowed after connection closed.). Possibly consider using a shorter maxLifetime value.
2026-04-19 18:09:43.721 [http-nio-8080-exec-4] WARN  com.zaxxer.hikari.pool.PoolBase - HikariPool-1 - Failed to validate connection com.mysql.cj.jdbc.ConnectionImpl@7bf72551 (No operations allowed after connection closed.). Possibly consider using a shorter maxLifetime value.
2026-04-19 18:09:44.763 [http-nio-8080-exec-1] WARN  com.zaxxer.hikari.pool.PoolBase - HikariPool-1 - Failed to validate connection com.mysql.cj.jdbc.ConnectionImpl@43f3956 (No operations allowed after connection closed.). Possibly consider using a shorter maxLifetime value.
2026-04-19 18:09:45.654 [http-nio-8080-exec-7] WARN  com.zaxxer.hikari.pool.PoolBase - HikariPool-1 - Failed to validate connection com.mysql.cj.jdbc.ConnectionImpl@7f35e843 (No operations allowed after connection closed.). Possibly consider using a shorter maxLifetime value.
2026-04-19 18:23:11.663 [http-nio-8080-exec-3] WARN  com.zaxxer.hikari.pool.PoolBase - HikariPool-1 - Failed to validate connection com.mysql.cj.jdbc.ConnectionImpl@2ab187af (No operations allowed after connection closed.). Possibly consider using a shorter maxLifetime value.
2026-04-19 18:23:11.663 [http-nio-8080-exec-9] WARN  com.zaxxer.hikari.pool.PoolBase - HikariPool-1 - Failed to validate connection com.mysql.cj.jdbc.ConnectionImpl@7c220c04 (No operations allowed after connection closed.). Possibly consider using a shorter maxLifetime value.
2026-04-19 18:23:11.663 [http-nio-8080-exec-1] WARN  com.zaxxer.hikari.pool.PoolBase - HikariPool-1 - Failed to validate connection com.mysql.cj.jdbc.ConnectionImpl@134137eb (No operations allowed after connection closed.). Possibly consider using a shorter maxLifetime value.
2026-04-19 18:23:11.663 [http-nio-8080-exec-2] WARN  com.zaxxer.hikari.pool.PoolBase - HikariPool-1 - Failed to validate connection com.mysql.cj.jdbc.ConnectionImpl@182f6a72 (No operations allowed after connection closed.). Possibly consider using a shorter maxLifetime value.
2026-04-19 18:23:11.663 [http-nio-8080-exec-6] WARN  com.zaxxer.hikari.pool.PoolBase - HikariPool-1 - Failed to validate connection com.mysql.cj.jdbc.ConnectionImpl@54e9f900 (No operations allowed after connection closed.). Possibly consider using a shorter maxLifetime value.
2026-04-19 18:23:16.679 [http-nio-8080-exec-9] WARN  com.zaxxer.hikari.pool.PoolBase - HikariPool-1 - Failed to validate connection com.mysql.cj.jdbc.ConnectionImpl@62128a12 (No operations allowed after connection closed.). Possibly consider using a shorter maxLifetime value.
2026-04-19 18:23:16.679 [http-nio-8080-exec-6] WARN  com.zaxxer.hikari.pool.PoolBase - HikariPool-1 - Failed to validate connection com.mysql.cj.jdbc.ConnectionImpl@214cf04 (No operations allowed after connection closed.). Possibly consider using a shorter maxLifetime value.
2026-04-19 18:23:16.679 [http-nio-8080-exec-3] WARN  com.zaxxer.hikari.pool.PoolBase - HikariPool-1 - Failed to validate connection com.mysql.cj.jdbc.ConnectionImpl@311b97d7 (No operations allowed after connection closed.). Possibly consider using a shorter maxLifetime value.
2026-04-19 18:23:16.694 [http-nio-8080-exec-1] WARN  com.zaxxer.hikari.pool.PoolBase - HikariPool-1 - Failed to validate connection com.mysql.cj.jdbc.ConnectionImpl@1ab95c6e (No operations allowed after connection closed.). Possibly consider using a shorter maxLifetime value.
2026-04-19 18:23:16.694 [http-nio-8080-exec-2] WARN  com.zaxxer.hikari.pool.PoolBase - HikariPool-1 - Failed to validate connection com.mysql.cj.jdbc.ConnectionImpl@7643473c (No operations allowed after connection closed.). Possibly consider using a shorter maxLifetime value.
2026-04-19 18:31:55.483 [http-nio-8080-exec-4] WARN  com.zaxxer.hikari.pool.PoolBase - HikariPool-1 - Failed to validate connection com.mysql.cj.jdbc.ConnectionImpl@7eb96cc0 (No operations allowed after connection closed.). Possibly consider using a shorter maxLifetime value.
2026-04-19 18:32:23.349 [http-nio-8080-exec-8] WARN  com.zaxxer.hikari.pool.PoolBase - HikariPool-1 - Failed to validate connection com.mysql.cj.jdbc.ConnectionImpl@4b03e08a (No operations allowed after connection closed.). Possibly consider using a shorter maxLifetime value.
2026-04-19 18:33:17.723 [http-nio-8080-exec-10] WARN  com.zaxxer.hikari.pool.PoolBase - HikariPool-1 - Failed to validate connection com.mysql.cj.jdbc.ConnectionImpl@42edec92 (No operations allowed after connection closed.). Possibly consider using a shorter maxLifetime value.
2026-04-19 18:33:30.149 [http-nio-8080-exec-6] WARN  com.zaxxer.hikari.pool.PoolBase - HikariPool-1 - Failed to validate connection com.mysql.cj.jdbc.ConnectionImpl@61e6c8aa (No operations allowed after connection closed.). Possibly consider using a shorter maxLifetime value.
2026-04-19 18:33:59.372 [http-nio-8080-exec-9] WARN  com.zaxxer.hikari.pool.PoolBase - HikariPool-1 - Failed to validate connection com.mysql.cj.jdbc.ConnectionImpl@5d26464a (No operations allowed after connection closed.). Possibly consider using a shorter maxLifetime value.
2026-04-19 18:36:28.088 [main] DEBUG c.m.editor.MarkdownEditorApplication - Running with Spring Boot v2.7.14, Spring v5.3.29
2026-04-19 18:36:29.903 [main] DEBUG c.m.e.filter.JwtAuthenticationFilter - Filter 'jwtAuthenticationFilter' configured for use
2026-04-19 18:47:39.902 [main] DEBUG c.m.editor.MarkdownEditorApplication - Running with Spring Boot v2.7.14, Spring v5.3.29
2026-04-19 18:47:41.898 [main] DEBUG c.m.e.filter.JwtAuthenticationFilter - Filter 'jwtAuthenticationFilter' configured for use
2026-04-19 18:47:43.143 [main] WARN  o.s.b.w.s.c.AnnotationConfigServletWebServerApplicationContext - Exception encountered during context initialization - cancelling refresh attempt: org.springframework.context.ApplicationContextException: Failed to start bean 'webServerStartStop'; nested exception is org.springframework.boot.web.server.PortInUseException: Port 8080 is already in use
2026-04-19 18:47:43.175 [main] ERROR o.s.b.d.LoggingFailureAnalysisReporter - 

***************************
APPLICATION FAILED TO START
***************************

Description:

Web server failed to start. Port 8080 was already in use.

Action:

Identify and stop the process that's listening on port 8080 or configure this application to listen on another port.

2026-04-19 18:50:03.932 [main] DEBUG c.m.editor.MarkdownEditorApplication - Running with Spring Boot v2.7.14, Spring v5.3.29
2026-04-19 18:50:05.976 [main] DEBUG c.m.e.filter.JwtAuthenticationFilter - Filter 'jwtAuthenticationFilter' configured for use
